11-27 22:40:48: Seed: 71455
11-27 22:40:48: Starting training with 1 layer(s)... (cartpole1-power10)
11-27 22:40:51: New best reward: 22.0 (-2300.0%) at episode 0, saving model...
11-27 22:40:52: New best reward: 23.0 (+4.5%) at episode 9, saving model...
11-27 22:40:52: New best reward: 48.0 (+108.7%) at episode 13, saving model...
11-27 22:40:52: New best reward: 52.0 (+8.3%) at episode 16, saving model...
11-27 22:40:52: New best reward: 60.0 (+15.4%) at episode 115, saving model...
11-27 22:40:53: New best reward: 71.0 (+18.3%) at episode 157, saving model...
11-27 22:40:53: New best reward: 99.0 (+39.4%) at episode 191, saving model...
11-27 22:40:53: New best reward: 105.0 (+6.1%) at episode 242, saving model...
11-27 22:40:54: New best reward: 108.0 (+2.9%) at episode 322, saving model...
11-27 22:40:55: New best reward: 115.0 (+6.5%) at episode 500, saving model...
11-27 22:40:56: New best reward: 135.0 (+17.4%) at episode 584, saving model...
11-27 22:40:56: New best reward: 155.0 (+14.8%) at episode 613, saving model...
11-27 22:40:59: New best reward: 167.0 (+7.7%) at episode 760, saving model...
11-27 22:40:59: New best reward: 188.0 (+12.6%) at episode 762, saving model...
11-27 22:41:00: New best reward: 200.0 (+6.4%) at episode 831, saving model...
11-27 22:41:00: Reached target after 831 episodes with number of timesteps: 30385 and layer passes: 6444.
11-27 22:41:01: Seed: 29931
11-27 22:41:01: Starting training with 1 layer(s)... (cartpole1-power10)
11-27 22:41:01: New best reward: 40.0 (-4100.0%) at episode 0, saving model...
11-27 22:41:01: New best reward: 49.0 (+22.5%) at episode 23, saving model...
11-27 22:41:01: New best reward: 59.0 (+20.4%) at episode 53, saving model...
11-27 22:41:01: New best reward: 61.0 (+3.4%) at episode 59, saving model...
11-27 22:41:01: New best reward: 77.0 (+26.2%) at episode 147, saving model...
11-27 22:41:02: New best reward: 91.0 (+18.2%) at episode 190, saving model...
11-27 22:41:02: New best reward: 106.0 (+16.5%) at episode 290, saving model...
11-27 22:41:03: New best reward: 109.0 (+2.8%) at episode 383, saving model...
11-27 22:41:04: New best reward: 194.0 (+78.0%) at episode 470, saving model...
11-27 22:41:08: New best reward: 200.0 (+3.1%) at episode 785, saving model...
11-27 22:41:08: Reached target after 785 episodes with number of timesteps: 28334 and layer passes: 5546.
11-27 22:41:08: Seed: 19706
11-27 22:41:08: Starting training with 1 layer(s)... (cartpole1-power10)
11-27 22:41:08: New best reward: 16.0 (-1700.0%) at episode 0, saving model...
11-27 22:41:08: New best reward: 26.0 (+62.5%) at episode 2, saving model...
11-27 22:41:08: New best reward: 39.0 (+50.0%) at episode 6, saving model...
11-27 22:41:08: New best reward: 53.0 (+35.9%) at episode 21, saving model...
11-27 22:41:09: New best reward: 87.0 (+64.2%) at episode 141, saving model...
11-27 22:41:10: New best reward: 89.0 (+2.3%) at episode 332, saving model...
11-27 22:41:11: New best reward: 135.0 (+51.7%) at episode 427, saving model...
11-27 22:41:14: New best reward: 145.0 (+7.4%) at episode 678, saving model...
11-27 22:41:14: New best reward: 149.0 (+2.8%) at episode 710, saving model...
11-27 22:41:15: New best reward: 188.0 (+26.2%) at episode 753, saving model...
11-27 22:41:17: New best reward: 199.0 (+5.9%) at episode 872, saving model...
11-27 22:41:17: Reached target after 872 episodes with number of timesteps: 31942 and layer passes: 6841.
11-27 22:41:17: Seed: 55693
11-27 22:41:17: Starting training with 1 layer(s)... (cartpole1-power10)
11-27 22:41:17: New best reward: 10.0 (-1100.0%) at episode 0, saving model...
11-27 22:41:17: New best reward: 12.0 (+20.0%) at episode 1, saving model...
11-27 22:41:17: New best reward: 15.0 (+25.0%) at episode 2, saving model...
11-27 22:41:17: New best reward: 26.0 (+73.3%) at episode 3, saving model...
11-27 22:41:17: New best reward: 66.0 (+153.8%) at episode 10, saving model...
11-27 22:41:17: New best reward: 71.0 (+7.6%) at episode 49, saving model...
11-27 22:41:18: New best reward: 75.0 (+5.6%) at episode 231, saving model...
11-27 22:41:18: New best reward: 77.0 (+2.7%) at episode 322, saving model...
11-27 22:41:18: New best reward: 98.0 (+27.3%) at episode 323, saving model...
11-27 22:41:19: New best reward: 101.0 (+3.1%) at episode 334, saving model...
11-27 22:41:19: New best reward: 125.0 (+23.8%) at episode 344, saving model...
11-27 22:41:21: New best reward: 200.0 (+60.0%) at episode 618, saving model...
11-27 22:41:21: Reached target after 618 episodes with number of timesteps: 18950 and layer passes: 3048.
11-27 22:41:22: Seed: 68926
11-27 22:41:22: Starting training with 1 layer(s)... (cartpole1-power10)
11-27 22:41:22: New best reward: 55.0 (-5600.0%) at episode 0, saving model...
11-27 22:41:22: New best reward: 56.0 (+1.8%) at episode 22, saving model...
11-27 22:41:22: New best reward: 65.0 (+16.1%) at episode 115, saving model...
11-27 22:41:23: New best reward: 75.0 (+15.4%) at episode 184, saving model...
11-27 22:41:23: New best reward: 112.0 (+49.3%) at episode 282, saving model...
11-27 22:41:25: New best reward: 132.0 (+17.9%) at episode 479, saving model...
11-27 22:41:25: New best reward: 133.0 (+0.8%) at episode 509, saving model...
11-27 22:41:26: New best reward: 178.0 (+33.8%) at episode 541, saving model...
11-27 22:41:29: New best reward: 183.0 (+2.8%) at episode 751, saving model...
11-27 22:41:30: New best reward: 191.0 (+4.4%) at episode 797, saving model...
11-27 22:41:30: New best reward: 196.0 (+2.6%) at episode 842, saving model...
11-27 22:41:30: Reached target after 842 episodes with number of timesteps: 30539 and layer passes: 6517.
11-27 22:41:30: Average duration: 28030.0 timesteps, Average layer passes: 5679.2 (cartpole1-power10)
11-27 22:41:31: Seed: 81651
11-27 22:41:31: Starting training with 10 layer(s)... (cartpole1-power10)
11-27 22:41:31: New best reward: 54.0 (-5500.0%) at episode 0, saving model...
11-27 22:41:31: New best reward: 65.0 (+20.4%) at episode 39, saving model...
11-27 22:41:31: New best reward: 79.0 (+21.5%) at episode 69, saving model...
11-27 22:41:35: New best reward: 81.0 (+2.5%) at episode 322, saving model...
11-27 22:41:35: New best reward: 89.0 (+9.9%) at episode 354, saving model...
11-27 22:41:36: New best reward: 93.0 (+4.5%) at episode 362, saving model...
11-27 22:41:36: New best reward: 101.0 (+8.6%) at episode 377, saving model...
11-27 22:41:37: New best reward: 122.0 (+20.8%) at episode 421, saving model...
11-27 22:41:40: New best reward: 171.0 (+40.2%) at episode 542, saving model...
11-27 22:41:45: New best reward: 200.0 (+17.0%) at episode 731, saving model...
11-27 22:41:45: Reached target after 731 episodes with number of timesteps: 22043 and layer passes: 39900.
11-27 22:41:45: Seed: 50214
11-27 22:41:45: Starting training with 10 layer(s)... (cartpole1-power10)
11-27 22:41:45: New best reward: 23.0 (-2400.0%) at episode 0, saving model...
11-27 22:41:45: New best reward: 38.0 (+65.2%) at episode 1, saving model...
11-27 22:41:45: New best reward: 46.0 (+21.1%) at episode 11, saving model...
11-27 22:41:46: New best reward: 58.0 (+26.1%) at episode 37, saving model...
11-27 22:41:46: New best reward: 68.0 (+17.2%) at episode 90, saving model...
11-27 22:41:49: New best reward: 97.0 (+42.6%) at episode 275, saving model...
11-27 22:41:50: New best reward: 100.0 (+3.1%) at episode 320, saving model...
11-27 22:41:52: New best reward: 111.0 (+11.0%) at episode 426, saving model...
11-27 22:41:53: New best reward: 118.0 (+6.3%) at episode 481, saving model...
11-27 22:41:54: New best reward: 141.0 (+19.5%) at episode 521, saving model...
11-27 22:41:55: New best reward: 170.0 (+20.6%) at episode 555, saving model...
11-27 22:42:01: New best reward: 200.0 (+17.6%) at episode 739, saving model...
11-27 22:42:01: Reached target after 739 episodes with number of timesteps: 23251 and layer passes: 43810.
11-27 22:42:01: Seed: 35335
11-27 22:42:01: Starting training with 10 layer(s)... (cartpole1-power10)
11-27 22:42:01: New best reward: 38.0 (-3900.0%) at episode 0, saving model...
11-27 22:42:01: New best reward: 50.0 (+31.6%) at episode 11, saving model...
11-27 22:42:02: New best reward: 58.0 (+16.0%) at episode 60, saving model...
11-27 22:42:03: New best reward: 73.0 (+25.9%) at episode 82, saving model...
11-27 22:42:04: New best reward: 89.0 (+21.9%) at episode 154, saving model...
11-27 22:42:06: New best reward: 98.0 (+10.1%) at episode 209, saving model...
11-27 22:42:10: New best reward: 117.0 (+19.4%) at episode 346, saving model...
11-27 22:42:13: New best reward: 136.0 (+16.2%) at episode 480, saving model...
11-27 22:42:13: New best reward: 146.0 (+7.4%) at episode 483, saving model...
11-27 22:42:22: New best reward: 148.0 (+1.4%) at episode 754, saving model...
11-27 22:42:23: New best reward: 200.0 (+35.1%) at episode 770, saving model...
11-27 22:42:23: Reached target after 770 episodes with number of timesteps: 24828 and layer passes: 47570.
11-27 22:42:23: Seed: 40530
11-27 22:42:23: Starting training with 10 layer(s)... (cartpole1-power10)
11-27 22:42:23: New best reward: 13.0 (-1400.0%) at episode 0, saving model...
11-27 22:42:23: New best reward: 35.0 (+169.2%) at episode 1, saving model...
11-27 22:42:23: New best reward: 49.0 (+40.0%) at episode 21, saving model...
11-27 22:42:23: New best reward: 74.0 (+51.0%) at episode 40, saving model...
11-27 22:42:24: New best reward: 84.0 (+13.5%) at episode 81, saving model...
11-27 22:42:26: New best reward: 88.0 (+4.8%) at episode 271, saving model...
11-27 22:42:27: New best reward: 122.0 (+38.6%) at episode 285, saving model...
11-27 22:42:29: New best reward: 143.0 (+17.2%) at episode 451, saving model...
11-27 22:42:36: New best reward: 154.0 (+7.7%) at episode 701, saving model...
11-27 22:42:38: New best reward: 156.0 (+1.3%) at episode 758, saving model...
11-27 22:42:39: New best reward: 200.0 (+28.2%) at episode 799, saving model...
11-27 22:42:39: Reached target after 799 episodes with number of timesteps: 26742 and layer passes: 53390.
11-27 22:42:39: Seed: 9536
11-27 22:42:39: Starting training with 10 layer(s)... (cartpole1-power10)
11-27 22:42:39: New best reward: 21.0 (-2200.0%) at episode 0, saving model...
11-27 22:42:39: New best reward: 56.0 (+166.7%) at episode 1, saving model...
11-27 22:42:40: New best reward: 92.0 (+64.3%) at episode 24, saving model...
11-27 22:42:42: New best reward: 165.0 (+79.3%) at episode 260, saving model...
11-27 22:43:03: New best reward: 181.0 (+9.7%) at episode 969, saving model...
11-27 22:43:04: New best reward: 200.0 (+10.5%) at episode 990, saving model...
11-27 22:43:04: Reached target after 990 episodes with number of timesteps: 36131 and layer passes: 88210.
11-27 22:43:04: Average duration: 26599.0 timesteps, Average layer passes: 54576.0 (cartpole1-power10)
11-27 22:43:04: Seed: 49374
11-27 22:43:04: Starting training with 100 layer(s)... (cartpole1-power10)
11-27 22:43:04: New best reward: 46.0 (-4700.0%) at episode 0, saving model...
11-27 22:43:05: New best reward: 51.0 (+10.9%) at episode 6, saving model...
11-27 22:43:05: New best reward: 58.0 (+13.7%) at episode 10, saving model...
11-27 22:43:07: New best reward: 75.0 (+29.3%) at episode 43, saving model...
11-27 22:43:08: New best reward: 77.0 (+2.7%) at episode 53, saving model...
11-27 22:43:14: New best reward: 107.0 (+39.0%) at episode 129, saving model...
11-27 22:44:24: New best reward: 112.0 (+4.7%) at episode 749, saving model...
11-27 22:45:19: New best reward: 122.0 (+8.9%) at episode 1085, saving model...
11-27 22:46:12: New best reward: 132.0 (+8.2%) at episode 1285, saving model...
11-27 22:46:33: New best reward: 158.0 (+19.7%) at episode 1350, saving model...
11-27 22:50:44: New best reward: 163.0 (+3.2%) at episode 2541, saving model...
11-27 22:53:11: New best reward: 170.0 (+4.3%) at episode 3179, saving model...
11-27 22:55:46: New best reward: 200.0 (+17.6%) at episode 3595, saving model...
11-27 22:55:46: Reached target after 3595 episodes with number of timesteps: 78645 and layer passes: 4178800.
11-27 22:55:46: Seed: 18687
11-27 22:55:46: Starting training with 100 layer(s)... (cartpole1-power10)
11-27 22:55:46: New best reward: 13.0 (-1400.0%) at episode 0, saving model...
11-27 22:55:46: New best reward: 17.0 (+30.8%) at episode 1, saving model...
11-27 22:55:47: New best reward: 22.0 (+29.4%) at episode 2, saving model...
11-27 22:55:47: New best reward: 30.0 (+36.4%) at episode 4, saving model...
11-27 22:55:47: New best reward: 57.0 (+90.0%) at episode 11, saving model...
11-27 22:55:52: New best reward: 58.0 (+1.8%) at episode 75, saving model...
11-27 22:55:55: New best reward: 63.0 (+8.6%) at episode 114, saving model...
11-27 22:55:58: New best reward: 75.0 (+19.0%) at episode 147, saving model...
11-27 22:56:24: New best reward: 88.0 (+17.3%) at episode 371, saving model...
11-27 22:56:33: New best reward: 113.0 (+28.4%) at episode 423, saving model...
11-27 22:58:45: New best reward: 128.0 (+13.3%) at episode 974, saving model...
11-27 22:59:27: New best reward: 144.0 (+12.5%) at episode 1107, saving model...
11-27 23:00:10: New best reward: 164.0 (+13.9%) at episode 1211, saving model...
11-27 23:00:43: New best reward: 168.0 (+2.4%) at episode 1302, saving model...
11-27 23:00:52: New best reward: 200.0 (+19.0%) at episode 1323, saving model...
11-27 23:00:53: Reached target after 1323 episodes with number of timesteps: 40186 and layer passes: 1228700.
11-27 23:00:53: Seed: 64167
11-27 23:00:53: Starting training with 100 layer(s)... (cartpole1-power10)
11-27 23:00:53: New best reward: 36.0 (-3700.0%) at episode 0, saving model...
11-27 23:00:54: New best reward: 45.0 (+25.0%) at episode 12, saving model...
11-27 23:00:56: New best reward: 60.0 (+33.3%) at episode 39, saving model...
11-27 23:01:00: New best reward: 73.0 (+21.7%) at episode 90, saving model...
11-27 23:01:12: New best reward: 99.0 (+35.6%) at episode 220, saving model...
11-27 23:02:14: New best reward: 144.0 (+45.5%) at episode 734, saving model...
11-27 23:04:10: New best reward: 165.0 (+14.6%) at episode 1432, saving model...
11-27 23:08:10: New best reward: 169.0 (+2.4%) at episode 2225, saving model...
11-27 23:12:28: New best reward: 200.0 (+18.3%) at episode 3061, saving model...
11-27 23:12:28: Reached target after 3061 episodes with number of timesteps: 77217 and layer passes: 4015600.
11-27 23:12:28: Seed: 96265
11-27 23:12:28: Starting training with 100 layer(s)... (cartpole1-power10)
11-27 23:12:28: New best reward: 14.0 (-1500.0%) at episode 0, saving model...
11-27 23:12:28: New best reward: 26.0 (+85.7%) at episode 1, saving model...
11-27 23:12:28: New best reward: 32.0 (+23.1%) at episode 3, saving model...
11-27 23:12:29: New best reward: 41.0 (+28.1%) at episode 17, saving model...
11-27 23:12:30: New best reward: 45.0 (+9.8%) at episode 33, saving model...
11-27 23:12:32: New best reward: 69.0 (+53.3%) at episode 62, saving model...
11-27 23:12:44: New best reward: 75.0 (+8.7%) at episode 201, saving model...
11-27 23:12:52: New best reward: 76.0 (+1.3%) at episode 280, saving model...
11-27 23:13:07: New best reward: 79.0 (+3.9%) at episode 416, saving model...
11-27 23:13:08: New best reward: 91.0 (+15.2%) at episode 423, saving model...
