11-25 14:06:35: Seed: 65675
11-25 14:06:35: Starting training with 1 layer(s)... (cartpole1-linear16)
11-25 14:06:37: New best reward: 15.0 (-1600.0%) at episode 0, saving model...
11-25 14:06:37: New best reward: 17.0 (+13.3%) at episode 1, saving model...
11-25 14:06:37: New best reward: 31.0 (+82.4%) at episode 3, saving model...
11-25 14:06:37: New best reward: 33.0 (+6.5%) at episode 5, saving model...
11-25 14:06:37: New best reward: 35.0 (+6.1%) at episode 13, saving model...
11-25 14:06:37: New best reward: 52.0 (+48.6%) at episode 14, saving model...
11-25 14:06:37: New best reward: 53.0 (+1.9%) at episode 36, saving model...
11-25 14:06:37: New best reward: 68.0 (+28.3%) at episode 52, saving model...
11-25 14:06:38: New best reward: 73.0 (+7.4%) at episode 115, saving model...
11-25 14:06:39: New best reward: 82.0 (+12.3%) at episode 247, saving model...
11-25 14:06:39: New best reward: 88.0 (+7.3%) at episode 341, saving model...
11-25 14:06:39: New best reward: 90.0 (+2.3%) at episode 361, saving model...
11-25 14:06:40: New best reward: 93.0 (+3.3%) at episode 433, saving model...
11-25 14:06:40: New best reward: 94.0 (+1.1%) at episode 460, saving model...
11-25 14:06:40: New best reward: 122.0 (+29.8%) at episode 472, saving model...
11-25 14:06:40: New best reward: 130.0 (+6.6%) at episode 502, saving model...
11-25 14:06:42: New best reward: 164.0 (+26.2%) at episode 632, saving model...
11-25 14:06:46: New best reward: 167.0 (+1.8%) at episode 916, saving model...
11-25 14:06:46: New best reward: 191.0 (+14.4%) at episode 923, saving model...
11-25 14:06:47: New best reward: 200.0 (+4.7%) at episode 977, saving model...
11-25 14:11:03: Reached target after 4906 episodes with number of timesteps: 709776 and layer passes: 513090.
11-25 14:11:03: Seed: 51292
11-25 14:11:03: Starting training with 1 layer(s)... (cartpole1-linear16)
11-25 14:11:03: New best reward: 46.0 (-4700.0%) at episode 0, saving model...
11-25 14:11:03: New best reward: 61.0 (+32.6%) at episode 19, saving model...
11-25 14:11:04: New best reward: 64.0 (+4.9%) at episode 134, saving model...
11-25 14:11:04: New best reward: 89.0 (+39.1%) at episode 160, saving model...
11-25 14:11:05: New best reward: 104.0 (+16.9%) at episode 268, saving model...
11-25 14:11:07: New best reward: 120.0 (+15.4%) at episode 527, saving model...
11-25 14:11:07: New best reward: 143.0 (+19.2%) at episode 552, saving model...
11-25 14:11:08: New best reward: 166.0 (+16.1%) at episode 696, saving model...
11-25 14:11:10: New best reward: 170.0 (+2.4%) at episode 824, saving model...
11-25 14:11:12: New best reward: 174.0 (+2.4%) at episode 924, saving model...
11-25 14:11:12: New best reward: 193.0 (+10.9%) at episode 967, saving model...
11-25 14:11:14: New best reward: 200.0 (+3.6%) at episode 1033, saving model...
11-25 14:13:06: Reached target after 2964 episodes with number of timesteps: 358564 and layer passes: 213043.
11-25 14:13:06: Seed: 92332
11-25 14:13:06: Starting training with 1 layer(s)... (cartpole1-linear16)
11-25 14:13:06: New best reward: 15.0 (-1600.0%) at episode 0, saving model...
11-25 14:13:06: New best reward: 16.0 (+6.7%) at episode 1, saving model...
11-25 14:13:06: New best reward: 26.0 (+62.5%) at episode 2, saving model...
11-25 14:13:06: New best reward: 87.0 (+234.6%) at episode 4, saving model...
11-25 14:13:07: New best reward: 114.0 (+31.0%) at episode 67, saving model...
11-25 14:13:08: New best reward: 119.0 (+4.4%) at episode 292, saving model...
11-25 14:13:08: New best reward: 124.0 (+4.2%) at episode 301, saving model...
11-25 14:13:11: New best reward: 152.0 (+22.6%) at episode 583, saving model...
11-25 14:13:13: New best reward: 157.0 (+3.3%) at episode 742, saving model...
11-25 14:13:13: New best reward: 200.0 (+27.4%) at episode 763, saving model...
11-25 14:16:12: Reached target after 3209 episodes with number of timesteps: 395208 and layer passes: 242597.
11-25 14:16:12: Seed: 26499
11-25 14:16:12: Starting training with 1 layer(s)... (cartpole1-linear16)
11-25 14:16:12: New best reward: 17.0 (-1800.0%) at episode 0, saving model...
11-25 14:16:12: New best reward: 26.0 (+52.9%) at episode 1, saving model...
11-25 14:16:12: New best reward: 46.0 (+76.9%) at episode 4, saving model...
11-25 14:16:13: New best reward: 52.0 (+13.0%) at episode 19, saving model...
11-25 14:16:13: New best reward: 62.0 (+19.2%) at episode 37, saving model...
11-25 14:16:13: New best reward: 73.0 (+17.7%) at episode 75, saving model...
11-25 14:16:13: New best reward: 95.0 (+30.1%) at episode 93, saving model...
11-25 14:16:13: New best reward: 100.0 (+5.3%) at episode 112, saving model...
11-25 14:16:15: New best reward: 120.0 (+20.0%) at episode 367, saving model...
11-25 14:16:16: New best reward: 138.0 (+15.0%) at episode 401, saving model...
11-25 14:16:16: New best reward: 146.0 (+5.8%) at episode 436, saving model...
11-25 14:16:20: New best reward: 200.0 (+37.0%) at episode 672, saving model...
11-25 14:18:27: Reached target after 2578 episodes with number of timesteps: 278586 and layer passes: 153509.
11-25 14:18:27: Seed: 7602
11-25 14:18:27: Starting training with 1 layer(s)... (cartpole1-linear16)
11-25 14:18:27: New best reward: 12.0 (-1300.0%) at episode 0, saving model...
11-25 14:18:27: New best reward: 20.0 (+66.7%) at episode 2, saving model...
11-25 14:18:27: New best reward: 24.0 (+20.0%) at episode 3, saving model...
11-25 14:18:27: New best reward: 68.0 (+183.3%) at episode 4, saving model...
11-25 14:18:28: New best reward: 78.0 (+14.7%) at episode 155, saving model...
11-25 14:18:28: New best reward: 87.0 (+11.5%) at episode 166, saving model...
11-25 14:18:29: New best reward: 99.0 (+13.8%) at episode 176, saving model...
11-25 14:18:30: New best reward: 122.0 (+23.2%) at episode 341, saving model...
11-25 14:18:30: New best reward: 138.0 (+13.1%) at episode 368, saving model...
11-25 14:18:31: New best reward: 147.0 (+6.5%) at episode 443, saving model...
11-25 14:18:33: New best reward: 167.0 (+13.6%) at episode 565, saving model...
11-25 14:18:36: New best reward: 188.0 (+12.6%) at episode 737, saving model...
11-25 14:18:41: New best reward: 200.0 (+6.4%) at episode 972, saving model...
11-25 14:20:22: Reached target after 2410 episodes with number of timesteps: 246986 and layer passes: 131304.
11-25 14:20:22: Average duration: 397824.0 timesteps, Average layer passes: 250708.6 (cartpole1-linear16)
11-25 14:20:22: Seed: 56264
11-25 14:20:22: Starting training with 2 layer(s)... (cartpole1-linear16)
11-25 14:20:22: New best reward: 9.0 (-1000.0%) at episode 0, saving model...
11-25 14:20:22: New best reward: 20.0 (+122.2%) at episode 1, saving model...
11-25 14:20:22: New best reward: 34.0 (+70.0%) at episode 2, saving model...
11-25 14:20:22: New best reward: 35.0 (+2.9%) at episode 6, saving model...
11-25 14:20:22: New best reward: 44.0 (+25.7%) at episode 24, saving model...
11-25 14:20:22: New best reward: 50.0 (+13.6%) at episode 30, saving model...
11-25 14:20:23: New best reward: 55.0 (+10.0%) at episode 37, saving model...
11-25 14:20:23: New best reward: 60.0 (+9.1%) at episode 53, saving model...
11-25 14:20:24: New best reward: 100.0 (+66.7%) at episode 160, saving model...
11-25 14:20:29: New best reward: 102.0 (+2.0%) at episode 557, saving model...
11-25 14:20:29: New best reward: 130.0 (+27.5%) at episode 569, saving model...
11-25 14:20:30: New best reward: 145.0 (+11.5%) at episode 621, saving model...
11-25 14:20:31: New best reward: 187.0 (+29.0%) at episode 668, saving model...
11-25 14:20:39: New best reward: 196.0 (+4.8%) at episode 945, saving model...
11-25 14:20:40: New best reward: 200.0 (+2.0%) at episode 962, saving model...
11-25 14:22:47: Reached target after 2455 episodes with number of timesteps: 247703 and layer passes: 263760.
11-25 14:22:48: Seed: 41095
11-25 14:22:48: Starting training with 2 layer(s)... (cartpole1-linear16)
11-25 14:22:48: New best reward: 14.0 (-1500.0%) at episode 0, saving model...
11-25 14:22:48: New best reward: 21.0 (+50.0%) at episode 1, saving model...
11-25 14:22:48: New best reward: 28.0 (+33.3%) at episode 4, saving model...
11-25 14:22:48: New best reward: 31.0 (+10.7%) at episode 9, saving model...
11-25 14:22:48: New best reward: 32.0 (+3.2%) at episode 11, saving model...
11-25 14:22:48: New best reward: 35.0 (+9.4%) at episode 13, saving model...
11-25 14:22:48: New best reward: 42.0 (+20.0%) at episode 15, saving model...
11-25 14:22:48: New best reward: 44.0 (+4.8%) at episode 48, saving model...
11-25 14:22:48: New best reward: 53.0 (+20.5%) at episode 68, saving model...
11-25 14:22:49: New best reward: 73.0 (+37.7%) at episode 142, saving model...
11-25 14:22:49: New best reward: 78.0 (+6.8%) at episode 197, saving model...
11-25 14:22:49: New best reward: 86.0 (+10.3%) at episode 202, saving model...
11-25 14:22:51: New best reward: 109.0 (+26.7%) at episode 319, saving model...
11-25 14:22:52: New best reward: 116.0 (+6.4%) at episode 415, saving model...
11-25 14:22:52: New best reward: 123.0 (+6.0%) at episode 420, saving model...
11-25 14:22:53: New best reward: 126.0 (+2.4%) at episode 472, saving model...
11-25 14:22:56: New best reward: 143.0 (+13.5%) at episode 658, saving model...
11-25 14:22:56: New best reward: 167.0 (+16.8%) at episode 677, saving model...
11-25 14:22:57: New best reward: 184.0 (+10.2%) at episode 696, saving model...
11-25 14:23:01: New best reward: 198.0 (+7.6%) at episode 866, saving model...
11-25 14:23:02: New best reward: 200.0 (+1.0%) at episode 885, saving model...
11-25 14:25:38: Reached target after 2654 episodes with number of timesteps: 290617 and layer passes: 323442.
11-25 14:25:38: Seed: 8361
11-25 14:25:38: Starting training with 2 layer(s)... (cartpole1-linear16)
11-25 14:25:38: New best reward: 13.0 (-1400.0%) at episode 0, saving model...
11-25 14:25:38: New best reward: 27.0 (+107.7%) at episode 1, saving model...
11-25 14:25:38: New best reward: 50.0 (+85.2%) at episode 8, saving model...
11-25 14:25:38: New best reward: 67.0 (+34.0%) at episode 26, saving model...
11-25 14:25:39: New best reward: 77.0 (+14.9%) at episode 91, saving model...
11-25 14:25:39: New best reward: 86.0 (+11.7%) at episode 149, saving model...
11-25 14:25:41: New best reward: 97.0 (+12.8%) at episode 326, saving model...
11-25 14:25:43: New best reward: 132.0 (+36.1%) at episode 423, saving model...
11-25 14:25:44: New best reward: 151.0 (+14.4%) at episode 490, saving model...
11-25 14:25:46: New best reward: 152.0 (+0.7%) at episode 632, saving model...
11-25 14:25:46: New best reward: 155.0 (+2.0%) at episode 645, saving model...
11-25 14:25:48: New best reward: 163.0 (+5.2%) at episode 727, saving model...
11-25 14:25:49: New best reward: 200.0 (+22.7%) at episode 744, saving model...
11-25 14:33:33: Reached target after 5964 episodes with number of timesteps: 739284 and layer passes: 1114628.
11-25 14:33:33: Seed: 38502
11-25 14:33:33: Starting training with 2 layer(s)... (cartpole1-linear16)
11-25 14:33:33: New best reward: 16.0 (-1700.0%) at episode 0, saving model...
11-25 14:33:33: New best reward: 29.0 (+81.2%) at episode 3, saving model...
11-25 14:33:33: New best reward: 54.0 (+86.2%) at episode 5, saving model...
11-25 14:33:33: New best reward: 63.0 (+16.7%) at episode 38, saving model...
11-25 14:33:34: New best reward: 83.0 (+31.7%) at episode 81, saving model...
11-25 14:33:34: New best reward: 84.0 (+1.2%) at episode 149, saving model...
11-25 14:33:34: New best reward: 93.0 (+10.7%) at episode 156, saving model...
11-25 14:33:35: New best reward: 105.0 (+12.9%) at episode 287, saving model...
11-25 14:33:35: New best reward: 140.0 (+33.3%) at episode 315, saving model...
11-25 14:33:39: New best reward: 142.0 (+1.4%) at episode 627, saving model...
11-25 14:33:39: New best reward: 161.0 (+13.4%) at episode 638, saving model...
11-25 14:33:40: New best reward: 170.0 (+5.6%) at episode 690, saving model...
11-25 14:33:40: New best reward: 181.0 (+6.5%) at episode 726, saving model...
11-25 14:33:46: New best reward: 200.0 (+10.5%) at episode 1008, saving model...
11-25 14:35:42: Reached target after 2783 episodes with number of timesteps: 309361 and layer passes: 353650.
11-25 14:35:43: Seed: 42776
11-25 14:35:43: Starting training with 2 layer(s)... (cartpole1-linear16)
11-25 14:35:43: New best reward: 15.0 (-1600.0%) at episode 0, saving model...
11-25 14:35:43: New best reward: 19.0 (+26.7%) at episode 1, saving model...
11-25 14:35:43: New best reward: 21.0 (+10.5%) at episode 4, saving model...
11-25 14:35:43: New best reward: 29.0 (+38.1%) at episode 5, saving model...
11-25 14:35:43: New best reward: 59.0 (+103.4%) at episode 6, saving model...
11-25 14:35:43: New best reward: 61.0 (+3.4%) at episode 73, saving model...
11-25 14:35:43: New best reward: 76.0 (+24.6%) at episode 99, saving model...
11-25 14:35:43: New best reward: 86.0 (+13.2%) at episode 109, saving model...
11-25 14:35:45: New best reward: 123.0 (+43.0%) at episode 297, saving model...
11-25 14:35:47: New best reward: 164.0 (+33.3%) at episode 479, saving model...
11-25 14:35:48: New best reward: 180.0 (+9.8%) at episode 555, saving model...
11-25 14:35:48: New best reward: 190.0 (+5.6%) at episode 623, saving model...
11-25 14:35:49: New best reward: 200.0 (+5.3%) at episode 665, saving model...
11-25 14:37:40: Reached target after 2580 episodes with number of timesteps: 285061 and layer passes: 313588.
11-25 14:37:41: Average duration: 374405.2 timesteps, Average layer passes: 473813.6 (cartpole1-linear16)
11-25 14:37:41: Seed: 7709
11-25 14:37:41: Starting training with 3 layer(s)... (cartpole1-linear16)
11-25 14:37:41: New best reward: 10.0 (-1100.0%) at episode 0, saving model...
11-25 14:37:41: New best reward: 17.0 (+70.0%) at episode 1, saving model...
11-25 14:37:41: New best reward: 19.0 (+11.8%) at episode 3, saving model...
11-25 14:37:41: New best reward: 31.0 (+63.2%) at episode 4, saving model...
11-25 14:37:41: New best reward: 36.0 (+16.1%) at episode 8, saving model...
11-25 14:37:41: New best reward: 37.0 (+2.8%) at episode 24, saving model...
11-25 14:37:41: New best reward: 46.0 (+24.3%) at episode 36, saving model...
11-25 14:37:41: New best reward: 67.0 (+45.7%) at episode 45, saving model...
11-25 14:37:41: New best reward: 72.0 (+7.5%) at episode 94, saving model...
11-25 14:37:42: New best reward: 75.0 (+4.2%) at episode 170, saving model...
11-25 14:37:42: New best reward: 77.0 (+2.7%) at episode 185, saving model...
11-25 14:37:42: New best reward: 98.0 (+27.3%) at episode 188, saving model...
11-25 14:37:43: New best reward: 161.0 (+64.3%) at episode 271, saving model...
11-25 14:37:48: New best reward: 162.0 (+0.6%) at episode 713, saving model...
11-25 14:37:49: New best reward: 178.0 (+9.9%) at episode 797, saving model...
11-25 14:37:53: New best reward: 200.0 (+12.4%) at episode 927, saving model...
11-25 14:41:17: Reached target after 3435 episodes with number of timesteps: 413132 and layer passes: 779886.
11-25 14:41:17: Seed: 46047
11-25 14:41:17: Starting training with 3 layer(s)... (cartpole1-linear16)
11-25 14:41:17: New best reward: 11.0 (-1200.0%) at episode 0, saving model...
11-25 14:41:17: New best reward: 15.0 (+36.4%) at episode 1, saving model...
11-25 14:41:17: New best reward: 16.0 (+6.7%) at episode 2, saving model...
11-25 14:41:17: New best reward: 33.0 (+106.2%) at episode 3, saving model...
11-25 14:41:17: New best reward: 45.0 (+36.4%) at episode 12, saving model...
11-25 14:41:17: New best reward: 49.0 (+8.9%) at episode 23, saving model...
11-25 14:41:18: New best reward: 63.0 (+28.6%) at episode 44, saving model...
11-25 14:41:18: New best reward: 64.0 (+1.6%) at episode 48, saving model...
11-25 14:41:18: New best reward: 78.0 (+21.9%) at episode 138, saving model...
11-25 14:41:19: New best reward: 89.0 (+14.1%) at episode 233, saving model...
11-25 14:41:20: New best reward: 107.0 (+20.2%) at episode 271, saving model...
11-25 14:41:20: New best reward: 115.0 (+7.5%) at episode 337, saving model...
11-25 14:41:21: New best reward: 169.0 (+47.0%) at episode 404, saving model...
11-25 14:41:24: New best reward: 200.0 (+18.3%) at episode 632, saving model...
11-25 14:46:11: Reached target after 4443 episodes with number of timesteps: 523863 and layer passes: 1081326.
11-25 14:46:11: Seed: 45096
11-25 14:46:11: Starting training with 3 layer(s)... (cartpole1-linear16)
11-25 14:46:11: New best reward: 20.0 (-2100.0%) at episode 0, saving model...
11-25 14:46:11: New best reward: 38.0 (+90.0%) at episode 1, saving model...
11-25 14:46:11: New best reward: 40.0 (+5.3%) at episode 36, saving model...
11-25 14:46:12: New best reward: 49.0 (+22.5%) at episode 54, saving model...
11-25 14:46:12: New best reward: 95.0 (+93.9%) at episode 86, saving model...
11-25 14:46:12: New best reward: 104.0 (+9.5%) at episode 138, saving model...
11-25 14:46:13: New best reward: 107.0 (+2.9%) at episode 271, saving model...
11-25 14:46:15: New best reward: 111.0 (+3.7%) at episode 418, saving model...
11-25 14:46:15: New best reward: 142.0 (+27.9%) at episode 434, saving model...
11-25 14:46:16: New best reward: 149.0 (+4.9%) at episode 522, saving model...
11-25 14:46:18: New best reward: 153.0 (+2.7%) at episode 648, saving model...
11-25 14:46:22: New best reward: 181.0 (+18.3%) at episode 835, saving model...
11-25 14:46:23: New best reward: 200.0 (+10.5%) at episode 862, saving model...
11-25 14:49:11: Reached target after 3085 episodes with number of timesteps: 353672 and layer passes: 638934.
11-25 14:49:11: Seed: 40422
11-25 14:49:11: Starting training with 3 layer(s)... (cartpole1-linear16)
11-25 14:49:11: New best reward: 16.0 (-1700.0%) at episode 0, saving model...
11-25 14:49:11: New best reward: 47.0 (+193.8%) at episode 1, saving model...
11-25 14:49:11: New best reward: 53.0 (+12.8%) at episode 6, saving model...
11-25 14:49:11: New best reward: 59.0 (+11.3%) at episode 32, saving model...
11-25 14:49:12: New best reward: 77.0 (+30.5%) at episode 120, saving model...
11-25 14:49:12: New best reward: 96.0 (+24.7%) at episode 131, saving model...
11-25 14:49:14: New best reward: 102.0 (+6.2%) at episode 325, saving model...
11-25 14:49:14: New best reward: 105.0 (+2.9%) at episode 372, saving model...
11-25 14:49:15: New best reward: 168.0 (+60.0%) at episode 452, saving model...
11-25 14:49:20: New best reward: 200.0 (+19.0%) at episode 784, saving model...
11-25 14:51:04: Reached target after 2346 episodes with number of timesteps: 237429 and layer passes: 372483.
11-25 14:51:05: Seed: 72332
11-25 14:51:05: Starting training with 3 layer(s)... (cartpole1-linear16)
11-25 14:51:05: New best reward: 12.0 (-1300.0%) at episode 0, saving model...
11-25 14:51:05: New best reward: 32.0 (+166.7%) at episode 1, saving model...
11-25 14:51:05: New best reward: 35.0 (+9.4%) at episode 9, saving model...
11-25 14:51:05: New best reward: 50.0 (+42.9%) at episode 16, saving model...
11-25 14:51:05: New best reward: 55.0 (+10.0%) at episode 33, saving model...
11-25 14:51:05: New best reward: 60.0 (+9.1%) at episode 68, saving model...
11-25 14:51:06: New best reward: 63.0 (+5.0%) at episode 146, saving model...
11-25 14:51:06: New best reward: 74.0 (+17.5%) at episode 150, saving model...
11-25 14:51:06: New best reward: 114.0 (+54.1%) at episode 171, saving model...
11-25 14:51:09: New best reward: 119.0 (+4.4%) at episode 494, saving model...
11-25 14:51:09: New best reward: 125.0 (+5.0%) at episode 507, saving model...
11-25 14:51:10: New best reward: 150.0 (+20.0%) at episode 540, saving model...
11-25 14:51:10: New best reward: 157.0 (+4.7%) at episode 584, saving model...
11-25 14:51:10: New best reward: 158.0 (+0.6%) at episode 593, saving model...
11-25 14:51:13: New best reward: 166.0 (+5.1%) at episode 731, saving model...
11-25 14:51:14: New best reward: 200.0 (+20.5%) at episode 816, saving model...
