11-26 00:05:54: Seed: 60110
11-26 00:05:54: Starting training with 1 layer(s)... (cartpole1-power2)
11-26 00:05:55: New best reward: 23.0 (-2400.0%) at episode 0, saving model...
11-26 00:05:55: New best reward: 28.0 (+21.7%) at episode 1, saving model...
11-26 00:05:55: New best reward: 31.0 (+10.7%) at episode 4, saving model...
11-26 00:05:55: New best reward: 33.0 (+6.5%) at episode 12, saving model...
11-26 00:05:55: New best reward: 40.0 (+21.2%) at episode 15, saving model...
11-26 00:05:55: New best reward: 47.0 (+17.5%) at episode 39, saving model...
11-26 00:05:55: New best reward: 55.0 (+17.0%) at episode 41, saving model...
11-26 00:05:55: New best reward: 68.0 (+23.6%) at episode 47, saving model...
11-26 00:05:55: New best reward: 84.0 (+23.5%) at episode 50, saving model...
11-26 00:05:55: New best reward: 85.0 (+1.2%) at episode 139, saving model...
11-26 00:05:55: New best reward: 106.0 (+24.7%) at episode 222, saving model...
11-26 00:05:55: New best reward: 117.0 (+10.4%) at episode 491, saving model...
11-26 00:05:55: New best reward: 141.0 (+20.5%) at episode 522, saving model...
11-26 00:05:56: New best reward: 146.0 (+3.5%) at episode 599, saving model...
11-26 00:05:56: New best reward: 157.0 (+7.5%) at episode 732, saving model...
11-26 00:05:56: New best reward: 192.0 (+22.3%) at episode 790, saving model...
11-26 00:05:56: New best reward: 200.0 (+4.2%) at episode 888, saving model...
11-26 00:06:19: Reached target after 2620 episodes with number of timesteps: 262696 and layer passes: 144706.
11-26 00:06:20: Seed: 97715
11-26 00:06:20: Starting training with 1 layer(s)... (cartpole1-power2)
11-26 00:06:20: New best reward: 37.0 (-3800.0%) at episode 0, saving model...
11-26 00:06:20: New best reward: 45.0 (+21.6%) at episode 2, saving model...
11-26 00:06:20: New best reward: 46.0 (+2.2%) at episode 38, saving model...
11-26 00:06:20: New best reward: 54.0 (+17.4%) at episode 44, saving model...
11-26 00:06:20: New best reward: 135.0 (+150.0%) at episode 80, saving model...
11-26 00:06:20: New best reward: 152.0 (+12.6%) at episode 508, saving model...
11-26 00:06:20: New best reward: 156.0 (+2.6%) at episode 605, saving model...
11-26 00:06:21: New best reward: 200.0 (+28.2%) at episode 701, saving model...
11-26 00:07:11: Reached target after 4607 episodes with number of timesteps: 442397 and layer passes: 308994.
11-26 00:07:11: Seed: 8988
11-26 00:07:11: Starting training with 1 layer(s)... (cartpole1-power2)
11-26 00:07:11: New best reward: 21.0 (-2200.0%) at episode 0, saving model...
11-26 00:07:11: New best reward: 30.0 (+42.9%) at episode 1, saving model...
11-26 00:07:11: New best reward: 84.0 (+180.0%) at episode 8, saving model...
11-26 00:07:11: New best reward: 116.0 (+38.1%) at episode 279, saving model...
11-26 00:07:11: New best reward: 128.0 (+10.3%) at episode 323, saving model...
11-26 00:07:12: New best reward: 152.0 (+18.8%) at episode 625, saving model...
11-26 00:07:12: New best reward: 200.0 (+31.6%) at episode 631, saving model...
11-26 00:07:46: Reached target after 3059 episodes with number of timesteps: 275671 and layer passes: 162836.
11-26 00:07:46: Seed: 30617
11-26 00:07:46: Starting training with 1 layer(s)... (cartpole1-power2)
11-26 00:07:46: New best reward: 15.0 (-1600.0%) at episode 0, saving model...
11-26 00:07:46: New best reward: 43.0 (+186.7%) at episode 1, saving model...
11-26 00:07:46: New best reward: 46.0 (+7.0%) at episode 11, saving model...
11-26 00:07:46: New best reward: 84.0 (+82.6%) at episode 63, saving model...
11-26 00:07:46: New best reward: 94.0 (+11.9%) at episode 192, saving model...
11-26 00:07:47: New best reward: 104.0 (+10.6%) at episode 322, saving model...
11-26 00:07:47: New best reward: 126.0 (+21.2%) at episode 393, saving model...
11-26 00:07:47: New best reward: 144.0 (+14.3%) at episode 691, saving model...
11-26 00:07:47: New best reward: 145.0 (+0.7%) at episode 721, saving model...
11-26 00:07:47: New best reward: 165.0 (+13.8%) at episode 739, saving model...
11-26 00:07:48: New best reward: 200.0 (+21.2%) at episode 852, saving model...
11-26 00:08:23: Reached target after 3472 episodes with number of timesteps: 295720 and layer passes: 187966.
11-26 00:08:23: Seed: 32343
11-26 00:08:23: Starting training with 1 layer(s)... (cartpole1-power2)
11-26 00:08:23: New best reward: 20.0 (-2100.0%) at episode 0, saving model...
11-26 00:08:23: New best reward: 40.0 (+100.0%) at episode 2, saving model...
11-26 00:08:23: New best reward: 46.0 (+15.0%) at episode 24, saving model...
11-26 00:08:23: New best reward: 65.0 (+41.3%) at episode 93, saving model...
11-26 00:08:23: New best reward: 99.0 (+52.3%) at episode 135, saving model...
11-26 00:08:23: New best reward: 126.0 (+27.3%) at episode 241, saving model...
11-26 00:08:24: New best reward: 158.0 (+25.4%) at episode 580, saving model...
11-26 00:08:24: New best reward: 199.0 (+25.9%) at episode 672, saving model...
11-26 00:08:25: New best reward: 200.0 (+0.5%) at episode 796, saving model...
11-26 00:09:40: Reached target after 4720 episodes with number of timesteps: 517812 and layer passes: 362239.
11-26 00:09:40: Average duration: 358859.2 timesteps, Average layer passes: 233348.2 (cartpole1-power2)
11-26 00:09:41: Seed: 45554
11-26 00:09:41: Starting training with 2 layer(s)... (cartpole1-power2)
11-26 00:09:41: New best reward: 15.0 (-1600.0%) at episode 0, saving model...
11-26 00:09:41: New best reward: 17.0 (+13.3%) at episode 2, saving model...
11-26 00:09:41: New best reward: 23.0 (+35.3%) at episode 3, saving model...
11-26 00:09:41: New best reward: 25.0 (+8.7%) at episode 13, saving model...
11-26 00:09:41: New best reward: 37.0 (+48.0%) at episode 17, saving model...
11-26 00:09:41: New best reward: 40.0 (+8.1%) at episode 18, saving model...
11-26 00:09:41: New best reward: 54.0 (+35.0%) at episode 25, saving model...
11-26 00:09:41: New best reward: 78.0 (+44.4%) at episode 28, saving model...
11-26 00:09:41: New best reward: 85.0 (+9.0%) at episode 131, saving model...
11-26 00:09:41: New best reward: 98.0 (+15.3%) at episode 198, saving model...
11-26 00:09:41: New best reward: 109.0 (+11.2%) at episode 330, saving model...
11-26 00:09:42: New best reward: 119.0 (+9.2%) at episode 457, saving model...
11-26 00:09:42: New best reward: 164.0 (+37.8%) at episode 700, saving model...
11-26 00:09:43: New best reward: 194.0 (+18.3%) at episode 758, saving model...
11-26 00:09:43: New best reward: 200.0 (+3.1%) at episode 857, saving model...
11-26 00:12:18: Reached target after 6175 episodes with number of timesteps: 850012 and layer passes: 1324272.
11-26 00:12:18: Seed: 22004
11-26 00:12:18: Starting training with 2 layer(s)... (cartpole1-power2)
11-26 00:12:18: New best reward: 24.0 (-2500.0%) at episode 0, saving model...
11-26 00:12:18: New best reward: 30.0 (+25.0%) at episode 1, saving model...
11-26 00:12:18: New best reward: 42.0 (+40.0%) at episode 2, saving model...
11-26 00:12:18: New best reward: 43.0 (+2.4%) at episode 29, saving model...
11-26 00:12:18: New best reward: 58.0 (+34.9%) at episode 50, saving model...
11-26 00:12:18: New best reward: 65.0 (+12.1%) at episode 70, saving model...
11-26 00:12:18: New best reward: 73.0 (+12.3%) at episode 108, saving model...
11-26 00:12:18: New best reward: 82.0 (+12.3%) at episode 142, saving model...
11-26 00:12:19: New best reward: 108.0 (+31.7%) at episode 282, saving model...
11-26 00:12:19: New best reward: 124.0 (+14.8%) at episode 392, saving model...
11-26 00:12:20: New best reward: 164.0 (+32.3%) at episode 641, saving model...
11-26 00:12:21: New best reward: 174.0 (+6.1%) at episode 896, saving model...
11-26 00:12:22: New best reward: 191.0 (+9.8%) at episode 1020, saving model...
11-26 00:12:22: New best reward: 200.0 (+4.7%) at episode 1065, saving model...
11-26 00:13:18: Reached target after 3337 episodes with number of timesteps: 328394 and layer passes: 416398.
11-26 00:13:18: Seed: 94724
11-26 00:13:18: Starting training with 2 layer(s)... (cartpole1-power2)
11-26 00:13:18: New best reward: 29.0 (-3000.0%) at episode 0, saving model...
11-26 00:13:18: New best reward: 63.0 (+117.2%) at episode 3, saving model...
11-26 00:13:18: New best reward: 79.0 (+25.4%) at episode 23, saving model...
11-26 00:13:18: New best reward: 93.0 (+17.7%) at episode 145, saving model...
11-26 00:13:18: New best reward: 122.0 (+31.2%) at episode 319, saving model...
11-26 00:13:19: New best reward: 142.0 (+16.4%) at episode 525, saving model...
11-26 00:13:19: New best reward: 147.0 (+3.5%) at episode 570, saving model...
11-26 00:13:20: New best reward: 200.0 (+36.1%) at episode 682, saving model...
11-26 00:14:45: Reached target after 4392 episodes with number of timesteps: 465031 and layer passes: 663404.
11-26 00:14:45: Seed: 66525
11-26 00:14:45: Starting training with 2 layer(s)... (cartpole1-power2)
11-26 00:14:45: New best reward: 17.0 (-1800.0%) at episode 0, saving model...
11-26 00:14:45: New best reward: 18.0 (+5.9%) at episode 2, saving model...
11-26 00:14:45: New best reward: 27.0 (+50.0%) at episode 3, saving model...
11-26 00:14:45: New best reward: 46.0 (+70.4%) at episode 4, saving model...
11-26 00:14:45: New best reward: 55.0 (+19.6%) at episode 33, saving model...
11-26 00:14:46: New best reward: 62.0 (+12.7%) at episode 83, saving model...
11-26 00:14:46: New best reward: 73.0 (+17.7%) at episode 108, saving model...
11-26 00:14:46: New best reward: 93.0 (+27.4%) at episode 128, saving model...
11-26 00:14:46: New best reward: 96.0 (+3.2%) at episode 264, saving model...
11-26 00:14:47: New best reward: 100.0 (+4.2%) at episode 401, saving model...
11-26 00:14:47: New best reward: 137.0 (+37.0%) at episode 427, saving model...
11-26 00:14:47: New best reward: 200.0 (+46.0%) at episode 596, saving model...
11-26 00:15:52: Reached target after 3486 episodes with number of timesteps: 334067 and layer passes: 427020.
11-26 00:15:53: Seed: 79207
11-26 00:15:53: Starting training with 2 layer(s)... (cartpole1-power2)
11-26 00:15:53: New best reward: 15.0 (-1600.0%) at episode 0, saving model...
11-26 00:15:53: New best reward: 19.0 (+26.7%) at episode 1, saving model...
11-26 00:15:53: New best reward: 49.0 (+157.9%) at episode 7, saving model...
11-26 00:15:53: New best reward: 51.0 (+4.1%) at episode 37, saving model...
11-26 00:15:53: New best reward: 54.0 (+5.9%) at episode 42, saving model...
11-26 00:15:53: New best reward: 59.0 (+9.3%) at episode 46, saving model...
11-26 00:15:53: New best reward: 62.0 (+5.1%) at episode 77, saving model...
11-26 00:15:53: New best reward: 64.0 (+3.2%) at episode 115, saving model...
11-26 00:15:53: New best reward: 81.0 (+26.6%) at episode 118, saving model...
11-26 00:15:54: New best reward: 83.0 (+2.5%) at episode 362, saving model...
11-26 00:15:54: New best reward: 113.0 (+36.1%) at episode 366, saving model...
11-26 00:15:54: New best reward: 127.0 (+12.4%) at episode 380, saving model...
11-26 00:15:55: New best reward: 200.0 (+57.5%) at episode 600, saving model...
11-26 00:19:05: Reached target after 6526 episodes with number of timesteps: 882399 and layer passes: 1427254.
11-26 00:19:05: Average duration: 571980.6 timesteps, Average layer passes: 851669.6 (cartpole1-power2)
11-26 00:19:05: Seed: 17197
11-26 00:19:05: Starting training with 4 layer(s)... (cartpole1-power2)
11-26 00:19:05: New best reward: 30.0 (-3100.0%) at episode 0, saving model...
11-26 00:19:05: New best reward: 32.0 (+6.7%) at episode 2, saving model...
11-26 00:19:05: New best reward: 34.0 (+6.2%) at episode 6, saving model...
11-26 00:19:05: New best reward: 78.0 (+129.4%) at episode 7, saving model...
11-26 00:19:06: New best reward: 90.0 (+15.4%) at episode 241, saving model...
11-26 00:19:06: New best reward: 118.0 (+31.1%) at episode 310, saving model...
11-26 00:19:07: New best reward: 136.0 (+15.3%) at episode 422, saving model...
11-26 00:19:08: New best reward: 146.0 (+7.4%) at episode 684, saving model...
11-26 00:19:09: New best reward: 174.0 (+19.2%) at episode 738, saving model...
11-26 00:19:10: New best reward: 200.0 (+14.9%) at episode 836, saving model...
11-26 00:21:02: Reached target after 3843 episodes with number of timesteps: 390571 and layer passes: 1016644.
11-26 00:21:03: Seed: 57748
11-26 00:21:03: Starting training with 4 layer(s)... (cartpole1-power2)
11-26 00:21:03: New best reward: 14.0 (-1500.0%) at episode 0, saving model...
11-26 00:21:03: New best reward: 21.0 (+50.0%) at episode 1, saving model...
11-26 00:21:03: New best reward: 36.0 (+71.4%) at episode 2, saving model...
11-26 00:21:03: New best reward: 37.0 (+2.8%) at episode 18, saving model...
11-26 00:21:03: New best reward: 46.0 (+24.3%) at episode 20, saving model...
11-26 00:21:03: New best reward: 61.0 (+32.6%) at episode 27, saving model...
11-26 00:21:03: New best reward: 65.0 (+6.6%) at episode 75, saving model...
11-26 00:21:03: New best reward: 70.0 (+7.7%) at episode 101, saving model...
11-26 00:21:03: New best reward: 93.0 (+32.9%) at episode 226, saving model...
11-26 00:21:05: New best reward: 110.0 (+18.3%) at episode 479, saving model...
11-26 00:21:05: New best reward: 114.0 (+3.6%) at episode 501, saving model...
11-26 00:21:05: New best reward: 131.0 (+14.9%) at episode 552, saving model...
11-26 00:21:05: New best reward: 178.0 (+35.9%) at episode 622, saving model...
11-26 00:21:06: New best reward: 190.0 (+6.7%) at episode 741, saving model...
11-26 00:21:07: New best reward: 200.0 (+5.3%) at episode 865, saving model...
11-26 00:22:47: Reached target after 2914 episodes with number of timesteps: 323971 and layer passes: 768340.
11-26 00:22:47: Seed: 90125
11-26 00:22:47: Starting training with 4 layer(s)... (cartpole1-power2)
11-26 00:22:47: New best reward: 31.0 (-3200.0%) at episode 0, saving model...
11-26 00:22:47: New best reward: 84.0 (+171.0%) at episode 12, saving model...
11-26 00:22:48: New best reward: 138.0 (+64.3%) at episode 265, saving model...
11-26 00:22:50: New best reward: 173.0 (+25.4%) at episode 628, saving model...
11-26 00:22:51: New best reward: 200.0 (+15.6%) at episode 731, saving model...
11-26 00:24:26: Reached target after 3011 episodes with number of timesteps: 329389 and layer passes: 777792.
11-26 00:24:26: Seed: 62838
11-26 00:24:26: Starting training with 4 layer(s)... (cartpole1-power2)
11-26 00:24:26: New best reward: 16.0 (-1700.0%) at episode 0, saving model...
11-26 00:24:26: New best reward: 34.0 (+112.5%) at episode 2, saving model...
11-26 00:24:26: New best reward: 54.0 (+58.8%) at episode 3, saving model...
11-26 00:24:26: New best reward: 55.0 (+1.9%) at episode 46, saving model...
11-26 00:24:26: New best reward: 74.0 (+34.5%) at episode 57, saving model...
11-26 00:24:27: New best reward: 86.0 (+16.2%) at episode 135, saving model...
11-26 00:24:27: New best reward: 94.0 (+9.3%) at episode 202, saving model...
11-26 00:24:27: New best reward: 129.0 (+37.2%) at episode 233, saving model...
11-26 00:24:28: New best reward: 131.0 (+1.6%) at episode 346, saving model...
11-26 00:24:28: New best reward: 147.0 (+12.2%) at episode 369, saving model...
11-26 00:24:30: New best reward: 152.0 (+3.4%) at episode 800, saving model...
11-26 00:24:31: New best reward: 188.0 (+23.7%) at episode 909, saving model...
11-26 00:24:33: New best reward: 200.0 (+6.4%) at episode 1040, saving model...
11-26 00:27:26: Reached target after 4885 episodes with number of timesteps: 599726 and layer passes: 1770800.
11-26 00:27:26: Seed: 32385
11-26 00:27:26: Starting training with 4 layer(s)... (cartpole1-power2)
11-26 00:27:26: New best reward: 18.0 (-1900.0%) at episode 0, saving model...
11-26 00:27:26: New best reward: 27.0 (+50.0%) at episode 4, saving model...
11-26 00:27:26: New best reward: 31.0 (+14.8%) at episode 7, saving model...
11-26 00:27:26: New best reward: 32.0 (+3.2%) at episode 10, saving model...
11-26 00:27:26: New best reward: 33.0 (+3.1%) at episode 18, saving model...
11-26 00:27:26: New best reward: 34.0 (+3.0%) at episode 30, saving model...
11-26 00:27:26: New best reward: 39.0 (+14.7%) at episode 34, saving model...
11-26 00:27:27: New best reward: 42.0 (+7.7%) at episode 70, saving model...
11-26 00:27:27: New best reward: 52.0 (+23.8%) at episode 79, saving model...
11-26 00:27:27: New best reward: 87.0 (+67.3%) at episode 125, saving model...
11-26 00:27:27: New best reward: 110.0 (+26.4%) at episode 270, saving model...
11-26 00:27:28: New best reward: 112.0 (+1.8%) at episode 363, saving model...
11-26 00:27:29: New best reward: 150.0 (+33.9%) at episode 572, saving model...
11-26 00:27:30: New best reward: 196.0 (+30.7%) at episode 762, saving model...
11-26 00:27:32: New best reward: 200.0 (+2.0%) at episode 1003, saving model...
11-26 00:34:36: Reached target after 9958 episodes with number of timesteps: 1338851 and layer passes: 4610676.
11-26 00:34:36: Average duration: 596501.6 timesteps, Average layer passes: 1788850.4 (cartpole1-power2)
11-26 00:34:36: Seed: 55387
11-26 00:34:36: Starting training with 8 layer(s)... (cartpole1-power2)
11-26 00:34:36: New best reward: 12.0 (-1300.0%) at episode 0, saving model...
11-26 00:34:36: New best reward: 40.0 (+233.3%) at episode 2, saving model...
11-26 00:34:36: New best reward: 43.0 (+7.5%) at episode 5, saving model...
11-26 00:34:36: New best reward: 51.0 (+18.6%) at episode 10, saving model...
11-26 00:34:36: New best reward: 59.0 (+15.7%) at episode 45, saving model...
11-26 00:34:37: New best reward: 79.0 (+33.9%) at episode 91, saving model...
11-26 00:34:37: New best reward: 80.0 (+1.3%) at episode 184, saving model...
11-26 00:34:37: New best reward: 87.0 (+8.8%) at episode 213, saving model...
11-26 00:34:37: New best reward: 89.0 (+2.3%) at episode 274, saving model...
11-26 00:34:38: New best reward: 90.0 (+1.1%) at episode 296, saving model...
11-26 00:34:38: New best reward: 139.0 (+54.4%) at episode 356, saving model...
11-26 00:34:39: New best reward: 167.0 (+20.1%) at episode 545, saving model...
11-26 00:34:41: New best reward: 173.0 (+3.6%) at episode 759, saving model...
11-26 00:34:44: New best reward: 178.0 (+2.9%) at episode 1003, saving model...
11-26 00:34:44: New best reward: 200.0 (+12.4%) at episode 1034, saving model...
11-26 00:35:43: Reached target after 2333 episodes with number of timesteps: 211490 and layer passes: 891232.
11-26 00:35:43: Seed: 53893
11-26 00:35:43: Starting training with 8 layer(s)... (cartpole1-power2)
11-26 00:35:43: New best reward: 20.0 (-2100.0%) at episode 0, saving model...
11-26 00:35:43: New best reward: 28.0 (+40.0%) at episode 8, saving model...
11-26 00:35:43: New best reward: 37.0 (+32.1%) at episode 18, saving model...
11-26 00:35:43: New best reward: 41.0 (+10.8%) at episode 40, saving model...
11-26 00:35:43: New best reward: 57.0 (+39.0%) at episode 52, saving model...
11-26 00:35:44: New best reward: 67.0 (+17.5%) at episode 118, saving model...
11-26 00:35:44: New best reward: 76.0 (+13.4%) at episode 259, saving model...
11-26 00:35:45: New best reward: 87.0 (+14.5%) at episode 305, saving model...
11-26 00:35:45: New best reward: 96.0 (+10.3%) at episode 323, saving model...
11-26 00:35:45: New best reward: 107.0 (+11.5%) at episode 381, saving model...
11-26 00:35:46: New best reward: 122.0 (+14.0%) at episode 423, saving model...
11-26 00:35:47: New best reward: 123.0 (+0.8%) at episode 638, saving model...
11-26 00:35:47: New best reward: 124.0 (+0.8%) at episode 662, saving model...
11-26 00:35:48: New best reward: 171.0 (+37.9%) at episode 673, saving model...
11-26 00:35:48: New best reward: 184.0 (+7.6%) at episode 707, saving model...
11-26 00:35:48: New best reward: 189.0 (+2.7%) at episode 710, saving model...
11-26 00:35:48: New best reward: 200.0 (+5.8%) at episode 729, saving model...
11-26 00:46:59: Reached target after 11890 episodes with number of timesteps: 1545799 and layer passes: 10833256.
11-26 00:47:00: Seed: 98061
11-26 00:47:00: Starting training with 8 layer(s)... (cartpole1-power2)
11-26 00:47:00: New best reward: 10.0 (-1100.0%) at episode 0, saving model...
11-26 00:47:00: New best reward: 55.0 (+450.0%) at episode 1, saving model...
11-26 00:47:00: New best reward: 60.0 (+9.1%) at episode 5, saving model...
11-26 00:47:00: New best reward: 77.0 (+28.3%) at episode 95, saving model...
11-26 00:47:01: New best reward: 80.0 (+3.9%) at episode 237, saving model...
11-26 00:47:01: New best reward: 87.0 (+8.8%) at episode 286, saving model...
11-26 00:47:01: New best reward: 98.0 (+12.6%) at episode 326, saving model...
11-26 00:47:02: New best reward: 100.0 (+2.0%) at episode 469, saving model...
11-26 00:47:02: New best reward: 116.0 (+16.0%) at episode 521, saving model...
11-26 00:47:02: New best reward: 156.0 (+34.5%) at episode 538, saving model...
11-26 00:47:04: New best reward: 185.0 (+18.6%) at episode 742, saving model...
11-26 00:47:06: New best reward: 195.0 (+5.4%) at episode 879, saving model...
11-26 00:47:11: New best reward: 200.0 (+2.6%) at episode 1149, saving model...
11-26 00:49:46: Reached target after 3722 episodes with number of timesteps: 440178 and layer passes: 2295080.
11-26 00:49:46: Seed: 6124
11-26 00:49:46: Starting training with 8 layer(s)... (cartpole1-power2)
11-26 00:49:46: New best reward: 17.0 (-1800.0%) at episode 0, saving model...
11-26 00:49:46: New best reward: 19.0 (+11.8%) at episode 3, saving model...
11-26 00:49:46: New best reward: 22.0 (+15.8%) at episode 4, saving model...
11-26 00:49:46: New best reward: 49.0 (+122.7%) at episode 5, saving model...
11-26 00:49:46: New best reward: 96.0 (+95.9%) at episode 47, saving model...
11-26 00:49:48: New best reward: 102.0 (+6.2%) at episode 404, saving model...
11-26 00:49:49: New best reward: 132.0 (+29.4%) at episode 555, saving model...
11-26 00:49:50: New best reward: 155.0 (+17.4%) at episode 698, saving model...
11-26 00:49:52: New best reward: 157.0 (+1.3%) at episode 939, saving model...
11-26 00:49:52: New best reward: 187.0 (+19.1%) at episode 961, saving model...
11-26 00:49:57: New best reward: 188.0 (+0.5%) at episode 1084, saving model...
11-26 00:49:58: New best reward: 199.0 (+5.9%) at episode 1126, saving model...
11-26 00:50:00: New best reward: 200.0 (+0.5%) at episode 1198, saving model...
11-26 00:57:37: Reached target after 8789 episodes with number of timesteps: 1117427 and layer passes: 7552632.
11-26 00:57:37: Seed: 14676
11-26 00:57:37: Starting training with 8 layer(s)... (cartpole1-power2)
11-26 00:57:37: New best reward: 12.0 (-1300.0%) at episode 0, saving model...
11-26 00:57:37: New best reward: 29.0 (+141.7%) at episode 1, saving model...
11-26 00:57:37: New best reward: 44.0 (+51.7%) at episode 3, saving model...
11-26 00:57:37: New best reward: 63.0 (+43.2%) at episode 25, saving model...
11-26 00:57:38: New best reward: 96.0 (+52.4%) at episode 211, saving model...
11-26 00:57:38: New best reward: 125.0 (+30.2%) at episode 274, saving model...
11-26 00:57:40: New best reward: 170.0 (+36.0%) at episode 612, saving model...
11-26 00:57:42: New best reward: 184.0 (+8.2%) at episode 766, saving model...
11-26 00:57:44: New best reward: 200.0 (+8.7%) at episode 995, saving model...
11-26 00:59:02: Reached target after 2752 episodes with number of timesteps: 249112 and layer passes: 1158728.
11-26 00:59:02: Average duration: 712801.2 timesteps, Average layer passes: 4546185.6 (cartpole1-power2)
11-26 00:59:02: Seed: 89409
11-26 00:59:02: Starting training with 16 layer(s)... (cartpole1-power2)
11-26 00:59:02: New best reward: 28.0 (-2900.0%) at episode 0, saving model...
11-26 00:59:02: New best reward: 35.0 (+25.0%) at episode 9, saving model...
11-26 00:59:02: New best reward: 38.0 (+8.6%) at episode 24, saving model...
11-26 00:59:02: New best reward: 39.0 (+2.6%) at episode 33, saving model...
11-26 00:59:02: New best reward: 67.0 (+71.8%) at episode 51, saving model...
11-26 00:59:02: New best reward: 73.0 (+9.0%) at episode 55, saving model...
11-26 00:59:03: New best reward: 78.0 (+6.8%) at episode 126, saving model...
11-26 00:59:03: New best reward: 84.0 (+7.7%) at episode 186, saving model...
11-26 00:59:03: New best reward: 103.0 (+22.6%) at episode 193, saving model...
11-26 00:59:05: New best reward: 159.0 (+54.4%) at episode 324, saving model...
11-26 00:59:07: New best reward: 180.0 (+13.2%) at episode 460, saving model...
11-26 00:59:09: New best reward: 200.0 (+11.1%) at episode 604, saving model...
11-26 01:08:09: Reached target after 6234 episodes with number of timesteps: 745586 and layer passes: 9344528.
11-26 01:08:09: Seed: 33636
11-26 01:08:09: Starting training with 16 layer(s)... (cartpole1-power2)
11-26 01:08:10: New best reward: 14.0 (-1500.0%) at episode 0, saving model...
11-26 01:08:10: New best reward: 41.0 (+192.9%) at episode 1, saving model...
11-26 01:08:10: New best reward: 68.0 (+65.9%) at episode 17, saving model...
11-26 01:08:10: New best reward: 73.0 (+7.4%) at episode 20, saving model...
11-26 01:08:11: New best reward: 98.0 (+34.2%) at episode 162, saving model...
11-26 01:08:12: New best reward: 108.0 (+10.2%) at episode 328, saving model...
11-26 01:08:13: New best reward: 111.0 (+2.8%) at episode 402, saving model...
11-26 01:08:14: New best reward: 155.0 (+39.6%) at episode 532, saving model...
11-26 01:08:17: New best reward: 181.0 (+16.8%) at episode 719, saving model...
11-26 01:08:17: New best reward: 185.0 (+2.2%) at episode 743, saving model...
11-26 01:08:21: New best reward: 200.0 (+8.1%) at episode 919, saving model...
11-26 01:17:33: Reached target after 6258 episodes with number of timesteps: 847424 and layer passes: 10634080.
11-26 01:17:33: Seed: 58677
11-26 01:17:33: Starting training with 16 layer(s)... (cartpole1-power2)
11-26 01:17:33: New best reward: 11.0 (-1200.0%) at episode 0, saving model...
11-26 01:17:33: New best reward: 51.0 (+363.6%) at episode 2, saving model...
11-26 01:17:33: New best reward: 66.0 (+29.4%) at episode 39, saving model...
11-26 01:17:34: New best reward: 77.0 (+16.7%) at episode 243, saving model...
11-26 01:17:35: New best reward: 106.0 (+37.7%) at episode 287, saving model...
11-26 01:17:35: New best reward: 152.0 (+43.4%) at episode 323, saving model...
11-26 01:17:38: New best reward: 162.0 (+6.6%) at episode 625, saving model...
11-26 01:17:38: New best reward: 165.0 (+1.9%) at episode 644, saving model...
11-26 01:17:39: New best reward: 200.0 (+21.2%) at episode 673, saving model...
11-26 01:19:50: Reached target after 2417 episodes with number of timesteps: 242963 and layer passes: 2080192.
11-26 01:19:50: Seed: 9029
11-26 01:19:50: Starting training with 16 layer(s)... (cartpole1-power2)
11-26 01:19:51: New best reward: 44.0 (-4500.0%) at episode 0, saving model...
11-26 01:19:51: New best reward: 47.0 (+6.8%) at episode 9, saving model...
11-26 01:19:51: New best reward: 53.0 (+12.8%) at episode 61, saving model...
11-26 01:19:51: New best reward: 55.0 (+3.8%) at episode 73, saving model...
11-26 01:19:51: New best reward: 64.0 (+16.4%) at episode 77, saving model...
11-26 01:19:51: New best reward: 77.0 (+20.3%) at episode 121, saving model...
11-26 01:19:51: New best reward: 93.0 (+20.8%) at episode 129, saving model...
11-26 01:19:53: New best reward: 115.0 (+23.7%) at episode 265, saving model...
11-26 01:19:54: New best reward: 123.0 (+7.0%) at episode 439, saving model...
11-26 01:19:56: New best reward: 130.0 (+5.7%) at episode 593, saving model...
11-26 01:19:57: New best reward: 187.0 (+43.8%) at episode 651, saving model...
11-26 01:20:06: New best reward: 200.0 (+7.0%) at episode 1070, saving model...
11-26 01:24:49: Reached target after 3920 episodes with number of timesteps: 397816 and layer passes: 4297072.
11-26 01:24:49: Seed: 4266
11-26 01:24:49: Starting training with 16 layer(s)... (cartpole1-power2)
11-26 01:24:49: New best reward: 13.0 (-1400.0%) at episode 0, saving model...
11-26 01:24:49: New best reward: 14.0 (+7.7%) at episode 1, saving model...
11-26 01:24:49: New best reward: 18.0 (+28.6%) at episode 2, saving model...
11-26 01:24:49: New best reward: 28.0 (+55.6%) at episode 3, saving model...
11-26 01:24:49: New best reward: 39.0 (+39.3%) at episode 16, saving model...
11-26 01:24:49: New best reward: 53.0 (+35.9%) at episode 62, saving model...
11-26 01:24:50: New best reward: 69.0 (+30.2%) at episode 132, saving model...
11-26 01:24:50: New best reward: 98.0 (+42.0%) at episode 192, saving model...
11-26 01:24:52: New best reward: 135.0 (+37.8%) at episode 409, saving model...
11-26 01:25:00: New best reward: 137.0 (+1.5%) at episode 919, saving model...
11-26 01:25:00: New best reward: 146.0 (+6.6%) at episode 944, saving model...
11-26 01:25:00: New best reward: 195.0 (+33.6%) at episode 960, saving model...
11-26 01:25:01: New best reward: 200.0 (+2.6%) at episode 1004, saving model...
11-26 01:28:12: Reached target after 2880 episodes with number of timesteps: 262048 and layer passes: 2486864.
11-26 01:28:12: Average duration: 499167.4 timesteps, Average layer passes: 5768547.2 (cartpole1-power2)
11-26 01:28:12: Seed: 31169
11-26 01:28:12: Starting training with 32 layer(s)... (cartpole1-power2)
11-26 01:28:12: New best reward: 19.0 (-2000.0%) at episode 0, saving model...
11-26 01:28:12: New best reward: 39.0 (+105.3%) at episode 2, saving model...
11-26 01:28:12: New best reward: 43.0 (+10.3%) at episode 6, saving model...
11-26 01:28:12: New best reward: 52.0 (+20.9%) at episode 16, saving model...
11-26 01:28:13: New best reward: 54.0 (+3.8%) at episode 25, saving model...
11-26 01:28:13: New best reward: 56.0 (+3.7%) at episode 43, saving model...
11-26 01:28:13: New best reward: 58.0 (+3.6%) at episode 49, saving model...
11-26 01:28:14: New best reward: 62.0 (+6.9%) at episode 141, saving model...
11-26 01:28:16: New best reward: 65.0 (+4.8%) at episode 246, saving model...
11-26 01:28:17: New best reward: 94.0 (+44.6%) at episode 322, saving model...
11-26 01:28:18: New best reward: 96.0 (+2.1%) at episode 342, saving model...
11-26 01:28:18: New best reward: 102.0 (+6.2%) at episode 385, saving model...
11-26 01:28:21: New best reward: 115.0 (+12.7%) at episode 499, saving model...
11-26 01:28:24: New best reward: 121.0 (+5.2%) at episode 618, saving model...
11-26 01:28:25: New best reward: 171.0 (+41.3%) at episode 643, saving model...
11-26 01:28:31: New best reward: 183.0 (+7.0%) at episode 859, saving model...
11-26 01:28:34: New best reward: 200.0 (+9.3%) at episode 940, saving model...
11-26 01:34:41: Reached target after 3167 episodes with number of timesteps: 316598 and layer passes: 6228736.
11-26 01:34:41: Seed: 76862
11-26 01:34:41: Starting training with 32 layer(s)... (cartpole1-power2)
11-26 01:34:41: New best reward: 18.0 (-1900.0%) at episode 0, saving model...
11-26 01:34:41: New best reward: 24.0 (+33.3%) at episode 1, saving model...
11-26 01:34:41: New best reward: 31.0 (+29.2%) at episode 5, saving model...
11-26 01:34:41: New best reward: 45.0 (+45.2%) at episode 10, saving model...
11-26 01:34:41: New best reward: 60.0 (+33.3%) at episode 24, saving model...
11-26 01:34:42: New best reward: 73.0 (+21.7%) at episode 29, saving model...
11-26 01:34:47: New best reward: 99.0 (+35.6%) at episode 336, saving model...
11-26 01:34:47: New best reward: 143.0 (+44.4%) at episode 356, saving model...
11-26 01:34:51: New best reward: 149.0 (+4.2%) at episode 515, saving model...
11-26 01:34:53: New best reward: 167.0 (+12.1%) at episode 560, saving model...
11-26 01:35:08: New best reward: 200.0 (+19.8%) at episode 1013, saving model...
11-26 01:39:09: Reached target after 2481 episodes with number of timesteps: 211021 and layer passes: 3709024.
11-26 01:39:09: Seed: 20535
11-26 01:39:09: Starting training with 32 layer(s)... (cartpole1-power2)
11-26 01:39:09: New best reward: 22.0 (-2300.0%) at episode 0, saving model...
11-26 01:39:09: New best reward: 23.0 (+4.5%) at episode 6, saving model...
11-26 01:39:09: New best reward: 26.0 (+13.0%) at episode 9, saving model...
11-26 01:39:09: New best reward: 51.0 (+96.2%) at episode 10, saving model...
11-26 01:39:10: New best reward: 66.0 (+29.4%) at episode 70, saving model...
11-26 01:39:12: New best reward: 92.0 (+39.4%) at episode 174, saving model...
11-26 01:39:14: New best reward: 100.0 (+8.7%) at episode 298, saving model...
11-26 01:39:14: New best reward: 112.0 (+12.0%) at episode 332, saving model...
11-26 01:39:17: New best reward: 117.0 (+4.5%) at episode 492, saving model...
11-26 01:39:21: New best reward: 197.0 (+68.4%) at episode 670, saving model...
11-26 01:39:26: New best reward: 200.0 (+1.5%) at episode 811, saving model...
11-26 01:44:44: Reached target after 3063 episodes with number of timesteps: 307433 and layer passes: 6036960.
11-26 01:44:45: Seed: 89588
11-26 01:44:45: Starting training with 32 layer(s)... (cartpole1-power2)
11-26 01:44:45: New best reward: 32.0 (-3300.0%) at episode 0, saving model...
11-26 01:44:45: New best reward: 37.0 (+15.6%) at episode 1, saving model...
11-26 01:44:45: New best reward: 49.0 (+32.4%) at episode 5, saving model...
11-26 01:44:45: New best reward: 54.0 (+10.2%) at episode 7, saving model...
11-26 01:44:45: New best reward: 59.0 (+9.3%) at episode 15, saving model...
11-26 01:44:46: New best reward: 69.0 (+16.9%) at episode 93, saving model...
11-26 01:44:48: New best reward: 79.0 (+14.5%) at episode 206, saving model...
11-26 01:44:49: New best reward: 95.0 (+20.3%) at episode 268, saving model...
11-26 01:44:52: New best reward: 104.0 (+9.5%) at episode 452, saving model...
11-26 01:44:57: New best reward: 149.0 (+43.3%) at episode 648, saving model...
11-26 01:44:57: New best reward: 150.0 (+0.7%) at episode 650, saving model...
11-26 01:44:58: New best reward: 173.0 (+15.3%) at episode 687, saving model...
11-26 01:45:07: New best reward: 191.0 (+10.4%) at episode 941, saving model...
11-26 01:45:07: New best reward: 200.0 (+4.7%) at episode 943, saving model...
11-26 02:02:21: Reached target after 6419 episodes with number of timesteps: 813872 and layer passes: 20712192.
11-26 02:02:21: Seed: 50645
11-26 02:02:21: Starting training with 32 layer(s)... (cartpole1-power2)
11-26 02:02:21: New best reward: 24.0 (-2500.0%) at episode 0, saving model...
11-26 02:02:21: New best reward: 55.0 (+129.2%) at episode 1, saving model...
11-26 02:02:21: New best reward: 75.0 (+36.4%) at episode 37, saving model...
11-26 02:02:23: New best reward: 90.0 (+20.0%) at episode 194, saving model...
11-26 02:02:24: New best reward: 122.0 (+35.6%) at episode 258, saving model...
11-26 02:02:27: New best reward: 151.0 (+23.8%) at episode 452, saving model...
11-26 02:02:28: New best reward: 153.0 (+1.3%) at episode 535, saving model...
11-26 02:02:30: New best reward: 154.0 (+0.7%) at episode 633, saving model...
11-26 02:02:31: New best reward: 160.0 (+3.9%) at episode 658, saving model...
11-26 02:02:32: New best reward: 172.0 (+7.5%) at episode 704, saving model...
11-26 02:02:44: New best reward: 182.0 (+5.8%) at episode 1095, saving model...
11-26 02:02:45: New best reward: 200.0 (+9.9%) at episode 1118, saving model...
11-26 02:13:29: Reached target after 4714 episodes with number of timesteps: 596240 and layer passes: 13876928.
11-26 02:13:29: Average duration: 449032.8 timesteps, Average layer passes: 10112768.0 (cartpole1-power2)
11-26 02:13:30: Seed: 28159
11-26 02:13:30: Starting training with 64 layer(s)... (cartpole1-power2)
11-26 02:13:30: New best reward: 12.0 (-1300.0%) at episode 0, saving model...
11-26 02:13:30: New best reward: 35.0 (+191.7%) at episode 1, saving model...
11-26 02:13:30: New best reward: 37.0 (+5.7%) at episode 5, saving model...
11-26 02:13:30: New best reward: 38.0 (+2.7%) at episode 11, saving model...
11-26 02:13:30: New best reward: 39.0 (+2.6%) at episode 17, saving model...
11-26 02:13:30: New best reward: 45.0 (+15.4%) at episode 32, saving model...
11-26 02:13:31: New best reward: 51.0 (+13.3%) at episode 41, saving model...
11-26 02:13:31: New best reward: 61.0 (+19.6%) at episode 58, saving model...
11-26 02:13:34: New best reward: 104.0 (+70.5%) at episode 156, saving model...
11-26 02:13:47: New best reward: 127.0 (+22.1%) at episode 571, saving model...
11-26 02:13:54: New best reward: 147.0 (+15.7%) at episode 707, saving model...
11-26 02:14:04: New best reward: 156.0 (+6.1%) at episode 888, saving model...
11-26 02:14:17: New best reward: 182.0 (+16.7%) at episode 1063, saving model...
11-26 02:14:52: New best reward: 200.0 (+9.9%) at episode 1504, saving model...
11-26 02:29:52: Reached target after 4291 episodes with number of timesteps: 439715 and layer passes: 20058432.
11-26 02:29:52: Seed: 61377
11-26 02:29:52: Starting training with 64 layer(s)... (cartpole1-power2)
11-26 02:29:52: New best reward: 19.0 (-2000.0%) at episode 0, saving model...
11-26 02:29:52: New best reward: 52.0 (+173.7%) at episode 2, saving model...
11-26 02:29:53: New best reward: 78.0 (+50.0%) at episode 40, saving model...
11-26 02:29:56: New best reward: 86.0 (+10.3%) at episode 127, saving model...
11-26 02:29:59: New best reward: 113.0 (+31.4%) at episode 255, saving model...
11-26 02:30:06: New best reward: 123.0 (+8.8%) at episode 404, saving model...
11-26 02:30:16: New best reward: 128.0 (+4.1%) at episode 609, saving model...
11-26 02:30:21: New best reward: 129.0 (+0.8%) at episode 704, saving model...
11-26 02:30:26: New best reward: 136.0 (+5.4%) at episode 769, saving model...
11-26 02:30:33: New best reward: 148.0 (+8.8%) at episode 860, saving model...
11-26 02:30:33: New best reward: 149.0 (+0.7%) at episode 862, saving model...
11-26 02:30:39: New best reward: 200.0 (+34.2%) at episode 940, saving model...
11-26 02:49:29: Reached target after 4080 episodes with number of timesteps: 499576 and layer passes: 22181056.
11-26 02:49:30: Seed: 58453
11-26 02:49:30: Starting training with 64 layer(s)... (cartpole1-power2)
11-26 02:49:30: New best reward: 22.0 (-2300.0%) at episode 0, saving model...
11-26 02:49:30: New best reward: 30.0 (+36.4%) at episode 2, saving model...
11-26 02:49:30: New best reward: 54.0 (+80.0%) at episode 4, saving model...
11-26 02:49:30: New best reward: 63.0 (+16.7%) at episode 16, saving model...
11-26 02:49:31: New best reward: 74.0 (+17.5%) at episode 45, saving model...
11-26 02:49:32: New best reward: 76.0 (+2.7%) at episode 90, saving model...
11-26 02:49:33: New best reward: 87.0 (+14.5%) at episode 116, saving model...
11-26 02:49:39: New best reward: 93.0 (+6.9%) at episode 298, saving model...
11-26 02:49:45: New best reward: 104.0 (+11.8%) at episode 430, saving model...
11-26 02:49:46: New best reward: 130.0 (+25.0%) at episode 451, saving model...
11-26 02:49:58: New best reward: 148.0 (+13.8%) at episode 705, saving model...
11-26 02:49:59: New best reward: 178.0 (+20.3%) at episode 714, saving model...
11-26 02:50:09: New best reward: 184.0 (+3.4%) at episode 871, saving model...
11-26 02:50:16: New best reward: 187.0 (+1.6%) at episode 956, saving model...
11-26 02:50:39: New best reward: 200.0 (+7.0%) at episode 1230, saving model...
11-26 03:03:37: Reached target after 3548 episodes with number of timesteps: 360612 and layer passes: 15230272.
11-26 03:03:37: Seed: 50818
11-26 03:03:37: Starting training with 64 layer(s)... (cartpole1-power2)
11-26 03:03:37: New best reward: 20.0 (-2100.0%) at episode 0, saving model...
11-26 03:03:37: New best reward: 55.0 (+175.0%) at episode 1, saving model...
11-26 03:03:38: New best reward: 56.0 (+1.8%) at episode 48, saving model...
11-26 03:03:38: New best reward: 59.0 (+5.4%) at episode 52, saving model...
11-26 03:03:39: New best reward: 61.0 (+3.4%) at episode 60, saving model...
11-26 03:03:40: New best reward: 69.0 (+13.1%) at episode 100, saving model...
11-26 03:03:45: New best reward: 91.0 (+31.9%) at episode 274, saving model...
11-26 03:03:49: New best reward: 97.0 (+6.6%) at episode 361, saving model...
11-26 03:03:52: New best reward: 120.0 (+23.7%) at episode 420, saving model...
11-26 03:04:06: New best reward: 139.0 (+15.8%) at episode 708, saving model...
11-26 03:04:10: New best reward: 148.0 (+6.5%) at episode 773, saving model...
11-26 03:04:32: New best reward: 200.0 (+35.1%) at episode 1013, saving model...
11-26 03:16:26: Reached target after 3026 episodes with number of timesteps: 319878 and layer passes: 12568576.
11-26 03:16:26: Seed: 62831
11-26 03:16:26: Starting training with 64 layer(s)... (cartpole1-power2)
11-26 03:16:26: New best reward: 28.0 (-2900.0%) at episode 0, saving model...
11-26 03:16:26: New best reward: 58.0 (+107.1%) at episode 6, saving model...
11-26 03:16:27: New best reward: 97.0 (+67.2%) at episode 44, saving model...
11-26 03:16:32: New best reward: 109.0 (+12.4%) at episode 201, saving model...
11-26 03:16:43: New best reward: 136.0 (+24.8%) at episode 512, saving model...
11-26 03:16:46: New best reward: 149.0 (+9.6%) at episode 595, saving model...
11-26 03:17:02: New best reward: 172.0 (+15.4%) at episode 861, saving model...
11-26 03:17:05: New best reward: 200.0 (+16.3%) at episode 908, saving model...
11-26 03:51:16: Reached target after 6158 episodes with number of timesteps: 766868 and layer passes: 38686976.
11-26 03:51:16: Average duration: 477329.8 timesteps, Average layer passes: 21745062.4 (cartpole1-power2)
11-26 03:51:17: Seed: 252
11-26 03:51:17: Starting training with 128 layer(s)... (cartpole1-power2)
11-26 03:51:17: New best reward: 21.0 (-2200.0%) at episode 0, saving model...
11-26 03:51:17: New best reward: 50.0 (+138.1%) at episode 3, saving model...
11-26 03:51:20: New best reward: 63.0 (+26.0%) at episode 60, saving model...
11-26 03:51:24: New best reward: 77.0 (+22.2%) at episode 142, saving model...
11-26 03:52:25: New best reward: 110.0 (+42.9%) at episode 890, saving model...
11-26 03:53:03: New best reward: 172.0 (+56.4%) at episode 1188, saving model...
11-26 03:53:13: New best reward: 200.0 (+16.3%) at episode 1245, saving model...
11-26 04:47:11: Reached target after 5576 episodes with number of timesteps: 598064 and layer passes: 59985024.
11-26 04:47:11: Seed: 56966
11-26 04:47:11: Starting training with 128 layer(s)... (cartpole1-power2)
11-26 04:47:11: New best reward: 14.0 (-1500.0%) at episode 0, saving model...
11-26 04:47:11: New best reward: 17.0 (+21.4%) at episode 3, saving model...
11-26 04:47:11: New best reward: 29.0 (+70.6%) at episode 4, saving model...
11-26 04:47:11: New best reward: 45.0 (+55.2%) at episode 7, saving model...
11-26 04:47:12: New best reward: 61.0 (+35.6%) at episode 15, saving model...
11-26 04:47:12: New best reward: 71.0 (+16.4%) at episode 23, saving model...
11-26 04:47:14: New best reward: 90.0 (+26.8%) at episode 52, saving model...
11-26 04:47:19: New best reward: 105.0 (+16.7%) at episode 141, saving model...
11-26 04:47:50: New best reward: 110.0 (+4.8%) at episode 550, saving model...
11-26 04:47:55: New best reward: 128.0 (+16.4%) at episode 589, saving model...
11-26 04:48:26: New best reward: 137.0 (+7.0%) at episode 888, saving model...
11-26 04:48:37: New best reward: 147.0 (+7.3%) at episode 958, saving model...
11-26 04:48:40: New best reward: 173.0 (+17.7%) at episode 973, saving model...
11-26 04:49:23: New best reward: 200.0 (+15.6%) at episode 1251, saving model...
11-26 05:05:24: Reached target after 3357 episodes with number of timesteps: 243077 and layer passes: 20289792.
11-26 05:05:24: Seed: 76153
11-26 05:05:24: Starting training with 128 layer(s)... (cartpole1-power2)
11-26 05:05:24: New best reward: 46.0 (-4700.0%) at episode 0, saving model...
11-26 05:05:25: New best reward: 47.0 (+2.2%) at episode 10, saving model...
11-26 05:05:28: New best reward: 60.0 (+27.7%) at episode 60, saving model...
11-26 05:05:38: New best reward: 71.0 (+18.3%) at episode 229, saving model...
11-26 05:05:42: New best reward: 75.0 (+5.6%) at episode 284, saving model...
11-26 05:05:44: New best reward: 78.0 (+4.0%) at episode 315, saving model...
11-26 05:05:49: New best reward: 87.0 (+11.5%) at episode 381, saving model...
11-26 05:05:50: New best reward: 90.0 (+3.4%) at episode 386, saving model...
11-26 05:06:08: New best reward: 105.0 (+16.7%) at episode 610, saving model...
11-26 05:06:21: New best reward: 150.0 (+42.9%) at episode 729, saving model...
11-26 05:06:39: New best reward: 151.0 (+0.7%) at episode 878, saving model...
11-26 05:07:19: New best reward: 178.0 (+17.9%) at episode 1117, saving model...
11-26 05:07:47: New best reward: 200.0 (+12.4%) at episode 1290, saving model...
11-26 05:27:41: Reached target after 4352 episodes with number of timesteps: 225178 and layer passes: 19962624.
11-26 05:27:42: Seed: 9508
11-26 05:27:42: Starting training with 128 layer(s)... (cartpole1-power2)
11-26 05:27:42: New best reward: 22.0 (-2300.0%) at episode 0, saving model...
11-26 05:27:42: New best reward: 42.0 (+90.9%) at episode 10, saving model...
11-26 05:27:44: New best reward: 57.0 (+35.7%) at episode 41, saving model...
11-26 05:27:44: New best reward: 71.0 (+24.6%) at episode 54, saving model...
11-26 05:27:55: New best reward: 107.0 (+50.7%) at episode 230, saving model...
11-26 05:28:10: New best reward: 110.0 (+2.8%) at episode 422, saving model...
11-26 05:28:41: New best reward: 137.0 (+24.5%) at episode 761, saving model...
11-26 05:29:14: New best reward: 154.0 (+12.4%) at episode 1032, saving model...
11-26 05:29:47: New best reward: 161.0 (+4.5%) at episode 1235, saving model...
11-26 05:29:52: New best reward: 166.0 (+3.1%) at episode 1265, saving model...
11-26 05:30:16: New best reward: 200.0 (+20.5%) at episode 1391, saving model...
11-26 06:16:59: Reached target after 5386 episodes with number of timesteps: 585844 and layer passes: 58171648.
11-26 06:16:59: Seed: 72499
11-26 06:16:59: Starting training with 128 layer(s)... (cartpole1-power2)
11-26 06:16:59: New best reward: 10.0 (-1100.0%) at episode 0, saving model...
11-26 06:16:59: New best reward: 27.0 (+170.0%) at episode 1, saving model...
11-26 06:16:59: New best reward: 73.0 (+170.4%) at episode 4, saving model...
11-26 06:17:10: New best reward: 86.0 (+17.8%) at episode 171, saving model...
11-26 06:17:20: New best reward: 129.0 (+50.0%) at episode 308, saving model...
11-26 06:18:02: New best reward: 155.0 (+20.2%) at episode 720, saving model...
11-26 06:18:14: New best reward: 200.0 (+29.0%) at episode 810, saving model...
11-26 07:51:58: Reached target after 3899 episodes with number of timesteps: 317043 and layer passes: 27953664.
11-26 07:51:58: Average duration: 393841.2 timesteps, Average layer passes: 37272550.4 (cartpole1-power2)
