11-24 22:46:21: Seed: 58337
11-24 22:46:21: Starting training with 8 layer(s)... (cartpole1-linear16)
11-24 22:46:23: New best reward: 16.0 (-1700.0%) at episode 0, saving model...
11-24 22:46:23: New best reward: 54.0 (+237.5%) at episode 1, saving model...
11-24 22:46:23: New best reward: 59.0 (+9.3%) at episode 27, saving model...
11-24 22:46:24: New best reward: 68.0 (+15.3%) at episode 73, saving model...
11-24 22:46:24: New best reward: 96.0 (+41.2%) at episode 100, saving model...
11-24 22:46:24: New best reward: 121.0 (+26.0%) at episode 118, saving model...
11-24 22:46:28: New best reward: 127.0 (+5.0%) at episode 333, saving model...
11-24 22:46:29: New best reward: 169.0 (+33.1%) at episode 421, saving model...
11-24 22:46:34: New best reward: 170.0 (+0.6%) at episode 630, saving model...
11-24 22:46:36: New best reward: 181.0 (+6.5%) at episode 716, saving model...
11-24 22:46:40: New best reward: 193.0 (+6.6%) at episode 837, saving model...
11-24 22:46:41: New best reward: 200.0 (+3.6%) at episode 870, saving model...
11-24 22:53:22: Reached target after 3558 episodes with number of timesteps: 405749 and layer passes: 2106680.
11-24 22:53:23: Seed: 73692
11-24 22:53:23: Starting training with 8 layer(s)... (cartpole1-linear16)
11-24 22:53:23: New best reward: 12.0 (-1300.0%) at episode 0, saving model...
11-24 22:53:23: New best reward: 14.0 (+16.7%) at episode 1, saving model...
11-24 22:53:23: New best reward: 34.0 (+142.9%) at episode 2, saving model...
11-24 22:53:23: New best reward: 72.0 (+111.8%) at episode 9, saving model...
11-24 22:53:23: New best reward: 84.0 (+16.7%) at episode 38, saving model...
11-24 22:53:26: New best reward: 94.0 (+11.9%) at episode 290, saving model...
11-24 22:53:31: New best reward: 123.0 (+30.9%) at episode 529, saving model...
11-24 22:53:31: New best reward: 129.0 (+4.9%) at episode 570, saving model...
11-24 22:53:32: New best reward: 148.0 (+14.7%) at episode 603, saving model...
11-24 22:53:39: New best reward: 149.0 (+0.7%) at episode 840, saving model...
11-24 22:53:41: New best reward: 169.0 (+13.4%) at episode 875, saving model...
11-24 22:53:42: New best reward: 200.0 (+18.3%) at episode 909, saving model...
11-24 22:57:34: Reached target after 2669 episodes with number of timesteps: 280278 and layer passes: 1267744.
11-24 22:57:34: Seed: 26190
11-24 22:57:34: Starting training with 8 layer(s)... (cartpole1-linear16)
11-24 22:57:34: New best reward: 19.0 (-2000.0%) at episode 0, saving model...
11-24 22:57:34: New best reward: 33.0 (+73.7%) at episode 1, saving model...
11-24 22:57:34: New best reward: 42.0 (+27.3%) at episode 7, saving model...
11-24 22:57:34: New best reward: 63.0 (+50.0%) at episode 33, saving model...
11-24 22:57:35: New best reward: 67.0 (+6.3%) at episode 124, saving model...
11-24 22:57:37: New best reward: 106.0 (+58.2%) at episode 217, saving model...
11-24 22:57:41: New best reward: 107.0 (+0.9%) at episode 482, saving model...
11-24 22:57:42: New best reward: 127.0 (+18.7%) at episode 556, saving model...
11-24 22:57:45: New best reward: 146.0 (+15.0%) at episode 626, saving model...
11-24 22:57:46: New best reward: 184.0 (+26.0%) at episode 659, saving model...
11-24 22:57:46: New best reward: 200.0 (+8.7%) at episode 673, saving model...
11-24 23:01:17: Reached target after 2575 episodes with number of timesteps: 259508 and layer passes: 1152504.
11-24 23:01:17: Seed: 97440
11-24 23:01:17: Starting training with 8 layer(s)... (cartpole1-linear16)
11-24 23:01:17: New best reward: 42.0 (-4300.0%) at episode 0, saving model...
11-24 23:01:18: New best reward: 65.0 (+54.8%) at episode 30, saving model...
11-24 23:01:18: New best reward: 67.0 (+3.1%) at episode 52, saving model...
11-24 23:01:19: New best reward: 120.0 (+79.1%) at episode 130, saving model...
11-24 23:01:24: New best reward: 124.0 (+3.3%) at episode 458, saving model...
11-24 23:01:27: New best reward: 133.0 (+7.3%) at episode 587, saving model...
11-24 23:01:29: New best reward: 156.0 (+17.3%) at episode 639, saving model...
11-24 23:01:31: New best reward: 160.0 (+2.6%) at episode 677, saving model...
11-24 23:01:32: New best reward: 173.0 (+8.1%) at episode 718, saving model...
11-24 23:01:33: New best reward: 189.0 (+9.2%) at episode 752, saving model...
11-24 23:01:41: New best reward: 200.0 (+5.8%) at episode 961, saving model...
11-24 23:26:36: Reached target after 9611 episodes with number of timesteps: 1203642 and layer passes: 8039840.
11-24 23:26:36: Seed: 42961
11-24 23:26:36: Starting training with 8 layer(s)... (cartpole1-linear16)
11-24 23:26:36: New best reward: 10.0 (-1100.0%) at episode 0, saving model...
11-24 23:26:36: New best reward: 30.0 (+200.0%) at episode 1, saving model...
11-24 23:26:36: New best reward: 37.0 (+23.3%) at episode 7, saving model...
11-24 23:26:36: New best reward: 43.0 (+16.2%) at episode 23, saving model...
11-24 23:26:36: New best reward: 49.0 (+14.0%) at episode 25, saving model...
11-24 23:26:36: New best reward: 69.0 (+40.8%) at episode 42, saving model...
11-24 23:26:37: New best reward: 87.0 (+26.1%) at episode 61, saving model...
11-24 23:26:37: New best reward: 102.0 (+17.2%) at episode 87, saving model...
11-24 23:26:39: New best reward: 129.0 (+26.5%) at episode 268, saving model...
11-24 23:26:43: New best reward: 136.0 (+5.4%) at episode 456, saving model...
11-24 23:26:44: New best reward: 140.0 (+2.9%) at episode 511, saving model...
11-24 23:26:51: New best reward: 152.0 (+8.6%) at episode 756, saving model...
11-24 23:26:53: New best reward: 153.0 (+0.7%) at episode 841, saving model...
11-24 23:26:55: New best reward: 181.0 (+18.3%) at episode 870, saving model...
11-24 23:27:01: New best reward: 200.0 (+10.5%) at episode 1027, saving model...
11-24 23:41:15: Reached target after 5138 episodes with number of timesteps: 723420 and layer passes: 4298488.
11-24 23:41:15: Average duration: 574519.4 timesteps, Average layer passes: 3373051.2 (cartpole1-linear16)
11-24 23:41:15: Seed: 64874
11-24 23:41:15: Starting training with 9 layer(s)... (cartpole1-linear16)
11-24 23:41:15: New best reward: 36.0 (-3700.0%) at episode 0, saving model...
11-24 23:41:15: New best reward: 61.0 (+69.4%) at episode 4, saving model...
11-24 23:41:17: New best reward: 64.0 (+4.9%) at episode 79, saving model...
11-24 23:41:17: New best reward: 131.0 (+104.7%) at episode 113, saving model...
11-24 23:41:25: New best reward: 135.0 (+3.1%) at episode 556, saving model...
11-24 23:41:27: New best reward: 200.0 (+48.1%) at episode 592, saving model...
11-24 23:44:56: Reached target after 2409 episodes with number of timesteps: 224549 and layer passes: 1077768.
11-24 23:44:56: Seed: 72826
11-24 23:44:56: Starting training with 9 layer(s)... (cartpole1-linear16)
11-24 23:44:56: New best reward: 32.0 (-3300.0%) at episode 0, saving model...
11-24 23:44:56: New best reward: 41.0 (+28.1%) at episode 19, saving model...
11-24 23:44:57: New best reward: 56.0 (+36.6%) at episode 40, saving model...
11-24 23:44:58: New best reward: 67.0 (+19.6%) at episode 102, saving model...
11-24 23:45:00: New best reward: 77.0 (+14.9%) at episode 259, saving model...
11-24 23:45:02: New best reward: 102.0 (+32.5%) at episode 360, saving model...
11-24 23:45:04: New best reward: 159.0 (+55.9%) at episode 409, saving model...
11-24 23:45:11: New best reward: 160.0 (+0.6%) at episode 625, saving model...
11-24 23:45:12: New best reward: 171.0 (+6.9%) at episode 666, saving model...
11-24 23:45:21: New best reward: 200.0 (+17.0%) at episode 869, saving model...
11-24 23:58:50: Reached target after 4662 episodes with number of timesteps: 643064 and layer passes: 4143267.
11-24 23:58:51: Seed: 84522
11-24 23:58:51: Starting training with 9 layer(s)... (cartpole1-linear16)
11-24 23:58:51: New best reward: 23.0 (-2400.0%) at episode 0, saving model...
11-24 23:58:51: New best reward: 30.0 (+30.4%) at episode 6, saving model...
11-24 23:58:51: New best reward: 32.0 (+6.7%) at episode 8, saving model...
11-24 23:58:51: New best reward: 50.0 (+56.2%) at episode 15, saving model...
11-24 23:58:53: New best reward: 58.0 (+16.0%) at episode 141, saving model...
11-24 23:58:53: New best reward: 85.0 (+46.6%) at episode 182, saving model...
11-24 23:58:54: New best reward: 103.0 (+21.2%) at episode 237, saving model...
11-24 23:58:57: New best reward: 111.0 (+7.8%) at episode 433, saving model...
11-24 23:58:58: New best reward: 146.0 (+31.5%) at episode 476, saving model...
11-24 23:59:01: New best reward: 165.0 (+13.0%) at episode 591, saving model...
11-24 23:59:03: New best reward: 171.0 (+3.6%) at episode 655, saving model...
11-24 23:59:06: New best reward: 200.0 (+17.0%) at episode 749, saving model...
11-25 00:02:22: Reached target after 2390 episodes with number of timesteps: 215316 and layer passes: 1039248.
11-25 00:02:23: Seed: 41258
11-25 00:02:23: Starting training with 9 layer(s)... (cartpole1-linear16)
11-25 00:02:23: New best reward: 48.0 (-4900.0%) at episode 0, saving model...
11-25 00:02:23: New best reward: 58.0 (+20.8%) at episode 3, saving model...
11-25 00:02:23: New best reward: 95.0 (+63.8%) at episode 42, saving model...
11-25 00:02:29: New best reward: 102.0 (+7.4%) at episode 400, saving model...
11-25 00:02:31: New best reward: 119.0 (+16.7%) at episode 531, saving model...
11-25 00:02:36: New best reward: 120.0 (+0.8%) at episode 692, saving model...
11-25 00:02:36: New best reward: 154.0 (+28.3%) at episode 704, saving model...
11-25 00:02:38: New best reward: 172.0 (+11.7%) at episode 768, saving model...
11-25 00:02:41: New best reward: 179.0 (+4.1%) at episode 842, saving model...
11-25 00:02:42: New best reward: 199.0 (+11.2%) at episode 868, saving model...
11-25 00:02:47: New best reward: 200.0 (+0.5%) at episode 986, saving model...
11-25 00:07:11: Reached target after 2787 episodes with number of timesteps: 299672 and layer passes: 1568664.
11-25 00:07:11: Seed: 26851
11-25 00:07:11: Starting training with 9 layer(s)... (cartpole1-linear16)
11-25 00:07:11: New best reward: 49.0 (-5000.0%) at episode 0, saving model...
11-25 00:07:11: New best reward: 56.0 (+14.3%) at episode 30, saving model...
11-25 00:07:12: New best reward: 58.0 (+3.6%) at episode 32, saving model...
11-25 00:07:12: New best reward: 62.0 (+6.9%) at episode 74, saving model...
11-25 00:07:12: New best reward: 76.0 (+22.6%) at episode 105, saving model...
11-25 00:07:15: New best reward: 83.0 (+9.2%) at episode 283, saving model...
11-25 00:07:15: New best reward: 90.0 (+8.4%) at episode 319, saving model...
11-25 00:07:16: New best reward: 128.0 (+42.2%) at episode 367, saving model...
11-25 00:07:21: New best reward: 155.0 (+21.1%) at episode 597, saving model...
11-25 00:07:22: New best reward: 156.0 (+0.6%) at episode 645, saving model...
11-25 00:07:26: New best reward: 165.0 (+5.8%) at episode 777, saving model...
11-25 00:07:30: New best reward: 168.0 (+1.8%) at episode 913, saving model...
11-25 00:07:31: New best reward: 181.0 (+7.7%) at episode 927, saving model...
11-25 00:07:32: New best reward: 200.0 (+10.5%) at episode 945, saving model...
11-25 00:27:42: Reached target after 7430 episodes with number of timesteps: 967530 and layer passes: 7140204.
11-25 00:27:42: Average duration: 470026.2 timesteps, Average layer passes: 2993830.2 (cartpole1-linear16)
11-25 00:27:42: Seed: 29348
11-25 00:27:42: Starting training with 10 layer(s)... (cartpole1-linear16)
11-25 00:27:42: New best reward: 13.0 (-1400.0%) at episode 0, saving model...
11-25 00:27:42: New best reward: 16.0 (+23.1%) at episode 1, saving model...
11-25 00:27:42: New best reward: 27.0 (+68.8%) at episode 2, saving model...
11-25 00:27:42: New best reward: 59.0 (+118.5%) at episode 3, saving model...
11-25 00:27:44: New best reward: 73.0 (+23.7%) at episode 93, saving model...
11-25 00:27:44: New best reward: 123.0 (+68.5%) at episode 126, saving model...
11-25 00:27:45: New best reward: 126.0 (+2.4%) at episode 211, saving model...
11-25 00:27:51: New best reward: 131.0 (+4.0%) at episode 539, saving model...
11-25 00:27:54: New best reward: 136.0 (+3.8%) at episode 625, saving model...
11-25 00:27:54: New best reward: 148.0 (+8.8%) at episode 629, saving model...
11-25 00:27:56: New best reward: 158.0 (+6.8%) at episode 697, saving model...
11-25 00:27:59: New best reward: 192.0 (+21.5%) at episode 766, saving model...
11-25 00:28:00: New best reward: 200.0 (+4.2%) at episode 797, saving model...
11-25 00:32:47: Reached target after 2778 episodes with number of timesteps: 295781 and layer passes: 1699040.
11-25 00:32:47: Seed: 84555
11-25 00:32:47: Starting training with 10 layer(s)... (cartpole1-linear16)
11-25 00:32:47: New best reward: 24.0 (-2500.0%) at episode 0, saving model...
11-25 00:32:47: New best reward: 28.0 (+16.7%) at episode 5, saving model...
11-25 00:32:48: New best reward: 34.0 (+21.4%) at episode 22, saving model...
11-25 00:32:48: New best reward: 38.0 (+11.8%) at episode 27, saving model...
11-25 00:32:48: New best reward: 56.0 (+47.4%) at episode 40, saving model...
11-25 00:32:49: New best reward: 59.0 (+5.4%) at episode 151, saving model...
11-25 00:32:50: New best reward: 69.0 (+16.9%) at episode 213, saving model...
11-25 00:32:51: New best reward: 99.0 (+43.5%) at episode 267, saving model...
11-25 00:32:52: New best reward: 101.0 (+2.0%) at episode 323, saving model...
11-25 00:32:53: New best reward: 109.0 (+7.9%) at episode 342, saving model...
11-25 00:32:55: New best reward: 111.0 (+1.8%) at episode 436, saving model...
11-25 00:32:55: New best reward: 144.0 (+29.7%) at episode 459, saving model...
11-25 00:33:00: New best reward: 188.0 (+30.6%) at episode 602, saving model...
11-25 00:33:10: New best reward: 196.0 (+4.3%) at episode 895, saving model...
11-25 00:33:17: New best reward: 199.0 (+1.5%) at episode 1038, saving model...
11-25 00:33:18: New best reward: 200.0 (+0.5%) at episode 1055, saving model...
11-25 00:39:18: Reached target after 3208 episodes with number of timesteps: 352171 and layer passes: 2177590.
11-25 00:39:19: Seed: 87821
11-25 00:39:19: Starting training with 10 layer(s)... (cartpole1-linear16)
11-25 00:39:19: New best reward: 19.0 (-2000.0%) at episode 0, saving model...
11-25 00:39:19: New best reward: 23.0 (+21.1%) at episode 1, saving model...
11-25 00:39:19: New best reward: 32.0 (+39.1%) at episode 2, saving model...
11-25 00:39:19: New best reward: 40.0 (+25.0%) at episode 8, saving model...
11-25 00:39:19: New best reward: 41.0 (+2.5%) at episode 10, saving model...
11-25 00:39:19: New best reward: 50.0 (+22.0%) at episode 41, saving model...
11-25 00:39:19: New best reward: 56.0 (+12.0%) at episode 56, saving model...
11-25 00:39:21: New best reward: 62.0 (+10.7%) at episode 189, saving model...
11-25 00:39:21: New best reward: 84.0 (+35.5%) at episode 192, saving model...
11-25 00:39:25: New best reward: 97.0 (+15.5%) at episode 442, saving model...
11-25 00:39:26: New best reward: 99.0 (+2.1%) at episode 468, saving model...
11-25 00:39:27: New best reward: 125.0 (+26.3%) at episode 520, saving model...
11-25 00:39:27: New best reward: 134.0 (+7.2%) at episode 532, saving model...
11-25 00:39:30: New best reward: 161.0 (+20.1%) at episode 617, saving model...
11-25 00:39:36: New best reward: 195.0 (+21.1%) at episode 804, saving model...
11-25 00:39:38: New best reward: 200.0 (+2.6%) at episode 841, saving model...
11-25 00:44:53: Reached target after 3032 episodes with number of timesteps: 303633 and layer passes: 1821510.
11-25 00:44:54: Seed: 16489
11-25 00:44:54: Starting training with 10 layer(s)... (cartpole1-linear16)
11-25 00:44:54: New best reward: 31.0 (-3200.0%) at episode 0, saving model...
11-25 00:44:54: New best reward: 44.0 (+41.9%) at episode 1, saving model...
11-25 00:44:54: New best reward: 45.0 (+2.3%) at episode 12, saving model...
11-25 00:44:54: New best reward: 59.0 (+31.1%) at episode 13, saving model...
11-25 00:44:57: New best reward: 96.0 (+62.7%) at episode 250, saving model...
11-25 00:44:59: New best reward: 114.0 (+18.8%) at episode 334, saving model...
11-25 00:45:04: New best reward: 121.0 (+6.1%) at episode 562, saving model...
11-25 00:45:06: New best reward: 180.0 (+48.8%) at episode 620, saving model...
11-25 00:45:09: New best reward: 200.0 (+11.1%) at episode 723, saving model...
11-25 00:49:30: Reached target after 2551 episodes with number of timesteps: 251660 and layer passes: 1380440.
11-25 00:49:30: Seed: 5666
11-25 00:49:30: Starting training with 10 layer(s)... (cartpole1-linear16)
11-25 00:49:30: New best reward: 51.0 (-5200.0%) at episode 0, saving model...
11-25 00:49:31: New best reward: 67.0 (+31.4%) at episode 23, saving model...
11-25 00:49:31: New best reward: 90.0 (+34.3%) at episode 55, saving model...
11-25 00:49:34: New best reward: 101.0 (+12.2%) at episode 228, saving model...
11-25 00:49:38: New best reward: 129.0 (+27.7%) at episode 383, saving model...
11-25 00:49:39: New best reward: 137.0 (+6.2%) at episode 450, saving model...
11-25 00:49:48: New best reward: 174.0 (+27.0%) at episode 686, saving model...
11-25 00:49:52: New best reward: 200.0 (+14.9%) at episode 770, saving model...
11-25 00:54:38: Reached target after 2817 episodes with number of timesteps: 291071 and layer passes: 1686250.
11-25 00:54:38: Average duration: 298863.2 timesteps, Average layer passes: 1752966.0 (cartpole1-linear16)
11-25 00:54:38: Seed: 78753
11-25 00:54:38: Starting training with 11 layer(s)... (cartpole1-linear16)
11-25 00:54:38: New best reward: 13.0 (-1400.0%) at episode 0, saving model...
11-25 00:54:38: New best reward: 34.0 (+161.5%) at episode 3, saving model...
11-25 00:54:38: New best reward: 35.0 (+2.9%) at episode 6, saving model...
11-25 00:54:38: New best reward: 44.0 (+25.7%) at episode 10, saving model...
11-25 00:54:38: New best reward: 52.0 (+18.2%) at episode 15, saving model...
11-25 00:54:39: New best reward: 92.0 (+76.9%) at episode 24, saving model...
11-25 00:54:41: New best reward: 105.0 (+14.1%) at episode 230, saving model...
11-25 00:54:44: New best reward: 128.0 (+21.9%) at episode 403, saving model...
11-25 00:54:47: New best reward: 164.0 (+28.1%) at episode 547, saving model...
11-25 00:54:59: New best reward: 177.0 (+7.9%) at episode 906, saving model...
11-25 00:55:00: New best reward: 189.0 (+6.8%) at episode 924, saving model...
11-25 00:55:02: New best reward: 200.0 (+5.8%) at episode 972, saving model...
11-25 01:06:56: Reached target after 4861 episodes with number of timesteps: 632832 and layer passes: 5015373.
11-25 01:06:56: Seed: 85031
11-25 01:06:56: Starting training with 11 layer(s)... (cartpole1-linear16)
11-25 01:06:56: New best reward: 13.0 (-1400.0%) at episode 0, saving model...
11-25 01:06:56: New best reward: 39.0 (+200.0%) at episode 2, saving model...
11-25 01:06:56: New best reward: 41.0 (+5.1%) at episode 14, saving model...
11-25 01:06:56: New best reward: 57.0 (+39.0%) at episode 22, saving model...
11-25 01:06:58: New best reward: 87.0 (+52.6%) at episode 147, saving model...
11-25 01:06:59: New best reward: 91.0 (+4.6%) at episode 234, saving model...
11-25 01:06:59: New best reward: 110.0 (+20.9%) at episode 272, saving model...
11-25 01:07:00: New best reward: 111.0 (+0.9%) at episode 275, saving model...
11-25 01:07:00: New best reward: 148.0 (+33.3%) at episode 276, saving model...
11-25 01:07:15: New best reward: 200.0 (+35.1%) at episode 883, saving model...
11-25 01:12:58: Reached target after 3242 episodes with number of timesteps: 354410 and layer passes: 2433013.
11-25 01:12:59: Seed: 19457
11-25 01:12:59: Starting training with 11 layer(s)... (cartpole1-linear16)
11-25 01:12:59: New best reward: 21.0 (-2200.0%) at episode 0, saving model...
11-25 01:12:59: New best reward: 59.0 (+181.0%) at episode 2, saving model...
11-25 01:13:00: New best reward: 87.0 (+47.5%) at episode 106, saving model...
11-25 01:13:01: New best reward: 102.0 (+17.2%) at episode 163, saving model...
11-25 01:13:07: New best reward: 106.0 (+3.9%) at episode 505, saving model...
11-25 01:13:07: New best reward: 178.0 (+67.9%) at episode 519, saving model...
11-25 01:13:12: New best reward: 179.0 (+0.6%) at episode 690, saving model...
11-25 01:13:17: New best reward: 200.0 (+11.7%) at episode 811, saving model...
11-25 01:17:39: Reached target after 2887 episodes with number of timesteps: 285627 and layer passes: 1841763.
11-25 01:17:39: Seed: 56549
11-25 01:17:40: Starting training with 11 layer(s)... (cartpole1-linear16)
11-25 01:17:40: New best reward: 16.0 (-1700.0%) at episode 0, saving model...
11-25 01:17:40: New best reward: 17.0 (+6.2%) at episode 1, saving model...
11-25 01:17:40: New best reward: 57.0 (+235.3%) at episode 4, saving model...
11-25 01:17:40: New best reward: 63.0 (+10.5%) at episode 24, saving model...
11-25 01:17:40: New best reward: 64.0 (+1.6%) at episode 83, saving model...
11-25 01:17:41: New best reward: 92.0 (+43.8%) at episode 171, saving model...
11-25 01:17:42: New best reward: 95.0 (+3.3%) at episode 198, saving model...
11-25 01:17:44: New best reward: 112.0 (+17.9%) at episode 327, saving model...
11-25 01:17:49: New best reward: 119.0 (+6.2%) at episode 590, saving model...
11-25 01:17:49: New best reward: 153.0 (+28.6%) at episode 592, saving model...
11-25 01:17:52: New best reward: 188.0 (+22.9%) at episode 664, saving model...
11-25 01:17:58: New best reward: 199.0 (+5.9%) at episode 871, saving model...
11-25 01:18:00: New best reward: 200.0 (+0.5%) at episode 899, saving model...
11-25 01:21:47: Reached target after 2655 episodes with number of timesteps: 262006 and layer passes: 1629991.
11-25 01:21:47: Seed: 65738
11-25 01:21:47: Starting training with 11 layer(s)... (cartpole1-linear16)
11-25 01:21:47: New best reward: 62.0 (-6300.0%) at episode 0, saving model...
11-25 01:21:48: New best reward: 69.0 (+11.3%) at episode 21, saving model...
11-25 01:21:49: New best reward: 72.0 (+4.3%) at episode 96, saving model...
11-25 01:21:50: New best reward: 94.0 (+30.6%) at episode 161, saving model...
11-25 01:21:53: New best reward: 117.0 (+24.5%) at episode 419, saving model...
11-25 01:21:58: New best reward: 191.0 (+63.2%) at episode 634, saving model...
11-25 01:21:59: New best reward: 197.0 (+3.1%) at episode 669, saving model...
11-25 01:22:13: New best reward: 200.0 (+1.5%) at episode 1050, saving model...
11-25 01:25:44: Reached target after 2655 episodes with number of timesteps: 246098 and layer passes: 1551682.
11-25 01:25:45: Average duration: 356194.6 timesteps, Average layer passes: 2494364.4 (cartpole1-linear16)
11-25 01:25:45: Seed: 7936
11-25 01:25:45: Starting training with 12 layer(s)... (cartpole1-linear16)
11-25 01:25:45: New best reward: 33.0 (-3400.0%) at episode 0, saving model...
11-25 01:25:45: New best reward: 63.0 (+90.9%) at episode 2, saving model...
11-25 01:25:45: New best reward: 70.0 (+11.1%) at episode 11, saving model...
11-25 01:25:47: New best reward: 89.0 (+27.1%) at episode 156, saving model...
11-25 01:25:48: New best reward: 102.0 (+14.6%) at episode 251, saving model...
11-25 01:25:52: New best reward: 139.0 (+36.3%) at episode 474, saving model...
11-25 01:25:53: New best reward: 148.0 (+6.5%) at episode 490, saving model...
11-25 01:25:58: New best reward: 189.0 (+27.7%) at episode 673, saving model...
11-25 01:26:07: New best reward: 200.0 (+5.8%) at episode 904, saving model...
11-25 01:30:53: Reached target after 2863 episodes with number of timesteps: 296237 and layer passes: 2082216.
11-25 01:30:53: Seed: 17492
11-25 01:30:53: Starting training with 12 layer(s)... (cartpole1-linear16)
11-25 01:30:53: New best reward: 13.0 (-1400.0%) at episode 0, saving model...
11-25 01:30:53: New best reward: 15.0 (+15.4%) at episode 1, saving model...
11-25 01:30:53: New best reward: 41.0 (+173.3%) at episode 2, saving model...
11-25 01:30:53: New best reward: 73.0 (+78.0%) at episode 8, saving model...
11-25 01:30:55: New best reward: 78.0 (+6.8%) at episode 170, saving model...
11-25 01:30:58: New best reward: 102.0 (+30.8%) at episode 342, saving model...
11-25 01:30:58: New best reward: 163.0 (+59.8%) at episode 349, saving model...
11-25 01:31:10: New best reward: 164.0 (+0.6%) at episode 782, saving model...
11-25 01:31:12: New best reward: 200.0 (+22.0%) at episode 846, saving model...
11-25 01:45:21: Reached target after 5344 episodes with number of timesteps: 686366 and layer passes: 6156804.
11-25 01:45:22: Seed: 9888
11-25 01:45:22: Starting training with 12 layer(s)... (cartpole1-linear16)
11-25 01:45:22: New best reward: 27.0 (-2800.0%) at episode 0, saving model...
11-25 01:45:22: New best reward: 54.0 (+100.0%) at episode 2, saving model...
11-25 01:45:22: New best reward: 59.0 (+9.3%) at episode 17, saving model...
11-25 01:45:22: New best reward: 78.0 (+32.2%) at episode 33, saving model...
11-25 01:45:24: New best reward: 121.0 (+55.1%) at episode 179, saving model...
11-25 01:45:25: New best reward: 122.0 (+0.8%) at episode 228, saving model...
11-25 01:45:30: New best reward: 137.0 (+12.3%) at episode 466, saving model...
11-25 01:45:35: New best reward: 155.0 (+13.1%) at episode 660, saving model...
11-25 01:45:40: New best reward: 176.0 (+13.5%) at episode 801, saving model...
11-25 01:45:44: New best reward: 178.0 (+1.1%) at episode 876, saving model...
11-25 01:45:50: New best reward: 200.0 (+12.4%) at episode 996, saving model...
11-25 01:52:41: Reached target after 3416 episodes with number of timesteps: 396123 and layer passes: 3037200.
11-25 01:52:41: Seed: 62165
11-25 01:52:41: Starting training with 12 layer(s)... (cartpole1-linear16)
11-25 01:52:41: New best reward: 23.0 (-2400.0%) at episode 0, saving model...
11-25 01:52:41: New best reward: 24.0 (+4.3%) at episode 1, saving model...
11-25 01:52:41: New best reward: 33.0 (+37.5%) at episode 2, saving model...
11-25 01:52:41: New best reward: 56.0 (+69.7%) at episode 5, saving model...
11-25 01:52:41: New best reward: 58.0 (+3.6%) at episode 22, saving model...
11-25 01:52:42: New best reward: 67.0 (+15.5%) at episode 98, saving model...
11-25 01:52:45: New best reward: 78.0 (+16.4%) at episode 301, saving model...
11-25 01:52:46: New best reward: 101.0 (+29.5%) at episode 313, saving model...
11-25 01:52:46: New best reward: 109.0 (+7.9%) at episode 346, saving model...
11-25 01:52:47: New best reward: 118.0 (+8.3%) at episode 370, saving model...
11-25 01:52:51: New best reward: 133.0 (+12.7%) at episode 561, saving model...
11-25 01:52:58: New best reward: 151.0 (+13.5%) at episode 791, saving model...
11-25 01:52:58: New best reward: 164.0 (+8.6%) at episode 793, saving model...
11-25 01:52:59: New best reward: 190.0 (+15.9%) at episode 812, saving model...
11-25 01:53:09: New best reward: 191.0 (+0.5%) at episode 1026, saving model...
11-25 01:53:10: New best reward: 200.0 (+4.7%) at episode 1046, saving model...
11-25 01:57:42: Reached target after 2727 episodes with number of timesteps: 292160 and layer passes: 2019924.
11-25 01:57:43: Seed: 96639
11-25 01:57:43: Starting training with 12 layer(s)... (cartpole1-linear16)
11-25 01:57:43: New best reward: 70.0 (-7100.0%) at episode 0, saving model...
11-25 01:57:43: New best reward: 88.0 (+25.7%) at episode 46, saving model...
11-25 01:57:44: New best reward: 106.0 (+20.5%) at episode 74, saving model...
11-25 01:57:50: New best reward: 124.0 (+17.0%) at episode 437, saving model...
11-25 01:57:54: New best reward: 136.0 (+9.7%) at episode 582, saving model...
11-25 01:57:56: New best reward: 200.0 (+47.1%) at episode 656, saving model...
11-25 02:03:22: Reached target after 2947 episodes with number of timesteps: 320823 and layer passes: 2294052.
11-25 02:03:22: Average duration: 398341.8 timesteps, Average layer passes: 3118039.2 (cartpole1-linear16)
11-25 02:03:22: Seed: 32318
11-25 02:03:22: Starting training with 13 layer(s)... (cartpole1-linear16)
11-25 02:03:22: New best reward: 20.0 (-2100.0%) at episode 0, saving model...
11-25 02:03:22: New best reward: 27.0 (+35.0%) at episode 1, saving model...
11-25 02:03:22: New best reward: 41.0 (+51.9%) at episode 7, saving model...
11-25 02:03:22: New best reward: 66.0 (+61.0%) at episode 19, saving model...
11-25 02:03:24: New best reward: 104.0 (+57.6%) at episode 164, saving model...
11-25 02:03:26: New best reward: 107.0 (+2.9%) at episode 239, saving model...
11-25 02:03:27: New best reward: 129.0 (+20.6%) at episode 314, saving model...
11-25 02:03:34: New best reward: 135.0 (+4.7%) at episode 616, saving model...
11-25 02:03:34: New best reward: 149.0 (+10.4%) at episode 618, saving model...
11-25 02:03:38: New best reward: 159.0 (+6.7%) at episode 745, saving model...
11-25 02:03:49: New best reward: 188.0 (+18.2%) at episode 1009, saving model...
11-25 02:03:49: New best reward: 200.0 (+6.4%) at episode 1015, saving model...
11-25 02:33:18: Reached target after 8506 episodes with number of timesteps: 1201566 and layer passes: 13010361.
11-25 02:33:18: Seed: 72593
11-25 02:33:18: Starting training with 13 layer(s)... (cartpole1-linear16)
11-25 02:33:18: New best reward: 11.0 (-1200.0%) at episode 0, saving model...
11-25 02:33:18: New best reward: 12.0 (+9.1%) at episode 1, saving model...
11-25 02:33:18: New best reward: 42.0 (+250.0%) at episode 2, saving model...
11-25 02:33:18: New best reward: 52.0 (+23.8%) at episode 31, saving model...
11-25 02:33:19: New best reward: 80.0 (+53.8%) at episode 83, saving model...
11-25 02:33:22: New best reward: 84.0 (+5.0%) at episode 237, saving model...
11-25 02:33:22: New best reward: 94.0 (+11.9%) at episode 265, saving model...
11-25 02:33:26: New best reward: 104.0 (+10.6%) at episode 451, saving model...
11-25 02:33:27: New best reward: 114.0 (+9.6%) at episode 492, saving model...
11-25 02:33:32: New best reward: 119.0 (+4.4%) at episode 655, saving model...
11-25 02:33:33: New best reward: 141.0 (+18.5%) at episode 685, saving model...
11-25 02:33:35: New best reward: 184.0 (+30.5%) at episode 742, saving model...
11-25 02:33:37: New best reward: 200.0 (+8.7%) at episode 804, saving model...
11-25 02:38:28: Reached target after 2801 episodes with number of timesteps: 281338 and layer passes: 2119156.
11-25 02:38:29: Seed: 8574
11-25 02:38:29: Starting training with 13 layer(s)... (cartpole1-linear16)
11-25 02:38:29: New best reward: 18.0 (-1900.0%) at episode 0, saving model...
11-25 02:38:29: New best reward: 26.0 (+44.4%) at episode 3, saving model...
11-25 02:38:29: New best reward: 29.0 (+11.5%) at episode 12, saving model...
11-25 02:38:29: New best reward: 30.0 (+3.4%) at episode 14, saving model...
11-25 02:38:29: New best reward: 31.0 (+3.3%) at episode 22, saving model...
11-25 02:38:29: New best reward: 45.0 (+45.2%) at episode 31, saving model...
11-25 02:38:29: New best reward: 61.0 (+35.6%) at episode 47, saving model...
11-25 02:38:30: New best reward: 85.0 (+39.3%) at episode 60, saving model...
11-25 02:38:37: New best reward: 119.0 (+40.0%) at episode 492, saving model...
11-25 02:38:41: New best reward: 120.0 (+0.8%) at episode 612, saving model...
11-25 02:38:42: New best reward: 122.0 (+1.7%) at episode 670, saving model...
11-25 02:38:44: New best reward: 150.0 (+23.0%) at episode 744, saving model...
11-25 02:38:47: New best reward: 191.0 (+27.3%) at episode 807, saving model...
11-25 02:38:57: New best reward: 199.0 (+4.2%) at episode 1010, saving model...
11-25 02:39:01: New best reward: 200.0 (+0.5%) at episode 1069, saving model...
11-25 02:44:11: Reached target after 2925 episodes with number of timesteps: 304805 and layer passes: 2365675.
11-25 02:44:12: Seed: 8422
11-25 02:44:12: Starting training with 13 layer(s)... (cartpole1-linear16)
11-25 02:44:12: New best reward: 16.0 (-1700.0%) at episode 0, saving model...
11-25 02:44:12: New best reward: 24.0 (+50.0%) at episode 1, saving model...
11-25 02:44:12: New best reward: 31.0 (+29.2%) at episode 5, saving model...
11-25 02:44:12: New best reward: 48.0 (+54.8%) at episode 13, saving model...
11-25 02:44:13: New best reward: 49.0 (+2.1%) at episode 69, saving model...
11-25 02:44:13: New best reward: 96.0 (+95.9%) at episode 127, saving model...
11-25 02:44:16: New best reward: 133.0 (+38.5%) at episode 312, saving model...
11-25 02:44:26: New best reward: 142.0 (+6.8%) at episode 685, saving model...
11-25 02:44:26: New best reward: 173.0 (+21.8%) at episode 694, saving model...
11-25 02:44:30: New best reward: 200.0 (+15.6%) at episode 784, saving model...
11-25 02:49:22: Reached target after 2771 episodes with number of timesteps: 284235 and layer passes: 2125032.
11-25 02:49:23: Seed: 9788
11-25 02:49:23: Starting training with 13 layer(s)... (cartpole1-linear16)
11-25 02:49:23: New best reward: 13.0 (-1400.0%) at episode 0, saving model...
11-25 02:49:23: New best reward: 40.0 (+207.7%) at episode 1, saving model...
11-25 02:49:23: New best reward: 52.0 (+30.0%) at episode 4, saving model...
11-25 02:49:23: New best reward: 62.0 (+19.2%) at episode 18, saving model...
11-25 02:49:25: New best reward: 76.0 (+22.6%) at episode 144, saving model...
11-25 02:49:27: New best reward: 83.0 (+9.2%) at episode 257, saving model...
11-25 02:49:27: New best reward: 89.0 (+7.2%) at episode 273, saving model...
11-25 02:49:32: New best reward: 93.0 (+4.5%) at episode 503, saving model...
11-25 02:49:32: New best reward: 102.0 (+9.7%) at episode 518, saving model...
11-25 02:49:32: New best reward: 115.0 (+12.7%) at episode 524, saving model...
11-25 02:49:35: New best reward: 152.0 (+32.2%) at episode 588, saving model...
11-25 02:49:42: New best reward: 155.0 (+2.0%) at episode 811, saving model...
11-25 02:49:45: New best reward: 160.0 (+3.2%) at episode 847, saving model...
11-25 02:49:45: New best reward: 200.0 (+25.0%) at episode 865, saving model...
11-25 03:09:23: Reached target after 6342 episodes with number of timesteps: 851271 and layer passes: 8659417.
11-25 03:09:23: Average duration: 584643.0 timesteps, Average layer passes: 5655928.2 (cartpole1-linear16)
11-25 03:09:23: Seed: 11677
11-25 03:09:23: Starting training with 14 layer(s)... (cartpole1-linear16)
11-25 03:09:23: New best reward: 16.0 (-1700.0%) at episode 0, saving model...
11-25 03:09:23: New best reward: 33.0 (+106.2%) at episode 2, saving model...
11-25 03:09:23: New best reward: 54.0 (+63.6%) at episode 5, saving model...
11-25 03:09:24: New best reward: 59.0 (+9.3%) at episode 73, saving model...
11-25 03:09:25: New best reward: 63.0 (+6.8%) at episode 107, saving model...
11-25 03:09:27: New best reward: 84.0 (+33.3%) at episode 236, saving model...
11-25 03:09:28: New best reward: 100.0 (+19.0%) at episode 277, saving model...
11-25 03:09:35: New best reward: 109.0 (+9.0%) at episode 613, saving model...
11-25 03:09:37: New best reward: 129.0 (+18.3%) at episode 655, saving model...
11-25 03:09:46: New best reward: 157.0 (+21.7%) at episode 930, saving model...
11-25 03:09:49: New best reward: 200.0 (+27.4%) at episode 996, saving model...
11-25 03:14:54: Reached target after 2790 episodes with number of timesteps: 279837 and layer passes: 2307116.
11-25 03:14:55: Seed: 44282
11-25 03:14:55: Starting training with 14 layer(s)... (cartpole1-linear16)
11-25 03:14:55: New best reward: 18.0 (-1900.0%) at episode 0, saving model...
11-25 03:14:55: New best reward: 31.0 (+72.2%) at episode 1, saving model...
11-25 03:14:55: New best reward: 53.0 (+71.0%) at episode 2, saving model...
11-25 03:14:55: New best reward: 65.0 (+22.6%) at episode 5, saving model...
11-25 03:14:57: New best reward: 73.0 (+12.3%) at episode 155, saving model...
11-25 03:14:57: New best reward: 77.0 (+5.5%) at episode 188, saving model...
11-25 03:14:59: New best reward: 91.0 (+18.2%) at episode 244, saving model...
11-25 03:15:02: New best reward: 95.0 (+4.4%) at episode 391, saving model...
11-25 03:15:08: New best reward: 115.0 (+21.1%) at episode 643, saving model...
11-25 03:15:09: New best reward: 129.0 (+12.2%) at episode 684, saving model...
11-25 03:15:10: New best reward: 147.0 (+14.0%) at episode 703, saving model...
11-25 03:15:10: New best reward: 156.0 (+6.1%) at episode 705, saving model...
11-25 03:15:13: New best reward: 200.0 (+28.2%) at episode 792, saving model...
11-25 03:22:03: Reached target after 3144 episodes with number of timesteps: 351567 and layer passes: 3014634.
11-25 03:22:03: Seed: 65163
11-25 03:22:03: Starting training with 14 layer(s)... (cartpole1-linear16)
11-25 03:22:03: New best reward: 14.0 (-1500.0%) at episode 0, saving model...
11-25 03:22:03: New best reward: 23.0 (+64.3%) at episode 1, saving model...
11-25 03:22:03: New best reward: 37.0 (+60.9%) at episode 3, saving model...
11-25 03:22:03: New best reward: 66.0 (+78.4%) at episode 9, saving model...
11-25 03:22:04: New best reward: 67.0 (+1.5%) at episode 81, saving model...
11-25 03:22:06: New best reward: 69.0 (+3.0%) at episode 229, saving model...
11-25 03:22:08: New best reward: 75.0 (+8.7%) at episode 310, saving model...
11-25 03:22:08: New best reward: 81.0 (+8.0%) at episode 328, saving model...
11-25 03:22:09: New best reward: 102.0 (+25.9%) at episode 355, saving model...
11-25 03:22:11: New best reward: 112.0 (+9.8%) at episode 442, saving model...
11-25 03:22:16: New best reward: 131.0 (+17.0%) at episode 590, saving model...
11-25 03:22:20: New best reward: 174.0 (+32.8%) at episode 730, saving model...
11-25 03:22:27: New best reward: 188.0 (+8.0%) at episode 873, saving model...
11-25 03:22:28: New best reward: 197.0 (+4.8%) at episode 897, saving model...
11-25 03:22:32: New best reward: 200.0 (+1.5%) at episode 983, saving model...
11-25 03:26:48: Reached target after 2511 episodes with number of timesteps: 250663 and layer passes: 1937810.
11-25 03:26:48: Seed: 92687
11-25 03:26:48: Starting training with 14 layer(s)... (cartpole1-linear16)
11-25 03:26:48: New best reward: 17.0 (-1800.0%) at episode 0, saving model...
11-25 03:26:49: New best reward: 25.0 (+47.1%) at episode 3, saving model...
11-25 03:26:49: New best reward: 54.0 (+116.0%) at episode 13, saving model...
11-25 03:26:49: New best reward: 71.0 (+31.5%) at episode 50, saving model...
11-25 03:26:50: New best reward: 76.0 (+7.0%) at episode 127, saving model...
11-25 03:26:51: New best reward: 81.0 (+6.6%) at episode 159, saving model...
11-25 03:26:51: New best reward: 108.0 (+33.3%) at episode 175, saving model...
11-25 03:26:56: New best reward: 112.0 (+3.7%) at episode 440, saving model...
11-25 03:26:58: New best reward: 123.0 (+9.8%) at episode 538, saving model...
11-25 03:26:59: New best reward: 140.0 (+13.8%) at episode 559, saving model...
11-25 03:27:02: New best reward: 161.0 (+15.0%) at episode 635, saving model...
11-25 03:27:09: New best reward: 200.0 (+24.2%) at episode 822, saving model...
11-25 04:03:00: Reached target after 9645 episodes with number of timesteps: 1333848 and layer passes: 15791538.
11-25 04:03:00: Seed: 11848
11-25 04:03:00: Starting training with 14 layer(s)... (cartpole1-linear16)
11-25 04:03:00: New best reward: 13.0 (-1400.0%) at episode 0, saving model...
11-25 04:03:00: New best reward: 23.0 (+76.9%) at episode 1, saving model...
11-25 04:03:00: New best reward: 71.0 (+208.7%) at episode 5, saving model...
11-25 04:03:00: New best reward: 77.0 (+8.5%) at episode 44, saving model...
11-25 04:03:03: New best reward: 92.0 (+19.5%) at episode 194, saving model...
11-25 04:03:07: New best reward: 100.0 (+8.7%) at episode 460, saving model...
11-25 04:03:08: New best reward: 113.0 (+13.0%) at episode 484, saving model...
11-25 04:03:09: New best reward: 122.0 (+8.0%) at episode 531, saving model...
11-25 04:03:11: New best reward: 164.0 (+34.4%) at episode 611, saving model...
11-25 04:03:12: New best reward: 181.0 (+10.4%) at episode 617, saving model...
11-25 04:03:24: New best reward: 200.0 (+10.5%) at episode 941, saving model...
11-25 04:10:07: Reached target after 3275 episodes with number of timesteps: 342093 and layer passes: 2995272.
11-25 04:10:07: Average duration: 511601.6 timesteps, Average layer passes: 5209274.0 (cartpole1-linear16)
11-25 04:10:07: Seed: 39263
11-25 04:10:07: Starting training with 15 layer(s)... (cartpole1-linear16)
11-25 04:10:07: New best reward: 10.0 (-1100.0%) at episode 0, saving model...
11-25 04:10:07: New best reward: 27.0 (+170.0%) at episode 1, saving model...
11-25 04:10:07: New best reward: 40.0 (+48.1%) at episode 5, saving model...
11-25 04:10:07: New best reward: 55.0 (+37.5%) at episode 18, saving model...
11-25 04:10:10: New best reward: 63.0 (+14.5%) at episode 155, saving model...
11-25 04:10:10: New best reward: 90.0 (+42.9%) at episode 171, saving model...
11-25 04:10:12: New best reward: 103.0 (+14.4%) at episode 262, saving model...
11-25 04:10:15: New best reward: 113.0 (+9.7%) at episode 414, saving model...
11-25 04:10:17: New best reward: 128.0 (+13.3%) at episode 487, saving model...
11-25 04:10:22: New best reward: 130.0 (+1.6%) at episode 658, saving model...
11-25 04:10:23: New best reward: 146.0 (+12.3%) at episode 680, saving model...
11-25 04:10:30: New best reward: 172.0 (+17.8%) at episode 854, saving model...
11-25 04:10:32: New best reward: 200.0 (+16.3%) at episode 888, saving model...
11-25 04:15:05: Reached target after 2534 episodes with number of timesteps: 247147 and layer passes: 2062530.
11-25 04:15:05: Seed: 7116
11-25 04:15:05: Starting training with 15 layer(s)... (cartpole1-linear16)
11-25 04:15:05: New best reward: 12.0 (-1300.0%) at episode 0, saving model...
11-25 04:15:05: New best reward: 16.0 (+33.3%) at episode 1, saving model...
11-25 04:15:05: New best reward: 19.0 (+18.8%) at episode 2, saving model...
11-25 04:15:05: New best reward: 28.0 (+47.4%) at episode 3, saving model...
11-25 04:15:05: New best reward: 48.0 (+71.4%) at episode 5, saving model...
11-25 04:15:06: New best reward: 57.0 (+18.8%) at episode 28, saving model...
11-25 04:15:06: New best reward: 61.0 (+7.0%) at episode 64, saving model...
11-25 04:15:07: New best reward: 78.0 (+27.9%) at episode 84, saving model...
11-25 04:15:10: New best reward: 82.0 (+5.1%) at episode 255, saving model...
11-25 04:15:11: New best reward: 87.0 (+6.1%) at episode 331, saving model...
11-25 04:15:11: New best reward: 94.0 (+8.0%) at episode 343, saving model...
11-25 04:15:13: New best reward: 99.0 (+5.3%) at episode 400, saving model...
11-25 04:15:23: New best reward: 121.0 (+22.2%) at episode 752, saving model...
11-25 04:15:35: New best reward: 133.0 (+9.9%) at episode 1046, saving model...
11-25 04:15:35: New best reward: 137.0 (+3.0%) at episode 1047, saving model...
11-25 04:15:38: New best reward: 140.0 (+2.2%) at episode 1091, saving model...
11-25 04:15:43: New best reward: 152.0 (+8.6%) at episode 1187, saving model...
11-25 04:15:44: New best reward: 183.0 (+20.4%) at episode 1207, saving model...
11-25 04:15:57: New best reward: 197.0 (+7.7%) at episode 1384, saving model...
11-25 04:16:29: New best reward: 200.0 (+1.5%) at episode 1699, saving model...
11-25 04:19:04: Reached target after 2656 episodes with number of timesteps: 191343 and layer passes: 1599930.
11-25 04:19:04: Seed: 15717
11-25 04:19:04: Starting training with 15 layer(s)... (cartpole1-linear16)
11-25 04:19:04: New best reward: 19.0 (-2000.0%) at episode 0, saving model...
11-25 04:19:04: New best reward: 30.0 (+57.9%) at episode 2, saving model...
11-25 04:19:04: New best reward: 36.0 (+20.0%) at episode 19, saving model...
11-25 04:19:04: New best reward: 43.0 (+19.4%) at episode 21, saving model...
11-25 04:19:05: New best reward: 55.0 (+27.9%) at episode 32, saving model...
11-25 04:19:06: New best reward: 67.0 (+21.8%) at episode 145, saving model...
11-25 04:19:08: New best reward: 84.0 (+25.4%) at episode 240, saving model...
11-25 04:19:09: New best reward: 85.0 (+1.2%) at episode 303, saving model...
11-25 04:19:10: New best reward: 108.0 (+27.1%) at episode 367, saving model...
11-25 04:19:17: New best reward: 152.0 (+40.7%) at episode 589, saving model...
11-25 04:19:20: New best reward: 155.0 (+2.0%) at episode 665, saving model...
11-25 04:19:21: New best reward: 200.0 (+29.0%) at episode 695, saving model...
11-25 04:23:31: Reached target after 2454 episodes with number of timesteps: 225388 and layer passes: 1839810.
11-25 04:23:32: Seed: 84300
11-25 04:23:32: Starting training with 15 layer(s)... (cartpole1-linear16)
11-25 04:23:32: New best reward: 50.0 (-5100.0%) at episode 0, saving model...
11-25 04:23:32: New best reward: 56.0 (+12.0%) at episode 3, saving model...
11-25 04:23:34: New best reward: 59.0 (+5.4%) at episode 179, saving model...
11-25 04:23:34: New best reward: 81.0 (+37.3%) at episode 195, saving model...
11-25 04:23:36: New best reward: 114.0 (+40.7%) at episode 276, saving model...
11-25 04:23:36: New best reward: 148.0 (+29.8%) at episode 299, saving model...
11-25 04:23:46: New best reward: 155.0 (+4.7%) at episode 648, saving model...
11-25 04:23:48: New best reward: 161.0 (+3.9%) at episode 691, saving model...
11-25 04:23:48: New best reward: 185.0 (+14.9%) at episode 705, saving model...
11-25 04:23:50: New best reward: 199.0 (+7.6%) at episode 737, saving model...
11-25 04:23:55: New best reward: 200.0 (+0.5%) at episode 840, saving model...
11-25 04:43:08: Reached target after 5457 episodes with number of timesteps: 769222 and layer passes: 8716350.
11-25 04:43:09: Seed: 32062
11-25 04:43:09: Starting training with 15 layer(s)... (cartpole1-linear16)
11-25 04:43:09: New best reward: 13.0 (-1400.0%) at episode 0, saving model...
11-25 04:43:09: New best reward: 15.0 (+15.4%) at episode 3, saving model...
11-25 04:43:09: New best reward: 31.0 (+106.7%) at episode 4, saving model...
11-25 04:43:09: New best reward: 42.0 (+35.5%) at episode 5, saving model...
11-25 04:43:09: New best reward: 60.0 (+42.9%) at episode 37, saving model...
11-25 04:43:09: New best reward: 70.0 (+16.7%) at episode 42, saving model...
11-25 04:43:09: New best reward: 91.0 (+30.0%) at episode 55, saving model...
11-25 04:43:14: New best reward: 104.0 (+14.3%) at episode 338, saving model...
11-25 04:43:15: New best reward: 114.0 (+9.6%) at episode 379, saving model...
11-25 04:43:18: New best reward: 129.0 (+13.2%) at episode 504, saving model...
11-25 04:43:21: New best reward: 132.0 (+2.3%) at episode 594, saving model...
11-25 04:43:24: New best reward: 147.0 (+11.4%) at episode 663, saving model...
11-25 04:43:24: New best reward: 170.0 (+15.6%) at episode 666, saving model...
11-25 04:43:26: New best reward: 182.0 (+7.1%) at episode 718, saving model...
11-25 04:43:28: New best reward: 200.0 (+9.9%) at episode 744, saving model...
11-25 04:51:59: Reached target after 3380 episodes with number of timesteps: 398749 and layer passes: 3802350.
11-25 04:51:59: Average duration: 366369.8 timesteps, Average layer passes: 3604194.0 (cartpole1-linear16)
11-25 04:51:59: Seed: 6397
11-25 04:51:59: Starting training with 16 layer(s)... (cartpole1-linear16)
11-25 04:51:59: New best reward: 16.0 (-1700.0%) at episode 0, saving model...
11-25 04:51:59: New best reward: 17.0 (+6.2%) at episode 1, saving model...
11-25 04:51:59: New best reward: 19.0 (+11.8%) at episode 2, saving model...
11-25 04:52:00: New best reward: 27.0 (+42.1%) at episode 3, saving model...
11-25 04:52:00: New best reward: 51.0 (+88.9%) at episode 5, saving model...
11-25 04:52:00: New best reward: 66.0 (+29.4%) at episode 43, saving model...
11-25 04:52:02: New best reward: 98.0 (+48.5%) at episode 159, saving model...
11-25 04:52:04: New best reward: 105.0 (+7.1%) at episode 298, saving model...
11-25 04:52:13: New best reward: 148.0 (+41.0%) at episode 620, saving model...
11-25 04:52:13: New best reward: 169.0 (+14.2%) at episode 624, saving model...
11-25 04:52:24: New best reward: 198.0 (+17.2%) at episode 872, saving model...
11-25 04:52:37: New best reward: 200.0 (+1.0%) at episode 1078, saving model...
11-25 04:57:34: Reached target after 2685 episodes with number of timesteps: 257520 and layer passes: 2352768.
11-25 04:57:34: Seed: 22584
11-25 04:57:34: Starting training with 16 layer(s)... (cartpole1-linear16)
11-25 04:57:34: New best reward: 23.0 (-2400.0%) at episode 0, saving model...
11-25 04:57:34: New best reward: 29.0 (+26.1%) at episode 1, saving model...
11-25 04:57:34: New best reward: 42.0 (+44.8%) at episode 9, saving model...
11-25 04:57:34: New best reward: 52.0 (+23.8%) at episode 14, saving model...
11-25 04:57:34: New best reward: 75.0 (+44.2%) at episode 19, saving model...
11-25 04:57:37: New best reward: 108.0 (+44.0%) at episode 159, saving model...
11-25 04:57:45: New best reward: 113.0 (+4.6%) at episode 478, saving model...
11-25 04:57:48: New best reward: 134.0 (+18.6%) at episode 578, saving model...
11-25 04:57:51: New best reward: 161.0 (+20.1%) at episode 668, saving model...
11-25 04:58:07: New best reward: 200.0 (+24.2%) at episode 1003, saving model...
11-25 05:03:04: Reached target after 2626 episodes with number of timesteps: 258563 and layer passes: 2309840.
11-25 05:03:05: Seed: 44093
11-25 05:03:05: Starting training with 16 layer(s)... (cartpole1-linear16)
11-25 05:03:05: New best reward: 9.0 (-1000.0%) at episode 0, saving model...
11-25 05:03:05: New best reward: 13.0 (+44.4%) at episode 1, saving model...
11-25 05:03:05: New best reward: 25.0 (+92.3%) at episode 4, saving model...
11-25 05:03:05: New best reward: 28.0 (+12.0%) at episode 5, saving model...
11-25 05:03:05: New best reward: 29.0 (+3.6%) at episode 8, saving model...
11-25 05:03:05: New best reward: 30.0 (+3.4%) at episode 9, saving model...
11-25 05:03:05: New best reward: 32.0 (+6.7%) at episode 11, saving model...
11-25 05:03:05: New best reward: 43.0 (+34.4%) at episode 15, saving model...
11-25 05:03:05: New best reward: 51.0 (+18.6%) at episode 26, saving model...
11-25 05:03:05: New best reward: 55.0 (+7.8%) at episode 54, saving model...
11-25 05:03:06: New best reward: 69.0 (+25.5%) at episode 111, saving model...
11-25 05:03:06: New best reward: 75.0 (+8.7%) at episode 127, saving model...
11-25 05:03:08: New best reward: 76.0 (+1.3%) at episode 207, saving model...
11-25 05:03:08: New best reward: 79.0 (+3.9%) at episode 227, saving model...
11-25 05:03:09: New best reward: 94.0 (+19.0%) at episode 261, saving model...
11-25 05:03:13: New best reward: 114.0 (+21.3%) at episode 457, saving model...
11-25 05:03:15: New best reward: 129.0 (+13.2%) at episode 517, saving model...
11-25 05:03:17: New best reward: 177.0 (+37.2%) at episode 557, saving model...
11-25 05:03:23: New best reward: 200.0 (+13.0%) at episode 750, saving model...
11-25 05:09:41: Reached target after 2855 episodes with number of timesteps: 298008 and layer passes: 2811120.
11-25 05:09:41: Seed: 94935
11-25 05:09:41: Starting training with 16 layer(s)... (cartpole1-linear16)
11-25 05:09:41: New best reward: 17.0 (-1800.0%) at episode 0, saving model...
11-25 05:09:41: New best reward: 26.0 (+52.9%) at episode 1, saving model...
11-25 05:09:41: New best reward: 31.0 (+19.2%) at episode 6, saving model...
11-25 05:09:41: New best reward: 38.0 (+22.6%) at episode 18, saving model...
11-25 05:09:42: New best reward: 73.0 (+92.1%) at episode 56, saving model...
11-25 05:09:44: New best reward: 109.0 (+49.3%) at episode 193, saving model...
11-25 05:09:46: New best reward: 128.0 (+17.4%) at episode 262, saving model...
