11-27 15:15:16: Seed: 18645
11-27 15:15:16: Starting training with 128 layer(s)... (cartpole1-power2)
11-27 15:15:17: New best reward: 21.0 (-2200.0%) at episode 0, saving model...
11-27 15:15:18: New best reward: 22.0 (+4.8%) at episode 5, saving model...
11-27 15:15:18: New best reward: 35.0 (+59.1%) at episode 6, saving model...
11-27 15:15:19: New best reward: 44.0 (+25.7%) at episode 8, saving model...
11-27 15:15:21: New best reward: 55.0 (+25.0%) at episode 41, saving model...
11-27 15:15:22: New best reward: 77.0 (+40.0%) at episode 50, saving model...
11-27 15:15:36: New best reward: 84.0 (+9.1%) at episode 192, saving model...
11-27 15:17:32: New best reward: 95.0 (+13.1%) at episode 966, saving model...
11-27 15:17:37: New best reward: 97.0 (+2.1%) at episode 992, saving model...
11-27 15:17:48: New best reward: 147.0 (+51.5%) at episode 1035, saving model...
11-27 15:21:50: New best reward: 164.0 (+11.6%) at episode 1983, saving model...
11-27 15:27:01: New best reward: 189.0 (+15.2%) at episode 3061, saving model...
11-27 15:28:27: New best reward: 200.0 (+5.8%) at episode 3215, saving model...
11-27 16:16:56: Reached target after 5479 episodes with number of timesteps: 284611 and layer passes: 29165184.
11-27 16:16:56: Seed: 880
11-27 16:16:56: Starting training with 128 layer(s)... (cartpole1-power2)
11-27 16:16:56: New best reward: 10.0 (-1100.0%) at episode 0, saving model...
11-27 16:16:57: New best reward: 17.0 (+70.0%) at episode 1, saving model...
11-27 16:16:57: New best reward: 24.0 (+41.2%) at episode 4, saving model...
11-27 16:16:57: New best reward: 26.0 (+8.3%) at episode 6, saving model...
11-27 16:16:58: New best reward: 41.0 (+57.7%) at episode 18, saving model...
11-27 16:16:58: New best reward: 57.0 (+39.0%) at episode 20, saving model...
11-27 16:17:00: New best reward: 74.0 (+29.8%) at episode 35, saving model...
11-27 16:17:56: New best reward: 76.0 (+2.7%) at episode 517, saving model...
11-27 16:18:13: New best reward: 77.0 (+1.3%) at episode 623, saving model...
11-27 16:18:15: New best reward: 86.0 (+11.7%) at episode 628, saving model...
11-27 16:18:32: New best reward: 132.0 (+53.5%) at episode 721, saving model...
11-27 16:19:36: New best reward: 156.0 (+18.2%) at episode 1064, saving model...
11-27 16:19:40: New best reward: 162.0 (+3.8%) at episode 1076, saving model...
11-27 16:24:53: New best reward: 200.0 (+23.5%) at episode 2090, saving model...
11-27 17:19:09: Reached target after 4445 episodes with number of timesteps: 315920 and layer passes: 30304896.
11-27 17:19:10: Seed: 94242
11-27 17:19:10: Starting training with 128 layer(s)... (cartpole1-power2)
11-27 17:19:10: New best reward: 14.0 (-1500.0%) at episode 0, saving model...
11-27 17:19:10: New best reward: 39.0 (+178.6%) at episode 2, saving model...
11-27 17:19:10: New best reward: 49.0 (+25.6%) at episode 10, saving model...
11-27 17:19:13: New best reward: 56.0 (+14.3%) at episode 38, saving model...
11-27 17:19:19: New best reward: 57.0 (+1.8%) at episode 111, saving model...
11-27 17:19:21: New best reward: 61.0 (+7.0%) at episode 120, saving model...
11-27 17:19:26: New best reward: 71.0 (+16.4%) at episode 173, saving model...
11-27 17:22:05: New best reward: 105.0 (+47.9%) at episode 1193, saving model...
11-27 17:22:07: New best reward: 122.0 (+16.2%) at episode 1203, saving model...
11-27 17:22:19: New best reward: 142.0 (+16.4%) at episode 1259, saving model...
11-27 17:22:20: New best reward: 144.0 (+1.4%) at episode 1262, saving model...
11-27 17:22:22: New best reward: 156.0 (+8.3%) at episode 1263, saving model...
11-27 17:22:25: New best reward: 200.0 (+28.2%) at episode 1270, saving model...
11-27 18:19:18: Reached target after 5725 episodes with number of timesteps: 270932 and layer passes: 28068096.
11-27 18:19:19: Seed: 38491
11-27 18:19:19: Starting training with 128 layer(s)... (cartpole1-power2)
11-27 18:19:19: New best reward: 39.0 (-4000.0%) at episode 0, saving model...
11-27 18:19:20: New best reward: 58.0 (+48.7%) at episode 16, saving model...
11-27 18:19:35: New best reward: 62.0 (+6.9%) at episode 171, saving model...
11-27 18:19:41: New best reward: 67.0 (+8.1%) at episode 230, saving model...
11-27 18:19:42: New best reward: 74.0 (+10.4%) at episode 238, saving model...
11-27 18:19:51: New best reward: 82.0 (+10.8%) at episode 303, saving model...
11-27 18:20:07: New best reward: 109.0 (+32.9%) at episode 426, saving model...
11-27 18:20:34: New best reward: 120.0 (+10.1%) at episode 599, saving model...
11-27 18:22:07: New best reward: 173.0 (+44.2%) at episode 1059, saving model...
11-27 18:26:49: New best reward: 200.0 (+15.6%) at episode 1966, saving model...
11-27 19:13:50: Reached target after 4658 episodes with number of timesteps: 282081 and layer passes: 26141056.
11-27 19:13:50: Seed: 89374
11-27 19:13:50: Starting training with 128 layer(s)... (cartpole1-power2)
11-27 19:13:50: New best reward: 44.0 (-4500.0%) at episode 0, saving model...
11-27 19:13:52: New best reward: 45.0 (+2.3%) at episode 16, saving model...
11-27 19:13:57: New best reward: 51.0 (+13.3%) at episode 76, saving model...
11-27 19:14:02: New best reward: 69.0 (+35.3%) at episode 126, saving model...
11-27 19:14:27: New best reward: 71.0 (+2.9%) at episode 339, saving model...
11-27 19:14:28: New best reward: 83.0 (+16.9%) at episode 340, saving model...
11-27 19:14:30: New best reward: 89.0 (+7.2%) at episode 355, saving model...
11-27 19:14:36: New best reward: 104.0 (+16.9%) at episode 393, saving model...
11-27 19:14:46: New best reward: 109.0 (+4.8%) at episode 459, saving model...
11-27 19:16:52: New best reward: 112.0 (+2.8%) at episode 1179, saving model...
11-27 19:17:54: New best reward: 164.0 (+46.4%) at episode 1414, saving model...
11-27 19:19:25: New best reward: 187.0 (+14.0%) at episode 1745, saving model...
11-27 19:19:56: New best reward: 193.0 (+3.2%) at episode 1804, saving model...
11-27 19:24:02: New best reward: 200.0 (+3.6%) at episode 2543, saving model...
11-27 20:46:53: Reached target after 6707 episodes with number of timesteps: 430582 and layer passes: 45139328.
11-27 20:46:53: Average duration: 316825.2 timesteps, Average layer passes: 31763712.0 (cartpole1-power2)
