11-26 13:39:35: Seed: 56342
11-26 13:39:35: Starting training with 1 layer(s)... (cartpole1-linear16)
11-26 13:39:36: New best reward: 13.0 (-1400.0%) at episode 0, saving model...
11-26 13:39:36: New best reward: 19.0 (+46.2%) at episode 2, saving model...
11-26 13:39:36: New best reward: 23.0 (+21.1%) at episode 5, saving model...
11-26 13:39:36: New best reward: 27.0 (+17.4%) at episode 7, saving model...
11-26 13:39:36: New best reward: 30.0 (+11.1%) at episode 8, saving model...
11-26 13:39:36: New best reward: 43.0 (+43.3%) at episode 21, saving model...
11-26 13:39:36: New best reward: 47.0 (+9.3%) at episode 27, saving model...
11-26 13:39:36: New best reward: 60.0 (+27.7%) at episode 59, saving model...
11-26 13:39:36: New best reward: 82.0 (+36.7%) at episode 93, saving model...
11-26 13:39:36: New best reward: 108.0 (+31.7%) at episode 188, saving model...
11-26 13:39:37: New best reward: 112.0 (+3.7%) at episode 382, saving model...
11-26 13:39:37: New best reward: 114.0 (+1.8%) at episode 397, saving model...
11-26 13:39:37: New best reward: 115.0 (+0.9%) at episode 444, saving model...
11-26 13:39:37: New best reward: 128.0 (+11.3%) at episode 449, saving model...
11-26 13:39:37: New best reward: 200.0 (+56.2%) at episode 460, saving model...
11-26 13:40:43: Reached target after 3194 episodes with number of timesteps: 334491 and layer passes: 202954.
11-26 13:40:43: Seed: 24819
11-26 13:40:43: Starting training with 1 layer(s)... (cartpole1-linear16)
11-26 13:40:43: New best reward: 11.0 (-1200.0%) at episode 0, saving model...
11-26 13:40:43: New best reward: 31.0 (+181.8%) at episode 1, saving model...
11-26 13:40:43: New best reward: 59.0 (+90.3%) at episode 2, saving model...
11-26 13:40:43: New best reward: 76.0 (+28.8%) at episode 30, saving model...
11-26 13:40:43: New best reward: 99.0 (+30.3%) at episode 57, saving model...
11-26 13:40:44: New best reward: 126.0 (+27.3%) at episode 280, saving model...
11-26 13:40:45: New best reward: 200.0 (+58.7%) at episode 616, saving model...
11-26 13:42:48: Reached target after 4043 episodes with number of timesteps: 457499 and layer passes: 310735.
11-26 13:42:48: Seed: 34981
11-26 13:42:48: Starting training with 1 layer(s)... (cartpole1-linear16)
11-26 13:42:48: New best reward: 23.0 (-2400.0%) at episode 0, saving model...
11-26 13:42:48: New best reward: 46.0 (+100.0%) at episode 1, saving model...
11-26 13:42:48: New best reward: 66.0 (+43.5%) at episode 5, saving model...
11-26 13:42:48: New best reward: 72.0 (+9.1%) at episode 39, saving model...
11-26 13:42:49: New best reward: 79.0 (+9.7%) at episode 68, saving model...
11-26 13:42:49: New best reward: 87.0 (+10.1%) at episode 96, saving model...
11-26 13:42:49: New best reward: 89.0 (+2.3%) at episode 172, saving model...
11-26 13:42:49: New best reward: 122.0 (+37.1%) at episode 257, saving model...
11-26 13:42:50: New best reward: 128.0 (+4.9%) at episode 591, saving model...
11-26 13:42:50: New best reward: 134.0 (+4.7%) at episode 618, saving model...
11-26 13:42:50: New best reward: 155.0 (+15.7%) at episode 657, saving model...
11-26 13:42:51: New best reward: 179.0 (+15.5%) at episode 765, saving model...
11-26 13:42:51: New best reward: 185.0 (+3.4%) at episode 777, saving model...
11-26 13:42:51: New best reward: 188.0 (+1.6%) at episode 830, saving model...
11-26 13:42:52: New best reward: 200.0 (+6.4%) at episode 969, saving model...
11-26 13:43:38: Reached target after 2893 episodes with number of timesteps: 276298 and layer passes: 159872.
11-26 13:43:38: Seed: 98755
11-26 13:43:38: Starting training with 1 layer(s)... (cartpole1-linear16)
11-26 13:43:38: New best reward: 54.0 (-5500.0%) at episode 0, saving model...
11-26 13:43:38: New best reward: 55.0 (+1.9%) at episode 1, saving model...
11-26 13:43:38: New best reward: 62.0 (+12.7%) at episode 49, saving model...
11-26 13:43:38: New best reward: 80.0 (+29.0%) at episode 108, saving model...
11-26 13:43:38: New best reward: 116.0 (+45.0%) at episode 111, saving model...
11-26 13:43:39: New best reward: 131.0 (+12.9%) at episode 329, saving model...
11-26 13:43:39: New best reward: 189.0 (+44.3%) at episode 459, saving model...
11-26 13:43:41: New best reward: 200.0 (+5.8%) at episode 809, saving model...
11-26 13:44:37: Reached target after 3164 episodes with number of timesteps: 303359 and layer passes: 185655.
11-26 13:44:37: Seed: 53988
11-26 13:44:37: Starting training with 1 layer(s)... (cartpole1-linear16)
11-26 13:44:37: New best reward: 25.0 (-2600.0%) at episode 0, saving model...
11-26 13:44:37: New best reward: 42.0 (+68.0%) at episode 1, saving model...
11-26 13:44:37: New best reward: 58.0 (+38.1%) at episode 2, saving model...
11-26 13:44:37: New best reward: 59.0 (+1.7%) at episode 53, saving model...
11-26 13:44:37: New best reward: 63.0 (+6.8%) at episode 93, saving model...
11-26 13:44:37: New best reward: 74.0 (+17.5%) at episode 120, saving model...
11-26 13:44:38: New best reward: 77.0 (+4.1%) at episode 150, saving model...
11-26 13:44:38: New best reward: 91.0 (+18.2%) at episode 234, saving model...
11-26 13:44:38: New best reward: 94.0 (+3.3%) at episode 245, saving model...
11-26 13:44:38: New best reward: 97.0 (+3.2%) at episode 258, saving model...
11-26 13:44:38: New best reward: 105.0 (+8.2%) at episode 275, saving model...
11-26 13:44:38: New best reward: 137.0 (+30.5%) at episode 347, saving model...
11-26 13:44:39: New best reward: 147.0 (+7.3%) at episode 516, saving model...
11-26 13:44:39: New best reward: 164.0 (+11.6%) at episode 705, saving model...
11-26 13:44:40: New best reward: 189.0 (+15.2%) at episode 711, saving model...
11-26 13:44:40: New best reward: 192.0 (+1.6%) at episode 763, saving model...
11-26 13:44:42: New best reward: 200.0 (+4.2%) at episode 1075, saving model...
11-26 13:45:35: Reached target after 2981 episodes with number of timesteps: 281760 and layer passes: 164235.
11-26 13:45:35: Average duration: 330681.4 timesteps, Average layer passes: 204690.2 (cartpole1-linear16)
11-26 13:45:35: Seed: 73884
11-26 13:45:35: Starting training with 2 layer(s)... (cartpole1-linear16)
11-26 13:45:35: New best reward: 16.0 (-1700.0%) at episode 0, saving model...
11-26 13:45:35: New best reward: 32.0 (+100.0%) at episode 3, saving model...
11-26 13:45:35: New best reward: 74.0 (+131.2%) at episode 24, saving model...
11-26 13:45:35: New best reward: 108.0 (+45.9%) at episode 135, saving model...
11-26 13:45:35: New best reward: 117.0 (+8.3%) at episode 170, saving model...
11-26 13:45:36: New best reward: 127.0 (+8.5%) at episode 193, saving model...
11-26 13:45:37: New best reward: 128.0 (+0.8%) at episode 598, saving model...
11-26 13:45:38: New best reward: 131.0 (+2.3%) at episode 711, saving model...
11-26 13:45:38: New best reward: 140.0 (+6.9%) at episode 734, saving model...
11-26 13:45:38: New best reward: 166.0 (+18.6%) at episode 759, saving model...
11-26 13:45:38: New best reward: 171.0 (+3.0%) at episode 817, saving model...
11-26 13:45:39: New best reward: 200.0 (+17.0%) at episode 861, saving model...
11-26 13:47:45: Reached target after 4254 episodes with number of timesteps: 492343 and layer passes: 678518.
11-26 13:47:45: Seed: 8121
11-26 13:47:45: Starting training with 2 layer(s)... (cartpole1-linear16)
11-26 13:47:45: New best reward: 20.0 (-2100.0%) at episode 0, saving model...
11-26 13:47:45: New best reward: 31.0 (+55.0%) at episode 1, saving model...
11-26 13:47:45: New best reward: 33.0 (+6.5%) at episode 15, saving model...
11-26 13:47:45: New best reward: 44.0 (+33.3%) at episode 16, saving model...
11-26 13:47:45: New best reward: 69.0 (+56.8%) at episode 29, saving model...
11-26 13:47:45: New best reward: 86.0 (+24.6%) at episode 174, saving model...
11-26 13:47:45: New best reward: 144.0 (+67.4%) at episode 269, saving model...
11-26 13:47:46: New best reward: 164.0 (+13.9%) at episode 532, saving model...
11-26 13:47:48: New best reward: 188.0 (+14.6%) at episode 845, saving model...
11-26 13:47:48: New best reward: 200.0 (+6.4%) at episode 865, saving model...
11-26 13:48:51: Reached target after 3044 episodes with number of timesteps: 297890 and layer passes: 354172.
11-26 13:48:51: Seed: 42118
11-26 13:48:51: Starting training with 2 layer(s)... (cartpole1-linear16)
11-26 13:48:51: New best reward: 17.0 (-1800.0%) at episode 0, saving model...
11-26 13:48:51: New best reward: 21.0 (+23.5%) at episode 1, saving model...
11-26 13:48:51: New best reward: 31.0 (+47.6%) at episode 2, saving model...
11-26 13:48:51: New best reward: 48.0 (+54.8%) at episode 10, saving model...
11-26 13:48:51: New best reward: 51.0 (+6.2%) at episode 58, saving model...
11-26 13:48:51: New best reward: 56.0 (+9.8%) at episode 60, saving model...
11-26 13:48:51: New best reward: 61.0 (+8.9%) at episode 72, saving model...
11-26 13:48:52: New best reward: 63.0 (+3.3%) at episode 152, saving model...
11-26 13:48:52: New best reward: 65.0 (+3.2%) at episode 163, saving model...
11-26 13:48:52: New best reward: 73.0 (+12.3%) at episode 167, saving model...
11-26 13:48:52: New best reward: 75.0 (+2.7%) at episode 206, saving model...
11-26 13:48:52: New best reward: 130.0 (+73.3%) at episode 229, saving model...
11-26 13:48:53: New best reward: 134.0 (+3.1%) at episode 583, saving model...
11-26 13:48:54: New best reward: 146.0 (+9.0%) at episode 695, saving model...
11-26 13:48:54: New best reward: 162.0 (+11.0%) at episode 756, saving model...
11-26 13:48:54: New best reward: 168.0 (+3.7%) at episode 772, saving model...
11-26 13:48:55: New best reward: 200.0 (+19.0%) at episode 822, saving model...
11-26 13:50:01: Reached target after 3357 episodes with number of timesteps: 322840 and layer passes: 406620.
11-26 13:50:01: Seed: 28402
11-26 13:50:01: Starting training with 2 layer(s)... (cartpole1-linear16)
11-26 13:50:01: New best reward: 73.0 (-7400.0%) at episode 0, saving model...
11-26 13:50:01: New best reward: 77.0 (+5.5%) at episode 95, saving model...
11-26 13:50:02: New best reward: 78.0 (+1.3%) at episode 298, saving model...
11-26 13:50:02: New best reward: 165.0 (+111.5%) at episode 346, saving model...
11-26 13:50:04: New best reward: 166.0 (+0.6%) at episode 687, saving model...
11-26 13:50:04: New best reward: 168.0 (+1.2%) at episode 700, saving model...
11-26 13:50:06: New best reward: 200.0 (+19.0%) at episode 991, saving model...
11-26 13:51:43: Reached target after 4026 episodes with number of timesteps: 402180 and layer passes: 542798.
11-26 13:51:43: Seed: 39407
11-26 13:51:43: Starting training with 2 layer(s)... (cartpole1-linear16)
11-26 13:51:43: New best reward: 12.0 (-1300.0%) at episode 0, saving model...
11-26 13:51:43: New best reward: 50.0 (+316.7%) at episode 1, saving model...
11-26 13:51:43: New best reward: 51.0 (+2.0%) at episode 62, saving model...
11-26 13:51:43: New best reward: 57.0 (+11.8%) at episode 71, saving model...
11-26 13:51:43: New best reward: 62.0 (+8.8%) at episode 79, saving model...
11-26 13:51:43: New best reward: 73.0 (+17.7%) at episode 123, saving model...
11-26 13:51:43: New best reward: 79.0 (+8.2%) at episode 124, saving model...
11-26 13:51:43: New best reward: 93.0 (+17.7%) at episode 204, saving model...
11-26 13:51:43: New best reward: 102.0 (+9.7%) at episode 213, saving model...
11-26 13:51:43: New best reward: 103.0 (+1.0%) at episode 248, saving model...
11-26 13:51:44: New best reward: 137.0 (+33.0%) at episode 424, saving model...
11-26 13:51:44: New best reward: 140.0 (+2.2%) at episode 473, saving model...
11-26 13:51:44: New best reward: 142.0 (+1.4%) at episode 498, saving model...
11-26 13:51:45: New best reward: 151.0 (+6.3%) at episode 567, saving model...
11-26 13:51:45: New best reward: 155.0 (+2.6%) at episode 627, saving model...
11-26 13:51:45: New best reward: 175.0 (+12.9%) at episode 716, saving model...
11-26 13:51:47: New best reward: 200.0 (+14.3%) at episode 880, saving model...
11-26 13:54:13: Reached target after 5274 episodes with number of timesteps: 623590 and layer passes: 934588.
11-26 13:54:13: Average duration: 427768.6 timesteps, Average layer passes: 583339.2 (cartpole1-linear16)
11-26 13:54:13: Seed: 40264
11-26 13:54:13: Starting training with 3 layer(s)... (cartpole1-linear16)
11-26 13:54:13: New best reward: 17.0 (-1800.0%) at episode 0, saving model...
11-26 13:54:13: New best reward: 27.0 (+58.8%) at episode 1, saving model...
11-26 13:54:13: New best reward: 38.0 (+40.7%) at episode 2, saving model...
11-26 13:54:13: New best reward: 41.0 (+7.9%) at episode 6, saving model...
11-26 13:54:13: New best reward: 67.0 (+63.4%) at episode 21, saving model...
11-26 13:54:13: New best reward: 95.0 (+41.8%) at episode 92, saving model...
11-26 13:54:14: New best reward: 97.0 (+2.1%) at episode 271, saving model...
11-26 13:54:14: New best reward: 101.0 (+4.1%) at episode 371, saving model...
11-26 13:54:15: New best reward: 112.0 (+10.9%) at episode 402, saving model...
11-26 13:54:15: New best reward: 115.0 (+2.7%) at episode 481, saving model...
11-26 13:54:15: New best reward: 122.0 (+6.1%) at episode 549, saving model...
11-26 13:54:16: New best reward: 149.0 (+22.1%) at episode 728, saving model...
11-26 13:54:16: New best reward: 164.0 (+10.1%) at episode 729, saving model...
11-26 13:54:18: New best reward: 182.0 (+11.0%) at episode 938, saving model...
11-26 13:54:19: New best reward: 200.0 (+9.9%) at episode 1013, saving model...
11-26 13:55:41: Reached target after 3029 episodes with number of timesteps: 278930 and layer passes: 505860.
11-26 13:55:41: Seed: 1385
11-26 13:55:41: Starting training with 3 layer(s)... (cartpole1-linear16)
11-26 13:55:41: New best reward: 14.0 (-1500.0%) at episode 0, saving model...
11-26 13:55:41: New best reward: 18.0 (+28.6%) at episode 2, saving model...
11-26 13:55:41: New best reward: 25.0 (+38.9%) at episode 3, saving model...
11-26 13:55:41: New best reward: 37.0 (+48.0%) at episode 17, saving model...
11-26 13:55:41: New best reward: 45.0 (+21.6%) at episode 20, saving model...
11-26 13:55:41: New best reward: 71.0 (+57.8%) at episode 27, saving model...
11-26 13:55:42: New best reward: 86.0 (+21.1%) at episode 195, saving model...
11-26 13:55:42: New best reward: 110.0 (+27.9%) at episode 266, saving model...
11-26 13:55:43: New best reward: 119.0 (+8.2%) at episode 382, saving model...
11-26 13:55:43: New best reward: 129.0 (+8.4%) at episode 463, saving model...
11-26 13:55:44: New best reward: 133.0 (+3.1%) at episode 546, saving model...
11-26 13:55:45: New best reward: 138.0 (+3.8%) at episode 713, saving model...
11-26 13:55:45: New best reward: 143.0 (+3.6%) at episode 718, saving model...
11-26 13:55:45: New best reward: 171.0 (+19.6%) at episode 790, saving model...
11-26 13:55:47: New best reward: 200.0 (+17.0%) at episode 945, saving model...
11-26 13:57:36: Reached target after 3507 episodes with number of timesteps: 345454 and layer passes: 670209.
11-26 13:57:36: Seed: 23780
11-26 13:57:36: Starting training with 3 layer(s)... (cartpole1-linear16)
11-26 13:57:36: New best reward: 23.0 (-2400.0%) at episode 0, saving model...
11-26 13:57:36: New best reward: 38.0 (+65.2%) at episode 2, saving model...
11-26 13:57:36: New best reward: 49.0 (+28.9%) at episode 12, saving model...
11-26 13:57:37: New best reward: 51.0 (+4.1%) at episode 47, saving model...
11-26 13:57:37: New best reward: 66.0 (+29.4%) at episode 56, saving model...
11-26 13:57:37: New best reward: 73.0 (+10.6%) at episode 124, saving model...
11-26 13:57:37: New best reward: 76.0 (+4.1%) at episode 125, saving model...
11-26 13:57:37: New best reward: 107.0 (+40.8%) at episode 155, saving model...
11-26 13:57:37: New best reward: 128.0 (+19.6%) at episode 282, saving model...
11-26 13:57:39: New best reward: 177.0 (+38.3%) at episode 517, saving model...
11-26 13:57:41: New best reward: 200.0 (+13.0%) at episode 859, saving model...
11-26 13:59:46: Reached target after 3493 episodes with number of timesteps: 418922 and layer passes: 799584.
11-26 13:59:47: Seed: 55193
11-26 13:59:47: Starting training with 3 layer(s)... (cartpole1-linear16)
11-26 13:59:47: New best reward: 16.0 (-1700.0%) at episode 0, saving model...
11-26 13:59:47: New best reward: 18.0 (+12.5%) at episode 2, saving model...
11-26 13:59:47: New best reward: 31.0 (+72.2%) at episode 5, saving model...
11-26 13:59:47: New best reward: 78.0 (+151.6%) at episode 27, saving model...
11-26 13:59:47: New best reward: 125.0 (+60.3%) at episode 141, saving model...
11-26 13:59:49: New best reward: 149.0 (+19.2%) at episode 523, saving model...
11-26 13:59:49: New best reward: 181.0 (+21.5%) at episode 534, saving model...
11-26 13:59:51: New best reward: 188.0 (+3.9%) at episode 813, saving model...
11-26 13:59:51: New best reward: 200.0 (+6.4%) at episode 845, saving model...
11-26 14:01:22: Reached target after 3530 episodes with number of timesteps: 335231 and layer passes: 638070.
11-26 14:01:23: Seed: 23495
11-26 14:01:23: Starting training with 3 layer(s)... (cartpole1-linear16)
11-26 14:01:23: New best reward: 38.0 (-3900.0%) at episode 0, saving model...
11-26 14:01:23: New best reward: 61.0 (+60.5%) at episode 20, saving model...
11-26 14:01:23: New best reward: 78.0 (+27.9%) at episode 39, saving model...
11-26 14:01:23: New best reward: 94.0 (+20.5%) at episode 193, saving model...
11-26 14:01:23: New best reward: 113.0 (+20.2%) at episode 229, saving model...
11-26 14:01:24: New best reward: 119.0 (+5.3%) at episode 331, saving model...
11-26 14:01:24: New best reward: 137.0 (+15.1%) at episode 360, saving model...
11-26 14:01:24: New best reward: 166.0 (+21.2%) at episode 444, saving model...
11-26 14:01:26: New best reward: 200.0 (+20.5%) at episode 734, saving model...
11-26 14:02:25: Reached target after 2474 episodes with number of timesteps: 227663 and layer passes: 367974.
11-26 14:02:26: Average duration: 321240.0 timesteps, Average layer passes: 596339.4 (cartpole1-linear16)
11-26 14:02:26: Seed: 77147
11-26 14:02:26: Starting training with 4 layer(s)... (cartpole1-linear16)
11-26 14:02:26: New best reward: 43.0 (-4400.0%) at episode 0, saving model...
11-26 14:02:26: New best reward: 61.0 (+41.9%) at episode 28, saving model...
11-26 14:02:26: New best reward: 76.0 (+24.6%) at episode 105, saving model...
11-26 14:02:26: New best reward: 119.0 (+56.6%) at episode 163, saving model...
11-26 14:02:27: New best reward: 130.0 (+9.2%) at episode 221, saving model...
11-26 14:02:27: New best reward: 165.0 (+26.9%) at episode 376, saving model...
11-26 14:02:30: New best reward: 167.0 (+1.2%) at episode 761, saving model...
11-26 14:02:30: New best reward: 169.0 (+1.2%) at episode 779, saving model...
11-26 14:02:30: New best reward: 200.0 (+18.3%) at episode 788, saving model...
11-26 14:04:17: Reached target after 3240 episodes with number of timesteps: 295907 and layer passes: 705368.
11-26 14:04:18: Seed: 92180
11-26 14:04:18: Starting training with 4 layer(s)... (cartpole1-linear16)
11-26 14:04:18: New best reward: 17.0 (-1800.0%) at episode 0, saving model...
11-26 14:04:18: New best reward: 22.0 (+29.4%) at episode 1, saving model...
11-26 14:04:18: New best reward: 24.0 (+9.1%) at episode 2, saving model...
11-26 14:04:18: New best reward: 28.0 (+16.7%) at episode 4, saving model...
11-26 14:04:18: New best reward: 61.0 (+117.9%) at episode 5, saving model...
11-26 14:04:18: New best reward: 82.0 (+34.4%) at episode 68, saving model...
11-26 14:04:18: New best reward: 88.0 (+7.3%) at episode 159, saving model...
11-26 14:04:19: New best reward: 126.0 (+43.2%) at episode 287, saving model...
11-26 14:04:19: New best reward: 151.0 (+19.8%) at episode 419, saving model...
11-26 14:04:22: New best reward: 186.0 (+23.2%) at episode 720, saving model...
11-26 14:04:24: New best reward: 188.0 (+1.1%) at episode 868, saving model...
11-26 14:04:24: New best reward: 191.0 (+1.6%) at episode 920, saving model...
11-26 14:04:25: New best reward: 200.0 (+4.7%) at episode 935, saving model...
11-26 14:10:03: Reached target after 7822 episodes with number of timesteps: 864784 and layer passes: 2792116.
11-26 14:10:04: Seed: 74130
11-26 14:10:04: Starting training with 4 layer(s)... (cartpole1-linear16)
11-26 14:10:04: New best reward: 50.0 (-5100.0%) at episode 0, saving model...
11-26 14:10:04: New best reward: 61.0 (+22.0%) at episode 8, saving model...
11-26 14:10:04: New best reward: 65.0 (+6.6%) at episode 39, saving model...
11-26 14:10:04: New best reward: 79.0 (+21.5%) at episode 109, saving model...
11-26 14:10:04: New best reward: 81.0 (+2.5%) at episode 116, saving model...
11-26 14:10:06: New best reward: 102.0 (+25.9%) at episode 370, saving model...
11-26 14:10:06: New best reward: 110.0 (+7.8%) at episode 395, saving model...
11-26 14:10:06: New best reward: 129.0 (+17.3%) at episode 464, saving model...
11-26 14:10:07: New best reward: 134.0 (+3.9%) at episode 556, saving model...
11-26 14:10:07: New best reward: 138.0 (+3.0%) at episode 598, saving model...
11-26 14:10:07: New best reward: 191.0 (+38.4%) at episode 602, saving model...
11-26 14:10:09: New best reward: 194.0 (+1.6%) at episode 719, saving model...
11-26 14:10:09: New best reward: 200.0 (+3.1%) at episode 794, saving model...
11-26 14:12:21: Reached target after 3991 episodes with number of timesteps: 400427 and layer passes: 1065888.
11-26 14:12:21: Seed: 31067
11-26 14:12:21: Starting training with 4 layer(s)... (cartpole1-linear16)
11-26 14:12:21: New best reward: 31.0 (-3200.0%) at episode 0, saving model...
11-26 14:12:21: New best reward: 48.0 (+54.8%) at episode 6, saving model...
11-26 14:12:21: New best reward: 74.0 (+54.2%) at episode 20, saving model...
11-26 14:12:21: New best reward: 77.0 (+4.1%) at episode 58, saving model...
11-26 14:12:21: New best reward: 82.0 (+6.5%) at episode 74, saving model...
11-26 14:12:22: New best reward: 100.0 (+22.0%) at episode 147, saving model...
11-26 14:12:22: New best reward: 121.0 (+21.0%) at episode 191, saving model...
11-26 14:12:24: New best reward: 144.0 (+19.0%) at episode 503, saving model...
11-26 14:12:26: New best reward: 157.0 (+9.0%) at episode 745, saving model...
11-26 14:12:27: New best reward: 174.0 (+10.8%) at episode 829, saving model...
11-26 14:12:27: New best reward: 200.0 (+14.9%) at episode 861, saving model...
11-26 14:13:58: Reached target after 2926 episodes with number of timesteps: 287136 and layer passes: 679764.
11-26 14:13:59: Seed: 29709
11-26 14:13:59: Starting training with 4 layer(s)... (cartpole1-linear16)
11-26 14:13:59: New best reward: 16.0 (-1700.0%) at episode 0, saving model...
11-26 14:13:59: New best reward: 26.0 (+62.5%) at episode 1, saving model...
11-26 14:13:59: New best reward: 28.0 (+7.7%) at episode 4, saving model...
11-26 14:13:59: New best reward: 34.0 (+21.4%) at episode 10, saving model...
11-26 14:13:59: New best reward: 38.0 (+11.8%) at episode 18, saving model...
11-26 14:13:59: New best reward: 91.0 (+139.5%) at episode 23, saving model...
11-26 14:13:59: New best reward: 108.0 (+18.7%) at episode 175, saving model...
11-26 14:14:01: New best reward: 111.0 (+2.8%) at episode 518, saving model...
11-26 14:14:01: New best reward: 112.0 (+0.9%) at episode 538, saving model...
11-26 14:14:01: New best reward: 120.0 (+7.1%) at episode 607, saving model...
11-26 14:14:02: New best reward: 169.0 (+40.8%) at episode 671, saving model...
11-26 14:14:05: New best reward: 194.0 (+14.8%) at episode 1028, saving model...
11-26 14:14:06: New best reward: 200.0 (+3.1%) at episode 1050, saving model...
11-26 14:17:04: Reached target after 4772 episodes with number of timesteps: 477758 and layer passes: 1401204.
11-26 14:17:04: Average duration: 465202.4 timesteps, Average layer passes: 1328868.0 (cartpole1-linear16)
11-26 14:17:04: Seed: 18795
11-26 14:17:04: Starting training with 5 layer(s)... (cartpole1-linear16)
11-26 14:17:04: New best reward: 13.0 (-1400.0%) at episode 0, saving model...
11-26 14:17:04: New best reward: 18.0 (+38.5%) at episode 1, saving model...
11-26 14:17:04: New best reward: 26.0 (+44.4%) at episode 3, saving model...
11-26 14:17:04: New best reward: 32.0 (+23.1%) at episode 8, saving model...
11-26 14:17:04: New best reward: 50.0 (+56.2%) at episode 14, saving model...
11-26 14:17:04: New best reward: 63.0 (+26.0%) at episode 15, saving model...
11-26 14:17:05: New best reward: 79.0 (+25.4%) at episode 19, saving model...
11-26 14:17:05: New best reward: 145.0 (+83.5%) at episode 117, saving model...
11-26 14:17:09: New best reward: 175.0 (+20.7%) at episode 712, saving model...
11-26 14:17:10: New best reward: 199.0 (+13.7%) at episode 788, saving model...
11-26 14:17:11: New best reward: 200.0 (+0.5%) at episode 845, saving model...
11-26 14:18:30: Reached target after 2430 episodes with number of timesteps: 247877 and layer passes: 663495.
11-26 14:18:30: Seed: 21052
11-26 14:18:30: Starting training with 5 layer(s)... (cartpole1-linear16)
11-26 14:18:30: New best reward: 41.0 (-4200.0%) at episode 0, saving model...
11-26 14:18:30: New best reward: 47.0 (+14.6%) at episode 37, saving model...
11-26 14:18:30: New best reward: 50.0 (+6.4%) at episode 55, saving model...
11-26 14:18:30: New best reward: 74.0 (+48.0%) at episode 90, saving model...
11-26 14:18:30: New best reward: 132.0 (+78.4%) at episode 95, saving model...
11-26 14:18:34: New best reward: 138.0 (+4.5%) at episode 556, saving model...
11-26 14:18:34: New best reward: 163.0 (+18.1%) at episode 595, saving model...
11-26 14:18:37: New best reward: 200.0 (+22.7%) at episode 847, saving model...
11-26 14:21:14: Reached target after 4579 episodes with number of timesteps: 391978 and layer passes: 1375855.
11-26 14:21:15: Seed: 47689
11-26 14:21:15: Starting training with 5 layer(s)... (cartpole1-linear16)
11-26 14:21:15: New best reward: 18.0 (-1900.0%) at episode 0, saving model...
11-26 14:21:15: New best reward: 28.0 (+55.6%) at episode 4, saving model...
11-26 14:21:15: New best reward: 56.0 (+100.0%) at episode 5, saving model...
11-26 14:21:15: New best reward: 63.0 (+12.5%) at episode 64, saving model...
11-26 14:21:15: New best reward: 69.0 (+9.5%) at episode 130, saving model...
11-26 14:21:16: New best reward: 81.0 (+17.4%) at episode 251, saving model...
11-26 14:21:17: New best reward: 94.0 (+16.0%) at episode 338, saving model...
11-26 14:21:18: New best reward: 106.0 (+12.8%) at episode 466, saving model...
11-26 14:21:18: New best reward: 108.0 (+1.9%) at episode 529, saving model...
11-26 14:21:19: New best reward: 113.0 (+4.6%) at episode 558, saving model...
11-26 14:21:19: New best reward: 121.0 (+7.1%) at episode 561, saving model...
11-26 14:21:19: New best reward: 139.0 (+14.9%) at episode 591, saving model...
11-26 14:21:19: New best reward: 148.0 (+6.5%) at episode 644, saving model...
11-26 14:21:21: New best reward: 160.0 (+8.1%) at episode 763, saving model...
11-26 14:21:23: New best reward: 200.0 (+25.0%) at episode 921, saving model...
11-26 14:22:56: Reached target after 2868 episodes with number of timesteps: 282032 and layer passes: 813160.
11-26 14:22:57: Seed: 28993
11-26 14:22:57: Starting training with 5 layer(s)... (cartpole1-linear16)
11-26 14:22:57: New best reward: 11.0 (-1200.0%) at episode 0, saving model...
11-26 14:22:57: New best reward: 17.0 (+54.5%) at episode 1, saving model...
11-26 14:22:57: New best reward: 18.0 (+5.9%) at episode 4, saving model...
11-26 14:22:57: New best reward: 23.0 (+27.8%) at episode 5, saving model...
11-26 14:22:57: New best reward: 27.0 (+17.4%) at episode 10, saving model...
11-26 14:22:57: New best reward: 38.0 (+40.7%) at episode 13, saving model...
11-26 14:22:57: New best reward: 40.0 (+5.3%) at episode 57, saving model...
11-26 14:22:57: New best reward: 71.0 (+77.5%) at episode 58, saving model...
11-26 14:22:57: New best reward: 74.0 (+4.2%) at episode 159, saving model...
11-26 14:22:58: New best reward: 80.0 (+8.1%) at episode 291, saving model...
11-26 14:22:58: New best reward: 109.0 (+36.2%) at episode 327, saving model...
11-26 14:22:58: New best reward: 121.0 (+11.0%) at episode 340, saving model...
11-26 14:23:01: New best reward: 192.0 (+58.7%) at episode 691, saving model...
11-26 14:23:02: New best reward: 200.0 (+4.2%) at episode 750, saving model...
11-26 14:25:43: Reached target after 3500 episodes with number of timesteps: 361769 and layer passes: 1171965.
11-26 14:25:44: Seed: 19553
11-26 14:25:44: Starting training with 5 layer(s)... (cartpole1-linear16)
11-26 14:25:44: New best reward: 26.0 (-2700.0%) at episode 0, saving model...
11-26 14:25:44: New best reward: 35.0 (+34.6%) at episode 8, saving model...
11-26 14:25:44: New best reward: 49.0 (+40.0%) at episode 17, saving model...
11-26 14:25:44: New best reward: 56.0 (+14.3%) at episode 35, saving model...
11-26 14:25:44: New best reward: 60.0 (+7.1%) at episode 38, saving model...
11-26 14:25:44: New best reward: 96.0 (+60.0%) at episode 47, saving model...
11-26 14:25:47: New best reward: 116.0 (+20.8%) at episode 244, saving model...
11-26 14:25:47: New best reward: 139.0 (+19.8%) at episode 303, saving model...
11-26 14:25:50: New best reward: 144.0 (+3.6%) at episode 592, saving model...
11-26 14:25:53: New best reward: 166.0 (+15.3%) at episode 828, saving model...
11-26 14:25:53: New best reward: 169.0 (+1.8%) at episode 829, saving model...
11-26 14:25:54: New best reward: 200.0 (+18.3%) at episode 920, saving model...
11-26 14:28:24: Reached target after 3769 episodes with number of timesteps: 438274 and layer passes: 1461130.
11-26 14:28:25: Average duration: 344386.0 timesteps, Average layer passes: 1097121.0 (cartpole1-linear16)
11-26 14:28:25: Seed: 83640
11-26 14:28:25: Starting training with 6 layer(s)... (cartpole1-linear16)
11-26 14:28:25: New best reward: 14.0 (-1500.0%) at episode 0, saving model...
11-26 14:28:25: New best reward: 23.0 (+64.3%) at episode 2, saving model...
11-26 14:28:25: New best reward: 38.0 (+65.2%) at episode 3, saving model...
11-26 14:28:25: New best reward: 55.0 (+44.7%) at episode 19, saving model...
11-26 14:28:25: New best reward: 65.0 (+18.2%) at episode 80, saving model...
11-26 14:28:25: New best reward: 92.0 (+41.5%) at episode 98, saving model...
11-26 14:28:26: New best reward: 105.0 (+14.1%) at episode 195, saving model...
11-26 14:28:27: New best reward: 110.0 (+4.8%) at episode 392, saving model...
11-26 14:28:28: New best reward: 111.0 (+0.9%) at episode 429, saving model...
11-26 14:28:28: New best reward: 147.0 (+32.4%) at episode 469, saving model...
11-26 14:28:30: New best reward: 152.0 (+3.4%) at episode 606, saving model...
11-26 14:28:32: New best reward: 176.0 (+15.8%) at episode 833, saving model...
11-26 14:28:33: New best reward: 195.0 (+10.8%) at episode 883, saving model...
11-26 14:28:34: New best reward: 200.0 (+2.6%) at episode 971, saving model...
11-26 14:38:42: Reached target after 9152 episodes with number of timesteps: 1124358 and layer passes: 5722908.
11-26 14:38:42: Seed: 92885
11-26 14:38:42: Starting training with 6 layer(s)... (cartpole1-linear16)
11-26 14:38:42: New best reward: 13.0 (-1400.0%) at episode 0, saving model...
11-26 14:38:42: New best reward: 22.0 (+69.2%) at episode 1, saving model...
11-26 14:38:42: New best reward: 23.0 (+4.5%) at episode 5, saving model...
11-26 14:38:42: New best reward: 50.0 (+117.4%) at episode 6, saving model...
11-26 14:38:42: New best reward: 52.0 (+4.0%) at episode 26, saving model...
11-26 14:38:42: New best reward: 61.0 (+17.3%) at episode 37, saving model...
11-26 14:38:43: New best reward: 108.0 (+77.0%) at episode 108, saving model...
11-26 14:38:43: New best reward: 151.0 (+39.8%) at episode 225, saving model...
11-26 14:38:47: New best reward: 174.0 (+15.2%) at episode 712, saving model...
11-26 14:38:48: New best reward: 183.0 (+5.2%) at episode 747, saving model...
11-26 14:38:48: New best reward: 200.0 (+9.3%) at episode 773, saving model...
11-26 14:42:18: Reached target after 4371 episodes with number of timesteps: 517930 and layer passes: 2197554.
11-26 14:42:18: Seed: 48271
11-26 14:42:18: Starting training with 6 layer(s)... (cartpole1-linear16)
11-26 14:42:18: New best reward: 15.0 (-1600.0%) at episode 0, saving model...
11-26 14:42:18: New best reward: 58.0 (+286.7%) at episode 1, saving model...
11-26 14:42:18: New best reward: 65.0 (+12.1%) at episode 36, saving model...
11-26 14:42:19: New best reward: 83.0 (+27.7%) at episode 152, saving model...
11-26 14:42:19: New best reward: 85.0 (+2.4%) at episode 206, saving model...
11-26 14:42:20: New best reward: 102.0 (+20.0%) at episode 247, saving model...
11-26 14:42:22: New best reward: 110.0 (+7.8%) at episode 547, saving model...
11-26 14:42:22: New best reward: 165.0 (+50.0%) at episode 565, saving model...
11-26 14:42:23: New best reward: 168.0 (+1.8%) at episode 710, saving model...
11-26 14:42:26: New best reward: 197.0 (+17.3%) at episode 936, saving model...
11-26 14:42:32: New best reward: 200.0 (+1.5%) at episode 1319, saving model...
11-26 14:47:43: Reached target after 6462 episodes with number of timesteps: 669905 and layer passes: 3259506.
11-26 14:47:43: Seed: 19260
11-26 14:47:43: Starting training with 6 layer(s)... (cartpole1-linear16)
11-26 14:47:43: New best reward: 24.0 (-2500.0%) at episode 0, saving model...
11-26 14:47:43: New best reward: 68.0 (+183.3%) at episode 1, saving model...
11-26 14:47:44: New best reward: 78.0 (+14.7%) at episode 168, saving model...
11-26 14:47:45: New best reward: 104.0 (+33.3%) at episode 296, saving model...
11-26 14:47:45: New best reward: 127.0 (+22.1%) at episode 332, saving model...
11-26 14:47:46: New best reward: 143.0 (+12.6%) at episode 455, saving model...
11-26 14:47:47: New best reward: 164.0 (+14.7%) at episode 517, saving model...
11-26 14:47:48: New best reward: 174.0 (+6.1%) at episode 616, saving model...
11-26 14:47:50: New best reward: 180.0 (+3.4%) at episode 863, saving model...
11-26 14:47:53: New best reward: 200.0 (+11.1%) at episode 1046, saving model...
11-26 14:49:02: Reached target after 2561 episodes with number of timesteps: 213544 and layer passes: 694626.
11-26 14:49:03: Seed: 98538
11-26 14:49:03: Starting training with 6 layer(s)... (cartpole1-linear16)
11-26 14:49:03: New best reward: 13.0 (-1400.0%) at episode 0, saving model...
11-26 14:49:03: New best reward: 26.0 (+100.0%) at episode 2, saving model...
11-26 14:49:03: New best reward: 35.0 (+34.6%) at episode 5, saving model...
11-26 14:49:03: New best reward: 48.0 (+37.1%) at episode 9, saving model...
11-26 14:49:03: New best reward: 52.0 (+8.3%) at episode 56, saving model...
11-26 14:49:03: New best reward: 75.0 (+44.2%) at episode 88, saving model...
11-26 14:49:03: New best reward: 87.0 (+16.0%) at episode 152, saving model...
11-26 14:49:04: New best reward: 95.0 (+9.2%) at episode 311, saving model...
11-26 14:49:04: New best reward: 97.0 (+2.1%) at episode 320, saving model...
11-26 14:49:05: New best reward: 98.0 (+1.0%) at episode 353, saving model...
11-26 14:49:05: New best reward: 99.0 (+1.0%) at episode 383, saving model...
11-26 14:49:06: New best reward: 103.0 (+4.0%) at episode 535, saving model...
11-26 14:49:06: New best reward: 132.0 (+28.2%) at episode 556, saving model...
11-26 14:49:06: New best reward: 145.0 (+9.8%) at episode 583, saving model...
11-26 14:49:08: New best reward: 173.0 (+19.3%) at episode 746, saving model...
11-26 14:49:09: New best reward: 200.0 (+15.6%) at episode 804, saving model...
11-26 14:54:08: Reached target after 5348 episodes with number of timesteps: 615035 and layer passes: 2786892.
11-26 14:54:08: Average duration: 628154.4 timesteps, Average layer passes: 2932297.2 (cartpole1-linear16)
11-26 14:54:08: Seed: 85083
11-26 14:54:08: Starting training with 7 layer(s)... (cartpole1-linear16)
11-26 14:54:08: New best reward: 48.0 (-4900.0%) at episode 0, saving model...
11-26 14:54:08: New best reward: 53.0 (+10.4%) at episode 45, saving model...
11-26 14:54:09: New best reward: 121.0 (+128.3%) at episode 112, saving model...
11-26 14:54:11: New best reward: 123.0 (+1.7%) at episode 366, saving model...
11-26 14:54:12: New best reward: 143.0 (+16.3%) at episode 573, saving model...
11-26 14:54:13: New best reward: 191.0 (+33.6%) at episode 633, saving model...
11-26 14:54:16: New best reward: 200.0 (+4.7%) at episode 880, saving model...
11-26 14:56:24: Reached target after 3259 episodes with number of timesteps: 309726 and layer passes: 1316147.
11-26 14:56:24: Seed: 98815
11-26 14:56:24: Starting training with 7 layer(s)... (cartpole1-linear16)
11-26 14:56:24: New best reward: 40.0 (-4100.0%) at episode 0, saving model...
11-26 14:56:25: New best reward: 48.0 (+20.0%) at episode 16, saving model...
11-26 14:56:25: New best reward: 55.0 (+14.6%) at episode 18, saving model...
11-26 14:56:25: New best reward: 70.0 (+27.3%) at episode 48, saving model...
11-26 14:56:25: New best reward: 101.0 (+44.3%) at episode 166, saving model...
11-26 14:56:26: New best reward: 104.0 (+3.0%) at episode 216, saving model...
11-26 14:56:27: New best reward: 105.0 (+1.0%) at episode 397, saving model...
11-26 14:56:27: New best reward: 133.0 (+26.7%) at episode 451, saving model...
11-26 14:56:31: New best reward: 147.0 (+10.5%) at episode 804, saving model...
11-26 14:56:32: New best reward: 152.0 (+3.4%) at episode 906, saving model...
11-26 14:56:33: New best reward: 200.0 (+31.6%) at episode 937, saving model...
11-26 15:10:34: Reached target after 11343 episodes with number of timesteps: 1514921 and layer passes: 9307963.
11-26 15:10:34: Seed: 75053
11-26 15:10:34: Starting training with 7 layer(s)... (cartpole1-linear16)
11-26 15:10:34: New best reward: 19.0 (-2000.0%) at episode 0, saving model...
11-26 15:10:34: New best reward: 25.0 (+31.6%) at episode 1, saving model...
11-26 15:10:34: New best reward: 47.0 (+88.0%) at episode 11, saving model...
11-26 15:10:34: New best reward: 65.0 (+38.3%) at episode 36, saving model...
11-26 15:10:35: New best reward: 67.0 (+3.1%) at episode 159, saving model...
11-26 15:10:35: New best reward: 101.0 (+50.7%) at episode 213, saving model...
11-26 15:10:35: New best reward: 105.0 (+4.0%) at episode 238, saving model...
11-26 15:10:37: New best reward: 122.0 (+16.2%) at episode 424, saving model...
11-26 15:10:37: New best reward: 126.0 (+3.3%) at episode 516, saving model...
11-26 15:10:39: New best reward: 127.0 (+0.8%) at episode 641, saving model...
11-26 15:10:39: New best reward: 153.0 (+20.5%) at episode 655, saving model...
11-26 15:10:39: New best reward: 157.0 (+2.6%) at episode 703, saving model...
11-26 15:10:41: New best reward: 200.0 (+27.4%) at episode 782, saving model...
11-26 15:15:53: Reached target after 5562 episodes with number of timesteps: 666388 and layer passes: 3477908.
11-26 15:15:54: Seed: 2201
11-26 15:15:54: Starting training with 7 layer(s)... (cartpole1-linear16)
11-26 15:15:54: New best reward: 18.0 (-1900.0%) at episode 0, saving model...
11-26 15:15:54: New best reward: 28.0 (+55.6%) at episode 2, saving model...
11-26 15:15:54: New best reward: 41.0 (+46.4%) at episode 5, saving model...
11-26 15:15:54: New best reward: 47.0 (+14.6%) at episode 11, saving model...
11-26 15:15:54: New best reward: 49.0 (+4.3%) at episode 17, saving model...
11-26 15:15:54: New best reward: 73.0 (+49.0%) at episode 53, saving model...
11-26 15:15:55: New best reward: 120.0 (+64.4%) at episode 210, saving model...
11-26 15:15:56: New best reward: 146.0 (+21.7%) at episode 327, saving model...
11-26 15:15:57: New best reward: 165.0 (+13.0%) at episode 528, saving model...
11-26 15:15:59: New best reward: 167.0 (+1.2%) at episode 700, saving model...
11-26 15:16:00: New best reward: 176.0 (+5.4%) at episode 765, saving model...
11-26 15:16:02: New best reward: 180.0 (+2.3%) at episode 925, saving model...
11-26 15:16:04: New best reward: 200.0 (+11.1%) at episode 999, saving model...
11-26 15:21:35: Reached target after 5123 episodes with number of timesteps: 622419 and layer passes: 3223661.
11-26 15:21:35: Seed: 82551
11-26 15:21:35: Starting training with 7 layer(s)... (cartpole1-linear16)
11-26 15:21:35: New best reward: 34.0 (-3500.0%) at episode 0, saving model...
11-26 15:21:36: New best reward: 41.0 (+20.6%) at episode 11, saving model...
11-26 15:21:36: New best reward: 64.0 (+56.1%) at episode 12, saving model...
11-26 15:21:36: New best reward: 101.0 (+57.8%) at episode 85, saving model...
11-26 15:21:37: New best reward: 108.0 (+6.9%) at episode 316, saving model...
11-26 15:21:38: New best reward: 114.0 (+5.6%) at episode 337, saving model...
11-26 15:21:38: New best reward: 131.0 (+14.9%) at episode 446, saving model...
11-26 15:21:41: New best reward: 150.0 (+14.5%) at episode 735, saving model...
11-26 15:21:43: New best reward: 152.0 (+1.3%) at episode 880, saving model...
11-26 15:21:43: New best reward: 183.0 (+20.4%) at episode 886, saving model...
11-26 15:21:45: New best reward: 193.0 (+5.5%) at episode 985, saving model...
11-26 15:21:45: New best reward: 200.0 (+3.6%) at episode 996, saving model...
11-26 15:26:50: Reached target after 5176 episodes with number of timesteps: 562008 and layer passes: 2979228.
11-26 15:26:50: Average duration: 735092.4 timesteps, Average layer passes: 4060981.4 (cartpole1-linear16)
11-26 15:26:50: Seed: 2652
11-26 15:26:50: Starting training with 8 layer(s)... (cartpole1-linear16)
11-26 15:26:50: New best reward: 53.0 (-5400.0%) at episode 0, saving model...
11-26 15:26:50: New best reward: 58.0 (+9.4%) at episode 27, saving model...
11-26 15:26:50: New best reward: 84.0 (+44.8%) at episode 69, saving model...
11-26 15:26:51: New best reward: 104.0 (+23.8%) at episode 99, saving model...
11-26 15:26:52: New best reward: 156.0 (+50.0%) at episode 271, saving model...
11-26 15:26:54: New best reward: 165.0 (+5.8%) at episode 500, saving model...
11-26 15:26:58: New best reward: 200.0 (+21.2%) at episode 764, saving model...
11-26 15:31:52: Reached target after 3864 episodes with number of timesteps: 425586 and layer passes: 2279416.
11-26 15:31:52: Seed: 93407
11-26 15:31:52: Starting training with 8 layer(s)... (cartpole1-linear16)
11-26 15:31:52: New best reward: 15.0 (-1600.0%) at episode 0, saving model...
11-26 15:31:52: New best reward: 25.0 (+66.7%) at episode 1, saving model...
11-26 15:31:52: New best reward: 30.0 (+20.0%) at episode 2, saving model...
11-26 15:31:52: New best reward: 60.0 (+100.0%) at episode 9, saving model...
11-26 15:31:53: New best reward: 73.0 (+21.7%) at episode 57, saving model...
11-26 15:31:53: New best reward: 80.0 (+9.6%) at episode 69, saving model...
11-26 15:31:53: New best reward: 86.0 (+7.5%) at episode 149, saving model...
11-26 15:31:54: New best reward: 100.0 (+16.3%) at episode 186, saving model...
11-26 15:31:55: New best reward: 102.0 (+2.0%) at episode 302, saving model...
11-26 15:31:56: New best reward: 161.0 (+57.8%) at episode 465, saving model...
11-26 15:31:58: New best reward: 178.0 (+10.6%) at episode 591, saving model...
11-26 15:31:58: New best reward: 200.0 (+12.4%) at episode 603, saving model...
11-26 15:42:01: Reached target after 7355 episodes with number of timesteps: 911653 and layer passes: 5978632.
11-26 15:42:01: Seed: 70474
11-26 15:42:01: Starting training with 8 layer(s)... (cartpole1-linear16)
11-26 15:42:01: New best reward: 32.0 (-3300.0%) at episode 0, saving model...
11-26 15:42:01: New best reward: 39.0 (+21.9%) at episode 2, saving model...
11-26 15:42:01: New best reward: 45.0 (+15.4%) at episode 11, saving model...
11-26 15:42:02: New best reward: 49.0 (+8.9%) at episode 25, saving model...
11-26 15:42:02: New best reward: 57.0 (+16.3%) at episode 99, saving model...
11-26 15:42:02: New best reward: 60.0 (+5.3%) at episode 110, saving model...
11-26 15:42:02: New best reward: 111.0 (+85.0%) at episode 113, saving model...
11-26 15:42:04: New best reward: 114.0 (+2.7%) at episode 355, saving model...
11-26 15:42:04: New best reward: 151.0 (+32.5%) at episode 391, saving model...
11-26 15:42:08: New best reward: 183.0 (+21.2%) at episode 625, saving model...
11-26 15:42:16: New best reward: 200.0 (+9.3%) at episode 1028, saving model...
11-26 16:00:06: Reached target after 13171 episodes with number of timesteps: 1516502 and layer passes: 10725760.
11-26 16:00:07: Seed: 15036
11-26 16:00:07: Starting training with 8 layer(s)... (cartpole1-linear16)
11-26 16:00:07: New best reward: 17.0 (-1800.0%) at episode 0, saving model...
11-26 16:00:07: New best reward: 59.0 (+247.1%) at episode 1, saving model...
11-26 16:00:07: New best reward: 69.0 (+16.9%) at episode 46, saving model...
11-26 16:00:07: New best reward: 85.0 (+23.2%) at episode 130, saving model...
11-26 16:00:09: New best reward: 89.0 (+4.7%) at episode 293, saving model...
11-26 16:00:09: New best reward: 101.0 (+13.5%) at episode 305, saving model...
11-26 16:00:10: New best reward: 122.0 (+20.8%) at episode 405, saving model...
11-26 16:00:12: New best reward: 126.0 (+3.3%) at episode 607, saving model...
11-26 16:00:13: New best reward: 150.0 (+19.0%) at episode 670, saving model...
11-26 16:00:13: New best reward: 161.0 (+7.3%) at episode 704, saving model...
11-26 16:00:14: New best reward: 188.0 (+16.8%) at episode 742, saving model...
11-26 16:00:17: New best reward: 190.0 (+1.1%) at episode 923, saving model...
11-26 16:00:19: New best reward: 200.0 (+5.3%) at episode 1001, saving model...
11-26 16:05:03: Reached target after 4303 episodes with number of timesteps: 428949 and layer passes: 2371760.
11-26 16:05:03: Seed: 84368
11-26 16:05:03: Starting training with 8 layer(s)... (cartpole1-linear16)
11-26 16:05:03: New best reward: 30.0 (-3100.0%) at episode 0, saving model...
11-26 16:05:03: New best reward: 32.0 (+6.7%) at episode 12, saving model...
11-26 16:05:03: New best reward: 34.0 (+6.2%) at episode 39, saving model...
11-26 16:05:03: New best reward: 43.0 (+26.5%) at episode 52, saving model...
11-26 16:05:04: New best reward: 46.0 (+7.0%) at episode 81, saving model...
11-26 16:05:04: New best reward: 62.0 (+34.8%) at episode 86, saving model...
11-26 16:05:04: New best reward: 75.0 (+21.0%) at episode 158, saving model...
11-26 16:05:04: New best reward: 87.0 (+16.0%) at episode 162, saving model...
11-26 16:05:06: New best reward: 96.0 (+10.3%) at episode 356, saving model...
11-26 16:05:07: New best reward: 164.0 (+70.8%) at episode 423, saving model...
11-26 16:05:14: New best reward: 180.0 (+9.8%) at episode 917, saving model...
11-26 16:05:15: New best reward: 200.0 (+11.1%) at episode 967, saving model...
11-26 16:11:22: Reached target after 4433 episodes with number of timesteps: 548804 and layer passes: 3123096.
11-26 16:11:22: Average duration: 766298.8 timesteps, Average layer passes: 4895732.8 (cartpole1-linear16)
11-26 16:11:23: Seed: 23698
11-26 16:11:23: Starting training with 9 layer(s)... (cartpole1-linear16)
11-26 16:11:23: New best reward: 30.0 (-3100.0%) at episode 0, saving model...
11-26 16:11:23: New best reward: 38.0 (+26.7%) at episode 9, saving model...
11-26 16:11:23: New best reward: 51.0 (+34.2%) at episode 11, saving model...
11-26 16:11:23: New best reward: 53.0 (+3.9%) at episode 25, saving model...
11-26 16:11:23: New best reward: 71.0 (+34.0%) at episode 35, saving model...
11-26 16:11:25: New best reward: 78.0 (+9.9%) at episode 274, saving model...
11-26 16:11:26: New best reward: 122.0 (+56.4%) at episode 321, saving model...
11-26 16:11:29: New best reward: 131.0 (+7.4%) at episode 604, saving model...
11-26 16:11:30: New best reward: 173.0 (+32.1%) at episode 671, saving model...
11-26 16:11:32: New best reward: 200.0 (+15.6%) at episode 797, saving model...
11-26 16:15:25: Reached target after 2620 episodes with number of timesteps: 254833 and layer passes: 1273509.
11-26 16:15:26: Seed: 44062
11-26 16:15:26: Starting training with 9 layer(s)... (cartpole1-linear16)
11-26 16:15:26: New best reward: 11.0 (-1200.0%) at episode 0, saving model...
11-26 16:15:26: New best reward: 17.0 (+54.5%) at episode 1, saving model...
11-26 16:15:26: New best reward: 42.0 (+147.1%) at episode 3, saving model...
11-26 16:15:26: New best reward: 67.0 (+59.5%) at episode 5, saving model...
11-26 16:15:33: New best reward: 105.0 (+56.7%) at episode 163, saving model...
11-26 16:15:41: New best reward: 115.0 (+9.5%) at episode 320, saving model...
11-26 16:15:44: New best reward: 131.0 (+13.9%) at episode 367, saving model...
11-26 16:15:55: New best reward: 142.0 (+8.4%) at episode 529, saving model...
11-26 16:16:10: New best reward: 169.0 (+19.0%) at episode 637, saving model...
11-26 16:16:33: New best reward: 200.0 (+18.3%) at episode 824, saving model...
11-26 16:25:32: Reached target after 6086 episodes with number of timesteps: 703623 and layer passes: 4995792.
11-26 16:25:32: Seed: 89252
11-26 16:25:32: Starting training with 9 layer(s)... (cartpole1-linear16)
11-26 16:25:32: New best reward: 46.0 (-4700.0%) at episode 0, saving model...
11-26 16:25:32: New best reward: 78.0 (+69.6%) at episode 6, saving model...
11-26 16:25:33: New best reward: 96.0 (+23.1%) at episode 138, saving model...
11-26 16:25:35: New best reward: 121.0 (+26.0%) at episode 274, saving model...
11-26 16:25:36: New best reward: 124.0 (+2.5%) at episode 410, saving model...
11-26 16:25:37: New best reward: 133.0 (+7.3%) at episode 425, saving model...
11-26 16:25:43: New best reward: 141.0 (+6.0%) at episode 797, saving model...
11-26 16:25:43: New best reward: 168.0 (+19.1%) at episode 806, saving model...
11-26 16:25:49: New best reward: 171.0 (+1.8%) at episode 1055, saving model...
11-26 16:25:50: New best reward: 200.0 (+17.0%) at episode 1093, saving model...
11-26 16:28:32: Reached target after 2990 episodes with number of timesteps: 280236 and layer passes: 1502820.
11-26 16:28:32: Seed: 33331
11-26 16:28:32: Starting training with 9 layer(s)... (cartpole1-linear16)
11-26 16:28:32: New best reward: 27.0 (-2800.0%) at episode 0, saving model...
11-26 16:28:32: New best reward: 37.0 (+37.0%) at episode 1, saving model...
11-26 16:28:33: New best reward: 74.0 (+100.0%) at episode 37, saving model...
11-26 16:28:35: New best reward: 85.0 (+14.9%) at episode 282, saving model...
11-26 16:28:36: New best reward: 87.0 (+2.4%) at episode 338, saving model...
11-26 16:28:36: New best reward: 103.0 (+18.4%) at episode 353, saving model...
11-26 16:28:36: New best reward: 106.0 (+2.9%) at episode 409, saving model...
11-26 16:28:38: New best reward: 114.0 (+7.5%) at episode 554, saving model...
11-26 16:28:38: New best reward: 133.0 (+16.7%) at episode 591, saving model...
11-26 16:28:41: New best reward: 138.0 (+3.8%) at episode 775, saving model...
11-26 16:28:42: New best reward: 143.0 (+3.6%) at episode 830, saving model...
11-26 16:28:44: New best reward: 174.0 (+21.7%) at episode 880, saving model...
11-26 16:28:46: New best reward: 199.0 (+14.4%) at episode 985, saving model...
11-26 16:28:48: New best reward: 200.0 (+0.5%) at episode 1029, saving model...
11-26 16:32:55: Reached target after 3937 episodes with number of timesteps: 384217 and layer passes: 2325762.
11-26 16:32:56: Seed: 66309
11-26 16:32:56: Starting training with 9 layer(s)... (cartpole1-linear16)
11-26 16:32:56: New best reward: 24.0 (-2500.0%) at episode 0, saving model...
11-26 16:32:56: New best reward: 29.0 (+20.8%) at episode 1, saving model...
11-26 16:32:56: New best reward: 39.0 (+34.5%) at episode 5, saving model...
11-26 16:32:56: New best reward: 48.0 (+23.1%) at episode 9, saving model...
11-26 16:32:56: New best reward: 59.0 (+22.9%) at episode 12, saving model...
11-26 16:32:56: New best reward: 60.0 (+1.7%) at episode 82, saving model...
11-26 16:32:56: New best reward: 62.0 (+3.3%) at episode 138, saving model...
11-26 16:32:57: New best reward: 68.0 (+9.7%) at episode 167, saving model...
11-26 16:32:57: New best reward: 86.0 (+26.5%) at episode 185, saving model...
11-26 16:32:57: New best reward: 88.0 (+2.3%) at episode 216, saving model...
11-26 16:32:58: New best reward: 121.0 (+37.5%) at episode 285, saving model...
11-26 16:32:59: New best reward: 125.0 (+3.3%) at episode 400, saving model...
11-26 16:33:01: New best reward: 151.0 (+20.8%) at episode 600, saving model...
11-26 16:33:03: New best reward: 185.0 (+22.5%) at episode 752, saving model...
11-26 16:33:07: New best reward: 200.0 (+8.1%) at episode 910, saving model...
11-26 16:37:15: Reached target after 3331 episodes with number of timesteps: 377691 and layer passes: 2152701.
11-26 16:37:15: Average duration: 400120.0 timesteps, Average layer passes: 2450116.8 (cartpole1-linear16)
11-26 16:37:16: Seed: 37211
11-26 16:37:16: Starting training with 10 layer(s)... (cartpole1-linear16)
11-26 16:37:16: New best reward: 32.0 (-3300.0%) at episode 0, saving model...
11-26 16:37:16: New best reward: 44.0 (+37.5%) at episode 7, saving model...
11-26 16:37:16: New best reward: 73.0 (+65.9%) at episode 34, saving model...
11-26 16:37:18: New best reward: 94.0 (+28.8%) at episode 246, saving model...
11-26 16:37:19: New best reward: 106.0 (+12.8%) at episode 304, saving model...
11-26 16:37:20: New best reward: 110.0 (+3.8%) at episode 463, saving model...
11-26 16:37:23: New best reward: 111.0 (+0.9%) at episode 653, saving model...
11-26 16:37:25: New best reward: 124.0 (+11.7%) at episode 764, saving model...
11-26 16:37:26: New best reward: 149.0 (+20.2%) at episode 806, saving model...
11-26 16:37:27: New best reward: 200.0 (+34.2%) at episode 864, saving model...
11-26 18:52:22: Reached target after 10973 episodes with number of timesteps: 1079432 and layer passes: 9242690.
11-26 18:52:23: Seed: 38434
11-26 18:52:23: Starting training with 10 layer(s)... (cartpole1-linear16)
11-26 18:52:23: New best reward: 43.0 (-4400.0%) at episode 0, saving model...
11-26 18:52:23: New best reward: 84.0 (+95.3%) at episode 16, saving model...
11-26 18:52:23: New best reward: 107.0 (+27.4%) at episode 21, saving model...
11-26 18:52:24: New best reward: 117.0 (+9.3%) at episode 303, saving model...
11-26 18:52:26: New best reward: 137.0 (+17.1%) at episode 561, saving model...
11-26 18:52:27: New best reward: 153.0 (+11.7%) at episode 576, saving model...
11-26 18:52:30: New best reward: 182.0 (+19.0%) at episode 824, saving model...
11-26 18:52:31: New best reward: 200.0 (+9.9%) at episode 854, saving model...
11-26 19:04:34: Reached target after 11003 episodes with number of timesteps: 1507483 and layer passes: 12960630.
11-26 19:04:34: Seed: 49786
11-26 19:04:34: Starting training with 10 layer(s)... (cartpole1-linear16)
11-26 19:04:34: New best reward: 14.0 (-1500.0%) at episode 0, saving model...
11-26 19:04:34: New best reward: 41.0 (+192.9%) at episode 1, saving model...
11-26 19:04:34: New best reward: 45.0 (+9.8%) at episode 6, saving model...
11-26 19:04:34: New best reward: 53.0 (+17.8%) at episode 24, saving model...
11-26 19:04:35: New best reward: 57.0 (+7.5%) at episode 67, saving model...
11-26 19:04:35: New best reward: 85.0 (+49.1%) at episode 75, saving model...
11-26 19:04:35: New best reward: 91.0 (+7.1%) at episode 140, saving model...
11-26 19:04:36: New best reward: 99.0 (+8.8%) at episode 311, saving model...
11-26 19:04:36: New best reward: 110.0 (+11.1%) at episode 397, saving model...
11-26 19:04:37: New best reward: 155.0 (+40.9%) at episode 528, saving model...
11-26 19:04:37: New best reward: 199.0 (+28.4%) at episode 534, saving model...
11-26 19:04:42: New best reward: 200.0 (+0.5%) at episode 1002, saving model...
11-26 19:08:11: Reached target after 5759 episodes with number of timesteps: 590361 and layer passes: 4441030.
11-26 19:08:11: Seed: 75393
11-26 19:08:11: Starting training with 10 layer(s)... (cartpole1-linear16)
11-26 19:08:11: New best reward: 22.0 (-2300.0%) at episode 0, saving model...
11-26 19:08:11: New best reward: 26.0 (+18.2%) at episode 1, saving model...
11-26 19:08:11: New best reward: 62.0 (+138.5%) at episode 3, saving model...
11-26 19:08:11: New best reward: 66.0 (+6.5%) at episode 12, saving model...
11-26 19:08:12: New best reward: 76.0 (+15.2%) at episode 192, saving model...
11-26 19:08:12: New best reward: 95.0 (+25.0%) at episode 224, saving model...
11-26 19:08:13: New best reward: 109.0 (+14.7%) at episode 428, saving model...
11-26 19:08:13: New best reward: 110.0 (+0.9%) at episode 448, saving model...
11-26 19:08:14: New best reward: 115.0 (+4.5%) at episode 453, saving model...
11-26 19:08:14: New best reward: 176.0 (+53.0%) at episode 571, saving model...
11-26 19:08:16: New best reward: 200.0 (+13.6%) at episode 760, saving model...
11-26 19:14:22: Reached target after 7481 episodes with number of timesteps: 885737 and layer passes: 7288650.
11-26 19:14:22: Seed: 64796
11-26 19:14:22: Starting training with 10 layer(s)... (cartpole1-linear16)
11-26 19:14:22: New best reward: 19.0 (-2000.0%) at episode 0, saving model...
11-26 19:14:22: New best reward: 20.0 (+5.3%) at episode 5, saving model...
11-26 19:14:22: New best reward: 44.0 (+120.0%) at episode 6, saving model...
11-26 19:14:22: New best reward: 70.0 (+59.1%) at episode 21, saving model...
11-26 19:14:22: New best reward: 93.0 (+32.9%) at episode 64, saving model...
11-26 19:14:23: New best reward: 157.0 (+68.8%) at episode 216, saving model...
11-26 19:14:24: New best reward: 162.0 (+3.2%) at episode 320, saving model...
11-26 19:14:26: New best reward: 163.0 (+0.6%) at episode 664, saving model...
11-26 19:14:29: New best reward: 187.0 (+14.7%) at episode 945, saving model...
11-26 19:14:32: New best reward: 200.0 (+7.0%) at episode 1127, saving model...
11-26 19:18:24: Reached target after 5084 episodes with number of timesteps: 548645 and layer passes: 4089560.
11-26 19:18:24: Average duration: 922331.6 timesteps, Average layer passes: 7604512.0 (cartpole1-linear16)
11-26 19:18:24: Seed: 76728
11-26 19:18:24: Starting training with 11 layer(s)... (cartpole1-linear16)
11-26 19:18:24: New best reward: 44.0 (-4500.0%) at episode 0, saving model...
11-26 19:18:24: New best reward: 51.0 (+15.9%) at episode 1, saving model...
11-26 19:18:24: New best reward: 69.0 (+35.3%) at episode 23, saving model...
11-26 19:18:25: New best reward: 93.0 (+34.8%) at episode 141, saving model...
11-26 19:18:28: New best reward: 94.0 (+1.1%) at episode 498, saving model...
11-26 19:18:29: New best reward: 107.0 (+13.8%) at episode 602, saving model...
11-26 19:18:29: New best reward: 112.0 (+4.7%) at episode 611, saving model...
11-26 19:18:29: New best reward: 149.0 (+33.0%) at episode 641, saving model...
11-26 19:18:30: New best reward: 157.0 (+5.4%) at episode 725, saving model...
11-26 19:18:31: New best reward: 200.0 (+27.4%) at episode 822, saving model...
11-26 19:31:09: Reached target after 10473 episodes with number of timesteps: 1372938 and layer passes: 13055460.
11-26 19:31:09: Seed: 14784
11-26 19:31:09: Starting training with 11 layer(s)... (cartpole1-linear16)
11-26 19:31:09: New best reward: 14.0 (-1500.0%) at episode 0, saving model...
11-26 19:31:09: New best reward: 82.0 (+485.7%) at episode 1, saving model...
11-26 19:31:10: New best reward: 93.0 (+13.4%) at episode 298, saving model...
11-26 19:31:10: New best reward: 119.0 (+28.0%) at episode 334, saving model...
11-26 19:31:11: New best reward: 126.0 (+5.9%) at episode 456, saving model...
11-26 19:31:12: New best reward: 198.0 (+57.1%) at episode 524, saving model...
11-26 19:31:12: New best reward: 200.0 (+1.0%) at episode 591, saving model...
11-26 19:38:13: Reached target after 6976 episodes with number of timesteps: 835520 and layer passes: 7322227.
11-26 19:38:14: Seed: 51345
11-26 19:38:14: Starting training with 11 layer(s)... (cartpole1-linear16)
11-26 19:38:14: New best reward: 12.0 (-1300.0%) at episode 0, saving model...
11-26 19:38:14: New best reward: 24.0 (+100.0%) at episode 1, saving model...
11-26 19:38:14: New best reward: 61.0 (+154.2%) at episode 6, saving model...
11-26 19:38:14: New best reward: 89.0 (+45.9%) at episode 91, saving model...
11-26 19:38:14: New best reward: 96.0 (+7.9%) at episode 149, saving model...
11-26 19:38:15: New best reward: 105.0 (+9.4%) at episode 293, saving model...
11-26 19:38:16: New best reward: 134.0 (+27.6%) at episode 484, saving model...
11-26 19:38:17: New best reward: 163.0 (+21.6%) at episode 583, saving model...
11-26 19:38:20: New best reward: 170.0 (+4.3%) at episode 828, saving model...
11-26 19:38:21: New best reward: 200.0 (+17.6%) at episode 896, saving model...
11-26 19:48:12: Reached target after 9059 episodes with number of timesteps: 958931 and layer passes: 8891762.
11-26 19:48:12: Seed: 86217
11-26 19:48:12: Starting training with 11 layer(s)... (cartpole1-linear16)
11-26 19:48:12: New best reward: 15.0 (-1600.0%) at episode 0, saving model...
11-26 19:48:12: New best reward: 19.0 (+26.7%) at episode 3, saving model...
11-26 19:48:12: New best reward: 20.0 (+5.3%) at episode 5, saving model...
11-26 19:48:12: New best reward: 68.0 (+240.0%) at episode 6, saving model...
11-26 19:48:13: New best reward: 74.0 (+8.8%) at episode 63, saving model...
11-26 19:48:13: New best reward: 107.0 (+44.6%) at episode 73, saving model...
11-26 19:48:16: New best reward: 109.0 (+1.9%) at episode 398, saving model...
11-26 19:48:17: New best reward: 118.0 (+8.3%) at episode 525, saving model...
11-26 19:48:17: New best reward: 149.0 (+26.3%) at episode 557, saving model...
11-26 19:48:19: New best reward: 157.0 (+5.4%) at episode 702, saving model...
11-26 19:48:20: New best reward: 174.0 (+10.8%) at episode 761, saving model...
11-26 19:48:21: New best reward: 188.0 (+8.0%) at episode 787, saving model...
11-26 19:48:30: New best reward: 189.0 (+0.5%) at episode 1172, saving model...
11-26 19:48:31: New best reward: 200.0 (+5.8%) at episode 1235, saving model...
11-26 19:50:39: Reached target after 2686 episodes with number of timesteps: 263056 and layer passes: 1632158.
11-26 19:50:39: Seed: 99256
11-26 19:50:39: Starting training with 11 layer(s)... (cartpole1-linear16)
11-26 19:50:39: New best reward: 14.0 (-1500.0%) at episode 0, saving model...
11-26 19:50:39: New best reward: 31.0 (+121.4%) at episode 2, saving model...
11-26 19:50:39: New best reward: 37.0 (+19.4%) at episode 9, saving model...
11-26 19:50:39: New best reward: 61.0 (+64.9%) at episode 14, saving model...
11-26 19:50:40: New best reward: 63.0 (+3.3%) at episode 105, saving model...
11-26 19:50:40: New best reward: 69.0 (+9.5%) at episode 126, saving model...
11-26 19:50:40: New best reward: 71.0 (+2.9%) at episode 142, saving model...
11-26 19:50:41: New best reward: 80.0 (+12.7%) at episode 242, saving model...
11-26 19:50:41: New best reward: 84.0 (+5.0%) at episode 273, saving model...
11-26 19:50:43: New best reward: 91.0 (+8.3%) at episode 393, saving model...
11-26 19:50:43: New best reward: 107.0 (+17.6%) at episode 449, saving model...
11-26 19:50:45: New best reward: 158.0 (+47.7%) at episode 580, saving model...
11-26 19:50:47: New best reward: 174.0 (+10.1%) at episode 761, saving model...
11-26 19:50:48: New best reward: 179.0 (+2.9%) at episode 821, saving model...
11-26 19:50:49: New best reward: 191.0 (+6.7%) at episode 868, saving model...
11-26 19:50:50: New best reward: 199.0 (+4.2%) at episode 881, saving model...
11-26 19:50:56: New best reward: 200.0 (+0.5%) at episode 1086, saving model...
11-26 19:53:54: Reached target after 3181 episodes with number of timesteps: 366155 and layer passes: 2467509.
11-26 19:53:54: Average duration: 759320.0 timesteps, Average layer passes: 6673823.2 (cartpole1-linear16)
11-26 19:53:54: Seed: 78984
11-26 19:53:54: Starting training with 12 layer(s)... (cartpole1-linear16)
11-26 19:53:54: New best reward: 22.0 (-2300.0%) at episode 0, saving model...
11-26 19:53:54: New best reward: 30.0 (+36.4%) at episode 2, saving model...
11-26 19:53:54: New best reward: 34.0 (+13.3%) at episode 15, saving model...
11-26 19:53:54: New best reward: 54.0 (+58.8%) at episode 20, saving model...
11-26 19:53:55: New best reward: 72.0 (+33.3%) at episode 92, saving model...
11-26 19:53:55: New best reward: 74.0 (+2.8%) at episode 166, saving model...
11-26 19:53:56: New best reward: 75.0 (+1.4%) at episode 214, saving model...
11-26 19:53:56: New best reward: 100.0 (+33.3%) at episode 250, saving model...
11-26 19:53:56: New best reward: 108.0 (+8.0%) at episode 292, saving model...
11-26 19:53:59: New best reward: 142.0 (+31.5%) at episode 538, saving model...
11-26 19:53:59: New best reward: 154.0 (+8.5%) at episode 562, saving model...
11-26 19:54:03: New best reward: 194.0 (+26.0%) at episode 846, saving model...
11-26 19:54:14: New best reward: 200.0 (+3.1%) at episode 1197, saving model...
11-26 20:11:49: Reached target after 12548 episodes with number of timesteps: 1390428 and layer passes: 14462964.
11-26 20:11:49: Seed: 543
11-26 20:11:49: Starting training with 12 layer(s)... (cartpole1-linear16)
11-26 20:11:49: New best reward: 17.0 (-1800.0%) at episode 0, saving model...
11-26 20:11:49: New best reward: 22.0 (+29.4%) at episode 1, saving model...
11-26 20:11:50: New best reward: 42.0 (+90.9%) at episode 6, saving model...
11-26 20:11:50: New best reward: 64.0 (+52.4%) at episode 31, saving model...
11-26 20:11:50: New best reward: 96.0 (+50.0%) at episode 85, saving model...
11-26 20:11:53: New best reward: 113.0 (+17.7%) at episode 465, saving model...
11-26 20:11:53: New best reward: 134.0 (+18.6%) at episode 474, saving model...
11-26 20:11:54: New best reward: 171.0 (+27.6%) at episode 499, saving model...
11-26 20:11:58: New best reward: 178.0 (+4.1%) at episode 811, saving model...
11-26 20:12:00: New best reward: 200.0 (+12.4%) at episode 888, saving model...
11-26 20:18:31: Reached target after 5441 episodes with number of timesteps: 634681 and layer passes: 5779896.
11-26 20:18:31: Seed: 30514
11-26 20:18:31: Starting training with 12 layer(s)... (cartpole1-linear16)
11-26 20:18:31: New best reward: 22.0 (-2300.0%) at episode 0, saving model...
11-26 20:18:31: New best reward: 23.0 (+4.5%) at episode 3, saving model...
11-26 20:18:31: New best reward: 43.0 (+87.0%) at episode 4, saving model...
11-26 20:18:32: New best reward: 46.0 (+7.0%) at episode 36, saving model...
11-26 20:18:32: New best reward: 48.0 (+4.3%) at episode 57, saving model...
11-26 20:18:32: New best reward: 61.0 (+27.1%) at episode 71, saving model...
11-26 20:18:32: New best reward: 72.0 (+18.0%) at episode 80, saving model...
11-26 20:18:32: New best reward: 104.0 (+44.4%) at episode 130, saving model...
11-26 20:18:35: New best reward: 105.0 (+1.0%) at episode 444, saving model...
11-26 20:18:37: New best reward: 125.0 (+19.0%) at episode 629, saving model...
11-26 20:18:37: New best reward: 146.0 (+16.8%) at episode 631, saving model...
11-26 20:18:39: New best reward: 157.0 (+7.5%) at episode 775, saving model...
11-26 20:18:39: New best reward: 184.0 (+17.2%) at episode 802, saving model...
11-26 20:18:42: New best reward: 200.0 (+8.7%) at episode 918, saving model...
11-26 20:21:13: Reached target after 2553 episodes with number of timesteps: 269761 and layer passes: 1784844.
11-26 20:21:13: Seed: 33303
11-26 20:21:13: Starting training with 12 layer(s)... (cartpole1-linear16)
11-26 20:21:13: New best reward: 34.0 (-3500.0%) at episode 0, saving model...
11-26 20:21:13: New best reward: 35.0 (+2.9%) at episode 10, saving model...
11-26 20:21:13: New best reward: 49.0 (+40.0%) at episode 28, saving model...
11-26 20:21:13: New best reward: 51.0 (+4.1%) at episode 36, saving model...
11-26 20:21:13: New best reward: 53.0 (+3.9%) at episode 38, saving model...
11-26 20:21:13: New best reward: 63.0 (+18.9%) at episode 87, saving model...
11-26 20:21:13: New best reward: 67.0 (+6.3%) at episode 104, saving model...
11-26 20:21:14: New best reward: 75.0 (+11.9%) at episode 152, saving model...
11-26 20:21:14: New best reward: 84.0 (+12.0%) at episode 195, saving model...
11-26 20:21:14: New best reward: 99.0 (+17.9%) at episode 203, saving model...
11-26 20:21:16: New best reward: 116.0 (+17.2%) at episode 409, saving model...
11-26 20:21:17: New best reward: 194.0 (+67.2%) at episode 509, saving model...
11-26 20:21:23: New best reward: 200.0 (+3.1%) at episode 921, saving model...
11-26 20:28:06: Reached target after 5365 episodes with number of timesteps: 707708 and layer passes: 6382740.
11-26 20:28:06: Seed: 38508
11-26 20:28:06: Starting training with 12 layer(s)... (cartpole1-linear16)
11-26 20:28:06: New best reward: 12.0 (-1300.0%) at episode 0, saving model...
11-26 20:28:06: New best reward: 27.0 (+125.0%) at episode 1, saving model...
11-26 20:28:06: New best reward: 31.0 (+14.8%) at episode 2, saving model...
11-26 20:28:06: New best reward: 42.0 (+35.5%) at episode 7, saving model...
11-26 20:28:07: New best reward: 52.0 (+23.8%) at episode 24, saving model...
11-26 20:28:07: New best reward: 62.0 (+19.2%) at episode 30, saving model...
11-26 20:28:07: New best reward: 68.0 (+9.7%) at episode 171, saving model...
11-26 20:28:08: New best reward: 73.0 (+7.4%) at episode 193, saving model...
11-26 20:28:08: New best reward: 77.0 (+5.5%) at episode 284, saving model...
11-26 20:28:08: New best reward: 85.0 (+10.4%) at episode 298, saving model...
11-26 20:28:09: New best reward: 98.0 (+15.3%) at episode 320, saving model...
11-26 20:28:10: New best reward: 110.0 (+12.2%) at episode 433, saving model...
11-26 20:28:10: New best reward: 127.0 (+15.5%) at episode 477, saving model...
11-26 20:28:11: New best reward: 148.0 (+16.5%) at episode 586, saving model...
11-26 20:28:12: New best reward: 166.0 (+12.2%) at episode 610, saving model...
11-26 20:28:12: New best reward: 173.0 (+4.2%) at episode 661, saving model...
11-26 20:28:19: New best reward: 200.0 (+15.6%) at episode 1017, saving model...
11-26 20:39:19: Reached target after 7800 episodes with number of timesteps: 1004167 and layer passes: 9965616.
11-26 20:39:19: Average duration: 801349.0 timesteps, Average layer passes: 7675212.0 (cartpole1-linear16)
11-26 20:39:19: Seed: 40187
11-26 20:39:19: Starting training with 13 layer(s)... (cartpole1-linear16)
11-26 20:39:19: New best reward: 26.0 (-2700.0%) at episode 0, saving model...
11-26 20:39:19: New best reward: 36.0 (+38.5%) at episode 1, saving model...
11-26 20:39:19: New best reward: 44.0 (+22.2%) at episode 16, saving model...
11-26 20:39:20: New best reward: 51.0 (+15.9%) at episode 128, saving model...
11-26 20:39:20: New best reward: 59.0 (+15.7%) at episode 147, saving model...
11-26 20:39:20: New best reward: 99.0 (+67.8%) at episode 169, saving model...
11-26 20:39:22: New best reward: 100.0 (+1.0%) at episode 401, saving model...
11-26 20:39:23: New best reward: 142.0 (+42.0%) at episode 464, saving model...
11-26 20:39:26: New best reward: 161.0 (+13.4%) at episode 638, saving model...
11-26 20:39:34: New best reward: 200.0 (+24.2%) at episode 1085, saving model...
11-26 20:46:21: Reached target after 6528 episodes with number of timesteps: 659484 and layer passes: 6774560.
11-26 20:46:21: Seed: 52460
11-26 20:46:21: Starting training with 13 layer(s)... (cartpole1-linear16)
11-26 20:46:21: New best reward: 25.0 (-2600.0%) at episode 0, saving model...
11-26 20:46:21: New best reward: 31.0 (+24.0%) at episode 3, saving model...
11-26 20:46:21: New best reward: 36.0 (+16.1%) at episode 5, saving model...
11-26 20:46:21: New best reward: 40.0 (+11.1%) at episode 8, saving model...
11-26 20:46:21: New best reward: 57.0 (+42.5%) at episode 37, saving model...
11-26 20:46:22: New best reward: 70.0 (+22.8%) at episode 159, saving model...
11-26 20:46:22: New best reward: 78.0 (+11.4%) at episode 167, saving model...
11-26 20:46:23: New best reward: 89.0 (+14.1%) at episode 235, saving model...
11-26 20:46:23: New best reward: 95.0 (+6.7%) at episode 336, saving model...
11-26 20:46:24: New best reward: 103.0 (+8.4%) at episode 358, saving model...
11-26 20:46:24: New best reward: 114.0 (+10.7%) at episode 410, saving model...
11-26 20:46:24: New best reward: 159.0 (+39.5%) at episode 442, saving model...
11-26 20:46:33: New best reward: 200.0 (+25.8%) at episode 1028, saving model...
11-26 20:52:36: Reached target after 4954 episodes with number of timesteps: 621109 and layer passes: 5999396.
11-26 20:52:36: Seed: 26246
11-26 20:52:36: Starting training with 13 layer(s)... (cartpole1-linear16)
11-26 20:52:36: New best reward: 9.0 (-1000.0%) at episode 0, saving model...
11-26 20:52:36: New best reward: 17.0 (+88.9%) at episode 1, saving model...
11-26 20:52:36: New best reward: 30.0 (+76.5%) at episode 4, saving model...
11-26 20:52:36: New best reward: 33.0 (+10.0%) at episode 8, saving model...
11-26 20:52:36: New best reward: 35.0 (+6.1%) at episode 12, saving model...
11-26 20:52:36: New best reward: 53.0 (+51.4%) at episode 13, saving model...
11-26 20:52:36: New best reward: 54.0 (+1.9%) at episode 29, saving model...
11-26 20:52:36: New best reward: 79.0 (+46.3%) at episode 48, saving model...
11-26 20:52:37: New best reward: 93.0 (+17.7%) at episode 63, saving model...
11-26 20:52:38: New best reward: 100.0 (+7.5%) at episode 280, saving model...
11-26 20:52:38: New best reward: 101.0 (+1.0%) at episode 290, saving model...
11-26 20:52:40: New best reward: 105.0 (+4.0%) at episode 490, saving model...
11-26 20:52:40: New best reward: 137.0 (+30.5%) at episode 516, saving model...
11-26 20:52:41: New best reward: 162.0 (+18.2%) at episode 550, saving model...
11-26 20:52:44: New best reward: 192.0 (+18.5%) at episode 776, saving model...
11-26 20:52:45: New best reward: 200.0 (+4.2%) at episode 854, saving model...
11-26 20:59:55: Reached target after 4416 episodes with number of timesteps: 569417 and layer passes: 5289661.
11-26 20:59:55: Seed: 27459
11-26 20:59:55: Starting training with 13 layer(s)... (cartpole1-linear16)
11-26 20:59:55: New best reward: 15.0 (-1600.0%) at episode 0, saving model...
11-26 20:59:55: New best reward: 20.0 (+33.3%) at episode 1, saving model...
11-26 20:59:55: New best reward: 48.0 (+140.0%) at episode 2, saving model...
11-26 20:59:55: New best reward: 70.0 (+45.8%) at episode 9, saving model...
11-26 20:59:56: New best reward: 84.0 (+20.0%) at episode 187, saving model...
11-26 20:59:57: New best reward: 88.0 (+4.8%) at episode 263, saving model...
11-26 20:59:58: New best reward: 117.0 (+33.0%) at episode 338, saving model...
11-26 20:59:59: New best reward: 152.0 (+29.9%) at episode 512, saving model...
11-26 21:00:02: New best reward: 162.0 (+6.6%) at episode 676, saving model...
11-26 21:00:03: New best reward: 200.0 (+23.5%) at episode 769, saving model...
11-26 21:11:14: Reached target after 7474 episodes with number of timesteps: 1052101 and layer passes: 11123957.
11-26 21:11:14: Seed: 68047
11-26 21:11:14: Starting training with 13 layer(s)... (cartpole1-linear16)
11-26 21:11:14: New best reward: 35.0 (-3600.0%) at episode 0, saving model...
11-26 21:11:14: New best reward: 36.0 (+2.9%) at episode 8, saving model...
11-26 21:11:14: New best reward: 42.0 (+16.7%) at episode 27, saving model...
11-26 21:11:14: New best reward: 43.0 (+2.4%) at episode 62, saving model...
11-26 21:11:14: New best reward: 44.0 (+2.3%) at episode 72, saving model...
11-26 21:11:14: New best reward: 46.0 (+4.5%) at episode 86, saving model...
11-26 21:11:15: New best reward: 54.0 (+17.4%) at episode 147, saving model...
11-26 21:11:15: New best reward: 55.0 (+1.9%) at episode 163, saving model...
11-26 21:11:15: New best reward: 71.0 (+29.1%) at episode 167, saving model...
11-26 21:11:15: New best reward: 76.0 (+7.0%) at episode 187, saving model...
11-26 21:11:15: New best reward: 78.0 (+2.6%) at episode 215, saving model...
11-26 21:11:16: New best reward: 86.0 (+10.3%) at episode 329, saving model...
11-26 21:11:17: New best reward: 98.0 (+14.0%) at episode 364, saving model...
11-26 21:11:17: New best reward: 130.0 (+32.7%) at episode 365, saving model...
11-26 21:11:20: New best reward: 190.0 (+46.2%) at episode 644, saving model...
11-26 21:11:22: New best reward: 200.0 (+5.3%) at episode 795, saving model...
11-26 21:26:39: Reached target after 8221 episodes with number of timesteps: 1258940 and layer passes: 13597597.
11-26 21:26:39: Average duration: 832210.2 timesteps, Average layer passes: 8557034.2 (cartpole1-linear16)
11-26 21:26:39: Seed: 63804
11-26 21:26:39: Starting training with 14 layer(s)... (cartpole1-linear16)
11-26 21:26:39: New best reward: 44.0 (-4500.0%) at episode 0, saving model...
11-26 21:26:39: New best reward: 57.0 (+29.5%) at episode 2, saving model...
11-26 21:26:39: New best reward: 93.0 (+63.2%) at episode 31, saving model...
11-26 21:26:40: New best reward: 125.0 (+34.4%) at episode 126, saving model...
11-26 21:26:46: New best reward: 140.0 (+12.0%) at episode 636, saving model...
11-26 21:26:47: New best reward: 176.0 (+25.7%) at episode 721, saving model...
11-26 21:26:50: New best reward: 200.0 (+13.6%) at episode 818, saving model...
11-26 21:32:30: Reached target after 4221 episodes with number of timesteps: 524734 and layer passes: 5101404.
11-26 21:32:30: Seed: 23249
11-26 21:32:30: Starting training with 14 layer(s)... (cartpole1-linear16)
11-26 21:32:30: New best reward: 12.0 (-1300.0%) at episode 0, saving model...
11-26 21:32:30: New best reward: 19.0 (+58.3%) at episode 1, saving model...
11-26 21:32:30: New best reward: 45.0 (+136.8%) at episode 2, saving model...
11-26 21:32:30: New best reward: 48.0 (+6.7%) at episode 4, saving model...
11-26 21:32:30: New best reward: 69.0 (+43.8%) at episode 14, saving model...
11-26 21:32:31: New best reward: 76.0 (+10.1%) at episode 119, saving model...
11-26 21:32:32: New best reward: 111.0 (+46.1%) at episode 231, saving model...
11-26 21:32:32: New best reward: 136.0 (+22.5%) at episode 301, saving model...
11-26 21:32:34: New best reward: 140.0 (+2.9%) at episode 435, saving model...
11-26 21:32:39: New best reward: 157.0 (+12.1%) at episode 822, saving model...
11-26 21:32:42: New best reward: 200.0 (+27.4%) at episode 927, saving model...
11-26 21:36:40: Reached target after 3805 episodes with number of timesteps: 414899 and layer passes: 3818822.
11-26 21:36:41: Seed: 39477
11-26 21:36:41: Starting training with 14 layer(s)... (cartpole1-linear16)
11-26 21:36:41: New best reward: 17.0 (-1800.0%) at episode 0, saving model...
11-26 21:36:41: New best reward: 25.0 (+47.1%) at episode 4, saving model...
11-26 21:36:41: New best reward: 50.0 (+100.0%) at episode 5, saving model...
11-26 21:36:41: New best reward: 53.0 (+6.0%) at episode 26, saving model...
11-26 21:36:41: New best reward: 59.0 (+11.3%) at episode 92, saving model...
11-26 21:36:41: New best reward: 67.0 (+13.6%) at episode 98, saving model...
11-26 21:36:42: New best reward: 69.0 (+3.0%) at episode 120, saving model...
11-26 21:36:42: New best reward: 72.0 (+4.3%) at episode 122, saving model...
11-26 21:36:42: New best reward: 74.0 (+2.8%) at episode 144, saving model...
11-26 21:36:42: New best reward: 86.0 (+16.2%) at episode 163, saving model...
11-26 21:36:42: New best reward: 87.0 (+1.2%) at episode 229, saving model...
11-26 21:36:43: New best reward: 108.0 (+24.1%) at episode 285, saving model...
11-26 21:36:44: New best reward: 127.0 (+17.6%) at episode 387, saving model...
11-26 21:36:46: New best reward: 129.0 (+1.6%) at episode 585, saving model...
11-26 21:36:48: New best reward: 145.0 (+12.4%) at episode 737, saving model...
11-26 21:36:50: New best reward: 149.0 (+2.8%) at episode 808, saving model...
11-26 21:36:53: New best reward: 151.0 (+1.3%) at episode 961, saving model...
11-26 21:36:53: New best reward: 200.0 (+32.5%) at episode 975, saving model...
11-26 21:39:45: Reached target after 3016 episodes with number of timesteps: 273943 and layer passes: 2318946.
11-26 21:39:45: Seed: 8345
11-26 21:39:45: Starting training with 14 layer(s)... (cartpole1-linear16)
11-26 21:39:45: New best reward: 14.0 (-1500.0%) at episode 0, saving model...
11-26 21:39:45: New best reward: 43.0 (+207.1%) at episode 2, saving model...
11-26 21:39:45: New best reward: 48.0 (+11.6%) at episode 12, saving model...
11-26 21:39:45: New best reward: 58.0 (+20.8%) at episode 19, saving model...
11-26 21:39:46: New best reward: 120.0 (+106.9%) at episode 65, saving model...
11-26 21:39:47: New best reward: 123.0 (+2.5%) at episode 287, saving model...
11-26 21:39:50: New best reward: 127.0 (+3.3%) at episode 584, saving model...
11-26 21:39:50: New best reward: 156.0 (+22.8%) at episode 588, saving model...
11-26 21:39:51: New best reward: 163.0 (+4.5%) at episode 619, saving model...
11-26 21:40:01: New best reward: 168.0 (+3.1%) at episode 1149, saving model...
11-26 21:40:07: New best reward: 200.0 (+19.0%) at episode 1250, saving model...
11-26 21:52:04: Reached target after 8239 episodes with number of timesteps: 1064315 and layer passes: 12301310.
11-26 21:52:04: Seed: 9251
11-26 21:52:04: Starting training with 14 layer(s)... (cartpole1-linear16)
11-26 21:52:04: New best reward: 15.0 (-1600.0%) at episode 0, saving model...
11-26 21:52:04: New best reward: 38.0 (+153.3%) at episode 1, saving model...
11-26 21:52:04: New best reward: 46.0 (+21.1%) at episode 12, saving model...
11-26 21:52:05: New best reward: 112.0 (+143.5%) at episode 22, saving model...
11-26 21:52:06: New best reward: 113.0 (+0.9%) at episode 224, saving model...
11-26 21:52:07: New best reward: 125.0 (+10.6%) at episode 344, saving model...
11-26 21:52:09: New best reward: 131.0 (+4.8%) at episode 473, saving model...
11-26 21:52:11: New best reward: 150.0 (+14.5%) at episode 583, saving model...
11-26 21:52:11: New best reward: 177.0 (+18.0%) at episode 625, saving model...
11-26 21:52:14: New best reward: 185.0 (+4.5%) at episode 747, saving model...
11-26 21:52:17: New best reward: 200.0 (+8.1%) at episode 840, saving model...
11-26 21:57:45: Reached target after 4783 episodes with number of timesteps: 527165 and layer passes: 5380956.
11-26 21:57:46: Average duration: 561011.2 timesteps, Average layer passes: 5784287.6 (cartpole1-linear16)
11-26 21:57:46: Seed: 82775
11-26 21:57:46: Starting training with 15 layer(s)... (cartpole1-linear16)
11-26 21:57:46: New best reward: 18.0 (-1900.0%) at episode 0, saving model...
11-26 21:57:46: New best reward: 46.0 (+155.6%) at episode 2, saving model...
11-26 21:57:46: New best reward: 69.0 (+50.0%) at episode 14, saving model...
11-26 21:57:46: New best reward: 100.0 (+44.9%) at episode 50, saving model...
11-26 21:57:50: New best reward: 113.0 (+13.0%) at episode 510, saving model...
11-26 21:57:51: New best reward: 131.0 (+15.9%) at episode 539, saving model...
11-26 21:57:52: New best reward: 135.0 (+3.1%) at episode 670, saving model...
11-26 21:57:53: New best reward: 169.0 (+25.2%) at episode 739, saving model...
11-26 21:57:54: New best reward: 176.0 (+4.1%) at episode 764, saving model...
11-26 21:57:54: New best reward: 200.0 (+13.6%) at episode 791, saving model...
11-26 22:01:16: Reached target after 3256 episodes with number of timesteps: 342807 and layer passes: 3213120.
11-26 22:01:16: Seed: 55796
11-26 22:01:16: Starting training with 15 layer(s)... (cartpole1-linear16)
11-26 22:01:16: New best reward: 22.0 (-2300.0%) at episode 0, saving model...
11-26 22:01:17: New best reward: 26.0 (+18.2%) at episode 10, saving model...
11-26 22:01:17: New best reward: 50.0 (+92.3%) at episode 13, saving model...
11-26 22:01:17: New best reward: 53.0 (+6.0%) at episode 100, saving model...
11-26 22:01:17: New best reward: 77.0 (+45.3%) at episode 122, saving model...
11-26 22:01:18: New best reward: 85.0 (+10.4%) at episode 250, saving model...
11-26 22:01:19: New best reward: 89.0 (+4.7%) at episode 272, saving model...
11-26 22:01:20: New best reward: 90.0 (+1.1%) at episode 427, saving model...
11-26 22:01:21: New best reward: 100.0 (+11.1%) at episode 493, saving model...
11-26 22:01:22: New best reward: 119.0 (+19.0%) at episode 557, saving model...
11-26 22:01:22: New best reward: 142.0 (+19.3%) at episode 567, saving model...
11-26 22:01:22: New best reward: 144.0 (+1.4%) at episode 627, saving model...
11-26 22:01:23: New best reward: 174.0 (+20.8%) at episode 668, saving model...
11-26 22:01:25: New best reward: 179.0 (+2.9%) at episode 784, saving model...
11-26 22:01:26: New best reward: 200.0 (+11.7%) at episode 828, saving model...
11-26 22:04:47: Reached target after 2930 episodes with number of timesteps: 310168 and layer passes: 2760960.
11-26 22:04:47: Seed: 58509
11-26 22:04:47: Starting training with 15 layer(s)... (cartpole1-linear16)
11-26 22:04:47: New best reward: 10.0 (-1100.0%) at episode 0, saving model...
11-26 22:04:47: New best reward: 19.0 (+90.0%) at episode 1, saving model...
11-26 22:04:47: New best reward: 35.0 (+84.2%) at episode 3, saving model...
11-26 22:04:48: New best reward: 36.0 (+2.9%) at episode 12, saving model...
11-26 22:04:48: New best reward: 61.0 (+69.4%) at episode 13, saving model...
11-26 22:04:48: New best reward: 72.0 (+18.0%) at episode 42, saving model...
11-26 22:04:50: New best reward: 93.0 (+29.2%) at episode 274, saving model...
11-26 22:04:50: New best reward: 117.0 (+25.8%) at episode 341, saving model...
11-26 22:04:52: New best reward: 140.0 (+19.7%) at episode 508, saving model...
11-26 22:04:57: New best reward: 150.0 (+7.1%) at episode 746, saving model...
11-26 22:05:00: New best reward: 155.0 (+3.3%) at episode 837, saving model...
11-26 22:05:01: New best reward: 167.0 (+7.7%) at episode 867, saving model...
11-26 22:05:02: New best reward: 191.0 (+14.4%) at episode 899, saving model...
11-26 22:05:02: New best reward: 200.0 (+4.7%) at episode 905, saving model...
11-26 22:11:15: Reached target after 4292 episodes with number of timesteps: 455927 and layer passes: 4793130.
11-26 22:11:15: Seed: 92901
11-26 22:11:15: Starting training with 15 layer(s)... (cartpole1-linear16)
11-26 22:11:15: New best reward: 22.0 (-2300.0%) at episode 0, saving model...
11-26 22:11:15: New best reward: 36.0 (+63.6%) at episode 3, saving model...
11-26 22:11:15: New best reward: 37.0 (+2.8%) at episode 12, saving model...
11-26 22:11:15: New best reward: 44.0 (+18.9%) at episode 21, saving model...
11-26 22:11:15: New best reward: 56.0 (+27.3%) at episode 31, saving model...
11-26 22:11:16: New best reward: 89.0 (+58.9%) at episode 76, saving model...
11-26 22:11:18: New best reward: 125.0 (+40.4%) at episode 295, saving model...
11-26 22:11:18: New best reward: 151.0 (+20.8%) at episode 373, saving model...
11-26 22:11:26: New best reward: 164.0 (+8.6%) at episode 905, saving model...
11-26 22:11:28: New best reward: 175.0 (+6.7%) at episode 992, saving model...
11-26 22:11:29: New best reward: 188.0 (+7.4%) at episode 1029, saving model...
11-26 22:11:31: New best reward: 200.0 (+6.4%) at episode 1087, saving model...
11-26 22:16:05: Reached target after 3916 episodes with number of timesteps: 459841 and layer passes: 4665030.
11-26 22:16:05: Seed: 82459
11-26 22:16:05: Starting training with 15 layer(s)... (cartpole1-linear16)
11-26 22:16:05: New best reward: 17.0 (-1800.0%) at episode 0, saving model...
11-26 22:16:05: New best reward: 20.0 (+17.6%) at episode 1, saving model...
11-26 22:16:05: New best reward: 36.0 (+80.0%) at episode 9, saving model...
11-26 22:16:05: New best reward: 46.0 (+27.8%) at episode 11, saving model...
11-26 22:16:05: New best reward: 58.0 (+26.1%) at episode 25, saving model...
11-26 22:16:05: New best reward: 86.0 (+48.3%) at episode 40, saving model...
11-26 22:16:06: New best reward: 89.0 (+3.5%) at episode 155, saving model...
11-26 22:16:06: New best reward: 121.0 (+36.0%) at episode 226, saving model...
11-26 22:16:07: New best reward: 164.0 (+35.5%) at episode 327, saving model...
11-26 22:16:12: New best reward: 178.0 (+8.5%) at episode 732, saving model...
11-26 22:16:19: New best reward: 200.0 (+12.4%) at episode 1042, saving model...
11-26 22:17:55: Reached target after 2202 episodes with number of timesteps: 191402 and layer passes: 1471275.
11-26 22:17:55: Average duration: 352029.0 timesteps, Average layer passes: 3380703.0 (cartpole1-linear16)
11-26 22:17:55: Seed: 79059
11-26 22:17:55: Starting training with 16 layer(s)... (cartpole1-linear16)
11-26 22:17:55: New best reward: 30.0 (-3100.0%) at episode 0, saving model...
11-26 22:17:55: New best reward: 71.0 (+136.7%) at episode 10, saving model...
11-26 22:17:57: New best reward: 73.0 (+2.8%) at episode 199, saving model...
11-26 22:17:58: New best reward: 99.0 (+35.6%) at episode 319, saving model...
11-26 22:17:58: New best reward: 111.0 (+12.1%) at episode 343, saving model...
11-26 22:17:58: New best reward: 136.0 (+22.5%) at episode 348, saving model...
11-26 22:17:59: New best reward: 144.0 (+5.9%) at episode 384, saving model...
11-26 22:18:05: New best reward: 146.0 (+1.4%) at episode 772, saving model...
11-26 22:18:06: New best reward: 148.0 (+1.4%) at episode 824, saving model...
11-26 22:18:06: New best reward: 157.0 (+6.1%) at episode 844, saving model...
11-26 22:18:07: New best reward: 200.0 (+27.4%) at episode 883, saving model...
11-26 22:31:53: Reached target after 7298 episodes with number of timesteps: 1033785 and layer passes: 13606944.
11-26 22:31:53: Seed: 58599
11-26 22:31:53: Starting training with 16 layer(s)... (cartpole1-linear16)
11-26 22:31:53: New best reward: 19.0 (-2000.0%) at episode 0, saving model...
11-26 22:31:53: New best reward: 46.0 (+142.1%) at episode 3, saving model...
11-26 22:31:53: New best reward: 59.0 (+28.3%) at episode 11, saving model...
11-26 22:31:54: New best reward: 75.0 (+27.1%) at episode 38, saving model...
11-26 22:31:54: New best reward: 87.0 (+16.0%) at episode 120, saving model...
11-26 22:31:58: New best reward: 126.0 (+44.8%) at episode 374, saving model...
11-26 22:32:00: New best reward: 131.0 (+4.0%) at episode 568, saving model...
11-26 22:32:01: New best reward: 148.0 (+13.0%) at episode 581, saving model...
11-26 22:32:02: New best reward: 155.0 (+4.7%) at episode 641, saving model...
11-26 22:32:07: New best reward: 169.0 (+9.0%) at episode 881, saving model...
11-26 22:32:09: New best reward: 183.0 (+8.3%) at episode 921, saving model...
11-26 22:32:11: New best reward: 198.0 (+8.2%) at episode 982, saving model...
11-26 22:32:17: New best reward: 200.0 (+1.0%) at episode 1087, saving model...
11-26 22:35:34: Reached target after 2862 episodes with number of timesteps: 313666 and layer passes: 2946192.
11-26 22:35:34: Seed: 65217
11-26 22:35:34: Starting training with 16 layer(s)... (cartpole1-linear16)
11-26 22:35:34: New best reward: 12.0 (-1300.0%) at episode 0, saving model...
11-26 22:35:34: New best reward: 36.0 (+200.0%) at episode 1, saving model...
11-26 22:35:34: New best reward: 39.0 (+8.3%) at episode 6, saving model...
11-26 22:35:34: New best reward: 45.0 (+15.4%) at episode 11, saving model...
11-26 22:35:34: New best reward: 58.0 (+28.9%) at episode 12, saving model...
11-26 22:35:34: New best reward: 63.0 (+8.6%) at episode 31, saving model...
11-26 22:35:36: New best reward: 65.0 (+3.2%) at episode 213, saving model...
11-26 22:35:36: New best reward: 146.0 (+124.6%) at episode 248, saving model...
11-26 22:35:41: New best reward: 179.0 (+22.6%) at episode 626, saving model...
11-26 22:35:42: New best reward: 200.0 (+11.7%) at episode 663, saving model...
11-26 22:40:52: Reached target after 3949 episodes with number of timesteps: 427732 and layer passes: 4751840.
11-26 22:40:52: Seed: 81697
11-26 22:40:52: Starting training with 16 layer(s)... (cartpole1-linear16)
11-26 22:40:52: New best reward: 15.0 (-1600.0%) at episode 0, saving model...
11-26 22:40:52: New best reward: 16.0 (+6.7%) at episode 1, saving model...
11-26 22:40:52: New best reward: 32.0 (+100.0%) at episode 2, saving model...
11-26 22:40:52: New best reward: 35.0 (+9.4%) at episode 7, saving model...
11-26 22:40:52: New best reward: 40.0 (+14.3%) at episode 24, saving model...
11-26 22:40:52: New best reward: 45.0 (+12.5%) at episode 35, saving model...
11-26 22:40:53: New best reward: 50.0 (+11.1%) at episode 81, saving model...
11-26 22:40:53: New best reward: 63.0 (+26.0%) at episode 107, saving model...
11-26 22:40:53: New best reward: 76.0 (+20.6%) at episode 142, saving model...
11-26 22:40:54: New best reward: 84.0 (+10.5%) at episode 200, saving model...
11-26 22:40:54: New best reward: 96.0 (+14.3%) at episode 270, saving model...
11-26 22:40:54: New best reward: 117.0 (+21.9%) at episode 271, saving model...
11-26 22:40:57: New best reward: 139.0 (+18.8%) at episode 530, saving model...
11-26 22:40:57: New best reward: 155.0 (+11.5%) at episode 534, saving model...
11-26 22:40:59: New best reward: 168.0 (+8.4%) at episode 649, saving model...
11-26 22:41:03: New best reward: 194.0 (+15.5%) at episode 830, saving model...
11-26 22:41:09: New best reward: 200.0 (+3.1%) at episode 1086, saving model...
11-26 22:54:13: Reached target after 7707 episodes with number of timesteps: 1069131 and layer passes: 14035984.
11-26 22:54:13: Seed: 20991
11-26 22:54:13: Starting training with 16 layer(s)... (cartpole1-linear16)
11-26 22:54:13: New best reward: 15.0 (-1600.0%) at episode 0, saving model...
11-26 22:54:13: New best reward: 20.0 (+33.3%) at episode 1, saving model...
11-26 22:54:13: New best reward: 34.0 (+70.0%) at episode 2, saving model...
11-26 22:54:13: New best reward: 40.0 (+17.6%) at episode 16, saving model...
11-26 22:54:13: New best reward: 53.0 (+32.5%) at episode 32, saving model...
11-26 22:54:13: New best reward: 64.0 (+20.8%) at episode 74, saving model...
11-26 22:54:14: New best reward: 69.0 (+7.8%) at episode 126, saving model...
11-26 22:54:15: New best reward: 99.0 (+43.5%) at episode 229, saving model...
11-26 22:54:16: New best reward: 109.0 (+10.1%) at episode 349, saving model...
11-26 22:54:19: New best reward: 131.0 (+20.2%) at episode 608, saving model...
11-26 22:54:19: New best reward: 141.0 (+7.6%) at episode 635, saving model...
11-26 22:54:20: New best reward: 145.0 (+2.8%) at episode 668, saving model...
11-26 22:54:20: New best reward: 151.0 (+4.1%) at episode 692, saving model...
11-26 22:54:23: New best reward: 178.0 (+17.9%) at episode 865, saving model...
11-26 22:54:25: New best reward: 200.0 (+12.4%) at episode 962, saving model...
11-26 22:58:49: Reached target after 3636 episodes with number of timesteps: 444454 and layer passes: 4660448.
11-26 22:58:49: Average duration: 657753.6 timesteps, Average layer passes: 8000281.6 (cartpole1-linear16)
