Seed: 63676
11-21 21:59:11: Starting training... (cartpole1-1)
11-21 21:59:13: New best reward: 11.0 (-100.0%) at episode 0, saving model...
11-21 21:59:13: New best reward: 12.0 (+9.1%) at episode 1, saving model...
11-21 21:59:13: New best reward: 28.0 (+133.3%) at episode 2, saving model...
11-21 21:59:13: New best reward: 60.0 (+114.3%) at episode 3, saving model...
11-21 21:59:14: New best reward: 68.0 (+13.3%) at episode 80, saving model...
11-21 21:59:15: New best reward: 77.0 (+13.2%) at episode 193, saving model...
11-21 21:59:15: New best reward: 79.0 (+2.6%) at episode 219, saving model...
11-21 21:59:15: New best reward: 106.0 (+34.2%) at episode 226, saving model...
11-21 21:59:17: New best reward: 169.0 (+59.4%) at episode 403, saving model...
11-21 21:59:23: New best reward: 175.0 (+3.6%) at episode 794, saving model...
11-21 21:59:24: New best reward: 200.0 (+14.3%) at episode 819, saving model...
11-21 21:59:27: New best reward: 253.0 (+26.5%) at episode 991, saving model...
11-21 21:59:31: New best reward: 259.0 (+2.4%) at episode 1105, saving model...
11-21 21:59:31: New best reward: 264.0 (+1.9%) at episode 1119, saving model...
11-21 21:59:32: New best reward: 388.0 (+47.0%) at episode 1132, saving model...
11-21 21:59:34: New best reward: 446.0 (+14.9%) at episode 1179, saving model...
11-21 21:59:44: New best reward: 487.0 (+9.2%) at episode 1403, saving model...
11-21 22:00:05: New best reward: 523.0 (+7.4%) at episode 1805, saving model...
11-21 22:00:57: New best reward: 560.0 (+7.1%) at episode 2630, saving model...
11-21 22:01:20: New best reward: 720.0 (+28.6%) at episode 2898, saving model...
11-21 22:01:43: New best reward: 772.0 (+7.2%) at episode 3103, saving model...
11-21 22:01:45: New best reward: 886.0 (+14.8%) at episode 3107, saving model...
11-21 22:01:58: New best reward: 899.0 (+1.5%) at episode 3192, saving model...
11-21 22:02:00: New best reward: 1110.0 (+23.5%) at episode 3195, saving model...
11-21 22:02:02: New best reward: 2010.0 (+81.1%) at episode 3201, saving model...
11-21 22:02:48: New best reward: 6487.0 (+222.7%) at episode 3521, saving model...
11-21 22:02:54: New best reward: 12377.0 (+90.8%) at episode 3522, saving model...
11-21 22:03:01: New best reward: 14822.0 (+19.8%) at episode 3523, saving model...
11-21 22:03:21: New best reward: 21685.0 (+46.3%) at episode 3565, saving model...
11-21 22:03:59: New best reward: 87026.0 (+301.3%) at episode 3566, saving model...
11-21 22:05:01: New best reward: 89203.0 (+2.5%) at episode 3569, saving model...
11-21 22:06:46: New best reward: 100000.0 (+12.1%) at episode 3593, saving model...
11-21 22:06:46: Average duration: 1125669.0 timesteps, Average layer passes: 845313.0 (cartpole1-1)
Seed: 78998
11-21 22:06:46: Starting training... (cartpole1-2)
11-21 22:06:46: New best reward: 23.0 (-100.0%) at episode 0, saving model...
11-21 22:06:46: New best reward: 47.0 (+104.3%) at episode 2, saving model...
11-21 22:06:47: New best reward: 50.0 (+6.4%) at episode 6, saving model...
11-21 22:06:47: New best reward: 78.0 (+56.0%) at episode 75, saving model...
11-21 22:06:48: New best reward: 86.0 (+10.3%) at episode 154, saving model...
11-21 22:06:48: New best reward: 93.0 (+8.1%) at episode 197, saving model...
11-21 22:06:49: New best reward: 106.0 (+14.0%) at episode 277, saving model...
11-21 22:06:51: New best reward: 109.0 (+2.8%) at episode 480, saving model...
11-21 22:06:51: New best reward: 121.0 (+11.0%) at episode 500, saving model...
11-21 22:06:51: New best reward: 135.0 (+11.6%) at episode 525, saving model...
11-21 22:06:53: New best reward: 142.0 (+5.2%) at episode 613, saving model...
11-21 22:06:53: New best reward: 164.0 (+15.5%) at episode 638, saving model...
11-21 22:06:55: New best reward: 180.0 (+9.8%) at episode 788, saving model...
11-21 22:06:56: New best reward: 230.0 (+27.8%) at episode 796, saving model...
11-21 22:06:59: New best reward: 289.0 (+25.7%) at episode 929, saving model...
11-21 22:07:06: New best reward: 311.0 (+7.6%) at episode 1173, saving model...
11-21 22:07:09: New best reward: 547.0 (+75.9%) at episode 1236, saving model...
11-21 22:07:14: New best reward: 564.0 (+3.1%) at episode 1356, saving model...
11-21 22:07:16: New best reward: 719.0 (+27.5%) at episode 1394, saving model...
11-21 22:07:41: New best reward: 828.0 (+15.2%) at episode 1763, saving model...
11-21 22:07:43: New best reward: 1139.0 (+37.6%) at episode 1772, saving model...
11-21 22:07:50: New best reward: 1196.0 (+5.0%) at episode 1826, saving model...
11-21 22:07:51: New best reward: 1338.0 (+11.9%) at episode 1832, saving model...
11-21 22:07:54: New best reward: 1470.0 (+9.9%) at episode 1848, saving model...
11-21 22:10:13: New best reward: 1809.0 (+23.1%) at episode 2898, saving model...
11-21 22:10:17: New best reward: 1898.0 (+4.9%) at episode 2905, saving model...
11-21 22:10:20: New best reward: 2443.0 (+28.7%) at episode 2908, saving model...
11-21 22:10:22: New best reward: 3370.0 (+37.9%) at episode 2909, saving model...
11-21 22:10:45: New best reward: 12585.0 (+273.4%) at episode 2966, saving model...
11-21 22:10:59: New best reward: 30629.0 (+143.4%) at episode 2968, saving model...
11-21 22:14:50: New best reward: 33584.0 (+9.6%) at episode 3671, saving model...
11-21 22:15:20: New best reward: 54729.0 (+63.0%) at episode 3673, saving model...
11-21 22:15:52: New best reward: 65655.0 (+20.0%) at episode 3674, saving model...
11-21 22:16:31: New best reward: 79481.0 (+21.1%) at episode 3675, saving model...
11-21 22:18:40: New best reward: 80470.0 (+1.2%) at episode 3698, saving model...
11-21 22:19:37: New best reward: 100000.0 (+24.3%) at episode 3701, saving model...
11-21 22:19:37: Average duration: 1611426.0 timesteps, Average layer passes: 2453516.0 (cartpole1-2)
Seed: 2584
11-21 22:19:37: Starting training... (cartpole1-3)
11-21 22:19:37: New best reward: 16.0 (-100.0%) at episode 0, saving model...
11-21 22:19:37: New best reward: 26.0 (+62.5%) at episode 2, saving model...
11-21 22:19:37: New best reward: 34.0 (+30.8%) at episode 18, saving model...
11-21 22:19:37: New best reward: 35.0 (+2.9%) at episode 21, saving model...
11-21 22:19:38: New best reward: 39.0 (+11.4%) at episode 23, saving model...
11-21 22:19:38: New best reward: 53.0 (+35.9%) at episode 25, saving model...
11-21 22:19:38: New best reward: 55.0 (+3.8%) at episode 26, saving model...
11-21 22:19:38: New best reward: 70.0 (+27.3%) at episode 53, saving model...
11-21 22:19:38: New best reward: 90.0 (+28.6%) at episode 61, saving model...
11-21 22:19:41: New best reward: 91.0 (+1.1%) at episode 442, saving model...
11-21 22:19:41: New best reward: 99.0 (+8.8%) at episode 472, saving model...
11-21 22:19:42: New best reward: 127.0 (+28.3%) at episode 502, saving model...
11-21 22:19:42: New best reward: 150.0 (+18.1%) at episode 537, saving model...
11-21 22:19:43: New best reward: 161.0 (+7.3%) at episode 630, saving model...
11-21 22:19:47: New best reward: 209.0 (+29.8%) at episode 856, saving model...
11-21 22:19:49: New best reward: 270.0 (+29.2%) at episode 942, saving model...
11-21 22:20:03: New best reward: 275.0 (+1.9%) at episode 1346, saving model...
11-21 22:20:04: New best reward: 301.0 (+9.5%) at episode 1358, saving model...
11-21 22:20:24: New best reward: 356.0 (+18.3%) at episode 1711, saving model...
11-21 22:20:29: New best reward: 420.0 (+18.0%) at episode 1773, saving model...
11-21 22:20:36: New best reward: 435.0 (+3.6%) at episode 1857, saving model...
11-21 22:20:38: New best reward: 442.0 (+1.6%) at episode 1881, saving model...
11-21 22:20:56: New best reward: 454.0 (+2.7%) at episode 2047, saving model...
11-21 22:21:52: New best reward: 458.0 (+0.9%) at episode 2659, saving model...
11-21 22:25:06: New best reward: 464.0 (+1.3%) at episode 4604, saving model...
11-21 22:26:01: New best reward: 474.0 (+2.2%) at episode 5041, saving model...
11-21 22:27:19: New best reward: 484.0 (+2.1%) at episode 5643, saving model...
11-21 22:28:46: New best reward: 514.0 (+6.2%) at episode 6382, saving model...
11-21 22:29:46: New best reward: 621.0 (+20.8%) at episode 6834, saving model...
11-21 22:31:37: New best reward: 630.0 (+1.4%) at episode 7589, saving model...
11-21 22:33:34: New best reward: 671.0 (+6.5%) at episode 8371, saving model...
11-21 22:33:35: New best reward: 694.0 (+3.4%) at episode 8373, saving model...
11-21 22:34:25: New best reward: 698.0 (+0.6%) at episode 8666, saving model...
11-21 22:34:32: New best reward: 895.0 (+28.2%) at episode 8703, saving model...
11-21 22:34:36: New best reward: 1128.0 (+26.0%) at episode 8720, saving model...
11-21 22:34:40: New best reward: 1177.0 (+4.3%) at episode 8738, saving model...
11-21 22:35:03: New best reward: 1787.0 (+51.8%) at episode 8846, saving model...
11-21 22:36:26: New best reward: 100000.0 (+5496.0%) at episode 8916, saving model...
11-21 22:36:26: Average duration: 1675947.0 timesteps, Average layer passes: 4307010.0 (cartpole1-3)
Seed: 42914
11-21 22:36:27: Starting training... (cartpole1-4)
11-21 22:36:27: New best reward: 16.0 (-100.0%) at episode 0, saving model...
11-21 22:36:27: New best reward: 35.0 (+118.8%) at episode 1, saving model...
11-21 22:36:27: New best reward: 76.0 (+117.1%) at episode 5, saving model...
11-21 22:36:29: New best reward: 88.0 (+15.8%) at episode 222, saving model...
11-21 22:36:29: New best reward: 93.0 (+5.7%) at episode 258, saving model...
11-21 22:36:29: New best reward: 108.0 (+16.1%) at episode 295, saving model...
11-21 22:36:31: New best reward: 121.0 (+12.0%) at episode 393, saving model...
11-21 22:36:35: New best reward: 129.0 (+6.6%) at episode 617, saving model...
11-21 22:36:40: New best reward: 213.0 (+65.1%) at episode 798, saving model...
11-21 22:36:43: New best reward: 242.0 (+13.6%) at episode 888, saving model...
11-21 22:36:50: New best reward: 267.0 (+10.3%) at episode 1101, saving model...
11-21 22:37:03: New best reward: 358.0 (+34.1%) at episode 1330, saving model...
11-21 22:37:04: New best reward: 398.0 (+11.2%) at episode 1338, saving model...
11-21 22:37:05: New best reward: 507.0 (+27.4%) at episode 1343, saving model...
11-21 22:37:34: New best reward: 508.0 (+0.2%) at episode 1650, saving model...
11-21 22:37:57: New best reward: 788.0 (+55.1%) at episode 1819, saving model...
11-21 22:38:13: New best reward: 1376.0 (+74.6%) at episode 1920, saving model...
11-21 22:57:14: New best reward: 2539.0 (+84.5%) at episode 8800, saving model...
11-21 23:47:57: New best reward: 100000.0 (+3838.6%) at episode 16361, saving model...
11-21 23:47:58: Average duration: 3991305.0 timesteps, Average layer passes: 14556732.0 (cartpole1-4)
Seed: 19709
11-21 23:47:58: Starting training... (cartpole1-5)
11-21 23:47:58: New best reward: 24.0 (-100.0%) at episode 0, saving model...
11-21 23:47:58: New best reward: 38.0 (+58.3%) at episode 9, saving model...
11-21 23:47:58: New best reward: 53.0 (+39.5%) at episode 13, saving model...
11-21 23:47:59: New best reward: 64.0 (+20.8%) at episode 109, saving model...
11-21 23:48:00: New best reward: 85.0 (+32.8%) at episode 152, saving model...
11-21 23:48:03: New best reward: 137.0 (+61.2%) at episode 386, saving model...
11-21 23:48:10: New best reward: 152.0 (+10.9%) at episode 724, saving model...
11-21 23:48:10: New best reward: 167.0 (+9.9%) at episode 730, saving model...
11-21 23:48:13: New best reward: 169.0 (+1.2%) at episode 832, saving model...
11-21 23:48:14: New best reward: 175.0 (+3.6%) at episode 855, saving model...
11-21 23:48:14: New best reward: 205.0 (+17.1%) at episode 859, saving model...
11-21 23:48:15: New best reward: 207.0 (+1.0%) at episode 867, saving model...
11-21 23:48:19: New best reward: 230.0 (+11.1%) at episode 957, saving model...
11-21 23:48:20: New best reward: 274.0 (+19.1%) at episode 981, saving model...
11-21 23:48:24: New best reward: 374.0 (+36.5%) at episode 1074, saving model...
11-21 23:48:25: New best reward: 392.0 (+4.8%) at episode 1087, saving model...
11-21 23:48:41: New best reward: 482.0 (+23.0%) at episode 1351, saving model...
11-21 23:48:43: New best reward: 563.0 (+16.8%) at episode 1364, saving model...
11-21 23:49:35: New best reward: 645.0 (+14.6%) at episode 1841, saving model...
11-21 23:49:39: New best reward: 647.0 (+0.3%) at episode 1858, saving model...
11-21 23:49:46: New best reward: 694.0 (+7.3%) at episode 1887, saving model...
11-21 23:49:49: New best reward: 966.0 (+39.2%) at episode 1895, saving model...
11-21 23:49:53: New best reward: 1028.0 (+6.4%) at episode 1903, saving model...
11-21 23:49:54: New best reward: 1033.0 (+0.5%) at episode 1905, saving model...
11-21 23:49:56: New best reward: 1797.0 (+74.0%) at episode 1908, saving model...
11-22 00:36:53: New best reward: 21162.0 (+1077.6%) at episode 10397, saving model...
11-22 00:38:31: New best reward: 100000.0 (+372.5%) at episode 10438, saving model...
11-22 00:38:32: Average duration: 3032764.0 timesteps, Average layer passes: 13150350.0 (cartpole1-5)
Seed: 73544
11-22 00:38:32: Starting training... (cartpole1-6)
11-22 00:38:32: New best reward: 11.0 (-100.0%) at episode 0, saving model...
11-22 00:38:32: New best reward: 13.0 (+18.2%) at episode 1, saving model...
11-22 00:38:32: New best reward: 25.0 (+92.3%) at episode 2, saving model...
11-22 00:38:33: New best reward: 51.0 (+104.0%) at episode 3, saving model...
11-22 00:38:33: New best reward: 53.0 (+3.9%) at episode 11, saving model...
11-22 00:38:33: New best reward: 69.0 (+30.2%) at episode 17, saving model...
11-22 00:38:34: New best reward: 71.0 (+2.9%) at episode 137, saving model...
11-22 00:38:34: New best reward: 74.0 (+4.2%) at episode 143, saving model...
11-22 00:38:34: New best reward: 79.0 (+6.8%) at episode 172, saving model...
11-22 00:38:34: New best reward: 81.0 (+2.5%) at episode 180, saving model...
11-22 00:38:35: New best reward: 96.0 (+18.5%) at episode 278, saving model...
11-22 00:38:38: New best reward: 125.0 (+30.2%) at episode 459, saving model...
11-22 00:38:39: New best reward: 132.0 (+5.6%) at episode 519, saving model...
11-22 00:38:41: New best reward: 154.0 (+16.7%) at episode 644, saving model...
11-22 00:38:46: New best reward: 163.0 (+5.8%) at episode 848, saving model...
11-22 00:38:48: New best reward: 227.0 (+39.3%) at episode 916, saving model...
11-22 00:38:49: New best reward: 243.0 (+7.0%) at episode 930, saving model...
11-22 00:39:01: New best reward: 295.0 (+21.4%) at episode 1228, saving model...
11-22 00:39:01: New best reward: 298.0 (+1.0%) at episode 1240, saving model...
11-22 00:39:10: New best reward: 323.0 (+8.4%) at episode 1374, saving model...
11-22 00:39:11: New best reward: 350.0 (+8.4%) at episode 1397, saving model...
11-22 00:39:15: New best reward: 361.0 (+3.1%) at episode 1442, saving model...
11-22 00:39:21: New best reward: 470.0 (+30.2%) at episode 1510, saving model...
11-22 00:39:55: New best reward: 476.0 (+1.3%) at episode 1822, saving model...
11-22 00:40:19: New best reward: 508.0 (+6.7%) at episode 2059, saving model...
11-22 00:54:54: New best reward: 100000.0 (+19585.0%) at episode 8597, saving model...
11-22 00:54:55: Average duration: 1130167.0 timesteps, Average layer passes: 5583456.0 (cartpole1-6)
Seed: 65288
11-22 00:54:55: Starting training... (cartpole1-7)
11-22 00:54:55: New best reward: 18.0 (-100.0%) at episode 0, saving model...
11-22 00:54:55: New best reward: 20.0 (+11.1%) at episode 1, saving model...
11-22 00:54:55: New best reward: 42.0 (+110.0%) at episode 2, saving model...
11-22 00:54:55: New best reward: 56.0 (+33.3%) at episode 5, saving model...
11-22 00:54:55: New best reward: 59.0 (+5.4%) at episode 7, saving model...
11-22 00:54:55: New best reward: 64.0 (+8.5%) at episode 40, saving model...
11-22 00:54:56: New best reward: 87.0 (+35.9%) at episode 177, saving model...
11-22 00:54:57: New best reward: 89.0 (+2.3%) at episode 225, saving model...
11-22 00:54:57: New best reward: 102.0 (+14.6%) at episode 275, saving model...
11-22 00:54:59: New best reward: 114.0 (+11.8%) at episode 382, saving model...
11-22 00:54:59: New best reward: 161.0 (+41.2%) at episode 401, saving model...
11-22 00:55:03: New best reward: 179.0 (+11.2%) at episode 613, saving model...
11-22 00:55:07: New best reward: 191.0 (+6.7%) at episode 757, saving model...
11-22 00:55:10: New best reward: 256.0 (+34.0%) at episode 858, saving model...
11-22 00:55:13: New best reward: 277.0 (+8.2%) at episode 974, saving model...
11-22 00:55:15: New best reward: 332.0 (+19.9%) at episode 1007, saving model...
11-22 00:55:16: New best reward: 424.0 (+27.7%) at episode 1030, saving model...
11-22 00:55:44: New best reward: 434.0 (+2.4%) at episode 1481, saving model...
11-22 00:55:49: New best reward: 544.0 (+25.3%) at episode 1528, saving model...
11-22 00:55:59: New best reward: 595.0 (+9.4%) at episode 1611, saving model...
11-22 00:57:29: New best reward: 743.0 (+24.9%) at episode 2229, saving model...
11-22 00:57:44: New best reward: 817.0 (+10.0%) at episode 2280, saving model...
11-22 00:58:02: New best reward: 1069.0 (+30.8%) at episode 2340, saving model...
11-22 01:27:36: New best reward: 4996.0 (+367.4%) at episode 12394, saving model...
11-22 01:29:23: New best reward: 100000.0 (+1901.6%) at episode 12396, saving model...
11-22 01:29:23: Average duration: 2052802.0 timesteps, Average layer passes: 12418854.0 (cartpole1-7)
Seed: 49735
11-22 01:29:23: Starting training... (cartpole1-8)
11-22 01:29:23: New best reward: 9.0 (-100.0%) at episode 0, saving model...
11-22 01:29:23: New best reward: 27.0 (+200.0%) at episode 1, saving model...
11-22 01:29:24: New best reward: 35.0 (+29.6%) at episode 8, saving model...
11-22 01:29:24: New best reward: 57.0 (+62.9%) at episode 9, saving model...
11-22 01:29:24: New best reward: 70.0 (+22.8%) at episode 46, saving model...
11-22 01:29:24: New best reward: 79.0 (+12.9%) at episode 61, saving model...
11-22 01:29:25: New best reward: 84.0 (+6.3%) at episode 118, saving model...
11-22 01:29:26: New best reward: 86.0 (+2.4%) at episode 216, saving model...
11-22 01:29:28: New best reward: 109.0 (+26.7%) at episode 361, saving model...
11-22 01:29:35: New best reward: 144.0 (+32.1%) at episode 665, saving model...
11-22 01:29:37: New best reward: 160.0 (+11.1%) at episode 733, saving model...
11-22 01:29:40: New best reward: 177.0 (+10.6%) at episode 854, saving model...
11-22 01:29:41: New best reward: 194.0 (+9.6%) at episode 861, saving model...
11-22 01:29:46: New best reward: 219.0 (+12.9%) at episode 994, saving model...
11-22 01:29:52: New best reward: 231.0 (+5.5%) at episode 1142, saving model...
11-22 01:29:55: New best reward: 256.0 (+10.8%) at episode 1184, saving model...
11-22 01:29:55: New best reward: 282.0 (+10.2%) at episode 1187, saving model...
11-22 01:29:56: New best reward: 482.0 (+70.9%) at episode 1204, saving model...
11-22 01:30:25: New best reward: 493.0 (+2.3%) at episode 1558, saving model...
11-22 01:31:58: New best reward: 528.0 (+7.1%) at episode 2256, saving model...
11-22 01:32:00: New best reward: 585.0 (+10.8%) at episode 2260, saving model...
11-22 01:32:00: New best reward: 708.0 (+21.0%) at episode 2261, saving model...
11-22 01:49:06: New best reward: 11686.0 (+1550.6%) at episode 8202, saving model...
11-22 01:50:11: New best reward: 53128.0 (+354.6%) at episode 8209, saving model...
11-22 02:01:54: New best reward: 100000.0 (+88.2%) at episode 10377, saving model...
11-22 02:01:55: Average duration: 1735843.0 timesteps, Average layer passes: 12142512.0 (cartpole1-8)
Seed: 30144
11-22 02:01:55: Starting training... (cartpole1-9)
11-22 02:01:55: New best reward: 24.0 (-100.0%) at episode 0, saving model...
11-22 02:01:55: New best reward: 32.0 (+33.3%) at episode 1, saving model...
11-22 02:01:55: New best reward: 42.0 (+31.2%) at episode 5, saving model...
11-22 02:01:55: New best reward: 64.0 (+52.4%) at episode 10, saving model...
11-22 02:01:55: New best reward: 66.0 (+3.1%) at episode 28, saving model...
11-22 02:01:56: New best reward: 72.0 (+9.1%) at episode 44, saving model...
11-22 02:01:56: New best reward: 90.0 (+25.0%) at episode 125, saving model...
11-22 02:02:00: New best reward: 111.0 (+23.3%) at episode 361, saving model...
11-22 02:02:01: New best reward: 120.0 (+8.1%) at episode 443, saving model...
11-22 02:02:01: New best reward: 124.0 (+3.3%) at episode 446, saving model...
11-22 02:02:05: New best reward: 126.0 (+1.6%) at episode 617, saving model...
11-22 02:02:07: New best reward: 134.0 (+6.3%) at episode 686, saving model...
11-22 02:02:07: New best reward: 155.0 (+15.7%) at episode 691, saving model...
11-22 02:02:12: New best reward: 164.0 (+5.8%) at episode 820, saving model...
11-22 02:02:14: New best reward: 165.0 (+0.6%) at episode 883, saving model...
11-22 02:02:15: New best reward: 171.0 (+3.6%) at episode 919, saving model...
11-22 02:02:16: New best reward: 172.0 (+0.6%) at episode 927, saving model...
11-22 02:02:20: New best reward: 283.0 (+64.5%) at episode 1033, saving model...
11-22 02:02:24: New best reward: 297.0 (+4.9%) at episode 1100, saving model...
11-22 02:02:26: New best reward: 304.0 (+2.4%) at episode 1123, saving model...
11-22 02:02:38: New best reward: 317.0 (+4.3%) at episode 1298, saving model...
11-22 02:02:41: New best reward: 330.0 (+4.1%) at episode 1344, saving model...
11-22 02:02:43: New best reward: 351.0 (+6.4%) at episode 1359, saving model...
11-22 02:02:43: New best reward: 620.0 (+76.6%) at episode 1363, saving model...
11-22 02:03:44: New best reward: 734.0 (+18.4%) at episode 1931, saving model...
11-22 02:04:04: New best reward: 816.0 (+11.2%) at episode 2056, saving model...
11-22 02:15:59: New best reward: 960.0 (+17.6%) at episode 5287, saving model...
11-22 02:16:03: New best reward: 3010.0 (+213.5%) at episode 5289, saving model...
11-22 02:24:12: New best reward: 100000.0 (+3222.3%) at episode 6055, saving model...
11-22 02:24:13: Average duration: 1158867.0 timesteps, Average layer passes: 8560773.0 (cartpole1-9)
Seed: 16038
11-22 02:24:13: Starting training... (cartpole1-10)
11-22 02:24:13: New best reward: 11.0 (-100.0%) at episode 0, saving model...
11-22 02:24:13: New best reward: 20.0 (+81.8%) at episode 1, saving model...
11-22 02:24:13: New best reward: 28.0 (+40.0%) at episode 2, saving model...
11-22 02:24:13: New best reward: 31.0 (+10.7%) at episode 5, saving model...
11-22 02:24:13: New best reward: 33.0 (+6.5%) at episode 8, saving model...
11-22 02:24:13: New best reward: 85.0 (+157.6%) at episode 9, saving model...
11-22 02:24:13: New best reward: 99.0 (+16.5%) at episode 32, saving model...
11-22 02:24:17: New best reward: 110.0 (+11.1%) at episode 311, saving model...
11-22 02:24:18: New best reward: 112.0 (+1.8%) at episode 361, saving model...
11-22 02:24:19: New best reward: 115.0 (+2.7%) at episode 420, saving model...
11-22 02:24:24: New best reward: 131.0 (+13.9%) at episode 625, saving model...
11-22 02:24:28: New best reward: 155.0 (+18.3%) at episode 757, saving model...
11-22 02:24:29: New best reward: 195.0 (+25.8%) at episode 781, saving model...
11-22 02:24:40: New best reward: 202.0 (+3.6%) at episode 1070, saving model...
11-22 02:24:40: New best reward: 228.0 (+12.9%) at episode 1074, saving model...
11-22 02:24:43: New best reward: 270.0 (+18.4%) at episode 1106, saving model...
11-22 02:24:44: New best reward: 338.0 (+25.2%) at episode 1121, saving model...
11-22 02:24:45: New best reward: 389.0 (+15.1%) at episode 1136, saving model...
11-22 02:24:52: New best reward: 414.0 (+6.4%) at episode 1216, saving model...
11-22 02:25:07: New best reward: 445.0 (+7.5%) at episode 1384, saving model...
11-22 02:25:10: New best reward: 547.0 (+22.9%) at episode 1401, saving model...
11-22 02:25:12: New best reward: 633.0 (+15.7%) at episode 1405, saving model...
11-22 02:25:36: New best reward: 670.0 (+5.8%) at episode 1564, saving model...
11-22 02:25:52: New best reward: 739.0 (+10.3%) at episode 1646, saving model...
11-22 02:41:29: New best reward: 896.0 (+21.2%) at episode 5876, saving model...
11-22 02:41:42: New best reward: 3329.0 (+271.5%) at episode 5935, saving model...
11-22 02:45:44: New best reward: 7688.0 (+130.9%) at episode 6525, saving model...
11-22 02:46:32: New best reward: 28105.0 (+265.6%) at episode 6527, saving model...
11-22 02:49:13: New best reward: 100000.0 (+255.8%) at episode 6576, saving model...
11-22 02:49:14: Average duration: 1201360.0 timesteps, Average layer passes: 9782280.0 (cartpole1-10)
Seed: 57157
11-22 02:49:14: Starting training... (cartpole1-11)
11-22 02:49:14: New best reward: 38.0 (-100.0%) at episode 0, saving model...
11-22 02:49:14: New best reward: 44.0 (+15.8%) at episode 9, saving model...
11-22 02:49:15: New best reward: 63.0 (+43.2%) at episode 31, saving model...
11-22 02:49:16: New best reward: 81.0 (+28.6%) at episode 171, saving model...
11-22 02:49:18: New best reward: 93.0 (+14.8%) at episode 284, saving model...
11-22 02:49:21: New best reward: 102.0 (+9.7%) at episode 425, saving model...
11-22 02:49:22: New best reward: 105.0 (+2.9%) at episode 485, saving model...
11-22 02:49:23: New best reward: 133.0 (+26.7%) at episode 509, saving model...
11-22 02:49:27: New best reward: 139.0 (+4.5%) at episode 667, saving model...
11-22 02:49:27: New best reward: 140.0 (+0.7%) at episode 674, saving model...
11-22 02:49:28: New best reward: 150.0 (+7.1%) at episode 686, saving model...
11-22 02:49:28: New best reward: 153.0 (+2.0%) at episode 687, saving model...
11-22 02:49:29: New best reward: 204.0 (+33.3%) at episode 720, saving model...
11-22 02:49:36: New best reward: 218.0 (+6.9%) at episode 880, saving model...
11-22 02:49:58: New best reward: 249.0 (+14.2%) at episode 1275, saving model...
11-22 02:50:01: New best reward: 295.0 (+18.5%) at episode 1302, saving model...
11-22 02:50:29: New best reward: 350.0 (+18.6%) at episode 1577, saving model...
11-22 02:51:12: New best reward: 383.0 (+9.4%) at episode 1864, saving model...
11-22 02:51:52: New best reward: 389.0 (+1.6%) at episode 2124, saving model...
11-22 02:52:07: New best reward: 449.0 (+15.4%) at episode 2200, saving model...
11-22 03:25:22: New best reward: 479.0 (+6.7%) at episode 7928, saving model...
11-22 03:25:26: New best reward: 607.0 (+26.7%) at episode 7934, saving model...
11-22 03:25:27: New best reward: 698.0 (+15.0%) at episode 7935, saving model...
11-22 03:26:12: New best reward: 2305.0 (+230.2%) at episode 8016, saving model...
11-22 03:27:42: New best reward: 5632.0 (+144.3%) at episode 8140, saving model...
11-22 03:30:14: New best reward: 100000.0 (+1675.6%) at episode 8141, saving model...
11-22 03:30:14: Average duration: 1734732.0 timesteps, Average layer passes: 16464613.0 (cartpole1-11)
Seed: 94235
11-22 03:30:15: Starting training... (cartpole1-12)
11-22 03:30:15: New best reward: 12.0 (-100.0%) at episode 0, saving model...
11-22 03:30:15: New best reward: 44.0 (+266.7%) at episode 1, saving model...
11-22 03:30:15: New best reward: 49.0 (+11.4%) at episode 41, saving model...
11-22 03:30:15: New best reward: 68.0 (+38.8%) at episode 59, saving model...
11-22 03:30:17: New best reward: 77.0 (+13.2%) at episode 161, saving model...
11-22 03:30:17: New best reward: 112.0 (+45.5%) at episode 185, saving model...
11-22 03:30:21: New best reward: 122.0 (+8.9%) at episode 410, saving model...
11-22 03:30:22: New best reward: 132.0 (+8.2%) at episode 425, saving model...
11-22 03:30:30: New best reward: 153.0 (+15.9%) at episode 704, saving model...
11-22 03:30:35: New best reward: 165.0 (+7.8%) at episode 852, saving model...
11-22 03:30:38: New best reward: 166.0 (+0.6%) at episode 924, saving model...
11-22 03:30:42: New best reward: 176.0 (+6.0%) at episode 995, saving model...
11-22 03:30:43: New best reward: 194.0 (+10.2%) at episode 1021, saving model...
11-22 03:30:45: New best reward: 323.0 (+66.5%) at episode 1052, saving model...
11-22 03:31:12: New best reward: 324.0 (+0.3%) at episode 1438, saving model...
11-22 03:31:14: New best reward: 389.0 (+20.1%) at episode 1445, saving model...
11-22 03:31:52: New best reward: 552.0 (+41.9%) at episode 1743, saving model...
11-22 03:32:15: New best reward: 647.0 (+17.2%) at episode 1881, saving model...
11-22 03:45:42: New best reward: 6388.0 (+887.3%) at episode 5397, saving model...
11-22 03:48:21: New best reward: 100000.0 (+1465.4%) at episode 5400, saving model...
11-22 03:48:22: Average duration: 775064.0 timesteps, Average layer passes: 7218648.0 (cartpole1-12)
Seed: 90946
11-22 03:48:22: Starting training... (cartpole1-13)
11-22 03:48:22: New best reward: 22.0 (-100.0%) at episode 0, saving model...
11-22 03:48:22: New best reward: 47.0 (+113.6%) at episode 2, saving model...
11-22 03:48:22: New best reward: 58.0 (+23.4%) at episode 4, saving model...
11-22 03:48:22: New best reward: 75.0 (+29.3%) at episode 38, saving model...
11-22 03:48:25: New best reward: 83.0 (+10.7%) at episode 238, saving model...
11-22 03:48:26: New best reward: 94.0 (+13.3%) at episode 280, saving model...
11-22 03:48:27: New best reward: 103.0 (+9.6%) at episode 321, saving model...
11-22 03:48:28: New best reward: 152.0 (+47.6%) at episode 388, saving model...
11-22 03:48:40: New best reward: 184.0 (+21.1%) at episode 771, saving model...
11-22 03:48:44: New best reward: 244.0 (+32.6%) at episode 862, saving model...
11-22 03:48:54: New best reward: 275.0 (+12.7%) at episode 1024, saving model...
11-22 03:49:09: New best reward: 276.0 (+0.4%) at episode 1226, saving model...
11-22 03:49:19: New best reward: 338.0 (+22.5%) at episode 1332, saving model...
11-22 03:49:26: New best reward: 392.0 (+16.0%) at episode 1383, saving model...
11-22 03:54:02: New best reward: 432.0 (+10.2%) at episode 2952, saving model...
11-22 03:54:16: New best reward: 439.0 (+1.6%) at episode 3001, saving model...
11-22 03:54:36: New best reward: 475.0 (+8.2%) at episode 3063, saving model...
11-22 03:54:37: New best reward: 581.0 (+22.3%) at episode 3064, saving model...
11-22 03:57:27: New best reward: 742.0 (+27.7%) at episode 3505, saving model...
11-22 04:01:34: New best reward: 851.0 (+14.7%) at episode 4071, saving model...
11-22 04:41:00: New best reward: 1140.0 (+34.0%) at episode 10316, saving model...
11-22 04:47:11: New best reward: 100000.0 (+8671.9%) at episode 10537, saving model...
11-22 04:47:11: Average duration: 2122707.0 timesteps, Average layer passes: 24208431.0 (cartpole1-13)
Seed: 83429
11-22 04:47:11: Starting training... (cartpole1-14)
11-22 04:47:11: New best reward: 18.0 (-100.0%) at episode 0, saving model...
11-22 04:47:12: New best reward: 20.0 (+11.1%) at episode 3, saving model...
11-22 04:47:12: New best reward: 42.0 (+110.0%) at episode 5, saving model...
11-22 04:47:12: New best reward: 45.0 (+7.1%) at episode 21, saving model...
11-22 04:47:12: New best reward: 65.0 (+44.4%) at episode 36, saving model...
11-22 04:47:12: New best reward: 77.0 (+18.5%) at episode 76, saving model...
11-22 04:47:15: New best reward: 87.0 (+13.0%) at episode 210, saving model...
11-22 04:47:15: New best reward: 104.0 (+19.5%) at episode 236, saving model...
11-22 04:47:19: New best reward: 112.0 (+7.7%) at episode 412, saving model...
11-22 04:47:19: New best reward: 118.0 (+5.4%) at episode 419, saving model...
11-22 04:47:23: New best reward: 137.0 (+16.1%) at episode 556, saving model...
11-22 04:47:27: New best reward: 142.0 (+3.6%) at episode 690, saving model...
11-22 04:47:28: New best reward: 152.0 (+7.0%) at episode 710, saving model...
11-22 04:47:30: New best reward: 224.0 (+47.4%) at episode 768, saving model...
11-22 04:47:31: New best reward: 235.0 (+4.9%) at episode 778, saving model...
11-22 04:47:39: New best reward: 236.0 (+0.4%) at episode 928, saving model...
11-22 04:47:41: New best reward: 244.0 (+3.4%) at episode 950, saving model...
11-22 04:47:44: New best reward: 271.0 (+11.1%) at episode 989, saving model...
11-22 04:47:53: New best reward: 351.0 (+29.5%) at episode 1116, saving model...
11-22 04:48:12: New best reward: 362.0 (+3.1%) at episode 1301, saving model...
11-22 04:48:40: New best reward: 531.0 (+46.7%) at episode 1518, saving model...
11-22 04:50:49: New best reward: 614.0 (+15.6%) at episode 2091, saving model...
11-22 04:57:10: New best reward: 650.0 (+5.9%) at episode 3308, saving model...
11-22 04:59:32: New best reward: 735.0 (+13.1%) at episode 3640, saving model...
11-22 04:59:48: New best reward: 897.0 (+22.0%) at episode 3669, saving model...
11-22 05:04:22: New best reward: 986.0 (+9.9%) at episode 4152, saving model...
11-22 05:08:05: New best reward: 1929.0 (+95.6%) at episode 4483, saving model...
11-22 05:10:58: New best reward: 100000.0 (+5084.0%) at episode 4484, saving model...
11-22 05:10:58: Average duration: 933037.0 timesteps, Average layer passes: 9835518.0 (cartpole1-14)
Seed: 24390
11-22 05:10:58: Starting training... (cartpole1-15)
11-22 05:10:58: New best reward: 15.0 (-100.0%) at episode 0, saving model...
11-22 05:10:59: New best reward: 25.0 (+66.7%) at episode 1, saving model...
11-22 05:10:59: New best reward: 53.0 (+112.0%) at episode 3, saving model...
11-22 05:11:00: New best reward: 65.0 (+22.6%) at episode 100, saving model...
11-22 05:11:01: New best reward: 84.0 (+29.2%) at episode 180, saving model...
11-22 05:11:03: New best reward: 86.0 (+2.4%) at episode 265, saving model...
11-22 05:11:04: New best reward: 92.0 (+7.0%) at episode 323, saving model...
11-22 05:11:08: New best reward: 132.0 (+43.5%) at episode 515, saving model...
11-22 05:11:12: New best reward: 134.0 (+1.5%) at episode 614, saving model...
11-22 05:11:14: New best reward: 137.0 (+2.2%) at episode 691, saving model...
11-22 05:11:17: New best reward: 148.0 (+8.0%) at episode 745, saving model...
11-22 05:11:25: New best reward: 244.0 (+64.9%) at episode 920, saving model...
11-22 05:11:45: New best reward: 329.0 (+34.8%) at episode 1215, saving model...
11-22 05:12:24: New best reward: 401.0 (+21.9%) at episode 1599, saving model...
11-22 05:12:28: New best reward: 533.0 (+32.9%) at episode 1614, saving model...
11-22 05:16:20: New best reward: 585.0 (+9.8%) at episode 2663, saving model...
11-22 05:22:35: New best reward: 793.0 (+35.6%) at episode 3759, saving model...
11-22 05:29:42: New best reward: 815.0 (+2.8%) at episode 4669, saving model...
11-22 05:31:02: New best reward: 932.0 (+14.4%) at episode 4785, saving model...
11-22 05:35:11: New best reward: 100000.0 (+10629.6%) at episode 4880, saving model...
11-22 05:35:12: Average duration: 865820.0 timesteps, Average layer passes: 10082955.0 (cartpole1-15)
Seed: 18748
11-22 05:35:12: Starting training... (cartpole1-16)
11-22 05:35:12: New best reward: 17.0 (-100.0%) at episode 0, saving model...
11-22 05:35:12: New best reward: 46.0 (+170.6%) at episode 2, saving model...
11-22 05:35:12: New best reward: 47.0 (+2.2%) at episode 45, saving model...
11-22 05:35:13: New best reward: 55.0 (+17.0%) at episode 59, saving model...
11-22 05:35:13: New best reward: 57.0 (+3.6%) at episode 61, saving model...
11-22 05:35:13: New best reward: 66.0 (+15.8%) at episode 62, saving model...
11-22 05:35:14: New best reward: 74.0 (+12.1%) at episode 133, saving model...
11-22 05:35:14: New best reward: 77.0 (+4.1%) at episode 135, saving model...
11-22 05:35:14: New best reward: 90.0 (+16.9%) at episode 147, saving model...
11-22 05:35:15: New best reward: 131.0 (+45.6%) at episode 211, saving model...
11-22 05:35:20: New best reward: 132.0 (+0.8%) at episode 410, saving model...
11-22 05:35:30: New best reward: 141.0 (+6.8%) at episode 721, saving model...
11-22 05:35:33: New best reward: 161.0 (+14.2%) at episode 787, saving model...
11-22 05:35:40: New best reward: 173.0 (+7.5%) at episode 939, saving model...
11-22 05:35:41: New best reward: 219.0 (+26.6%) at episode 940, saving model...
11-22 05:35:48: New best reward: 224.0 (+2.3%) at episode 1022, saving model...
11-22 05:35:52: New best reward: 237.0 (+5.8%) at episode 1062, saving model...
11-22 05:35:55: New best reward: 245.0 (+3.4%) at episode 1098, saving model...
11-22 05:35:58: New best reward: 340.0 (+38.8%) at episode 1129, saving model...
11-22 05:36:00: New best reward: 363.0 (+6.8%) at episode 1154, saving model...
11-22 05:36:13: New best reward: 449.0 (+23.7%) at episode 1258, saving model...
11-22 05:36:14: New best reward: 457.0 (+1.8%) at episode 1260, saving model...
11-22 05:36:51: New best reward: 581.0 (+27.1%) at episode 1535, saving model...
11-22 05:36:55: New best reward: 742.0 (+27.7%) at episode 1546, saving model...
11-22 05:37:39: New best reward: 1012.0 (+36.4%) at episode 1728, saving model...
11-22 05:41:57: New best reward: 1023.0 (+1.1%) at episode 2707, saving model...
11-22 05:42:45: New best reward: 1179.0 (+15.2%) at episode 2832, saving model...
11-22 05:42:55: New best reward: 2664.0 (+126.0%) at episode 2848, saving model...
11-22 05:43:44: New best reward: 19644.0 (+637.4%) at episode 2887, saving model...
11-22 05:44:34: New best reward: 20069.0 (+2.2%) at episode 2900, saving model...
11-22 05:48:33: New best reward: 31300.0 (+56.0%) at episode 2929, saving model...
11-22 05:55:38: New best reward: 44606.0 (+42.5%) at episode 3376, saving model...
11-22 05:58:28: New best reward: 60804.0 (+36.3%) at episode 3431, saving model...
11-22 06:06:19: New best reward: 61888.0 (+1.8%) at episode 3476, saving model...
11-22 06:09:19: New best reward: 87864.0 (+42.0%) at episode 3478, saving model...
11-22 06:12:19: New best reward: 100000.0 (+13.8%) at episode 3479, saving model...
11-22 06:12:19: Average duration: 1327135.0 timesteps, Average layer passes: 15899856.0 (cartpole1-16)
