11-25 17:01:19: Seed: 69445
11-25 17:01:19: Starting training with 3 layer(s)... (cartpole1-linear16)
11-25 17:01:20: New best reward: 13.0 (-1400.0%) at episode 0, saving model...
11-25 17:01:20: New best reward: 19.0 (+46.2%) at episode 2, saving model...
11-25 17:01:21: New best reward: 26.0 (+36.8%) at episode 4, saving model...
11-25 17:01:21: New best reward: 30.0 (+15.4%) at episode 5, saving model...
11-25 17:01:21: New best reward: 44.0 (+46.7%) at episode 7, saving model...
11-25 17:01:21: New best reward: 68.0 (+54.5%) at episode 44, saving model...
11-25 17:01:22: New best reward: 73.0 (+7.4%) at episode 203, saving model...
11-25 17:01:23: New best reward: 74.0 (+1.4%) at episode 256, saving model...
11-25 17:01:23: New best reward: 93.0 (+25.7%) at episode 296, saving model...
11-25 17:01:23: New best reward: 113.0 (+21.5%) at episode 312, saving model...
11-25 17:01:24: New best reward: 156.0 (+38.1%) at episode 373, saving model...
11-25 17:01:29: New best reward: 174.0 (+11.5%) at episode 706, saving model...
11-25 17:01:31: New best reward: 200.0 (+14.9%) at episode 788, saving model...
11-25 17:03:26: Reached target after 2688 episodes with number of timesteps: 270782 and layer passes: 450435.
11-25 17:03:26: Seed: 66682
11-25 17:03:26: Starting training with 3 layer(s)... (cartpole1-linear16)
11-25 17:03:26: New best reward: 18.0 (-1900.0%) at episode 0, saving model...
11-25 17:03:26: New best reward: 28.0 (+55.6%) at episode 1, saving model...
11-25 17:03:26: New best reward: 29.0 (+3.6%) at episode 5, saving model...
11-25 17:03:26: New best reward: 32.0 (+10.3%) at episode 7, saving model...
11-25 17:03:26: New best reward: 33.0 (+3.1%) at episode 14, saving model...
11-25 17:03:26: New best reward: 35.0 (+6.1%) at episode 16, saving model...
11-25 17:03:26: New best reward: 36.0 (+2.9%) at episode 22, saving model...
11-25 17:03:26: New best reward: 60.0 (+66.7%) at episode 28, saving model...
11-25 17:03:26: New best reward: 66.0 (+10.0%) at episode 50, saving model...
11-25 17:03:27: New best reward: 76.0 (+15.2%) at episode 182, saving model...
11-25 17:03:28: New best reward: 111.0 (+46.1%) at episode 267, saving model...
11-25 17:03:30: New best reward: 124.0 (+11.7%) at episode 477, saving model...
11-25 17:03:30: New best reward: 136.0 (+9.7%) at episode 540, saving model...
11-25 17:03:31: New best reward: 159.0 (+16.9%) at episode 575, saving model...
11-25 17:03:32: New best reward: 182.0 (+14.5%) at episode 647, saving model...
11-25 17:03:32: New best reward: 184.0 (+1.1%) at episode 655, saving model...
11-25 17:03:33: New best reward: 200.0 (+8.7%) at episode 687, saving model...
11-25 17:05:44: Reached target after 2695 episodes with number of timesteps: 303521 and layer passes: 513156.
11-25 17:05:44: Seed: 67582
11-25 17:05:44: Starting training with 3 layer(s)... (cartpole1-linear16)
11-25 17:05:44: New best reward: 22.0 (-2300.0%) at episode 0, saving model...
11-25 17:05:44: New best reward: 36.0 (+63.6%) at episode 1, saving model...
11-25 17:05:44: New best reward: 43.0 (+19.4%) at episode 9, saving model...
11-25 17:05:44: New best reward: 69.0 (+60.5%) at episode 29, saving model...
11-25 17:05:46: New best reward: 80.0 (+15.9%) at episode 199, saving model...
11-25 17:05:46: New best reward: 99.0 (+23.8%) at episode 272, saving model...
11-25 17:05:47: New best reward: 115.0 (+16.2%) at episode 344, saving model...
11-25 17:05:47: New best reward: 134.0 (+16.5%) at episode 380, saving model...
11-25 17:05:47: New best reward: 141.0 (+5.2%) at episode 391, saving model...
11-25 17:05:52: New best reward: 167.0 (+18.4%) at episode 738, saving model...
11-25 17:05:53: New best reward: 179.0 (+7.2%) at episode 766, saving model...
11-25 17:05:55: New best reward: 200.0 (+11.7%) at episode 869, saving model...
11-25 17:09:38: Reached target after 3813 episodes with number of timesteps: 456301 and layer passes: 905415.
11-25 17:09:39: Seed: 64295
11-25 17:09:39: Starting training with 3 layer(s)... (cartpole1-linear16)
11-25 17:09:39: New best reward: 15.0 (-1600.0%) at episode 0, saving model...
11-25 17:09:39: New best reward: 18.0 (+20.0%) at episode 1, saving model...
11-25 17:09:39: New best reward: 24.0 (+33.3%) at episode 4, saving model...
11-25 17:09:39: New best reward: 35.0 (+45.8%) at episode 8, saving model...
11-25 17:09:39: New best reward: 38.0 (+8.6%) at episode 10, saving model...
11-25 17:09:39: New best reward: 60.0 (+57.9%) at episode 11, saving model...
11-25 17:09:39: New best reward: 71.0 (+18.3%) at episode 61, saving model...
11-25 17:09:39: New best reward: 98.0 (+38.0%) at episode 123, saving model...
11-25 17:09:41: New best reward: 104.0 (+6.1%) at episode 287, saving model...
11-25 17:09:41: New best reward: 127.0 (+22.1%) at episode 295, saving model...
11-25 17:09:44: New best reward: 129.0 (+1.6%) at episode 617, saving model...
11-25 17:09:44: New best reward: 144.0 (+11.6%) at episode 622, saving model...
11-25 17:09:45: New best reward: 158.0 (+9.7%) at episode 666, saving model...
11-25 17:09:49: New best reward: 159.0 (+0.6%) at episode 871, saving model...
11-25 17:09:52: New best reward: 168.0 (+5.7%) at episode 1005, saving model...
11-25 17:09:53: New best reward: 170.0 (+1.2%) at episode 1014, saving model...
11-25 17:09:53: New best reward: 200.0 (+17.6%) at episode 1018, saving model...
11-25 17:11:25: Reached target after 2402 episodes with number of timesteps: 241099 and layer passes: 385179.
11-25 17:11:25: Seed: 86511
11-25 17:11:25: Starting training with 3 layer(s)... (cartpole1-linear16)
11-25 17:11:25: New best reward: 14.0 (-1500.0%) at episode 0, saving model...
11-25 17:11:25: New best reward: 28.0 (+100.0%) at episode 1, saving model...
11-25 17:11:25: New best reward: 36.0 (+28.6%) at episode 3, saving model...
11-25 17:11:26: New best reward: 38.0 (+5.6%) at episode 14, saving model...
11-25 17:11:26: New best reward: 69.0 (+81.6%) at episode 31, saving model...
11-25 17:11:26: New best reward: 99.0 (+43.5%) at episode 69, saving model...
11-25 17:11:27: New best reward: 101.0 (+2.0%) at episode 194, saving model...
11-25 17:11:27: New best reward: 121.0 (+19.8%) at episode 203, saving model...
11-25 17:11:27: New best reward: 134.0 (+10.7%) at episode 247, saving model...
11-25 17:11:29: New best reward: 177.0 (+32.1%) at episode 490, saving model...
11-25 17:11:35: New best reward: 200.0 (+13.0%) at episode 800, saving model...
11-25 17:13:01: Reached target after 2253 episodes with number of timesteps: 217076 and layer passes: 331395.
11-25 17:13:02: Average duration: 297755.8 timesteps, Average layer passes: 517116.0 (cartpole1-linear16)
11-25 17:13:02: Seed: 99297
11-25 17:13:02: Starting training with 4 layer(s)... (cartpole1-linear16)
11-25 17:13:02: New best reward: 17.0 (-1800.0%) at episode 0, saving model...
11-25 17:13:02: New best reward: 20.0 (+17.6%) at episode 1, saving model...
11-25 17:13:02: New best reward: 37.0 (+85.0%) at episode 2, saving model...
11-25 17:13:02: New best reward: 39.0 (+5.4%) at episode 13, saving model...
11-25 17:13:02: New best reward: 47.0 (+20.5%) at episode 28, saving model...
11-25 17:13:02: New best reward: 52.0 (+10.6%) at episode 77, saving model...
11-25 17:13:02: New best reward: 56.0 (+7.7%) at episode 79, saving model...
11-25 17:13:02: New best reward: 71.0 (+26.8%) at episode 98, saving model...
11-25 17:13:03: New best reward: 84.0 (+18.3%) at episode 126, saving model...
11-25 17:13:04: New best reward: 85.0 (+1.2%) at episode 244, saving model...
11-25 17:13:04: New best reward: 123.0 (+44.7%) at episode 257, saving model...
11-25 17:13:06: New best reward: 126.0 (+2.4%) at episode 446, saving model...
11-25 17:13:08: New best reward: 129.0 (+2.4%) at episode 585, saving model...
11-25 17:13:09: New best reward: 151.0 (+17.1%) at episode 656, saving model...
11-25 17:13:15: New best reward: 192.0 (+27.2%) at episode 906, saving model...
11-25 17:13:18: New best reward: 200.0 (+4.2%) at episode 1009, saving model...
11-25 17:34:43: Reached target after 13328 episodes with number of timesteps: 1693320 and layer passes: 5867796.
11-25 17:34:44: Seed: 96491
11-25 17:34:44: Starting training with 4 layer(s)... (cartpole1-linear16)
11-25 17:34:44: New best reward: 21.0 (-2200.0%) at episode 0, saving model...
11-25 17:34:44: New best reward: 24.0 (+14.3%) at episode 2, saving model...
11-25 17:34:44: New best reward: 26.0 (+8.3%) at episode 6, saving model...
11-25 17:34:44: New best reward: 30.0 (+15.4%) at episode 9, saving model...
11-25 17:34:44: New best reward: 33.0 (+10.0%) at episode 10, saving model...
11-25 17:34:44: New best reward: 35.0 (+6.1%) at episode 11, saving model...
11-25 17:34:44: New best reward: 46.0 (+31.4%) at episode 19, saving model...
11-25 17:34:44: New best reward: 63.0 (+37.0%) at episode 30, saving model...
11-25 17:34:44: New best reward: 69.0 (+9.5%) at episode 72, saving model...
11-25 17:34:44: New best reward: 75.0 (+8.7%) at episode 74, saving model...
11-25 17:34:44: New best reward: 109.0 (+45.3%) at episode 79, saving model...
11-25 17:34:47: New best reward: 132.0 (+21.1%) at episode 431, saving model...
11-25 17:34:52: New best reward: 185.0 (+40.2%) at episode 728, saving model...
11-25 17:34:55: New best reward: 186.0 (+0.5%) at episode 878, saving model...
11-25 17:34:57: New best reward: 196.0 (+5.4%) at episode 942, saving model...
11-25 17:34:59: New best reward: 200.0 (+2.0%) at episode 1037, saving model...
11-25 17:36:37: Reached target after 2339 episodes with number of timesteps: 222046 and layer passes: 465556.
11-25 17:36:38: Seed: 41632
11-25 17:36:38: Starting training with 4 layer(s)... (cartpole1-linear16)
11-25 17:36:38: New best reward: 21.0 (-2200.0%) at episode 0, saving model...
11-25 17:36:38: New best reward: 23.0 (+9.5%) at episode 3, saving model...
11-25 17:36:38: New best reward: 38.0 (+65.2%) at episode 4, saving model...
11-25 17:36:38: New best reward: 52.0 (+36.8%) at episode 7, saving model...
11-25 17:36:39: New best reward: 62.0 (+19.2%) at episode 112, saving model...
11-25 17:36:39: New best reward: 111.0 (+79.0%) at episode 127, saving model...
11-25 17:36:42: New best reward: 123.0 (+10.8%) at episode 457, saving model...
11-25 17:36:44: New best reward: 131.0 (+6.5%) at episode 580, saving model...
11-25 17:36:44: New best reward: 160.0 (+22.1%) at episode 594, saving model...
11-25 17:36:47: New best reward: 184.0 (+15.0%) at episode 747, saving model...
11-25 17:36:51: New best reward: 191.0 (+3.8%) at episode 923, saving model...
11-25 17:36:52: New best reward: 196.0 (+2.6%) at episode 939, saving model...
11-25 17:36:52: New best reward: 200.0 (+2.0%) at episode 949, saving model...
11-25 17:41:56: Reached target after 4044 episodes with number of timesteps: 534055 and layer passes: 1443376.
11-25 17:41:57: Seed: 11126
11-25 17:41:57: Starting training with 4 layer(s)... (cartpole1-linear16)
11-25 17:41:57: New best reward: 19.0 (-2000.0%) at episode 0, saving model...
11-25 17:41:57: New best reward: 39.0 (+105.3%) at episode 1, saving model...
11-25 17:41:57: New best reward: 59.0 (+51.3%) at episode 34, saving model...
11-25 17:41:57: New best reward: 106.0 (+79.7%) at episode 40, saving model...
11-25 17:41:59: New best reward: 108.0 (+1.9%) at episode 314, saving model...
11-25 17:42:00: New best reward: 122.0 (+13.0%) at episode 385, saving model...
11-25 17:42:01: New best reward: 142.0 (+16.4%) at episode 497, saving model...
11-25 17:42:03: New best reward: 150.0 (+5.6%) at episode 589, saving model...
11-25 17:42:05: New best reward: 168.0 (+12.0%) at episode 697, saving model...
11-25 17:42:06: New best reward: 200.0 (+19.0%) at episode 779, saving model...
11-25 17:44:13: Reached target after 2503 episodes with number of timesteps: 265746 and layer passes: 577844.
11-25 17:44:13: Seed: 56165
11-25 17:44:13: Starting training with 4 layer(s)... (cartpole1-linear16)
11-25 17:44:13: New best reward: 14.0 (-1500.0%) at episode 0, saving model...
11-25 17:44:13: New best reward: 25.0 (+78.6%) at episode 1, saving model...
11-25 17:44:13: New best reward: 28.0 (+12.0%) at episode 2, saving model...
11-25 17:44:13: New best reward: 43.0 (+53.6%) at episode 5, saving model...
11-25 17:44:14: New best reward: 48.0 (+11.6%) at episode 17, saving model...
11-25 17:44:14: New best reward: 89.0 (+85.4%) at episode 34, saving model...
11-25 17:44:16: New best reward: 90.0 (+1.1%) at episode 341, saving model...
11-25 17:44:16: New best reward: 118.0 (+31.1%) at episode 345, saving model...
11-25 17:44:18: New best reward: 140.0 (+18.6%) at episode 459, saving model...
11-25 17:44:19: New best reward: 156.0 (+11.4%) at episode 587, saving model...
11-25 17:44:20: New best reward: 200.0 (+28.2%) at episode 653, saving model...
11-25 18:00:47: Reached target after 9721 episodes with number of timesteps: 1347063 and layer passes: 4557116.
11-25 18:00:47: Average duration: 812446.0 timesteps, Average layer passes: 2582337.6 (cartpole1-linear16)
11-25 18:00:47: Seed: 54586
11-25 18:00:47: Starting training with 5 layer(s)... (cartpole1-linear16)
11-25 18:00:47: New best reward: 17.0 (-1800.0%) at episode 0, saving model...
11-25 18:00:47: New best reward: 26.0 (+52.9%) at episode 1, saving model...
11-25 18:00:47: New best reward: 27.0 (+3.8%) at episode 2, saving model...
11-25 18:00:47: New best reward: 35.0 (+29.6%) at episode 3, saving model...
11-25 18:00:47: New best reward: 38.0 (+8.6%) at episode 15, saving model...
11-25 18:00:47: New best reward: 39.0 (+2.6%) at episode 47, saving model...
11-25 18:00:47: New best reward: 63.0 (+61.5%) at episode 54, saving model...
11-25 18:00:49: New best reward: 112.0 (+77.8%) at episode 180, saving model...
11-25 18:00:49: New best reward: 120.0 (+7.1%) at episode 210, saving model...
11-25 18:00:52: New best reward: 157.0 (+30.8%) at episode 434, saving model...
11-25 18:00:53: New best reward: 200.0 (+27.4%) at episode 511, saving model...
11-25 18:03:32: Reached target after 2600 episodes with number of timesteps: 273333 and layer passes: 752745.
11-25 18:03:32: Seed: 78092
11-25 18:03:32: Starting training with 5 layer(s)... (cartpole1-linear16)
11-25 18:03:32: New best reward: 31.0 (-3200.0%) at episode 0, saving model...
11-25 18:03:32: New best reward: 43.0 (+38.7%) at episode 1, saving model...
11-25 18:03:32: New best reward: 55.0 (+27.9%) at episode 19, saving model...
11-25 18:03:33: New best reward: 61.0 (+10.9%) at episode 53, saving model...
11-25 18:03:34: New best reward: 72.0 (+18.0%) at episode 156, saving model...
11-25 18:03:34: New best reward: 89.0 (+23.6%) at episode 184, saving model...
11-25 18:03:34: New best reward: 97.0 (+9.0%) at episode 199, saving model...
11-25 18:03:35: New best reward: 111.0 (+14.4%) at episode 281, saving model...
11-25 18:03:36: New best reward: 113.0 (+1.8%) at episode 353, saving model...
11-25 18:03:37: New best reward: 117.0 (+3.5%) at episode 470, saving model...
11-25 18:03:38: New best reward: 133.0 (+13.7%) at episode 554, saving model...
11-25 18:03:39: New best reward: 149.0 (+12.0%) at episode 598, saving model...
11-25 18:03:41: New best reward: 152.0 (+2.0%) at episode 681, saving model...
11-25 18:03:41: New best reward: 160.0 (+5.3%) at episode 713, saving model...
11-25 18:03:42: New best reward: 172.0 (+7.5%) at episode 726, saving model...
11-25 18:03:42: New best reward: 174.0 (+1.2%) at episode 733, saving model...
11-25 18:03:43: New best reward: 200.0 (+14.9%) at episode 777, saving model...
11-25 18:24:57: Reached target after 10012 episodes with number of timesteps: 1540011 and layer passes: 6534930.
11-25 18:24:57: Seed: 47552
11-25 18:24:57: Starting training with 5 layer(s)... (cartpole1-linear16)
11-25 18:24:57: New best reward: 11.0 (-1200.0%) at episode 0, saving model...
11-25 18:24:57: New best reward: 18.0 (+63.6%) at episode 1, saving model...
11-25 18:24:57: New best reward: 19.0 (+5.6%) at episode 2, saving model...
11-25 18:24:57: New best reward: 33.0 (+73.7%) at episode 4, saving model...
11-25 18:24:57: New best reward: 42.0 (+27.3%) at episode 5, saving model...
11-25 18:24:57: New best reward: 57.0 (+35.7%) at episode 20, saving model...
11-25 18:24:57: New best reward: 60.0 (+5.3%) at episode 28, saving model...
11-25 18:24:58: New best reward: 85.0 (+41.7%) at episode 52, saving model...
11-25 18:25:00: New best reward: 113.0 (+32.9%) at episode 285, saving model...
11-25 18:25:00: New best reward: 116.0 (+2.7%) at episode 333, saving model...
11-25 18:25:03: New best reward: 142.0 (+22.4%) at episode 505, saving model...
11-25 18:25:07: New best reward: 200.0 (+40.8%) at episode 734, saving model...
11-25 18:31:51: Reached target after 4406 episodes with number of timesteps: 577952 and layer passes: 2025255.
11-25 18:31:51: Seed: 96585
11-25 18:31:51: Starting training with 5 layer(s)... (cartpole1-linear16)
11-25 18:31:51: New best reward: 34.0 (-3500.0%) at episode 0, saving model...
11-25 18:31:51: New best reward: 41.0 (+20.6%) at episode 2, saving model...
11-25 18:31:51: New best reward: 61.0 (+48.8%) at episode 18, saving model...
11-25 18:31:52: New best reward: 63.0 (+3.3%) at episode 95, saving model...
11-25 18:31:52: New best reward: 77.0 (+22.2%) at episode 116, saving model...
11-25 18:31:52: New best reward: 106.0 (+37.7%) at episode 166, saving model...
11-25 18:31:55: New best reward: 126.0 (+18.9%) at episode 389, saving model...
11-25 18:31:55: New best reward: 129.0 (+2.4%) at episode 408, saving model...
11-25 18:31:59: New best reward: 181.0 (+40.3%) at episode 645, saving model...
11-25 18:32:03: New best reward: 188.0 (+3.9%) at episode 819, saving model...
11-25 18:32:04: New best reward: 195.0 (+3.7%) at episode 866, saving model...
11-25 18:32:07: New best reward: 200.0 (+2.6%) at episode 956, saving model...
11-25 18:37:00: Reached target after 3609 episodes with number of timesteps: 461660 and layer passes: 1503065.
11-25 18:37:00: Seed: 89782
11-25 18:37:00: Starting training with 5 layer(s)... (cartpole1-linear16)
11-25 18:37:00: New best reward: 13.0 (-1400.0%) at episode 0, saving model...
11-25 18:37:00: New best reward: 34.0 (+161.5%) at episode 2, saving model...
11-25 18:37:00: New best reward: 63.0 (+85.3%) at episode 5, saving model...
11-25 18:37:01: New best reward: 76.0 (+20.6%) at episode 94, saving model...
11-25 18:37:01: New best reward: 92.0 (+21.1%) at episode 164, saving model...
11-25 18:37:05: New best reward: 99.0 (+7.6%) at episode 447, saving model...
11-25 18:37:05: New best reward: 113.0 (+14.1%) at episode 464, saving model...
11-25 18:37:08: New best reward: 147.0 (+30.1%) at episode 624, saving model...
11-25 18:37:10: New best reward: 149.0 (+1.4%) at episode 724, saving model...
11-25 18:37:12: New best reward: 157.0 (+5.4%) at episode 795, saving model...
11-25 18:37:14: New best reward: 159.0 (+1.3%) at episode 847, saving model...
11-25 18:37:15: New best reward: 165.0 (+3.8%) at episode 900, saving model...
11-25 18:37:16: New best reward: 180.0 (+9.1%) at episode 921, saving model...
11-25 18:37:17: New best reward: 189.0 (+5.0%) at episode 966, saving model...
11-25 18:37:18: New best reward: 200.0 (+5.8%) at episode 968, saving model...
11-25 18:55:30: Reached target after 10188 episodes with number of timesteps: 1313413 and layer passes: 5558035.
11-25 18:55:30: Average duration: 833273.8 timesteps, Average layer passes: 3274806.0 (cartpole1-linear16)
11-25 18:55:31: Seed: 79180
11-25 18:55:31: Starting training with 6 layer(s)... (cartpole1-linear16)
11-25 18:55:31: New best reward: 13.0 (-1400.0%) at episode 0, saving model...
11-25 18:55:31: New best reward: 33.0 (+153.8%) at episode 1, saving model...
11-25 18:55:31: New best reward: 38.0 (+15.2%) at episode 12, saving model...
11-25 18:55:31: New best reward: 41.0 (+7.9%) at episode 38, saving model...
11-25 18:55:31: New best reward: 48.0 (+17.1%) at episode 53, saving model...
11-25 18:55:31: New best reward: 94.0 (+95.8%) at episode 113, saving model...
11-25 18:55:33: New best reward: 101.0 (+7.4%) at episode 257, saving model...
11-25 18:55:35: New best reward: 108.0 (+6.9%) at episode 448, saving model...
11-25 18:55:36: New best reward: 120.0 (+11.1%) at episode 496, saving model...
11-25 18:55:39: New best reward: 145.0 (+20.8%) at episode 647, saving model...
11-25 18:55:41: New best reward: 179.0 (+23.4%) at episode 739, saving model...
11-25 18:55:43: New best reward: 200.0 (+11.7%) at episode 818, saving model...
11-25 18:58:56: Reached target after 2780 episodes with number of timesteps: 292798 and layer passes: 1013718.
11-25 18:58:56: Seed: 58313
11-25 18:58:56: Starting training with 6 layer(s)... (cartpole1-linear16)
11-25 18:58:56: New best reward: 14.0 (-1500.0%) at episode 0, saving model...
11-25 18:58:56: New best reward: 30.0 (+114.3%) at episode 1, saving model...
11-25 18:58:56: New best reward: 41.0 (+36.7%) at episode 15, saving model...
11-25 18:58:56: New best reward: 43.0 (+4.9%) at episode 20, saving model...
11-25 18:58:56: New best reward: 52.0 (+20.9%) at episode 21, saving model...
11-25 18:58:57: New best reward: 61.0 (+17.3%) at episode 29, saving model...
11-25 18:58:57: New best reward: 63.0 (+3.3%) at episode 86, saving model...
11-25 18:58:58: New best reward: 77.0 (+22.2%) at episode 176, saving model...
11-25 18:58:59: New best reward: 91.0 (+18.2%) at episode 246, saving model...
11-25 18:59:01: New best reward: 101.0 (+11.0%) at episode 420, saving model...
11-25 18:59:01: New best reward: 117.0 (+15.8%) at episode 458, saving model...
11-25 18:59:03: New best reward: 161.0 (+37.6%) at episode 553, saving model...
11-25 18:59:04: New best reward: 176.0 (+9.3%) at episode 613, saving model...
11-25 18:59:07: New best reward: 200.0 (+13.6%) at episode 707, saving model...
11-25 19:03:17: Reached target after 3095 episodes with number of timesteps: 368539 and layer passes: 1330194.
11-25 19:03:18: Seed: 91936
11-25 19:03:18: Starting training with 6 layer(s)... (cartpole1-linear16)
11-25 19:03:18: New best reward: 17.0 (-1800.0%) at episode 0, saving model...
11-25 19:03:18: New best reward: 22.0 (+29.4%) at episode 1, saving model...
11-25 19:03:18: New best reward: 40.0 (+81.8%) at episode 3, saving model...
11-25 19:03:18: New best reward: 53.0 (+32.5%) at episode 19, saving model...
11-25 19:03:18: New best reward: 61.0 (+15.1%) at episode 45, saving model...
11-25 19:03:19: New best reward: 64.0 (+4.9%) at episode 148, saving model...
11-25 19:03:20: New best reward: 70.0 (+9.4%) at episode 204, saving model...
11-25 19:03:20: New best reward: 83.0 (+18.6%) at episode 222, saving model...
11-25 19:03:22: New best reward: 91.0 (+9.6%) at episode 380, saving model...
11-25 19:03:23: New best reward: 107.0 (+17.6%) at episode 447, saving model...
11-25 19:03:23: New best reward: 159.0 (+48.6%) at episode 462, saving model...
11-25 19:03:26: New best reward: 184.0 (+15.7%) at episode 604, saving model...
11-25 19:03:31: New best reward: 189.0 (+2.7%) at episode 811, saving model...
11-25 19:03:36: New best reward: 196.0 (+3.7%) at episode 961, saving model...
11-25 19:03:36: New best reward: 200.0 (+2.0%) at episode 968, saving model...
11-25 19:09:08: Reached target after 4211 episodes with number of timesteps: 448767 and layer passes: 1819272.
11-25 19:09:08: Seed: 51451
11-25 19:09:08: Starting training with 6 layer(s)... (cartpole1-linear16)
11-25 19:09:08: New best reward: 59.0 (-6000.0%) at episode 0, saving model...
11-25 19:09:09: New best reward: 61.0 (+3.4%) at episode 54, saving model...
11-25 19:09:09: New best reward: 67.0 (+9.8%) at episode 99, saving model...
11-25 19:09:09: New best reward: 73.0 (+9.0%) at episode 113, saving model...
11-25 19:09:10: New best reward: 77.0 (+5.5%) at episode 176, saving model...
11-25 19:09:11: New best reward: 109.0 (+41.6%) at episode 250, saving model...
11-25 19:09:16: New best reward: 144.0 (+32.1%) at episode 596, saving model...
11-25 19:09:17: New best reward: 184.0 (+27.8%) at episode 655, saving model...
11-25 19:09:28: New best reward: 200.0 (+8.7%) at episode 975, saving model...
11-25 19:12:44: Reached target after 2840 episodes with number of timesteps: 314389 and layer passes: 1099320.
11-25 19:12:44: Seed: 58293
11-25 19:12:44: Starting training with 6 layer(s)... (cartpole1-linear16)
11-25 19:12:44: New best reward: 24.0 (-2500.0%) at episode 0, saving model...
11-25 19:12:44: New best reward: 92.0 (+283.3%) at episode 1, saving model...
11-25 19:12:44: New best reward: 108.0 (+17.4%) at episode 12, saving model...
11-25 19:12:50: New best reward: 112.0 (+3.7%) at episode 508, saving model...
11-25 19:12:51: New best reward: 133.0 (+18.8%) at episode 527, saving model...
11-25 19:12:53: New best reward: 159.0 (+19.5%) at episode 609, saving model...
11-25 19:12:56: New best reward: 200.0 (+25.8%) at episode 741, saving model...
11-25 19:15:20: Reached target after 2393 episodes with number of timesteps: 234749 and layer passes: 749430.
11-25 19:15:20: Average duration: 331848.4 timesteps, Average layer passes: 1202386.8 (cartpole1-linear16)
11-25 19:15:20: Seed: 51934
11-25 19:15:20: Starting training with 7 layer(s)... (cartpole1-linear16)
11-25 19:15:20: New best reward: 23.0 (-2400.0%) at episode 0, saving model...
11-25 19:15:20: New best reward: 29.0 (+26.1%) at episode 3, saving model...
11-25 19:15:20: New best reward: 89.0 (+206.9%) at episode 8, saving model...
11-25 19:15:22: New best reward: 94.0 (+5.6%) at episode 188, saving model...
11-25 19:15:22: New best reward: 128.0 (+36.2%) at episode 216, saving model...
11-25 19:15:28: New best reward: 136.0 (+6.2%) at episode 589, saving model...
11-25 19:15:29: New best reward: 173.0 (+27.2%) at episode 626, saving model...
11-25 19:15:32: New best reward: 194.0 (+12.1%) at episode 742, saving model...
11-25 19:15:36: New best reward: 200.0 (+3.1%) at episode 881, saving model...
11-25 19:25:08: Reached target after 4951 episodes with number of timesteps: 644145 and layer passes: 3272479.
11-25 19:25:08: Seed: 62740
11-25 19:25:08: Starting training with 7 layer(s)... (cartpole1-linear16)
11-25 19:25:08: New best reward: 27.0 (-2800.0%) at episode 0, saving model...
11-25 19:25:08: New best reward: 53.0 (+96.3%) at episode 1, saving model...
11-25 19:25:08: New best reward: 56.0 (+5.7%) at episode 48, saving model...
11-25 19:25:09: New best reward: 58.0 (+3.6%) at episode 64, saving model...
11-25 19:25:09: New best reward: 81.0 (+39.7%) at episode 91, saving model...
11-25 19:25:10: New best reward: 89.0 (+9.9%) at episode 176, saving model...
11-25 19:25:12: New best reward: 98.0 (+10.1%) at episode 347, saving model...
11-25 19:25:13: New best reward: 124.0 (+26.5%) at episode 443, saving model...
11-25 19:25:15: New best reward: 154.0 (+24.2%) at episode 523, saving model...
11-25 19:25:17: New best reward: 166.0 (+7.8%) at episode 644, saving model...
11-25 19:25:24: New best reward: 196.0 (+18.1%) at episode 882, saving model...
11-25 19:25:28: New best reward: 198.0 (+1.0%) at episode 1000, saving model...
11-25 19:25:29: New best reward: 200.0 (+1.0%) at episode 1022, saving model...
11-25 19:28:05: Reached target after 2480 episodes with number of timesteps: 237958 and layer passes: 906542.
11-25 19:28:05: Seed: 35397
11-25 19:28:05: Starting training with 7 layer(s)... (cartpole1-linear16)
11-25 19:28:05: New best reward: 12.0 (-1300.0%) at episode 0, saving model...
11-25 19:28:05: New best reward: 24.0 (+100.0%) at episode 1, saving model...
11-25 19:28:05: New best reward: 29.0 (+20.8%) at episode 4, saving model...
11-25 19:28:05: New best reward: 54.0 (+86.2%) at episode 5, saving model...
11-25 19:28:05: New best reward: 59.0 (+9.3%) at episode 38, saving model...
11-25 19:28:06: New best reward: 90.0 (+52.5%) at episode 69, saving model...
11-25 19:28:09: New best reward: 97.0 (+7.8%) at episode 343, saving model...
11-25 19:28:10: New best reward: 138.0 (+42.3%) at episode 444, saving model...
11-25 19:28:11: New best reward: 159.0 (+15.2%) at episode 459, saving model...
11-25 19:28:12: New best reward: 168.0 (+5.7%) at episode 527, saving model...
11-25 19:28:16: New best reward: 179.0 (+6.5%) at episode 719, saving model...
11-25 19:28:25: New best reward: 191.0 (+6.7%) at episode 957, saving model...
11-25 19:28:28: New best reward: 200.0 (+4.7%) at episode 1027, saving model...
11-25 19:35:22: Reached target after 4161 episodes with number of timesteps: 490347 and layer passes: 2357894.
11-25 19:35:22: Seed: 46454
11-25 19:35:22: Starting training with 7 layer(s)... (cartpole1-linear16)
11-25 19:35:22: New best reward: 14.0 (-1500.0%) at episode 0, saving model...
11-25 19:35:22: New best reward: 25.0 (+78.6%) at episode 1, saving model...
11-25 19:35:22: New best reward: 28.0 (+12.0%) at episode 7, saving model...
11-25 19:35:22: New best reward: 37.0 (+32.1%) at episode 10, saving model...
11-25 19:35:22: New best reward: 44.0 (+18.9%) at episode 18, saving model...
11-25 19:35:23: New best reward: 61.0 (+38.6%) at episode 57, saving model...
11-25 19:35:23: New best reward: 62.0 (+1.6%) at episode 95, saving model...
11-25 19:35:24: New best reward: 78.0 (+25.8%) at episode 215, saving model...
11-25 19:35:25: New best reward: 89.0 (+14.1%) at episode 276, saving model...
11-25 19:35:26: New best reward: 103.0 (+15.7%) at episode 322, saving model...
11-25 19:35:29: New best reward: 139.0 (+35.0%) at episode 503, saving model...
11-25 19:35:30: New best reward: 142.0 (+2.2%) at episode 570, saving model...
11-25 19:35:33: New best reward: 153.0 (+7.7%) at episode 712, saving model...
11-25 19:35:34: New best reward: 164.0 (+7.2%) at episode 717, saving model...
11-25 19:35:35: New best reward: 189.0 (+15.2%) at episode 779, saving model...
11-25 19:35:37: New best reward: 191.0 (+1.1%) at episode 833, saving model...
11-25 19:35:37: New best reward: 200.0 (+4.7%) at episode 835, saving model...
11-25 20:02:14: Reached target after 11052 episodes with number of timesteps: 1502215 and layer passes: 8990786.
11-25 20:02:14: Seed: 17806
11-25 20:02:14: Starting training with 7 layer(s)... (cartpole1-linear16)
11-25 20:02:15: New best reward: 86.0 (-8700.0%) at episode 0, saving model...
11-25 20:02:18: New best reward: 130.0 (+51.2%) at episode 307, saving model...
11-25 20:02:23: New best reward: 146.0 (+12.3%) at episode 620, saving model...
11-25 20:02:26: New best reward: 186.0 (+27.4%) at episode 728, saving model...
11-25 20:02:27: New best reward: 200.0 (+7.5%) at episode 740, saving model...
11-25 20:04:57: Reached target after 2355 episodes with number of timesteps: 226865 and layer passes: 838726.
11-25 20:04:57: Average duration: 620306.0 timesteps, Average layer passes: 3273285.4 (cartpole1-linear16)
