11-26 11:23:41: Seed: 60539
11-26 11:23:41: Starting training with 1 layer(s)... (cartpole1-power10)
11-26 11:23:41: New best reward: 11.0 (-1200.0%) at episode 0, saving model...
11-26 11:23:41: New best reward: 13.0 (+18.2%) at episode 1, saving model...
11-26 11:23:41: New best reward: 20.0 (+53.8%) at episode 2, saving model...
11-26 11:23:41: New best reward: 48.0 (+140.0%) at episode 3, saving model...
11-26 11:23:42: New best reward: 51.0 (+6.2%) at episode 12, saving model...
11-26 11:23:42: New best reward: 58.0 (+13.7%) at episode 39, saving model...
11-26 11:23:42: New best reward: 78.0 (+34.5%) at episode 73, saving model...
11-26 11:23:42: New best reward: 82.0 (+5.1%) at episode 227, saving model...
11-26 11:23:42: New best reward: 92.0 (+12.2%) at episode 237, saving model...
11-26 11:23:42: New best reward: 95.0 (+3.3%) at episode 278, saving model...
11-26 11:23:42: New best reward: 111.0 (+16.8%) at episode 297, saving model...
11-26 11:23:43: New best reward: 121.0 (+9.0%) at episode 363, saving model...
11-26 11:23:43: New best reward: 127.0 (+5.0%) at episode 365, saving model...
11-26 11:23:43: New best reward: 128.0 (+0.8%) at episode 594, saving model...
11-26 11:23:44: New best reward: 134.0 (+4.7%) at episode 632, saving model...
11-26 11:23:44: New best reward: 172.0 (+28.4%) at episode 645, saving model...
11-26 11:23:44: New best reward: 177.0 (+2.9%) at episode 787, saving model...
11-26 11:23:44: New best reward: 187.0 (+5.6%) at episode 796, saving model...
11-26 11:23:45: New best reward: 200.0 (+7.0%) at episode 819, saving model...
11-26 11:25:06: Reached target after 5129 episodes with number of timesteps: 504867 and layer passes: 362494.
11-26 11:25:07: Seed: 93847
11-26 11:25:07: Starting training with 1 layer(s)... (cartpole1-power10)
11-26 11:25:07: New best reward: 27.0 (-2800.0%) at episode 0, saving model...
11-26 11:25:07: New best reward: 29.0 (+7.4%) at episode 2, saving model...
11-26 11:25:07: New best reward: 50.0 (+72.4%) at episode 7, saving model...
11-26 11:25:07: New best reward: 71.0 (+42.0%) at episode 22, saving model...
11-26 11:25:07: New best reward: 76.0 (+7.0%) at episode 74, saving model...
11-26 11:25:07: New best reward: 80.0 (+5.3%) at episode 132, saving model...
11-26 11:25:07: New best reward: 84.0 (+5.0%) at episode 209, saving model...
11-26 11:25:07: New best reward: 103.0 (+22.6%) at episode 213, saving model...
11-26 11:25:07: New best reward: 108.0 (+4.9%) at episode 230, saving model...
11-26 11:25:08: New best reward: 111.0 (+2.8%) at episode 420, saving model...
11-26 11:25:08: New best reward: 116.0 (+4.5%) at episode 485, saving model...
11-26 11:25:08: New best reward: 122.0 (+5.2%) at episode 513, saving model...
11-26 11:25:09: New best reward: 171.0 (+40.2%) at episode 574, saving model...
11-26 11:25:10: New best reward: 188.0 (+9.9%) at episode 812, saving model...
11-26 11:25:10: New best reward: 200.0 (+6.4%) at episode 819, saving model...
11-26 11:26:09: Reached target after 3424 episodes with number of timesteps: 379994 and layer passes: 240630.
11-26 11:26:09: Seed: 9483
11-26 11:26:09: Starting training with 1 layer(s)... (cartpole1-power10)
11-26 11:26:09: New best reward: 33.0 (-3400.0%) at episode 0, saving model...
11-26 11:26:09: New best reward: 59.0 (+78.8%) at episode 4, saving model...
11-26 11:26:09: New best reward: 70.0 (+18.6%) at episode 23, saving model...
11-26 11:26:09: New best reward: 72.0 (+2.9%) at episode 84, saving model...
11-26 11:26:09: New best reward: 74.0 (+2.8%) at episode 132, saving model...
11-26 11:26:10: New best reward: 87.0 (+17.6%) at episode 142, saving model...
11-26 11:26:10: New best reward: 99.0 (+13.8%) at episode 326, saving model...
11-26 11:26:10: New best reward: 110.0 (+11.1%) at episode 393, saving model...
11-26 11:26:10: New best reward: 114.0 (+3.6%) at episode 398, saving model...
11-26 11:26:11: New best reward: 124.0 (+8.8%) at episode 527, saving model...
11-26 11:26:11: New best reward: 143.0 (+15.3%) at episode 596, saving model...
11-26 11:26:11: New best reward: 144.0 (+0.7%) at episode 605, saving model...
11-26 11:26:11: New best reward: 171.0 (+18.8%) at episode 625, saving model...
11-26 11:26:12: New best reward: 178.0 (+4.1%) at episode 845, saving model...
11-26 11:26:12: New best reward: 200.0 (+12.4%) at episode 875, saving model...
11-26 11:27:08: Reached target after 3462 episodes with number of timesteps: 347337 and layer passes: 219183.
11-26 11:27:08: Seed: 14211
11-26 11:27:08: Starting training with 1 layer(s)... (cartpole1-power10)
11-26 11:27:08: New best reward: 27.0 (-2800.0%) at episode 0, saving model...
11-26 11:27:08: New best reward: 29.0 (+7.4%) at episode 2, saving model...
11-26 11:27:08: New best reward: 60.0 (+106.9%) at episode 14, saving model...
11-26 11:27:08: New best reward: 73.0 (+21.7%) at episode 90, saving model...
11-26 11:27:08: New best reward: 83.0 (+13.7%) at episode 94, saving model...
11-26 11:27:08: New best reward: 84.0 (+1.2%) at episode 231, saving model...
11-26 11:27:09: New best reward: 94.0 (+11.9%) at episode 418, saving model...
11-26 11:27:09: New best reward: 115.0 (+22.3%) at episode 438, saving model...
11-26 11:27:09: New best reward: 116.0 (+0.9%) at episode 555, saving model...
11-26 11:27:10: New best reward: 161.0 (+38.8%) at episode 594, saving model...
11-26 11:27:10: New best reward: 200.0 (+24.2%) at episode 708, saving model...
11-26 11:30:44: Reached target after 8247 episodes with number of timesteps: 1137394 and layer passes: 950319.
11-26 11:30:44: Seed: 60943
11-26 11:30:44: Starting training with 1 layer(s)... (cartpole1-power10)
11-26 11:30:44: New best reward: 31.0 (-3200.0%) at episode 0, saving model...
11-26 11:30:44: New best reward: 47.0 (+51.6%) at episode 24, saving model...
11-26 11:30:44: New best reward: 49.0 (+4.3%) at episode 35, saving model...
11-26 11:30:44: New best reward: 70.0 (+42.9%) at episode 45, saving model...
11-26 11:30:44: New best reward: 71.0 (+1.4%) at episode 162, saving model...
11-26 11:30:45: New best reward: 78.0 (+9.9%) at episode 329, saving model...
11-26 11:30:45: New best reward: 82.0 (+5.1%) at episode 363, saving model...
11-26 11:30:45: New best reward: 84.0 (+2.4%) at episode 386, saving model...
11-26 11:30:45: New best reward: 92.0 (+9.5%) at episode 445, saving model...
11-26 11:30:45: New best reward: 151.0 (+64.1%) at episode 460, saving model...
11-26 11:30:46: New best reward: 200.0 (+32.5%) at episode 632, saving model...
11-26 11:31:23: Reached target after 2812 episodes with number of timesteps: 256072 and layer passes: 145345.
11-26 11:31:23: Average duration: 525132.8 timesteps, Average layer passes: 383594.2 (cartpole1-power10)
11-26 11:31:23: Seed: 61440
11-26 11:31:23: Starting training with 10 layer(s)... (cartpole1-power10)
11-26 11:31:23: New best reward: 15.0 (-1600.0%) at episode 0, saving model...
11-26 11:31:23: New best reward: 41.0 (+173.3%) at episode 1, saving model...
11-26 11:31:23: New best reward: 59.0 (+43.9%) at episode 31, saving model...
11-26 11:31:24: New best reward: 78.0 (+32.2%) at episode 87, saving model...
11-26 11:31:24: New best reward: 99.0 (+26.9%) at episode 163, saving model...
11-26 11:31:24: New best reward: 175.0 (+76.8%) at episode 204, saving model...
11-26 11:31:32: New best reward: 176.0 (+0.6%) at episode 798, saving model...
11-26 11:31:34: New best reward: 200.0 (+13.6%) at episode 886, saving model...
11-26 11:37:23: Reached target after 4653 episodes with number of timesteps: 531383 and layer passes: 3770230.
11-26 11:37:23: Seed: 76481
11-26 11:37:23: Starting training with 10 layer(s)... (cartpole1-power10)
11-26 11:37:23: New best reward: 21.0 (-2200.0%) at episode 0, saving model...
11-26 11:37:23: New best reward: 36.0 (+71.4%) at episode 6, saving model...
11-26 11:37:24: New best reward: 59.0 (+63.9%) at episode 16, saving model...
11-26 11:37:24: New best reward: 62.0 (+5.1%) at episode 48, saving model...
11-26 11:37:24: New best reward: 66.0 (+6.5%) at episode 62, saving model...
11-26 11:37:24: New best reward: 68.0 (+3.0%) at episode 132, saving model...
11-26 11:37:24: New best reward: 73.0 (+7.4%) at episode 143, saving model...
11-26 11:37:27: New best reward: 74.0 (+1.4%) at episode 377, saving model...
11-26 11:37:27: New best reward: 91.0 (+23.0%) at episode 406, saving model...
11-26 11:37:27: New best reward: 130.0 (+42.9%) at episode 443, saving model...
11-26 11:37:30: New best reward: 138.0 (+6.2%) at episode 668, saving model...
11-26 11:37:30: New best reward: 147.0 (+6.5%) at episode 674, saving model...
11-26 11:37:30: New best reward: 149.0 (+1.4%) at episode 675, saving model...
11-26 11:37:31: New best reward: 179.0 (+20.1%) at episode 744, saving model...
11-26 11:37:32: New best reward: 200.0 (+11.7%) at episode 756, saving model...
11-26 11:40:18: Reached target after 3026 episodes with number of timesteps: 340605 and layer passes: 2056980.
11-26 11:40:18: Seed: 78639
11-26 11:40:18: Starting training with 10 layer(s)... (cartpole1-power10)
11-26 11:40:18: New best reward: 13.0 (-1400.0%) at episode 0, saving model...
11-26 11:40:18: New best reward: 40.0 (+207.7%) at episode 1, saving model...
11-26 11:40:18: New best reward: 55.0 (+37.5%) at episode 14, saving model...
11-26 11:40:18: New best reward: 93.0 (+69.1%) at episode 18, saving model...
11-26 11:40:21: New best reward: 100.0 (+7.5%) at episode 326, saving model...
11-26 11:40:22: New best reward: 109.0 (+9.0%) at episode 478, saving model...
11-26 11:40:23: New best reward: 125.0 (+14.7%) at episode 521, saving model...
11-26 11:40:23: New best reward: 150.0 (+20.0%) at episode 582, saving model...
11-26 11:40:29: New best reward: 200.0 (+33.3%) at episode 918, saving model...
11-26 11:47:21: Reached target after 5340 episodes with number of timesteps: 651252 and layer passes: 4950220.
11-26 11:47:21: Seed: 66735
11-26 11:47:21: Starting training with 10 layer(s)... (cartpole1-power10)
11-26 11:47:21: New best reward: 21.0 (-2200.0%) at episode 0, saving model...
11-26 11:47:21: New best reward: 39.0 (+85.7%) at episode 1, saving model...
11-26 11:47:21: New best reward: 40.0 (+2.6%) at episode 6, saving model...
11-26 11:47:21: New best reward: 48.0 (+20.0%) at episode 19, saving model...
11-26 11:47:21: New best reward: 74.0 (+54.2%) at episode 25, saving model...
11-26 11:47:23: New best reward: 78.0 (+5.4%) at episode 244, saving model...
11-26 11:47:23: New best reward: 82.0 (+5.1%) at episode 271, saving model...
11-26 11:47:23: New best reward: 87.0 (+6.1%) at episode 332, saving model...
11-26 11:47:24: New best reward: 111.0 (+27.6%) at episode 415, saving model...
11-26 11:47:25: New best reward: 117.0 (+5.4%) at episode 527, saving model...
11-26 11:47:26: New best reward: 136.0 (+16.2%) at episode 542, saving model...
11-26 11:47:26: New best reward: 139.0 (+2.2%) at episode 606, saving model...
11-26 11:47:27: New best reward: 172.0 (+23.7%) at episode 676, saving model...
11-26 11:47:32: New best reward: 191.0 (+11.0%) at episode 856, saving model...
11-26 11:47:37: New best reward: 200.0 (+4.7%) at episode 992, saving model...
11-26 11:53:01: Reached target after 5039 episodes with number of timesteps: 546940 and layer passes: 4020790.
11-26 11:53:01: Seed: 68251
11-26 11:53:01: Starting training with 10 layer(s)... (cartpole1-power10)
11-26 11:53:01: New best reward: 15.0 (-1600.0%) at episode 0, saving model...
11-26 11:53:01: New best reward: 25.0 (+66.7%) at episode 3, saving model...
11-26 11:53:01: New best reward: 69.0 (+176.0%) at episode 5, saving model...
11-26 11:53:03: New best reward: 97.0 (+40.6%) at episode 190, saving model...
11-26 11:53:04: New best reward: 102.0 (+5.2%) at episode 317, saving model...
11-26 11:53:05: New best reward: 152.0 (+49.0%) at episode 400, saving model...
11-26 11:53:08: New best reward: 200.0 (+31.6%) at episode 643, saving model...
11-26 11:57:50: Reached target after 3817 episodes with number of timesteps: 460329 and layer passes: 3091580.
11-26 11:57:51: Average duration: 506101.8 timesteps, Average layer passes: 3577960.0 (cartpole1-power10)
11-26 11:57:51: Seed: 99680
11-26 11:57:51: Starting training with 100 layer(s)... (cartpole1-power10)
11-26 11:57:51: New best reward: 25.0 (-2600.0%) at episode 0, saving model...
11-26 11:57:51: New best reward: 30.0 (+20.0%) at episode 1, saving model...
11-26 11:57:51: New best reward: 34.0 (+13.3%) at episode 3, saving model...
11-26 11:57:51: New best reward: 47.0 (+38.2%) at episode 4, saving model...
11-26 11:57:53: New best reward: 52.0 (+10.6%) at episode 36, saving model...
11-26 11:57:56: New best reward: 53.0 (+1.9%) at episode 92, saving model...
11-26 11:57:56: New best reward: 61.0 (+15.1%) at episode 103, saving model...
11-26 11:57:59: New best reward: 93.0 (+52.5%) at episode 146, saving model...
11-26 11:58:34: New best reward: 154.0 (+65.6%) at episode 592, saving model...
11-26 11:59:02: New best reward: 157.0 (+1.9%) at episode 836, saving model...
11-26 11:59:03: New best reward: 191.0 (+21.7%) at episode 840, saving model...
11-26 11:59:08: New best reward: 200.0 (+4.7%) at episode 868, saving model...
11-26 12:34:50: Reached target after 3655 episodes with number of timesteps: 382049 and layer passes: 25541800.
11-26 12:34:50: Seed: 44405
11-26 12:34:50: Starting training with 100 layer(s)... (cartpole1-power10)
11-26 12:34:50: New best reward: 23.0 (-2400.0%) at episode 0, saving model...
11-26 12:34:51: New best reward: 30.0 (+30.4%) at episode 2, saving model...
11-26 12:34:51: New best reward: 38.0 (+26.7%) at episode 3, saving model...
11-26 12:34:51: New best reward: 54.0 (+42.1%) at episode 7, saving model...
11-26 12:34:52: New best reward: 70.0 (+29.6%) at episode 18, saving model...
11-26 12:35:10: New best reward: 72.0 (+2.9%) at episode 327, saving model...
11-26 12:35:27: New best reward: 108.0 (+50.0%) at episode 540, saving model...
11-26 12:35:36: New best reward: 136.0 (+25.9%) at episode 629, saving model...
11-26 12:37:30: New best reward: 200.0 (+47.1%) at episode 1508, saving model...
11-26 13:14:23: Reached target after 4950 episodes with number of timesteps: 492963 and layer passes: 37979900.
11-26 13:14:23: Seed: 37770
11-26 13:14:23: Starting training with 100 layer(s)... (cartpole1-power10)
11-26 13:14:23: New best reward: 64.0 (-6500.0%) at episode 0, saving model...
11-26 13:14:29: New best reward: 69.0 (+7.8%) at episode 104, saving model...
11-26 13:14:33: New best reward: 93.0 (+34.8%) at episode 170, saving model...
11-26 13:14:34: New best reward: 100.0 (+7.5%) at episode 188, saving model...
11-26 13:19:43: New best reward: 163.0 (+63.0%) at episode 217, saving model...
