11-25 12:05:57: Seed: 76174
11-25 12:05:57: Starting training with 16 layer(s)... (cartpole1-linear16)
11-25 12:05:58: New best reward: 12.0 (-1300.0%) at episode 0, saving model...
11-25 12:05:58: New best reward: 17.0 (+41.7%) at episode 1, saving model...
11-25 12:05:59: New best reward: 27.0 (+58.8%) at episode 2, saving model...
11-25 12:05:59: New best reward: 37.0 (+37.0%) at episode 4, saving model...
11-25 12:05:59: New best reward: 53.0 (+43.2%) at episode 28, saving model...
11-25 12:06:01: New best reward: 67.0 (+26.4%) at episode 151, saving model...
11-25 12:06:04: New best reward: 86.0 (+28.4%) at episode 279, saving model...
11-25 12:06:05: New best reward: 97.0 (+12.8%) at episode 324, saving model...
11-25 12:06:08: New best reward: 100.0 (+3.1%) at episode 441, saving model...
11-25 12:06:10: New best reward: 135.0 (+35.0%) at episode 516, saving model...
11-25 12:06:16: New best reward: 165.0 (+22.2%) at episode 737, saving model...
11-25 12:06:26: New best reward: 182.0 (+10.3%) at episode 966, saving model...
11-25 12:06:33: New best reward: 200.0 (+9.9%) at episode 1056, saving model...
11-25 12:11:08: Reached target after 2573 episodes with number of timesteps: 229709 and layer passes: 2069712.
11-25 12:11:09: Seed: 40405
11-25 12:11:09: Starting training with 16 layer(s)... (cartpole1-linear16)
11-25 12:11:09: New best reward: 30.0 (-3100.0%) at episode 0, saving model...
11-25 12:11:09: New best reward: 57.0 (+90.0%) at episode 5, saving model...
11-25 12:11:11: New best reward: 72.0 (+26.3%) at episode 132, saving model...
11-25 12:11:11: New best reward: 86.0 (+19.4%) at episode 159, saving model...
11-25 12:11:14: New best reward: 92.0 (+7.0%) at episode 324, saving model...
11-25 12:11:15: New best reward: 143.0 (+55.4%) at episode 345, saving model...
11-25 12:11:36: New best reward: 163.0 (+14.0%) at episode 942, saving model...
11-25 12:11:40: New best reward: 182.0 (+11.7%) at episode 991, saving model...
11-25 12:11:50: New best reward: 190.0 (+4.4%) at episode 1211, saving model...
11-25 12:11:58: New best reward: 200.0 (+5.3%) at episode 1318, saving model...
11-25 12:15:54: Reached target after 2367 episodes with number of timesteps: 190723 and layer passes: 1640848.
11-25 12:15:54: Seed: 84326
11-25 12:15:54: Starting training with 16 layer(s)... (cartpole1-linear16)
11-25 12:15:54: New best reward: 22.0 (-2300.0%) at episode 0, saving model...
11-25 12:15:54: New best reward: 32.0 (+45.5%) at episode 3, saving model...
11-25 12:15:55: New best reward: 40.0 (+25.0%) at episode 6, saving model...
11-25 12:15:55: New best reward: 41.0 (+2.5%) at episode 32, saving model...
11-25 12:15:55: New best reward: 51.0 (+24.4%) at episode 54, saving model...
11-25 12:15:56: New best reward: 67.0 (+31.4%) at episode 59, saving model...
11-25 12:15:57: New best reward: 88.0 (+31.3%) at episode 117, saving model...
11-25 12:16:02: New best reward: 107.0 (+21.6%) at episode 327, saving model...
11-25 12:16:04: New best reward: 135.0 (+26.2%) at episode 385, saving model...
11-25 12:16:09: New best reward: 180.0 (+33.3%) at episode 530, saving model...
11-25 12:16:30: New best reward: 196.0 (+8.9%) at episode 914, saving model...
11-25 12:16:43: New best reward: 200.0 (+2.0%) at episode 1056, saving model...
11-25 12:23:05: Reached target after 2504 episodes with number of timesteps: 221510 and layer passes: 1942704.
11-25 12:23:05: Seed: 12527
11-25 12:23:05: Starting training with 16 layer(s)... (cartpole1-linear16)
11-25 12:23:05: New best reward: 48.0 (-4900.0%) at episode 0, saving model...
11-25 12:23:06: New best reward: 72.0 (+50.0%) at episode 19, saving model...
11-25 12:23:09: New best reward: 92.0 (+27.8%) at episode 175, saving model...
11-25 12:23:13: New best reward: 98.0 (+6.5%) at episode 317, saving model...
11-25 12:23:19: New best reward: 136.0 (+38.8%) at episode 462, saving model...
11-25 12:23:27: New best reward: 144.0 (+5.9%) at episode 605, saving model...
11-25 12:23:27: New best reward: 167.0 (+16.0%) at episode 606, saving model...
11-25 12:23:33: New best reward: 171.0 (+2.4%) at episode 718, saving model...
11-25 12:24:14: New best reward: 200.0 (+17.0%) at episode 1309, saving model...
11-25 12:30:57: Reached target after 2583 episodes with number of timesteps: 220846 and layer passes: 1986672.
11-25 12:30:57: Seed: 56841
11-25 12:30:57: Starting training with 16 layer(s)... (cartpole1-linear16)
11-25 12:30:57: New best reward: 44.0 (-4500.0%) at episode 0, saving model...
11-25 12:30:58: New best reward: 57.0 (+29.5%) at episode 15, saving model...
11-25 12:30:58: New best reward: 61.0 (+7.0%) at episode 18, saving model...
11-25 12:30:59: New best reward: 66.0 (+8.2%) at episode 95, saving model...
11-25 12:31:02: New best reward: 83.0 (+25.8%) at episode 208, saving model...
11-25 12:31:06: New best reward: 95.0 (+14.5%) at episode 322, saving model...
11-25 12:31:08: New best reward: 117.0 (+23.2%) at episode 358, saving model...
11-25 12:31:11: New best reward: 123.0 (+5.1%) at episode 462, saving model...
11-25 12:31:12: New best reward: 130.0 (+5.7%) at episode 475, saving model...
11-25 12:31:27: New best reward: 147.0 (+13.1%) at episode 731, saving model...
11-25 12:31:33: New best reward: 199.0 (+35.4%) at episode 812, saving model...
11-25 12:31:40: New best reward: 200.0 (+0.5%) at episode 894, saving model...
11-25 12:37:15: Reached target after 2494 episodes with number of timesteps: 239115 and layer passes: 2096256.
11-25 12:37:15: Average duration: 220380.6 timesteps, Average layer passes: 1947238.4 (cartpole1-linear16)
