11-25 22:53:23: Seed: 97799
11-25 22:53:23: Starting training with 1 layer(s)... (cartpole1-power2)
11-25 22:53:25: New best reward: 11.0 (-1200.0%) at episode 0, saving model...
11-25 22:53:25: New best reward: 63.0 (+472.7%) at episode 1, saving model...
11-25 22:53:25: New best reward: 65.0 (+3.2%) at episode 3, saving model...
11-25 22:53:26: New best reward: 82.0 (+26.2%) at episode 64, saving model...
11-25 22:53:26: New best reward: 104.0 (+26.8%) at episode 112, saving model...
11-25 22:55:05: Reached target after 7951 episodes with number of timesteps: 1109365 and layer passes: 3637672.
11-25 22:55:05: Seed: 40134
11-25 22:55:05: Starting training with 4 layer(s)... (cartpole1-power2)
11-25 22:55:05: New best reward: 22.0 (-2300.0%) at episode 0, saving model...
11-25 22:55:05: New best reward: 24.0 (+9.1%) at episode 1, saving model...
11-25 22:55:05: New best reward: 32.0 (+33.3%) at episode 3, saving model...
11-25 22:55:05: New best reward: 43.0 (+34.4%) at episode 6, saving model...
11-25 22:55:05: New best reward: 53.0 (+23.3%) at episode 25, saving model...
11-25 22:55:05: New best reward: 72.0 (+35.8%) at episode 43, saving model...
11-25 22:55:06: New best reward: 73.0 (+1.4%) at episode 85, saving model...
11-25 22:55:06: New best reward: 131.0 (+79.5%) at episode 110, saving model...
11-25 22:55:08: New best reward: 141.0 (+7.6%) at episode 349, saving model...
11-25 22:55:12: New best reward: 184.0 (+30.5%) at episode 596, saving model...
11-25 22:55:16: New best reward: 200.0 (+8.7%) at episode 764, saving model...
11-25 22:58:08: Reached target after 2929 episodes with number of timesteps: 332803 and layer passes: 779776.
11-25 22:58:08: Seed: 33304
11-25 22:58:08: Starting training with 4 layer(s)... (cartpole1-power2)
11-25 22:58:08: New best reward: 18.0 (-1900.0%) at episode 0, saving model...
11-25 22:58:08: New best reward: 30.0 (+66.7%) at episode 1, saving model...
11-25 22:58:08: New best reward: 38.0 (+26.7%) at episode 18, saving model...
11-25 22:58:09: New best reward: 44.0 (+15.8%) at episode 21, saving model...
11-25 22:58:09: New best reward: 48.0 (+9.1%) at episode 24, saving model...
11-25 22:58:09: New best reward: 53.0 (+10.4%) at episode 32, saving model...
11-25 22:58:09: New best reward: 72.0 (+35.8%) at episode 39, saving model...
11-25 22:58:10: New best reward: 84.0 (+16.7%) at episode 167, saving model...
11-25 22:58:10: New best reward: 92.0 (+9.5%) at episode 169, saving model...
11-25 22:58:11: New best reward: 95.0 (+3.3%) at episode 277, saving model...
11-25 22:58:14: New best reward: 107.0 (+12.6%) at episode 507, saving model...
11-25 22:58:15: New best reward: 169.0 (+57.9%) at episode 523, saving model...
11-25 22:58:18: New best reward: 179.0 (+5.9%) at episode 710, saving model...
11-25 22:58:20: New best reward: 190.0 (+6.1%) at episode 748, saving model...
11-25 22:58:24: New best reward: 200.0 (+5.3%) at episode 946, saving model...
11-25 23:02:02: Reached target after 3417 episodes with number of timesteps: 403494 and layer passes: 1011256.
11-25 23:02:02: Seed: 87073
11-25 23:02:02: Starting training with 4 layer(s)... (cartpole1-power2)
11-25 23:02:02: New best reward: 23.0 (-2400.0%) at episode 0, saving model...
11-25 23:02:02: New best reward: 43.0 (+87.0%) at episode 3, saving model...
11-25 23:02:02: New best reward: 56.0 (+30.2%) at episode 15, saving model...
11-25 23:02:02: New best reward: 67.0 (+19.6%) at episode 43, saving model...
11-25 23:02:04: New best reward: 97.0 (+44.8%) at episode 219, saving model...
11-25 23:02:06: New best reward: 98.0 (+1.0%) at episode 392, saving model...
11-25 23:02:07: New best reward: 109.0 (+11.2%) at episode 467, saving model...
11-25 23:02:07: New best reward: 136.0 (+24.8%) at episode 470, saving model...
11-25 23:02:12: New best reward: 152.0 (+11.8%) at episode 739, saving model...
11-25 23:02:13: New best reward: 156.0 (+2.6%) at episode 755, saving model...
11-25 23:02:13: New best reward: 200.0 (+28.2%) at episode 769, saving model...
11-25 23:07:02: Reached target after 3997 episodes with number of timesteps: 493300 and layer passes: 1319464.
11-25 23:07:02: Seed: 69803
11-25 23:07:02: Starting training with 4 layer(s)... (cartpole1-power2)
11-25 23:07:02: New best reward: 13.0 (-1400.0%) at episode 0, saving model...
11-25 23:07:02: New best reward: 34.0 (+161.5%) at episode 2, saving model...
11-25 23:07:02: New best reward: 43.0 (+26.5%) at episode 12, saving model...
11-25 23:07:03: New best reward: 52.0 (+20.9%) at episode 58, saving model...
11-25 23:07:03: New best reward: 59.0 (+13.5%) at episode 84, saving model...
11-25 23:07:03: New best reward: 71.0 (+20.3%) at episode 143, saving model...
11-25 23:07:05: New best reward: 77.0 (+8.5%) at episode 278, saving model...
11-25 23:07:06: New best reward: 83.0 (+7.8%) at episode 417, saving model...
11-25 23:07:07: New best reward: 101.0 (+21.7%) at episode 457, saving model...
11-25 23:07:07: New best reward: 109.0 (+7.9%) at episode 495, saving model...
11-25 23:07:09: New best reward: 175.0 (+60.6%) at episode 624, saving model...
11-25 23:07:14: New best reward: 200.0 (+14.3%) at episode 853, saving model...
11-25 23:15:31: Reached target after 5996 episodes with number of timesteps: 757742 and layer passes: 2314288.
11-25 23:15:31: Average duration: 619340.8 timesteps, Average layer passes: 1812491.2 (cartpole1-power2)
11-25 23:15:31: Seed: 87337
11-25 23:15:31: Starting training with 8 layer(s)... (cartpole1-power2)
11-25 23:15:32: New best reward: 14.0 (-1500.0%) at episode 0, saving model...
11-25 23:15:32: New best reward: 31.0 (+121.4%) at episode 2, saving model...
11-25 23:15:32: New best reward: 36.0 (+16.1%) at episode 3, saving model...
11-25 23:15:32: New best reward: 39.0 (+8.3%) at episode 24, saving model...
11-25 23:15:32: New best reward: 45.0 (+15.4%) at episode 30, saving model...
11-25 23:15:32: New best reward: 92.0 (+104.4%) at episode 87, saving model...
11-25 23:15:33: New best reward: 96.0 (+4.3%) at episode 121, saving model...
11-25 23:15:37: New best reward: 129.0 (+34.4%) at episode 395, saving model...
11-25 23:15:37: New best reward: 148.0 (+14.7%) at episode 424, saving model...
11-25 23:15:41: New best reward: 155.0 (+4.7%) at episode 651, saving model...
11-25 23:15:43: New best reward: 181.0 (+16.8%) at episode 701, saving model...
11-25 23:15:49: New best reward: 200.0 (+10.5%) at episode 866, saving model...
11-25 23:35:02: Reached target after 6572 episodes with number of timesteps: 970090 and layer passes: 6144120.
11-25 23:35:02: Seed: 40723
11-25 23:35:02: Starting training with 8 layer(s)... (cartpole1-power2)
11-25 23:35:02: New best reward: 22.0 (-2300.0%) at episode 0, saving model...
11-25 23:35:02: New best reward: 29.0 (+31.8%) at episode 3, saving model...
11-25 23:35:02: New best reward: 38.0 (+31.0%) at episode 7, saving model...
11-25 23:35:03: New best reward: 62.0 (+63.2%) at episode 35, saving model...
11-25 23:35:03: New best reward: 65.0 (+4.8%) at episode 83, saving model...
11-25 23:35:04: New best reward: 80.0 (+23.1%) at episode 128, saving model...
11-25 23:35:06: New best reward: 83.0 (+3.8%) at episode 197, saving model...
11-25 23:35:09: New best reward: 115.0 (+38.6%) at episode 350, saving model...
11-25 23:35:12: New best reward: 116.0 (+0.9%) at episode 422, saving model...
11-25 23:35:17: New best reward: 150.0 (+29.3%) at episode 601, saving model...
11-25 23:35:19: New best reward: 172.0 (+14.7%) at episode 659, saving model...
11-25 23:35:29: New best reward: 200.0 (+16.3%) at episode 891, saving model...
11-25 23:39:45: Reached target after 2361 episodes with number of timesteps: 224353 and layer passes: 943496.
11-25 23:39:45: Seed: 30344
11-25 23:39:45: Starting training with 8 layer(s)... (cartpole1-power2)
11-25 23:39:45: New best reward: 14.0 (-1500.0%) at episode 0, saving model...
11-25 23:39:45: New best reward: 21.0 (+50.0%) at episode 1, saving model...
11-25 23:39:45: New best reward: 53.0 (+152.4%) at episode 6, saving model...
11-25 23:39:46: New best reward: 61.0 (+15.1%) at episode 10, saving model...
11-25 23:39:46: New best reward: 70.0 (+14.8%) at episode 50, saving model...
11-25 23:39:48: New best reward: 75.0 (+7.1%) at episode 155, saving model...
11-25 23:39:48: New best reward: 79.0 (+5.3%) at episode 158, saving model...
11-25 23:39:48: New best reward: 94.0 (+19.0%) at episode 181, saving model...
11-25 23:39:52: New best reward: 104.0 (+10.6%) at episode 373, saving model...
11-25 23:39:52: New best reward: 111.0 (+6.7%) at episode 382, saving model...
11-25 23:39:54: New best reward: 126.0 (+13.5%) at episode 433, saving model...
11-25 23:39:57: New best reward: 177.0 (+40.5%) at episode 571, saving model...
11-25 23:40:02: New best reward: 188.0 (+6.2%) at episode 707, saving model...
11-25 23:40:10: New best reward: 200.0 (+6.4%) at episode 856, saving model...
11-25 23:49:30: Reached target after 3665 episodes with number of timesteps: 427478 and layer passes: 2224320.
11-25 23:49:30: Seed: 35206
11-25 23:49:30: Starting training with 8 layer(s)... (cartpole1-power2)
11-25 23:49:30: New best reward: 30.0 (-3100.0%) at episode 0, saving model...
11-25 23:49:30: New best reward: 33.0 (+10.0%) at episode 13, saving model...
11-25 23:49:30: New best reward: 35.0 (+6.1%) at episode 14, saving model...
11-25 23:49:31: New best reward: 57.0 (+62.9%) at episode 31, saving model...
11-25 23:49:32: New best reward: 71.0 (+24.6%) at episode 106, saving model...
11-25 23:49:32: New best reward: 72.0 (+1.4%) at episode 151, saving model...
11-25 23:49:33: New best reward: 76.0 (+5.6%) at episode 223, saving model...
11-25 23:49:34: New best reward: 114.0 (+50.0%) at episode 250, saving model...
11-25 23:49:41: New best reward: 126.0 (+10.5%) at episode 580, saving model...
11-25 23:49:42: New best reward: 137.0 (+8.7%) at episode 631, saving model...
11-25 23:49:43: New best reward: 200.0 (+46.0%) at episode 652, saving model...
11-25 23:54:27: Reached target after 2894 episodes with number of timesteps: 291297 and layer passes: 1367616.
11-25 23:54:27: Seed: 94048
11-25 23:54:27: Starting training with 8 layer(s)... (cartpole1-power2)
11-25 23:54:27: New best reward: 23.0 (-2400.0%) at episode 0, saving model...
11-25 23:54:27: New best reward: 30.0 (+30.4%) at episode 1, saving model...
11-25 23:54:27: New best reward: 40.0 (+33.3%) at episode 8, saving model...
11-25 23:54:27: New best reward: 42.0 (+5.0%) at episode 40, saving model...
11-25 23:54:28: New best reward: 59.0 (+40.5%) at episode 50, saving model...
11-25 23:54:28: New best reward: 78.0 (+32.2%) at episode 82, saving model...
11-25 23:54:29: New best reward: 96.0 (+23.1%) at episode 142, saving model...
11-25 23:54:32: New best reward: 99.0 (+3.1%) at episode 307, saving model...
11-25 23:54:32: New best reward: 106.0 (+7.1%) at episode 334, saving model...
11-25 23:54:35: New best reward: 126.0 (+18.9%) at episode 472, saving model...
11-25 23:54:37: New best reward: 176.0 (+39.7%) at episode 524, saving model...
11-25 23:54:44: New best reward: 180.0 (+2.3%) at episode 767, saving model...
11-25 23:54:50: New best reward: 200.0 (+11.1%) at episode 907, saving model...
11-25 23:58:20: Reached target after 2498 episodes with number of timesteps: 255651 and layer passes: 1113792.
11-25 23:58:20: Average duration: 433773.8 timesteps, Average layer passes: 2358668.8 (cartpole1-power2)
11-25 23:58:20: Seed: 90721
11-25 23:58:20: Starting training with 16 layer(s)... (cartpole1-power2)
11-25 23:58:20: New best reward: 9.0 (-1000.0%) at episode 0, saving model...
11-25 23:58:20: New best reward: 24.0 (+166.7%) at episode 1, saving model...
11-25 23:58:20: New best reward: 35.0 (+45.8%) at episode 5, saving model...
11-25 23:58:21: New best reward: 62.0 (+77.1%) at episode 8, saving model...
11-25 23:58:22: New best reward: 72.0 (+16.1%) at episode 76, saving model...
11-25 23:58:23: New best reward: 82.0 (+13.9%) at episode 123, saving model...
11-25 23:58:27: New best reward: 83.0 (+1.2%) at episode 312, saving model...
11-25 23:58:29: New best reward: 88.0 (+6.0%) at episode 397, saving model...
11-25 23:58:31: New best reward: 95.0 (+8.0%) at episode 466, saving model...
11-25 23:58:32: New best reward: 98.0 (+3.2%) at episode 485, saving model...
11-25 23:58:32: New best reward: 112.0 (+14.3%) at episode 497, saving model...
11-25 23:58:34: New best reward: 133.0 (+18.8%) at episode 529, saving model...
11-25 23:58:36: New best reward: 151.0 (+13.5%) at episode 579, saving model...
11-25 23:59:00: New best reward: 156.0 (+3.3%) at episode 1041, saving model...
11-25 23:59:06: New best reward: 159.0 (+1.9%) at episode 1131, saving model...
11-25 23:59:07: New best reward: 173.0 (+8.8%) at episode 1133, saving model...
11-25 23:59:07: New best reward: 181.0 (+4.6%) at episode 1135, saving model...
11-25 23:59:13: New best reward: 189.0 (+4.4%) at episode 1197, saving model...
11-25 23:59:15: New best reward: 200.0 (+5.8%) at episode 1211, saving model...
11-26 00:06:48: Reached target after 3116 episodes with number of timesteps: 305728 and layer passes: 3010592.
11-26 00:06:48: Seed: 24484
11-26 00:06:48: Starting training with 16 layer(s)... (cartpole1-power2)
11-26 00:06:48: New best reward: 12.0 (-1300.0%) at episode 0, saving model...
11-26 00:06:48: New best reward: 37.0 (+208.3%) at episode 2, saving model...
11-26 00:06:48: New best reward: 39.0 (+5.4%) at episode 17, saving model...
11-26 00:06:48: New best reward: 41.0 (+5.1%) at episode 36, saving model...
11-26 00:06:49: New best reward: 49.0 (+19.5%) at episode 41, saving model...
11-26 00:06:49: New best reward: 50.0 (+2.0%) at episode 85, saving model...
11-26 00:06:50: New best reward: 96.0 (+92.0%) at episode 91, saving model...
11-26 00:06:55: New best reward: 97.0 (+1.0%) at episode 387, saving model...
11-26 00:07:00: New best reward: 113.0 (+16.5%) at episode 568, saving model...
11-26 00:07:02: New best reward: 114.0 (+0.9%) at episode 621, saving model...
11-26 00:07:04: New best reward: 129.0 (+13.2%) at episode 702, saving model...
11-26 00:07:06: New best reward: 168.0 (+30.2%) at episode 733, saving model...
11-26 00:07:21: New best reward: 200.0 (+19.0%) at episode 998, saving model...
11-26 01:05:59: Reached target after 9396 episodes with number of timesteps: 1282167 and layer passes: 17565648.
11-26 01:05:59: Seed: 87747
11-26 01:05:59: Starting training with 16 layer(s)... (cartpole1-power2)
11-26 01:05:59: New best reward: 44.0 (-4500.0%) at episode 0, saving model...
11-26 01:05:59: New best reward: 51.0 (+15.9%) at episode 24, saving model...
11-26 01:06:00: New best reward: 54.0 (+5.9%) at episode 30, saving model...
11-26 01:06:01: New best reward: 79.0 (+46.3%) at episode 92, saving model...
11-26 01:06:07: New best reward: 83.0 (+5.1%) at episode 340, saving model...
11-26 01:06:09: New best reward: 130.0 (+56.6%) at episode 404, saving model...
11-26 01:06:18: New best reward: 143.0 (+10.0%) at episode 579, saving model...
11-26 01:06:30: New best reward: 167.0 (+16.8%) at episode 756, saving model...
11-26 01:06:32: New best reward: 198.0 (+18.6%) at episode 771, saving model...
11-26 01:06:56: New best reward: 200.0 (+1.0%) at episode 1019, saving model...
11-26 01:17:59: Reached target after 2914 episodes with number of timesteps: 313979 and layer passes: 2992656.
11-26 01:17:59: Seed: 92187
11-26 01:17:59: Starting training with 16 layer(s)... (cartpole1-power2)
11-26 01:17:59: New best reward: 18.0 (-1900.0%) at episode 0, saving model...
11-26 01:17:59: New best reward: 27.0 (+50.0%) at episode 1, saving model...
11-26 01:17:59: New best reward: 32.0 (+18.5%) at episode 7, saving model...
11-26 01:18:00: New best reward: 46.0 (+43.8%) at episode 19, saving model...
11-26 01:18:00: New best reward: 56.0 (+21.7%) at episode 22, saving model...
11-26 01:18:04: New best reward: 59.0 (+5.4%) at episode 215, saving model...
11-26 01:18:05: New best reward: 60.0 (+1.7%) at episode 223, saving model...
11-26 01:18:05: New best reward: 61.0 (+1.7%) at episode 246, saving model...
11-26 01:18:06: New best reward: 82.0 (+34.4%) at episode 259, saving model...
11-26 01:18:11: New best reward: 142.0 (+73.2%) at episode 387, saving model...
11-26 01:18:52: New best reward: 178.0 (+25.4%) at episode 1058, saving model...
11-26 01:19:06: New best reward: 185.0 (+3.9%) at episode 1202, saving model...
11-26 01:19:48: New best reward: 200.0 (+8.1%) at episode 1612, saving model...
11-26 01:56:13: Reached target after 6619 episodes with number of timesteps: 781600 and layer passes: 10142736.
11-26 01:56:14: Seed: 84247
11-26 01:56:14: Starting training with 16 layer(s)... (cartpole1-power2)
11-26 01:56:14: New best reward: 24.0 (-2500.0%) at episode 0, saving model...
11-26 01:56:14: New best reward: 85.0 (+254.2%) at episode 1, saving model...
11-26 01:56:20: New best reward: 138.0 (+62.4%) at episode 214, saving model...
11-26 01:56:55: New best reward: 183.0 (+32.6%) at episode 868, saving model...
11-26 01:57:21: New best reward: 190.0 (+3.8%) at episode 1138, saving model...
11-26 01:57:33: New best reward: 198.0 (+4.2%) at episode 1251, saving model...
11-26 01:57:36: New best reward: 200.0 (+1.0%) at episode 1275, saving model...
11-26 02:15:57: Reached target after 4042 episodes with number of timesteps: 466906 and layer passes: 5196656.
11-26 02:15:57: Average duration: 630076.0 timesteps, Average layer passes: 7781657.6 (cartpole1-power2)
11-26 02:15:57: Seed: 46531
11-26 02:15:57: Starting training with 32 layer(s)... (cartpole1-power2)
11-26 02:15:57: New best reward: 26.0 (-2700.0%) at episode 0, saving model...
11-26 02:15:58: New best reward: 58.0 (+123.1%) at episode 1, saving model...
11-26 02:16:02: New best reward: 90.0 (+55.2%) at episode 109, saving model...
11-26 02:16:06: New best reward: 97.0 (+7.8%) at episode 189, saving model...
11-26 02:17:20: New best reward: 101.0 (+4.1%) at episode 1141, saving model...
11-26 02:17:35: New best reward: 136.0 (+34.7%) at episode 1315, saving model...
11-26 02:18:55: New best reward: 172.0 (+26.5%) at episode 1945, saving model...
11-26 02:19:15: New best reward: 200.0 (+16.3%) at episode 2015, saving model...
11-26 02:32:38: Reached target after 3880 episodes with number of timesteps: 202456 and layer passes: 4462688.
11-26 02:32:38: Seed: 7892
11-26 02:32:38: Starting training with 32 layer(s)... (cartpole1-power2)
11-26 02:32:38: New best reward: 16.0 (-1700.0%) at episode 0, saving model...
11-26 02:32:38: New best reward: 25.0 (+56.2%) at episode 4, saving model...
11-26 02:32:38: New best reward: 39.0 (+56.0%) at episode 7, saving model...
11-26 02:32:39: New best reward: 54.0 (+38.5%) at episode 13, saving model...
11-26 02:32:42: New best reward: 55.0 (+1.9%) at episode 98, saving model...
11-26 02:32:42: New best reward: 66.0 (+20.0%) at episode 109, saving model...
11-26 02:32:56: New best reward: 67.0 (+1.5%) at episode 367, saving model...
11-26 02:32:59: New best reward: 100.0 (+49.3%) at episode 406, saving model...
11-26 02:33:04: New best reward: 111.0 (+11.0%) at episode 471, saving model...
11-26 02:33:15: New best reward: 117.0 (+5.4%) at episode 633, saving model...
11-26 02:33:21: New best reward: 157.0 (+34.2%) at episode 729, saving model...
11-26 02:33:43: New best reward: 188.0 (+19.7%) at episode 983, saving model...
11-26 02:36:56: New best reward: 200.0 (+6.4%) at episode 2118, saving model...
11-26 03:11:42: Reached target after 4792 episodes with number of timesteps: 457088 and layer passes: 11186048.
11-26 03:11:42: Seed: 79695
11-26 03:11:42: Starting training with 32 layer(s)... (cartpole1-power2)
11-26 03:11:43: New best reward: 37.0 (-3800.0%) at episode 0, saving model...
11-26 03:11:43: New best reward: 48.0 (+29.7%) at episode 2, saving model...
11-26 03:11:43: New best reward: 57.0 (+18.8%) at episode 12, saving model...
11-26 03:11:44: New best reward: 70.0 (+22.8%) at episode 45, saving model...
11-26 03:11:44: New best reward: 71.0 (+1.4%) at episode 50, saving model...
11-26 03:11:45: New best reward: 82.0 (+15.5%) at episode 83, saving model...
11-26 03:11:54: New best reward: 95.0 (+15.9%) at episode 288, saving model...
11-26 03:12:09: New best reward: 117.0 (+23.2%) at episode 519, saving model...
11-26 03:12:18: New best reward: 191.0 (+63.2%) at episode 610, saving model...
11-26 03:12:35: New best reward: 200.0 (+4.7%) at episode 775, saving model...
11-26 03:36:24: Reached target after 3306 episodes with number of timesteps: 341929 and layer passes: 7027488.
11-26 03:36:24: Seed: 37478
11-26 03:36:24: Starting training with 32 layer(s)... (cartpole1-power2)
11-26 03:36:24: New best reward: 20.0 (-2100.0%) at episode 0, saving model...
11-26 03:36:24: New best reward: 38.0 (+90.0%) at episode 1, saving model...
11-26 03:36:25: New best reward: 40.0 (+5.3%) at episode 13, saving model...
11-26 03:36:25: New best reward: 52.0 (+30.0%) at episode 15, saving model...
11-26 03:36:25: New best reward: 67.0 (+28.8%) at episode 22, saving model...
11-26 03:36:30: New best reward: 73.0 (+9.0%) at episode 178, saving model...
11-26 03:36:32: New best reward: 82.0 (+12.3%) at episode 231, saving model...
11-26 03:36:34: New best reward: 93.0 (+13.4%) at episode 274, saving model...
11-26 03:36:42: New best reward: 112.0 (+20.4%) at episode 387, saving model...
11-26 03:37:18: New best reward: 137.0 (+22.3%) at episode 815, saving model...
11-26 03:37:32: New best reward: 153.0 (+11.7%) at episode 911, saving model...
11-26 03:37:55: New best reward: 155.0 (+1.3%) at episode 1056, saving model...
11-26 03:38:02: New best reward: 168.0 (+8.4%) at episode 1081, saving model...
11-26 03:38:22: New best reward: 172.0 (+2.4%) at episode 1225, saving model...
11-26 03:38:23: New best reward: 191.0 (+11.0%) at episode 1230, saving model...
11-26 03:38:27: New best reward: 200.0 (+4.7%) at episode 1249, saving model...
11-26 05:05:26: Reached target after 8796 episodes with number of timesteps: 1187162 and layer passes: 32106176.
11-26 05:05:27: Seed: 76247
11-26 05:05:27: Starting training with 32 layer(s)... (cartpole1-power2)
11-26 05:05:27: New best reward: 14.0 (-1500.0%) at episode 0, saving model...
11-26 05:05:27: New best reward: 16.0 (+14.3%) at episode 1, saving model...
11-26 05:05:27: New best reward: 32.0 (+100.0%) at episode 2, saving model...
11-26 05:05:27: New best reward: 47.0 (+46.9%) at episode 10, saving model...
11-26 05:05:28: New best reward: 71.0 (+51.1%) at episode 23, saving model...
11-26 05:05:35: New best reward: 118.0 (+66.2%) at episode 269, saving model...
11-26 05:06:30: New best reward: 139.0 (+17.8%) at episode 1151, saving model...
11-26 05:06:32: New best reward: 167.0 (+20.1%) at episode 1161, saving model...
11-26 05:06:42: New best reward: 200.0 (+19.8%) at episode 1241, saving model...
11-26 05:13:22: Reached target after 2465 episodes with number of timesteps: 180029 and layer passes: 3190976.
11-26 05:13:23: Average duration: 473732.8 timesteps, Average layer passes: 11594675.2 (cartpole1-power2)
11-26 05:13:23: Seed: 63414
11-26 05:13:23: Starting training with 64 layer(s)... (cartpole1-power2)
11-26 05:13:23: New best reward: 19.0 (-2000.0%) at episode 0, saving model...
11-26 05:13:23: New best reward: 20.0 (+5.3%) at episode 1, saving model...
11-26 05:13:23: New best reward: 24.0 (+20.0%) at episode 2, saving model...
11-26 05:13:23: New best reward: 68.0 (+183.3%) at episode 3, saving model...
11-26 05:13:49: New best reward: 79.0 (+16.2%) at episode 415, saving model...
11-26 05:13:56: New best reward: 124.0 (+57.0%) at episode 494, saving model...
11-26 05:14:37: New best reward: 150.0 (+21.0%) at episode 864, saving model...
11-26 05:15:32: New best reward: 162.0 (+8.0%) at episode 1228, saving model...
11-26 05:15:54: New best reward: 200.0 (+23.5%) at episode 1315, saving model...
11-26 05:56:01: Reached target after 4180 episodes with number of timesteps: 420498 and layer passes: 19200960.
11-26 05:56:02: Seed: 12021
11-26 05:56:02: Starting training with 64 layer(s)... (cartpole1-power2)
11-26 05:56:02: New best reward: 14.0 (-1500.0%) at episode 0, saving model...
11-26 05:56:02: New best reward: 61.0 (+335.7%) at episode 2, saving model...
11-26 05:56:07: New best reward: 75.0 (+23.0%) at episode 113, saving model...
11-26 05:56:14: New best reward: 81.0 (+8.0%) at episode 225, saving model...
11-26 05:56:15: New best reward: 108.0 (+33.3%) at episode 232, saving model...
11-26 05:58:07: New best reward: 145.0 (+34.3%) at episode 1372, saving model...
11-26 05:59:25: New best reward: 172.0 (+18.6%) at episode 1905, saving model...
11-26 06:01:18: New best reward: 179.0 (+4.1%) at episode 2451, saving model...
11-26 06:01:26: New best reward: 200.0 (+11.7%) at episode 2466, saving model...
11-26 06:35:09: Reached target after 5978 episodes with number of timesteps: 318518 and layer passes: 16549504.
11-26 06:35:09: Seed: 77053
11-26 06:35:09: Starting training with 64 layer(s)... (cartpole1-power2)
11-26 06:35:09: New best reward: 11.0 (-1200.0%) at episode 0, saving model...
11-26 06:35:09: New best reward: 27.0 (+145.5%) at episode 1, saving model...
11-26 06:35:10: New best reward: 42.0 (+55.6%) at episode 15, saving model...
11-26 06:35:11: New best reward: 64.0 (+52.4%) at episode 37, saving model...
11-26 06:35:12: New best reward: 86.0 (+34.4%) at episode 49, saving model...
11-26 06:35:18: New best reward: 91.0 (+5.8%) at episode 157, saving model...
11-26 06:35:22: New best reward: 116.0 (+27.5%) at episode 217, saving model...
11-26 06:35:22: New best reward: 138.0 (+19.0%) at episode 222, saving model...
11-26 06:37:15: New best reward: 159.0 (+15.2%) at episode 1230, saving model...
11-26 06:37:27: New best reward: 200.0 (+25.8%) at episode 1283, saving model...
11-26 07:10:42: Reached target after 5257 episodes with number of timesteps: 310960 and layer passes: 15269056.
11-26 07:10:43: Seed: 54813
11-26 07:10:43: Starting training with 64 layer(s)... (cartpole1-power2)
11-26 07:10:43: New best reward: 16.0 (-1700.0%) at episode 0, saving model...
11-26 07:10:43: New best reward: 23.0 (+43.8%) at episode 4, saving model...
11-26 07:10:43: New best reward: 41.0 (+78.3%) at episode 6, saving model...
11-26 07:10:43: New best reward: 45.0 (+9.8%) at episode 10, saving model...
11-26 07:10:47: New best reward: 77.0 (+71.1%) at episode 94, saving model...
11-26 07:11:46: New best reward: 116.0 (+50.6%) at episode 826, saving model...
11-26 07:12:24: New best reward: 160.0 (+37.9%) at episode 1123, saving model...
11-26 07:13:53: New best reward: 200.0 (+25.0%) at episode 1580, saving model...
11-26 07:28:31: Reached target after 2795 episodes with number of timesteps: 196350 and layer passes: 7620480.
11-26 07:28:31: Seed: 46160
11-26 07:28:31: Starting training with 64 layer(s)... (cartpole1-power2)
11-26 07:28:31: New best reward: 20.0 (-2100.0%) at episode 0, saving model...
11-26 07:28:31: New best reward: 24.0 (+20.0%) at episode 1, saving model...
11-26 07:28:32: New best reward: 76.0 (+216.7%) at episode 5, saving model...
11-26 07:28:34: New best reward: 83.0 (+9.2%) at episode 58, saving model...
11-26 07:28:46: New best reward: 112.0 (+34.9%) at episode 252, saving model...
11-26 07:29:04: New best reward: 134.0 (+19.6%) at episode 487, saving model...
11-26 07:30:07: New best reward: 145.0 (+8.2%) at episode 1106, saving model...
11-26 07:30:13: New best reward: 200.0 (+37.9%) at episode 1136, saving model...
11-26 08:25:55: Reached target after 5273 episodes with number of timesteps: 503796 and layer passes: 25779968.
11-26 08:25:56: Average duration: 350024.4 timesteps, Average layer passes: 16883993.6 (cartpole1-power2)
11-26 08:25:56: Seed: 23899
11-26 08:25:56: Starting training with 128 layer(s)... (cartpole1-power2)
11-26 08:25:56: New best reward: 19.0 (-2000.0%) at episode 0, saving model...
11-26 08:25:56: New best reward: 22.0 (+15.8%) at episode 1, saving model...
11-26 08:25:56: New best reward: 40.0 (+81.8%) at episode 2, saving model...
11-26 08:25:59: New best reward: 50.0 (+25.0%) at episode 29, saving model...
11-26 08:26:00: New best reward: 58.0 (+16.0%) at episode 44, saving model...
11-26 08:26:08: New best reward: 65.0 (+12.1%) at episode 111, saving model...
11-26 08:26:10: New best reward: 69.0 (+6.2%) at episode 126, saving model...
11-26 08:26:28: New best reward: 80.0 (+15.9%) at episode 257, saving model...
11-26 08:26:40: New best reward: 122.0 (+52.5%) at episode 340, saving model...
11-26 08:27:22: New best reward: 135.0 (+10.7%) at episode 601, saving model...
11-26 08:27:38: New best reward: 164.0 (+21.5%) at episode 683, saving model...
