11-27 11:03:43: Seed: 4948
11-27 11:03:43: Starting training with 128 layer(s)... (cartpole1-power2)
11-27 11:03:44: New best reward: 22.0 (-2300.0%) at episode 0, saving model...
11-27 11:03:45: New best reward: 26.0 (+18.2%) at episode 4, saving model...
11-27 11:03:45: New best reward: 42.0 (+61.5%) at episode 8, saving model...
11-27 11:03:46: New best reward: 43.0 (+2.4%) at episode 13, saving model...
11-27 11:03:46: New best reward: 76.0 (+76.7%) at episode 19, saving model...
11-27 11:04:08: New best reward: 84.0 (+10.5%) at episode 232, saving model...
11-27 11:04:21: New best reward: 86.0 (+2.4%) at episode 309, saving model...
11-27 11:05:45: New best reward: 101.0 (+17.4%) at episode 706, saving model...
11-27 11:06:20: New best reward: 115.0 (+13.9%) at episode 857, saving model...
11-27 11:07:02: New best reward: 121.0 (+5.2%) at episode 1015, saving model...
11-27 11:07:08: New best reward: 184.0 (+52.1%) at episode 1030, saving model...
11-27 11:12:13: New best reward: 200.0 (+8.7%) at episode 1932, saving model...
11-27 12:44:45: Reached target after 4703 episodes with number of timesteps: 398663 and layer passes: 39582592.
11-27 12:44:45: Seed: 53050
11-27 12:44:45: Starting training with 128 layer(s)... (cartpole1-power2)
11-27 12:44:45: New best reward: 21.0 (-2200.0%) at episode 0, saving model...
11-27 12:44:46: New best reward: 58.0 (+176.2%) at episode 1, saving model...
11-27 12:44:47: New best reward: 65.0 (+12.1%) at episode 18, saving model...
11-27 12:44:57: New best reward: 131.0 (+101.5%) at episode 91, saving model...
