11-26 09:42:33: Seed: 6522
11-26 09:42:33: Starting training with 1 layer(s)... (cartpole1-power10)
11-26 09:42:34: New best reward: 17.0 (-1800.0%) at episode 0, saving model...
11-26 09:42:34: New best reward: 87.0 (+411.8%) at episode 1, saving model...
11-26 09:42:35: New best reward: 89.0 (+2.3%) at episode 227, saving model...
11-26 09:42:36: New best reward: 92.0 (+3.4%) at episode 271, saving model...
11-26 09:42:37: New best reward: 98.0 (+6.5%) at episode 464, saving model...
11-26 09:42:38: New best reward: 123.0 (+25.5%) at episode 560, saving model...
11-26 09:42:38: New best reward: 200.0 (+62.6%) at episode 598, saving model...
11-26 09:44:01: Reached target after 2433 episodes with number of timesteps: 250670 and layer passes: 133695.
11-26 09:44:01: Seed: 96977
11-26 09:44:01: Starting training with 1 layer(s)... (cartpole1-power10)
11-26 09:44:01: New best reward: 11.0 (-1200.0%) at episode 0, saving model...
11-26 09:44:01: New best reward: 29.0 (+163.6%) at episode 1, saving model...
11-26 09:44:01: New best reward: 53.0 (+82.8%) at episode 12, saving model...
11-26 09:44:02: New best reward: 63.0 (+18.9%) at episode 124, saving model...
11-26 09:44:02: New best reward: 77.0 (+22.2%) at episode 151, saving model...
11-26 09:44:02: New best reward: 82.0 (+6.5%) at episode 159, saving model...
11-26 09:44:03: New best reward: 85.0 (+3.7%) at episode 245, saving model...
11-26 09:44:03: New best reward: 116.0 (+36.5%) at episode 297, saving model...
11-26 09:44:04: New best reward: 131.0 (+12.9%) at episode 435, saving model...
11-26 09:44:05: New best reward: 137.0 (+4.6%) at episode 506, saving model...
11-26 09:44:06: New best reward: 167.0 (+21.9%) at episode 564, saving model...
11-26 09:44:09: New best reward: 190.0 (+13.8%) at episode 801, saving model...
11-26 09:44:09: New best reward: 200.0 (+5.3%) at episode 846, saving model...
11-26 09:46:17: Reached target after 2769 episodes with number of timesteps: 316967 and layer passes: 181200.
11-26 09:46:17: Seed: 4780
11-26 09:46:17: Starting training with 1 layer(s)... (cartpole1-power10)
11-26 09:46:17: New best reward: 13.0 (-1400.0%) at episode 0, saving model...
11-26 09:46:17: New best reward: 18.0 (+38.5%) at episode 1, saving model...
11-26 09:46:17: New best reward: 23.0 (+27.8%) at episode 2, saving model...
11-26 09:46:17: New best reward: 24.0 (+4.3%) at episode 4, saving model...
11-26 09:46:18: New best reward: 27.0 (+12.5%) at episode 10, saving model...
11-26 09:46:18: New best reward: 40.0 (+48.1%) at episode 16, saving model...
11-26 09:46:18: New best reward: 56.0 (+40.0%) at episode 18, saving model...
11-26 09:46:18: New best reward: 81.0 (+44.6%) at episode 19, saving model...
11-26 09:46:19: New best reward: 86.0 (+6.2%) at episode 155, saving model...
11-26 09:46:19: New best reward: 117.0 (+36.0%) at episode 188, saving model...
11-26 09:46:21: New best reward: 119.0 (+1.7%) at episode 407, saving model...
11-26 09:46:21: New best reward: 128.0 (+7.6%) at episode 429, saving model...
11-26 09:46:22: New best reward: 159.0 (+24.2%) at episode 497, saving model...
11-26 09:46:27: New best reward: 200.0 (+25.8%) at episode 780, saving model...
11-26 09:48:41: Reached target after 2925 episodes with number of timesteps: 329514 and layer passes: 192899.
11-26 09:48:41: Seed: 49399
11-26 09:48:41: Starting training with 1 layer(s)... (cartpole1-power10)
11-26 09:48:41: New best reward: 13.0 (-1400.0%) at episode 0, saving model...
11-26 09:48:41: New best reward: 68.0 (+423.1%) at episode 1, saving model...
11-26 09:48:41: New best reward: 69.0 (+1.5%) at episode 24, saving model...
11-26 09:48:41: New best reward: 77.0 (+11.6%) at episode 31, saving model...
11-26 09:48:42: New best reward: 91.0 (+18.2%) at episode 173, saving model...
11-26 09:48:42: New best reward: 101.0 (+11.0%) at episode 174, saving model...
11-26 09:48:43: New best reward: 133.0 (+31.7%) at episode 369, saving model...
11-26 09:48:45: New best reward: 152.0 (+14.3%) at episode 585, saving model...
11-26 09:48:45: New best reward: 171.0 (+12.5%) at episode 591, saving model...
11-26 09:48:50: New best reward: 178.0 (+4.1%) at episode 913, saving model...
11-26 09:48:50: New best reward: 200.0 (+12.4%) at episode 923, saving model...
11-26 09:50:13: Reached target after 2494 episodes with number of timesteps: 268594 and layer passes: 145206.
11-26 09:50:13: Seed: 885
11-26 09:50:13: Starting training with 1 layer(s)... (cartpole1-power10)
11-26 09:50:13: New best reward: 26.0 (-2700.0%) at episode 0, saving model...
11-26 09:50:13: New best reward: 39.0 (+50.0%) at episode 2, saving model...
11-26 09:50:13: New best reward: 51.0 (+30.8%) at episode 13, saving model...
11-26 09:50:13: New best reward: 62.0 (+21.6%) at episode 21, saving model...
11-26 09:50:13: New best reward: 77.0 (+24.2%) at episode 33, saving model...
11-26 09:50:14: New best reward: 79.0 (+2.6%) at episode 136, saving model...
11-26 09:50:14: New best reward: 81.0 (+2.5%) at episode 177, saving model...
11-26 09:50:14: New best reward: 91.0 (+12.3%) at episode 261, saving model...
11-26 09:50:14: New best reward: 98.0 (+7.7%) at episode 270, saving model...
11-26 09:50:15: New best reward: 121.0 (+23.5%) at episode 309, saving model...
11-26 09:50:15: New best reward: 148.0 (+22.3%) at episode 371, saving model...
11-26 09:50:17: New best reward: 161.0 (+8.8%) at episode 520, saving model...
11-26 09:50:18: New best reward: 173.0 (+7.5%) at episode 633, saving model...
11-26 09:50:19: New best reward: 195.0 (+12.7%) at episode 744, saving model...
11-26 09:50:22: New best reward: 200.0 (+2.6%) at episode 879, saving model...
11-26 09:52:32: Reached target after 3436 episodes with number of timesteps: 385199 and layer passes: 238666.
11-26 09:52:33: Average duration: 310188.8 timesteps, Average layer passes: 178333.2 (cartpole1-power10)
11-26 09:52:33: Seed: 22003
11-26 09:52:33: Starting training with 10 layer(s)... (cartpole1-power10)
11-26 09:52:33: New best reward: 28.0 (-2900.0%) at episode 0, saving model...
11-26 09:52:33: New best reward: 32.0 (+14.3%) at episode 1, saving model...
11-26 09:52:33: New best reward: 39.0 (+21.9%) at episode 12, saving model...
11-26 09:52:33: New best reward: 44.0 (+12.8%) at episode 13, saving model...
11-26 09:52:33: New best reward: 68.0 (+54.5%) at episode 17, saving model...
11-26 09:52:33: New best reward: 82.0 (+20.6%) at episode 28, saving model...
11-26 09:52:34: New best reward: 104.0 (+26.8%) at episode 132, saving model...
11-26 09:52:37: New best reward: 114.0 (+9.6%) at episode 314, saving model...
11-26 09:52:41: New best reward: 119.0 (+4.4%) at episode 516, saving model...
11-26 09:52:44: New best reward: 128.0 (+7.6%) at episode 661, saving model...
11-26 09:52:47: New best reward: 136.0 (+6.2%) at episode 760, saving model...
11-26 09:52:48: New best reward: 142.0 (+4.4%) at episode 768, saving model...
11-26 09:52:51: New best reward: 162.0 (+14.1%) at episode 869, saving model...
11-26 09:52:54: New best reward: 200.0 (+23.5%) at episode 916, saving model...
11-26 10:10:11: Reached target after 5156 episodes with number of timesteps: 707882 and layer passes: 5269940.
11-26 10:10:12: Seed: 44601
11-26 10:10:12: Starting training with 10 layer(s)... (cartpole1-power10)
11-26 10:10:12: New best reward: 23.0 (-2400.0%) at episode 0, saving model...
11-26 10:10:12: New best reward: 25.0 (+8.7%) at episode 1, saving model...
11-26 10:10:12: New best reward: 42.0 (+68.0%) at episode 2, saving model...
11-26 10:10:12: New best reward: 47.0 (+11.9%) at episode 19, saving model...
11-26 10:10:12: New best reward: 50.0 (+6.4%) at episode 33, saving model...
11-26 10:10:13: New best reward: 54.0 (+8.0%) at episode 72, saving model...
11-26 10:10:13: New best reward: 68.0 (+25.9%) at episode 77, saving model...
11-26 10:10:14: New best reward: 85.0 (+25.0%) at episode 164, saving model...
11-26 10:10:15: New best reward: 102.0 (+20.0%) at episode 215, saving model...
11-26 10:10:22: New best reward: 105.0 (+2.9%) at episode 472, saving model...
11-26 10:10:22: New best reward: 121.0 (+15.2%) at episode 475, saving model...
11-26 10:10:26: New best reward: 134.0 (+10.7%) at episode 587, saving model...
11-26 10:10:28: New best reward: 179.0 (+33.6%) at episode 653, saving model...
11-26 10:10:42: New best reward: 187.0 (+4.5%) at episode 928, saving model...
11-26 10:10:43: New best reward: 200.0 (+7.0%) at episode 935, saving model...
11-26 10:18:32: Reached target after 3870 episodes with number of timesteps: 385302 and layer passes: 2583870.
11-26 10:18:33: Seed: 44161
11-26 10:18:33: Starting training with 10 layer(s)... (cartpole1-power10)
11-26 10:18:33: New best reward: 19.0 (-2000.0%) at episode 0, saving model...
11-26 10:18:33: New best reward: 23.0 (+21.1%) at episode 3, saving model...
11-26 10:18:33: New best reward: 28.0 (+21.7%) at episode 8, saving model...
11-26 10:18:33: New best reward: 29.0 (+3.6%) at episode 15, saving model...
11-26 10:18:33: New best reward: 31.0 (+6.9%) at episode 25, saving model...
11-26 10:18:33: New best reward: 36.0 (+16.1%) at episode 30, saving model...
11-26 10:18:33: New best reward: 59.0 (+63.9%) at episode 35, saving model...
11-26 10:18:33: New best reward: 64.0 (+8.5%) at episode 41, saving model...
11-26 10:18:33: New best reward: 70.0 (+9.4%) at episode 42, saving model...
11-26 10:18:36: New best reward: 75.0 (+7.1%) at episode 230, saving model...
11-26 10:18:37: New best reward: 93.0 (+24.0%) at episode 238, saving model...
11-26 10:18:37: New best reward: 107.0 (+15.1%) at episode 253, saving model...
11-26 10:18:38: New best reward: 139.0 (+29.9%) at episode 289, saving model...
11-26 10:18:38: New best reward: 200.0 (+43.9%) at episode 322, saving model...
11-26 11:02:40: Reached target after 11686 episodes with number of timesteps: 1597621 and layer passes: 13833230.
11-26 11:02:41: Seed: 70023
11-26 11:02:41: Starting training with 10 layer(s)... (cartpole1-power10)
11-26 11:02:41: New best reward: 18.0 (-1900.0%) at episode 0, saving model...
11-26 11:02:41: New best reward: 23.0 (+27.8%) at episode 3, saving model...
11-26 11:02:41: New best reward: 31.0 (+34.8%) at episode 6, saving model...
11-26 11:02:41: New best reward: 36.0 (+16.1%) at episode 10, saving model...
11-26 11:02:41: New best reward: 37.0 (+2.8%) at episode 16, saving model...
11-26 11:02:41: New best reward: 40.0 (+8.1%) at episode 31, saving model...
11-26 11:02:41: New best reward: 45.0 (+12.5%) at episode 40, saving model...
11-26 11:02:41: New best reward: 58.0 (+28.9%) at episode 44, saving model...
11-26 11:02:42: New best reward: 70.0 (+20.7%) at episode 70, saving model...
11-26 11:02:43: New best reward: 83.0 (+18.6%) at episode 199, saving model...
11-26 11:02:45: New best reward: 124.0 (+49.4%) at episode 276, saving model...
11-26 11:02:53: New best reward: 154.0 (+24.2%) at episode 633, saving model...
11-26 11:02:56: New best reward: 160.0 (+3.9%) at episode 727, saving model...
11-26 11:02:59: New best reward: 175.0 (+9.4%) at episode 793, saving model...
11-26 11:02:59: New best reward: 195.0 (+11.4%) at episode 807, saving model...
11-26 11:03:00: New best reward: 200.0 (+2.6%) at episode 814, saving model...
11-26 11:06:29: Reached target after 2318 episodes with number of timesteps: 215902 and layer passes: 1130830.
11-26 11:06:29: Seed: 80597
11-26 11:06:29: Starting training with 10 layer(s)... (cartpole1-power10)
11-26 11:06:29: New best reward: 13.0 (-1400.0%) at episode 0, saving model...
11-26 11:06:29: New best reward: 14.0 (+7.7%) at episode 1, saving model...
11-26 11:06:29: New best reward: 21.0 (+50.0%) at episode 2, saving model...
11-26 11:06:29: New best reward: 22.0 (+4.8%) at episode 3, saving model...
11-26 11:06:29: New best reward: 28.0 (+27.3%) at episode 9, saving model...
11-26 11:06:29: New best reward: 63.0 (+125.0%) at episode 10, saving model...
11-26 11:06:30: New best reward: 98.0 (+55.6%) at episode 26, saving model...
11-26 11:06:32: New best reward: 114.0 (+16.3%) at episode 219, saving model...
11-26 11:06:38: New best reward: 126.0 (+10.5%) at episode 495, saving model...
11-26 11:06:41: New best reward: 157.0 (+24.6%) at episode 614, saving model...
11-26 11:06:54: New best reward: 184.0 (+17.2%) at episode 964, saving model...
11-26 11:06:56: New best reward: 191.0 (+3.8%) at episode 985, saving model...
11-26 11:06:58: New best reward: 200.0 (+4.7%) at episode 1013, saving model...
11-26 11:21:18: Reached target after 4531 episodes with number of timesteps: 500638 and layer passes: 3583670.
11-26 11:21:18: Average duration: 681469.0 timesteps, Average layer passes: 5280308.0 (cartpole1-power10)
11-26 11:21:19: Seed: 15135
11-26 11:21:19: Starting training with 100 layer(s)... (cartpole1-power10)
11-26 11:21:19: New best reward: 18.0 (-1900.0%) at episode 0, saving model...
11-26 11:21:19: New best reward: 43.0 (+138.9%) at episode 4, saving model...
11-26 11:21:20: New best reward: 59.0 (+37.2%) at episode 13, saving model...
11-26 11:21:26: New best reward: 71.0 (+20.3%) at episode 78, saving model...
11-26 11:21:27: New best reward: 72.0 (+1.4%) at episode 86, saving model...
11-26 11:21:58: New best reward: 75.0 (+4.2%) at episode 353, saving model...
11-26 11:23:40: New best reward: 82.0 (+9.3%) at episode 958, saving model...
11-26 11:23:46: New best reward: 92.0 (+12.2%) at episode 984, saving model...
11-26 11:24:40: New best reward: 113.0 (+22.8%) at episode 1225, saving model...
11-26 11:26:09: New best reward: 146.0 (+29.2%) at episode 1531, saving model...
11-26 11:27:41: New best reward: 152.0 (+4.1%) at episode 1757, saving model...
11-26 11:27:42: New best reward: 159.0 (+4.6%) at episode 1758, saving model...
11-26 11:27:48: New best reward: 200.0 (+25.8%) at episode 1764, saving model...
