11-27 23:39:20: Seed: 17991
11-27 23:39:20: Starting training with 100 layer(s)... (cartpole1-power10)
11-27 23:39:21: New best reward: 14.0 (-1500.0%) at episode 0, saving model...
11-27 23:39:21: New best reward: 25.0 (+78.6%) at episode 1, saving model...
11-27 23:39:21: New best reward: 70.0 (+180.0%) at episode 2, saving model...
11-27 23:40:28: New best reward: 73.0 (+4.3%) at episode 630, saving model...
11-27 23:41:06: New best reward: 90.0 (+23.3%) at episode 864, saving model...
11-27 23:41:10: New best reward: 93.0 (+3.3%) at episode 888, saving model...
11-27 23:42:21: New best reward: 114.0 (+22.6%) at episode 1280, saving model...
11-27 23:43:51: New best reward: 122.0 (+7.0%) at episode 1650, saving model...
11-27 23:50:16: New best reward: 133.0 (+9.0%) at episode 3221, saving model...
11-27 23:50:38: New best reward: 156.0 (+17.3%) at episode 3279, saving model...
11-27 23:51:39: New best reward: 157.0 (+0.6%) at episode 3432, saving model...
11-27 23:55:21: New best reward: 184.0 (+17.2%) at episode 4010, saving model...
11-27 23:56:04: New best reward: 200.0 (+8.7%) at episode 4106, saving model...
11-27 23:56:04: Reached target after 4106 episodes with number of timesteps: 84934 and layer passes: 4887500.
11-27 23:56:04: Seed: 53139
11-27 23:56:04: Starting training with 100 layer(s)... (cartpole1-power10)
11-27 23:56:04: New best reward: 15.0 (-1600.0%) at episode 0, saving model...
11-27 23:56:04: New best reward: 17.0 (+13.3%) at episode 1, saving model...
11-27 23:56:04: New best reward: 20.0 (+17.6%) at episode 2, saving model...
11-27 23:56:05: New best reward: 30.0 (+50.0%) at episode 3, saving model...
11-27 23:56:05: New best reward: 47.0 (+56.7%) at episode 12, saving model...
11-27 23:56:06: New best reward: 51.0 (+8.5%) at episode 22, saving model...
11-27 23:56:07: New best reward: 62.0 (+21.6%) at episode 27, saving model...
11-27 23:56:10: New best reward: 65.0 (+4.8%) at episode 65, saving model...
11-27 23:56:22: New best reward: 83.0 (+27.7%) at episode 170, saving model...
11-27 23:56:42: New best reward: 88.0 (+6.0%) at episode 346, saving model...
11-27 23:58:01: New best reward: 91.0 (+3.4%) at episode 856, saving model...
11-27 23:58:13: New best reward: 120.0 (+31.9%) at episode 928, saving model...
11-28 00:00:51: New best reward: 200.0 (+66.7%) at episode 1795, saving model...
11-28 00:00:51: Reached target after 1795 episodes with number of timesteps: 32410 and layer passes: 1033300.
11-28 00:00:51: Seed: 52703
11-28 00:00:51: Starting training with 100 layer(s)... (cartpole1-power10)
11-28 00:00:51: New best reward: 47.0 (-4800.0%) at episode 0, saving model...
11-28 00:00:52: New best reward: 62.0 (+31.9%) at episode 11, saving model...
11-28 00:00:56: New best reward: 86.0 (+38.7%) at episode 60, saving model...
11-28 00:01:27: New best reward: 99.0 (+15.1%) at episode 350, saving model...
11-28 00:02:31: New best reward: 126.0 (+27.3%) at episode 815, saving model...
11-28 00:07:51: New best reward: 163.0 (+29.4%) at episode 2015, saving model...
11-28 00:12:47: New best reward: 189.0 (+16.0%) at episode 2864, saving model...
11-28 00:16:16: New best reward: 200.0 (+5.8%) at episode 3307, saving model...
11-28 00:16:16: Reached target after 3307 episodes with number of timesteps: 90213 and layer passes: 4844900.
11-28 00:16:16: Seed: 68165
11-28 00:16:16: Starting training with 100 layer(s)... (cartpole1-power10)
11-28 00:16:16: New best reward: 12.0 (-1300.0%) at episode 0, saving model...
11-28 00:16:17: New best reward: 33.0 (+175.0%) at episode 1, saving model...
11-28 00:16:18: New best reward: 41.0 (+24.2%) at episode 23, saving model...
11-28 00:16:19: New best reward: 47.0 (+14.6%) at episode 28, saving model...
11-28 00:16:19: New best reward: 54.0 (+14.9%) at episode 31, saving model...
11-28 00:16:21: New best reward: 61.0 (+13.0%) at episode 63, saving model...
11-28 00:16:26: New best reward: 65.0 (+6.6%) at episode 116, saving model...
11-28 00:16:28: New best reward: 85.0 (+30.8%) at episode 146, saving model...
11-28 00:17:19: New best reward: 100.0 (+17.6%) at episode 576, saving model...
11-28 00:19:11: New best reward: 122.0 (+22.0%) at episode 1207, saving model...
11-28 00:19:23: New best reward: 125.0 (+2.5%) at episode 1270, saving model...
11-28 00:21:47: New best reward: 200.0 (+60.0%) at episode 1789, saving model...
11-28 00:21:47: Reached target after 1789 episodes with number of timesteps: 39728 and layer passes: 1354100.
11-28 00:21:47: Seed: 40452
11-28 00:21:47: Starting training with 100 layer(s)... (cartpole1-power10)
11-28 00:21:47: New best reward: 14.0 (-1500.0%) at episode 0, saving model...
11-28 00:21:47: New best reward: 15.0 (+7.1%) at episode 1, saving model...
11-28 00:21:47: New best reward: 18.0 (+20.0%) at episode 2, saving model...
11-28 00:21:48: New best reward: 20.0 (+11.1%) at episode 3, saving model...
11-28 00:21:48: New best reward: 42.0 (+110.0%) at episode 4, saving model...
11-28 00:21:49: New best reward: 56.0 (+33.3%) at episode 21, saving model...
11-28 00:21:54: New best reward: 72.0 (+28.6%) at episode 68, saving model...
11-28 00:22:28: New best reward: 73.0 (+1.4%) at episode 384, saving model...
11-28 00:22:35: New best reward: 78.0 (+6.8%) at episode 438, saving model...
11-28 00:22:41: New best reward: 99.0 (+26.9%) at episode 472, saving model...
11-28 00:23:24: New best reward: 101.0 (+2.0%) at episode 751, saving model...
11-28 00:23:33: New best reward: 102.0 (+1.0%) at episode 793, saving model...
11-28 00:23:52: New best reward: 183.0 (+79.4%) at episode 871, saving model...
11-28 00:24:57: New best reward: 200.0 (+9.3%) at episode 1089, saving model...
11-28 00:24:57: Reached target after 1089 episodes with number of timesteps: 27913 and layer passes: 706400.
11-28 00:24:58: Average duration: 55039.6 timesteps, Average layer passes: 2565240.0 (cartpole1-power10)
11-28 00:24:58: Seed: 92799
11-28 00:24:58: Starting training with 1000 layer(s)... (cartpole1-power10)
11-28 00:24:58: New best reward: 13.0 (-1400.0%) at episode 0, saving model...
11-28 00:24:59: New best reward: 32.0 (+146.2%) at episode 1, saving model...
11-28 00:25:04: New best reward: 50.0 (+56.2%) at episode 7, saving model...
11-28 00:25:14: New best reward: 57.0 (+14.0%) at episode 19, saving model...
11-28 00:26:27: New best reward: 69.0 (+21.1%) at episode 97, saving model...
11-28 00:31:52: New best reward: 92.0 (+33.3%) at episode 410, saving model...
11-28 00:34:12: New best reward: 104.0 (+13.0%) at episode 509, saving model...
11-28 04:40:01: New best reward: 136.0 (+30.8%) at episode 5635, saving model...
11-28 05:09:18: New best reward: 200.0 (+47.1%) at episode 5924, saving model...
11-28 05:09:21: Reached target after 5924 episodes with number of timesteps: 96780 and layer passes: 63687000.
11-28 05:09:22: Seed: 78040
11-28 05:09:22: Starting training with 1000 layer(s)... (cartpole1-power10)
11-28 05:09:23: New best reward: 11.0 (-1200.0%) at episode 0, saving model...
11-28 05:09:23: New best reward: 14.0 (+27.3%) at episode 1, saving model...
11-28 05:09:24: New best reward: 15.0 (+7.1%) at episode 2, saving model...
11-28 05:09:26: New best reward: 29.0 (+93.3%) at episode 3, saving model...
11-28 05:09:30: New best reward: 36.0 (+24.1%) at episode 6, saving model...
11-28 05:09:37: New best reward: 51.0 (+41.7%) at episode 12, saving model...
11-28 05:10:48: New best reward: 65.0 (+27.5%) at episode 74, saving model...
